6 281 231 87 79 214 194
1 213
1 242
1 271
5 161 234 135 261 200
1 259
2 228 33
7 296 151 204 109 240 88 125
5 209 154 291 28 118
2 12 134
2 156 129
4 206 89 122 275
3 256 131 235
4 193 233 226 254
3 290 284 210
2 141 230
4 93 115 207 211
2 265 99
4 13 253 249 38
3 95 49 183
2 293 57
2 75 269
2 68 53
4 278 1 220 286
5 35 164 44 255 292
2 59 188
2 112 157
3 180 184 76
2 282 72
2 288 91
3 149 257 90
2 10 262
2 185 55
3 181 199 120
4 224 279 294 280
3 266 67 110
3 152 247 171
2 285 202
4 123 198 203 66
4 127 178 21 9
3 61 223 147
4 113 29 143 195
3 201 116 100
2 196 189
2 0 144
3 14 15 41
2 114 145
4 106 26 167 299
3 3 283 39
3 30 245 86
6 250 51 277 65 69 142
2 243 32
4 170 8 148 246
2 111 297
3 132 73 264
3 252 50 221
4 177 34 295 268
4 121 18 84 47
4 192 130 155 56
3 45 83 117
4 175 227 289 197
4 212 124 5 274
6 7 78 36 179 169 74
2 101 218
3 136 208 191
3 119 37 20
4 216 298 4 6
2 96 163
3 215 276 52
4 140 2 263 62
2 248 42
4 272 97 251 102
3 98 46 232
2 11 236
2 43 153
2 219 287
4 258 176 187 239
2 58 103
3 27 168 162
2 126 159
3 205 166 158
2 105 107
2 82 70
2 273 146
3 24 238 92
2 16 133
2 104 237
2 85 150
2 48 174
3 63 137 71
3 186 64 241
4 108 173 222 23
5 54 17 22 128 172
2 244 160
6 25 60 40 225 267 229
2 139 19
2 182 190
4 80 165 270 138
2 260 217
4 94 31 77 81
