1 213
3 242 299 263
4 271 175 24 55
3 259 183 110
2 12 72
4 156 184 230 31
3 141 45 254
3 265 99 129
4 293 90 167 7
2 75 248
4 256 261 84 109
2 68 235
3 59 264 186
4 112 122 66 182
2 180 6
2 282 5
2 288 20
4 296 23 231 238
2 10 157
2 185 40
3 181 199 76
2 152 200
2 285 139
4 196 188 64 194
2 0 87
3 114 30 279
2 106 91
2 95 18
5 243 22 65 134 147
2 111 79
2 121 158
3 212 124 171
4 101 53 270 165
4 119 195 267 210
2 127 136
2 201 189
2 216 144
3 96 132 58
3 272 81 215
2 98 149
2 11 32
2 43 69
2 219 297
4 258 164 193 163
2 13 218
3 126 51 298
3 161 36 78
2 205 102
2 16 240
2 104 113
3 85 280 176
5 290 38 169 275 250
2 48 252
2 63 236
3 54 17 277
5 244 88 247 41 225
2 206 82
4 170 8 202 198
4 25 192 130 178
2 80 138
2 260 105
3 94 29 37
3 135 239 159
2 154 266
5 89 26 44 115 61
4 131 255 34 60
3 214 232 287
4 284 46 2 173
2 49 228
3 151 174 172
2 1 160
4 249 234 128 153
2 257 292
3 140 253 133
3 67 14 291
3 233 57 237
3 223 62 246
3 224 177 52
3 15 92 221
3 245 74 93
3 143 262 125
3 73 19 187
3 226 190 166
3 203 123 211
3 21 142 100
9 116 222 227 137 77 220 286 4 108
7 294 162 283 269 97 251 71
3 148 197 117
3 50 179 217
4 204 3 35 191
4 207 28 241 9
2 83 33
3 208 146 278
3 276 39 86
3 155 273 229
3 295 70 118
3 42 56 107
3 103 281 209
4 289 47 274 145
5 27 168 120 150 268
