6 281 231 87 79 271 100
5 161 234 128 43 165
7 228 15 131 174 249 204 158
8 296 63 219 50 47 274 118 65
4 209 104 213 72
5 206 205 162 168 1
7 256 18 84 187 223 286 94
3 193 255 269
6 290 143 54 17 159 103
3 93 235 190
7 13 253 150 92 53 116 251
7 95 126 51 207 28 217 49
2 278 260
3 35 164 6
2 149 176
4 224 111 90 134
3 266 241 153
5 123 198 259 199 264
3 127 16 124
5 61 240 285 12 99
5 113 29 254 183 22
5 201 279 20 268 147
6 14 246 144 46 282 110
2 3 120
7 30 70 284 212 145 178 48
6 250 180 184 71 185 151
7 170 8 85 137 77 114 194
7 132 191 119 237 76 57 211
4 196 155 69 169
4 252 263 117 23
4 177 34 56 36
5 192 130 31 203 157
3 45 299 195
2 175 160
4 59 89 244 258
3 7 202 102
2 136 106
2 215 64
5 0 225 267 32 74
4 75 287 19 38
3 140 2 239
2 248 142
3 58 112 292
3 27 216 298
4 105 289 11 41
3 82 208 270
4 273 229 37 275
2 24 4
3 186 52 297
3 121 261 200
2 108 125
3 139 80 293
4 152 247 245 181
3 182 73 42
3 214 197 220
3 233 33 236
2 109 86
3 283 295 135
2 44 9
2 173 25
3 107 96 40
2 67 243
3 146 291 188
2 115 97
2 242 81
2 294 257
2 60 221
2 163 262
2 238 276
2 227 166
2 68 179
2 148 232
2 78 10
2 171 280
2 21 141
2 101 88
2 189 226
2 62 138
2 66 83
1 55
1 230
1 98
1 172
1 218
1 167
1 265
1 272
1 122
1 156
1 91
1 133
1 26
1 5
1 154
1 210
1 222
1 39
1 129
1 277
1 288
