19 7468 9653 5378 5493 2915 3600 5035 7735 7021 504 2555 7170 4831 7696 9173 7795 8474 370 4484
26 2591 8224 5268 1071 1129 3796 5286 2197 8646 4822 2707 9387 4987 7067 8208 637 2446 7481 2275 3148 4020 5060 6296 7320 8737 303
20 8227 7436 5638 607 3714 9374 5044 532 9246 6931 3085 4695 8054 2080 6730 6490 4018 8372 8351 9675
28 7227 8888 223 1712 4872 2069 8778 1649 9006 7958 5755 2243 8312 9080 8695 7302 7976 2318 753 1227 1738 2622 3459 4410 5569 6765 7967 9292
21 4796 5840 9158 207 5063 7622 120 846 1572 2842 5651 5150 3499 9269 5318 8101 3522 3878 3912 7975 9297
20 7948 4340 7577 3681 9299 5733 4538 6176 745 8550 2634 6326 7491 5458 682 8742 771 4185 7984 9305
18 2418 7250 3022 717 1377 1436 7413 7597 3846 2745 9692 4775 2227 6092 2408 7542 5165 8511
18 7206 3323 9180 284 2329 6978 1556 9906 7160 8090 7605 5857 7414 7006 5251 7537 5468 154
18 3202 1925 6676 4705 8483 9353 1853 595 3942 9572 1292 2232 8714 7124 6144 9309 5854 1145
18 2736 8666 9697 656 1364 1877 217 4700 2525 6980 8841 6778 8835 8148 7034 2073 5456 221
27 2573 1204 1408 4148 353 7697 2855 9302 4430 2422 2905 7502 810 886 6083 7098 8087 5927 1332 1897 2846 3666 4713 5888 6971 8367 9679
26 9927 3889 4162 6224 9583 4906 5363 9052 5682 2460 8988 4486 6181 7469 3386 1449 5519 7541 2278 3149 4021 5069 6304 7323 8766 677
19 4887 5961 706 7634 4423 9038 289 6203 9384 4994 3305 4384 9634 6210 59 8899 2044 1270 7063
24 5982 6669 198 6426 6790 9556 6506 2987 9606 8810 9911 7222 670 8990 4521 8446 5538 9476 3461 4414 5576 6767 7993 9306
32 8890 4144 9919 4807 5156 8165 3120 8154 2229 1783 9017 3380 5611 5790 9142 9 2158 6693 57 166 292 554 857 1345 1902 2869 3672 4724 5890 6982 8368 9680
19 1855 2822 5430 8414 3975 5432 6722 6413 9400 3974 2611 4982 5521 139 7766 7543 6082 4847 2699
19 9459 4436 8848 5298 7057 7100 6683 727 4189 2712 1730 6697 5504 4315 4550 5026 6111 3834 8925
19 7110 7663 756 153 6169 196 1775 3303 66 2610 8177 792 7514 3895 3192 4041 5606 4878 806
19 8563 5532 7706 6720 2796 7343 1499 9167 398 2410 7848 3962 7500 2628 1261 1291 4951 4617 6996
24 3560 4204 3603 5284 4748 9056 9050 4963 8915 5460 1887 8938 8887 6109 3095 5127 5869 9825 1275 5082 6305 7341 8783 837
19 1880 9540 9030 3118 3063 8962 1942 8444 9874 3101 5839 778 4359 9866 1429 4013 5276 3182 927
25 7716 3959 9042 2198 844 1014 6696 8017 4505 2692 2469 7831 390 8117 186 4106 544 5958 8980 4028 5086 6307 7357 8784 1066
20 6517 8006 2690 481 1085 7793 2156 8640 9716 3266 4267 5455 5512 4723 537 1926 8627 7838 8942 1896
20 2660 762 933 8468 6113 8663 2492 9958 2663 3641 4616 5655 8884 6095 1070 2733 9590 4889 4039 8531
20 2176 1303 5489 9512 2008 424 5836 3845 2946 1872 885 1648 9948 122 3185 3948 7822 63 2391 3115
23 1817 558 8218 2061 3125 5173 9594 2929 7201 6255 3888 7485 6240 5280 639 9352 8467 3652 5209 7509 7372 8787 1209
20 9287 4174 9058 1092 6976 1073 2148 3750 8409 3365 9598 7631 4591 7404 1901 9667 4102 6829 9414 757
28 9121 2966 8672 1253 736 3613 9192 3206 8221 4945 1301 5058 6137 83 6522 123 4081 2205 7839 1527 2281 3157 4031 5089 6316 7384 8791 1315
20 8670 6465 9547 6059 2016 5258 2327 199 6648 4093 108 5459 1576 2114 7905 9490 3602 1197 6861 9314
19 4027 4123 6946 3374 6303 7397 1737 4406 5011 2918 2583 7985 7205 1290 1916 8443 4110 9902 2824
19 1135 2923 5232 1899 5941 1868 8943 6577 2262 5224 5135 8552 7532 3486 6016 3078 9348 6590 4129
19 5991 3166 2922 6335 6947 2676 9454 1962 970 4708 1249 7810 7570 5267 7470 4016 1718 1403 1266
19 7433 5250 3081 2134 1064 495 3271 1904 3899 5291 2957 8970 7728 3254 1418 9012 526 8582 7564
28 2384 2031 1878 2431 515 9764 4298 9441 6847 8498 2081 7212 2542 5214 8772 3938 4587 9746 3626 1348 1908 2883 3675 4733 5892 6985 8370 9684
28 5071 5518 6053 2478 5316 4645 8721 9699 7181 9631 2721 7487 2985 7371 9361 4400 5110 56 6743 1528 2292 3160 4034 5090 6329 7389 8795 1335
22 7325 1554 6282 6475 4852 6958 3408 9089 4117 2594 8242 9244 603 7324 9701 1740 162 8169 3241 6780 8024 9316
28 6527 4385 5819 2413 5166 2908 5099 3004 9333 5483 1838 6620 430 9339 3575 8321 8223 8091 20 1349 1910 2900 3691 4742 5497 6987 8376 9685
26 4471 9714 2091 7233 8665 4142 1837 6989 2373 5748 4196 9382 8800 9893 9916 7834 9383 7914 8375 2626 3462 4421 5598 6784 8025 9325
19 5903 9397 2416 2144 1979 6037 2287 3625 1093 1287 5792 1375 709 4513 5329 110 8733 7538 9032
19 8967 7053 1818 1365 1814 4119 2258 1975 1020 6716 4689 6128 8364 4146 2895 9577 6103 479 4026
27 3647 4152 1525 33 134 4092 1059 1368 6344 341 509 3351 9355 3932 8853 7748 4694 6273 44 1912 2904 3692 4749 5899 7040 8378 9691
20 5480 1524 4820 3046 7830 5279 2991 7173 9157 2182 7219 4308 4871 2767 7982 5006 9781 2294 6440 5128
26 1000 2155 7071 5174 6526 7426 1181 9487 3234 4710 9283 3 7354 4291 2438 5093 496 6364 4729 3168 4045 5112 6338 7398 8799 1515
19 5091 7671 1462 7051 1060 5703 3547 648 9930 5807 2597 8625 6175 9242 9666 2532 6800 6796 3391
21 1339 6567 7520 5610 6323 226 3526 1369 4472 7096 6487 6177 7527 2301 9404 5841 2570 4512 729 8382 9694
21 7581 871 9026 744 1536 8747 2500 1047 7591 5804 5120 4734 5392 7489 1434 4930 2030 1188 1567 8401 9696
28 3539 5457 4080 6566 477 5425 8345 4269 2903 4053 3789 2679 6285 6233 8383 2253 2109 9876 9149 1530 2293 3170 4050 5113 6345 7406 8801 1543
33 6544 2782 2754 6936 1931 2762 6848 5357 8875 2248 2233 2033 2164 50 3218 5722 7151 4978 7131 61 168 297 560 892 1353 1968 2910 3697 4756 5901 7041 8406 9698
20 476 4854 7623 2697 5952 2653 1797 3186 4649 5336 1443 2340 3982 6204 4418 6632 2317 858 2452 930
20 7632 3179 9833 1537 4238 7718 4826 8293 9772 7786 4891 2843 6130 3240 7781 7821 3339 3309 2770 3244
20 7013 8237 6717 1282 2931 7461 7560 8195 3215 6588 4834 2312 1587 2066 5068 1581 2103 5149 3854 2874
20 978 189 4082 6420 9978 5106 4983 5714 9665 3255 3775 9962 282 8593 6266 2562 2616 6505 4881 8710
20 3321 2092 4054 6184 8641 9977 1779 6938 6802 411 6605 5665 7856 7583 795 9802 1328 6194 2185 3336
20 2528 5330 4812 816 45 7494 7479 9046 777 5114 2897 4394 2360 6185 4750 9417 5765 399 1958 3415
20 306 7524 4678 5749 9849 8503 5896 3475 2236 7317 1167 5963 1314 3715 6040 2013 9971 9560 632 4277
20 6686 2561 4672 1074 7265 1991 8933 6949 2443 416 3016 3480 2864 1191 7039 6619 1999 3698 6748 2363
20 2718 1367 938 870 6243 8731 4284 5928 9970 8514 5447 3922 4392 5965 8764 6691 2667 6215 7474 4160
20 2887 5509 7393 3752 1976 5912 6460 8379 1281 5139 1708 4295 2195 7806 9725 4036 1678 9468 5050 4519
20 2053 1007 8284 8525 3510 5361 4326 3114 1334 7544 8616 1488 8217 2613 7637 9033 4860 3035 8916 8594
21 3654 3731 4857 3360 8522 4850 9389 40 9214 4449 6538 9113 1739 1331 4737 4764 2459 1673 7531 3286 9328
31 8088 8481 9765 6056 2436 101 9465 5541 3404 9779 5700 4131 9077 1361 2965 3946 3058 8961 2590 8649 649 1048 1532 2296 3176 4056 5160 6360 7422 8804 1757
21 6321 2330 7546 3409 1923 9961 1987 2209 3754 5313 2440 5341 2152 4096 3769 8706 3175 3538 7313 8621 2252
20 6753 1561 582 3571 5229 5559 7114 7864 9439 9098 6357 8220 5172 7417 2005 5587 6685 9247 7111 5488
20 1159 2337 1944 3900 8016 4532 4671 3898 8020 1124 9227 2496 6558 5871 546 4334 4714 4801 3843 4064
20 4941 3624 7242 7850 9507 7756 5827 8147 2577 6921 6969 6993 2932 3400 7921 3639 3521 3032 7128 1419
20 5983 5326 1553 1744 7452 4088 2968 1836 5116 3344 9025 5427 503 2854 4312 8074 786 4305 8002 3275
20 8824 7836 6291 9081 2913 690 1591 4926 3662 3049 659 7644 3261 3233 181 2259 8034 7155 9036 8185
21 492 2474 3368 9829 6112 9677 3813 4996 8161 1044 5545 4655 5729 2022 8963 1761 3308 3262 6007 2884 8499
21 8773 6699 4140 7504 9004 6523 5925 1383 4928 8991 126 8751 11 195 6401 9532 5303 6091 1750 4444 7750
28 8071 6225 8998 2382 247 4481 7968 3018 7364 3428 2165 5002 7785 4508 7087 2241 4897 7578 552 9937 1745 2635 3463 4428 5601 6786 8033 9345
21 3358 7579 1781 1347 3023 1350 3034 9791 2675 9898 6094 1506 865 6835 9438 1516 6776 8744 7886 2821 485
21 5226 6297 5176 6603 9273 5048 8806 3044 461 1378 7606 3999 3836 8015 9794 4721 1517 8604 6837 9905 7865
21 8306 3296 4261 8739 3919 9294 6627 1153 6447 8650 1388 5503 4289 7440 8152 6734 4383 500 7698 3458 3401
29 1399 6616 3611 1435 5960 2203 2353 1734 2078 3783 5390 2371 907 3226 386 8494 6702 7702 689 5183 1355 1980 2912 3710 4761 5902 7045 8425 9705
23 1192 1947 2405 561 4042 354 6432 7255 8866 5364 4769 6086 9470 2565 3701 6646 6167 232 8455 7935 6799 8040 9347
23 2758 4122 6868 2668 8081 5516 6093 4087 2730 6449 5100 1602 7184 4549 4567 9101 6494 4304 2400 1254 7428 8814 1900
20 6190 7410 7744 1 4612 708 2127 1393 5359 3171 4095 9742 1616 7953 3406 3107 309 9260 9150 9107
20 5441 9245 2893 4548 8110 7437 3015 9819 3384 5420 9752 3489 4234 9614 5102 8558 1505 9887 3331 8833
29 7575 4863 1431 4358 2451 1362 904 9010 8903 8238 5998 1198 4652 7529 1168 5685 1366 2449 2286 7418 1534 2304 3188 4059 5163 6361 7429 8823 1992
29 820 18 9788 9152 6611 3221 2703 5414 6064 6180 6866 2689 7645 3645 4589 6608 2076 2650 3260 9334 1550 2305 3190 4062 5182 6366 7430 8826 2009
29 4557 4898 3090 7277 9341 8529 7802 6096 1195 8579 3342 8517 2372 3470 2419 7220 3130 6219 8317 2892 1372 1984 2917 3732 4781 5948 7070 8434 9710
21 8596 609 4877 7000 393 4570 9151 7607 4409 4647 7004 7338 525 3094 466 6667 7350 7348 4462 4399 2189
35 7804 6322 7189 7157 7673 8065 2049 7686 2716 2264 8181 2467 4035 9527 5039 4229 4798 2640 8093 4522 2 95 206 417 655 1054 1557 2313 3196 4071 5187 6379 7442 8831 2135
20 9954 6158 7450 1094 5491 1747 5070 1304 6268 9657 5208 261 7374 4590 5228 8116 731 5177 3815 5490
34 6377 1533 8702 5380 5850 4666 4073 8011 6070 9268 4009 2421 2206 1324 2441 4946 6816 8216 7573 7505 64 169 300 565 893 1386 1986 2919 3743 4784 5955 7092 8435 9712
21 1376 4925 7014 9894 1119 9057 1371 8954 9358 4353 3466 8554 845 882 3896 1173 5434 8717 4085 1032 6704
21 2939 440 9456 6004 4025 8162 4447 3790 5708 9362 9957 949 9518 6821 4097 1029 5388 2328 7593 8920 3931
21 9377 2983 1659 8344 6248 5900 1732 4416 9630 6464 3797 1128 4533 5055 1233 1716 7081 9928 4922 2434 1810
21 8730 5776 4281 2178 4972 2964 2057 220 1424 3146 1476 9838 6957 1360 4083 6950 3450 295 6246 2208 5720
21 4469 5348 4000 2018 1473 9821 6899 2225 7066 6977 2402 9863 9351 1460 6715 7746 3893 7336 6209 8013 9936
21 4793 5426 9199 4274 4984 7589 6065 9822 8214 7629 2826 2457 5288 453 2336 1420 8527 8143 821 6878 2719
21 8727 7367 2491 5017 2715 7763 5549 173 3019 8307 1741 7916 6231 7167 7261 2161 1691 6675 2996 1950 8136
21 773 6399 2285 5098 8431 9307 3419 3485 696 5349 1661 5265 5873 4125 2129 2901 5846 4105 8003 2924 8145
21 7678 7924 7688 1024 6511 4230 8785 4697 3856 5115 7866 1089 2393 2943 2753 8889 577 6047 9311 9016 9717
21 8303 5570 9933 6155 7143 8870 1415 3927 1954 355 4975 7333 9558 3667 1482 6017 9554 4357 2183 5548 8428
22 4646 1035 5934 6102 8207 6545 6013 5126 4516 185 569 8548 1825 7331 9240 7140 5081 5567 2193 9637 9857 3299
27 1344 5910 2984 8010 2370 5810 7274 9154 9067 5121 9858 6278 2756 4718 9018 6863 4124 5204 8377 8725 3346 3746 4787 5967 7103 8445 9720
25 9483 8239 6075 9756 188 1005 2050 8384 4701 2580 7315 3717 932 2014 1164 1951 7571 903 7144 6854 2674 6392 7445 8832 2356
21 8965 624 6311 5020 4940 772 1625 7902 9266 9191 4654 5101 6472 9162 6981 1127 4780 7641 5511 1483 4271
21 3760 5621 8458 3779 6596 8740 4176 3487 2867 7584 4375 9516 6211 6433 3631 5774 9704 1057 8398 4553 1072
21 4411 3020 3519 5322 6935 322 9973 9624 3264 8142 5264 4336 6174 9331 8129 5555 5768 1748 1336 6635 9196
21 3936 935 2070 7588 9798 9124 3284 6672 2624 7871 3043 4565 989 4547 6385 3131 5408 6599 2365 2766 8928
21 4011 7947 3216 2124 4252 7892 2529 6020 2230 5247 2648 1640 8420 6471 2638 256 4524 6352 8144 4382 4543
21 9824 3330 8061 6582 216 369 2154 16 3041 3142 3084 1218 9043 5453 3242 1848 3725 2339 2560 6876 9969
32 7025 5811 3990 6769 1042 6342 9843 4030 847 8417 1566 6612 5789 8919 4369 1650 4541 8635 1881 8746 2909 660 1062 1580 2314 3197 4109 5189 6404 7451 8854 2432
29 180 9385 8759 3844 7387 9960 787 4221 998 1710 3307 5907 67 7415 9350 906 2280 1151 3897 325 3814 1993 2927 3753 4792 5990 7104 8449 9722
22 9723 2805 3848 8304 9869 8836 336 9040 5312 1414 2477 1236 5022 283 316 9183 1011 8452 9942 7939 8301 5195
22 6039 9880 1333 7090 8023 9363 2530 7927 2850 8193 1444 1657 3649 7307 8408 1001 5372 9023 1714 2190 2046 1019
22 2212 3733 4415 6755 4381 5676 4577 5633 9891 2948 2969 5931 1183 3939 1727 6643 7278 3545 4662 4903 4670 7845
22 1555 6114 2549 7610 5484 6262 8752 6250 4675 4884 5154 7826 4620 1873 4499 7592 5305 5162 8371 917 4323 2804
22 3608 4475 5376 8538 8862 1764 3629 4339 3525 6571 326 3804 7298 4725 5194 9028 3879 8350 2956 6811 1125 2833
22 1067 5344 7368 7659 7884 9505 2444 4387 8487 2517 4845 3832 2282 2859 3960 7391 8327 9917 6507 5526 3842 4619
34 9868 9609 5152 6618 7789 7334 9751 1098 7931 334 4477 2266 9529 6673 5311 7825 8647 754 4487 142 545 138 266 501 761 1232 1771 2639 3471 4437 5602 6804 8042 9370
33 4829 8581 209 7476 633 6580 4207 9421 1690 2249 4592 9263 2633 1820 3665 1389 1226 1829 5558 2950 5806 419 661 1079 1584 2316 3200 4111 5192 6418 7465 8856 2465
22 3491 2125 8341 2509 9708 298 1394 2042 3013 3904 5107 1211 9872 6120 2636 8748 3443 2914 6079 963 7824 6556
33 2346 8297 7497 928 6424 1875 1058 528 9834 8584 7794 1080 5036 9085 3765 3812 2644 2598 5673 3087 2988 328 575 896 1387 1994 2930 3770 4794 5996 7116 8462 9729
33 8192 643 2630 3396 9567 1879 1086 1490 1754 7162 5143 2761 598 1154 3819 7024 4927 7055 6532 5271 4348 342 583 897 1402 1995 2934 3772 4806 6003 7117 8484 9733
33 9925 4412 8493 2004 6325 2115 1816 2596 5544 7743 6331 2779 8291 2489 5096 7264 7772 9318 9234 5421 135 268 502 769 1240 1774 2641 3477 4455 5620 6807 8055 9388
21 5968 2510 1428 4212 6452 8678 4639 5024 9431 5978 7983 2048 2079 8602 7547 9980 8315 4197 3383 8178 4849
29 3341 6320 726 3594 3256 614 4169 3300 8323 8551 9281 9070 2168 5645 2631 7870 2990 4338 8692 797 5013 1997 2941 3786 4833 6012 7118 8485 9743
21 3708 589 7020 8936 1252 7898 3117 7503 3102 5786 2271 2647 1493 1597 8429 278 9425 626 3977 2041 3857
24 563 8913 776 698 2889 272 7344 7943 8021 4302 8057 7289 4163 5880 4638 2219 638 3801 6944 231 4037 7471 8868 2519
26 7444 8490 2998 8115 8837 3788 1858 1397 3686 6883 2835 2823 1790 7587 630 3529 2962 3913 2238 8096 5353 5205 6425 7477 8869 2571
25 3578 8762 952 1474 8534 2852 654 9561 3413 3764 3818 1531 4199 7624 721 7395 5656 6770 2273 2625 5413 6437 7493 8882 2581
29 8968 7753 212 722 6228 2809 5829 8451 2744 3248 3644 74 6726 8974 4077 8105 8416 6975 9168 1244 6358 2006 2952 3793 4842 6023 7120 8486 9757
32 6252 2074 285 6239 427 9895 1568 8931 2731 4785 7403 8880 6852 9415 133 6227 611 8655 2341 9059 4316 663 1090 1589 2352 3203 4112 5212 6438 7499 8901 2920
21 1626 7971 9313 2162 3503 7392 2865 10 944 8693 855 5852 7251 1920 2389 5196 1932 1607 4391 3628 6998
21 2430 4135 8949 4511 4561 2811 6670 3759 3640 6235 2034 7858 255 2279 2456 6407 4283 7724 263 3357 591
21 4818 4727 6 3534 8838 4901 4335 1390 9939 4001 6955 6386 4610 3301 2757 8320 5239 2160 8926 3781 4253
31 7061 1289 438 3688 2368 6249 6014 5590 3559 1961 875 3721 3877 8570 6838 9099 941 8697 8515 3569 6629 920 1407 2020 2963 3795 4843 6024 7129 8489 9768
28 5059 9090 8215 579 788 5536 7731 3074 2011 5750 7875 2257 5385 8673 8754 1182 4864 635 939 2028 3658 2651 3495 4485 5636 6809 8059 9401
21 7909 9301 5138 4624 7521 8614 1613 4351 1594 3029 988 3996 5454 3505 8847 8541 6738 5111 276 4681 7819
29 7613 6072 6536 6306 6473 9065 2567 5416 1905 3704 1570 7106 5467 4576 1540 8069 4791 2039 3498 2789 4478 2355 3208 4115 5213 6450 7515 8955 2949
36 3207 2619 5394 488 5347 143 6820 5761 8786 4116 7863 426 4356 3720 3684 9041 7860 2159 913 4776 8166 19 100 208 422 665 1097 1592 2357 3236 4130 5218 6455 7548 8956 3156
29 364 3504 9471 2680 4931 2473 4622 8233 1927 9373 5596 8495 5835 5838 5122 3695 6073 2199 5528 5368 4870 2366 3239 4139 5227 6456 7553 8960 3253
22 8253 7997 6794 967 2840 902 3736 3167 5973 8755 1724 800 202 1955 3601 8972 1728 9811 2810 4460 9655 9982
29 719 3552 5782 2487 2729 8623 6417 8391 8246 9904 9688 1852 5144 9330 5429 7145 7783 2218 890 3399 9604 2036 2967 3607 4848 6026 7135 8502 9769
30 1178 7280 7198 6725 6602 5151 6503 5345 7247 8058 5992 7139 6565 3501 4429 1731 2595 1807 5784 3706 3761 1593 2377 3245 4143 5234 6457 7554 8973 3580
29 9803 6484 507 9588 165 8411 3968 4040 6117 8944 4664 8288 4621 87 6668 9506 7969 6008 3127 9300 2307 2060 2973 3799 4855 6029 7141 8509 9774
22 1844 6430 1685 6062 1323 3304 7446 2627 7992 5409 5640 9172 7843 1906 9145 5691 1698 6068 7827 8386 5585 4684
22 7773 3530 8473 4235 5287 4600 4024 8206 7288 987 4640 3881 7085 7082 9749 5355 7656 2309 7231 1686 4789 4634
22 2288 1652 362 2902 3682 5520 3273 4136 9068 780 3551 2772 8537 6973 6373 9181 9525 6308 9816 7177 4313 678
27 4679 3515 9687 2283 3868 3502 6191 8893 3220 843 9728 2207 2752 338 9782 5791 5403 5564 3780 9536 3287 1507 5235 6476 7567 8978 3869
27 3696 9817 4819 7408 3472 1651 4029 6874 79 7999 9711 6983 1571 724 7695 4650 3577 170 104 4682 3460 3807 4866 6044 7148 8518 9778
23 5886 1422 8845 4494 497 8914 4563 9129 2587 1187 8510 6948 6336 5894 7377 8283 2153 4993 658 8781 3683 8521 9805
25 1381 9229 3957 8822 5949 7420 1049 6279 556 4985 3593 4164 3925 2725 4448 7007 8457 2255 3064 145 9618 6048 7156 8547 9806
22 2445 8038 680 9184 9398 4971 6823 7028 4244 4754 6984 9413 6525 8860 204 9877 1801 1876 6856 9446 868 8834
22 6879 4249 9966 5898 7747 3718 6513 5117 2572 4615 5375 7798 6498 4263 6428 9424 4498 1548 4501 7907 5568 1293
22 9252 9804 5350 9924 3338 4220 1768 8475 9460 1990 1641 3405 7701 9193 1277 4641 3045 6254 2023 587 9217 1767
22 5513 25 332 5384 6662 2936 6309 1258 2098 3597 8749 9915 628 6258 9734 7332 3969 8779 8318 7321 3670 8577
22 4483 8278 7711 6104 9179 2407 6512 2381 8247 6624 6376 9015 2839 1656 3490 1065 7683 6986 9430 3080 6290 4841
22 9550 457 6362 6349 1551 1219 2609 9435 6312 2332 5469 7401 6151 1603 2545 8592 6275 5607 9073 8308 6497 7616
22 9763 8173 6340 2698 8619 2003 3293 973 1307 1221 5105 5352 5760 5929 3587 9008 6660 6332 8775 7349 3195 2563
22 9520 6581 3320 2642 4072 4314 994 6657 5551 3204 8051 4741 2082 2084 7730 7922 5085 3416 237 4458 7326 38
22 9359 3778 8230 5762 962 4004 6481 5485 4976 929 6621 4149 1317 5988 5188 3247 3162 1445 733 7223 2588 9799
22 4070 3890 7784 1918 4510 6241 7165 8353 2686 2739 808 6468 9500 8496 5778 2921 3238 9956 2617 623 7715 9646
22 4138 7844 5597 7699 6032 4442 312 6535 4280 8573 8643 5546 6897 5584 1076 3467 2971 58 5534 8491 8228 4596
22 9044 3887 5124 4844 7878 5241 7513 2820 9555 634 3113 1268 9093 4273 9095 8482 1148 7421 4575 1509 7868 6166
22 2951 3755 2556 7267 6795 3205 652 7390 4066 2087 9367 7058 443 814 7462 70 4571 2321 1669 809 8688 1278
22 9515 318 9474 5198 1051 3794 8294 5146 9002 7309 9239 5943 6396 308 4288 2808 9832 7292 8360 5415 2043 9589
22 3381 4744 9658 5461 7191 1777 7668 3820 8322 4938 7388 1004 6343 9855 7998 2785 4578 2490 6398 2621 8897 6496
22 1114 2476 7535 4992 6431 9092 3643 3700 6886 1688 7095 612 6077 7851 4213 1405 4188 801 5697 955 7216 7925
22 5578 4405 723 6247 5103 6410 6631 7762 8007 542 4767 1155 4389 517 3892 551 6027 5419 4101 7508 4075 8439
22 872 5533 6127 5812 538 7101 6041 6932 2311 9885 5623 571 4354 294 6826 114 304 7721 2420 1680 1210 5259
22 7122 9613 8819 4228 2338 3347 1156 252 471 4403 5095 3863 8542 4268 6882 2256 6732 2387 6747 7400 2369 7805
22 9251 2654 7988 3699 7194 3173 376 9220 339 4114 4658 1237 4370 1318 9662 9706 5547 7977 9492 7074 7608 9371
22 8184 6333 6387 3492 3737 6840 6679 9534 6788 1025 8380 9596 2345 5876 3263 7099 602 824 749 891 8871 4259
31 1778 9541 5164 1889 3540 1358 5889 4272 4998 8849 7807 2475 6391 7032 1468 5074 9000 3269 1911 9715 7305 2658 1595 2383 3249 4153 5256 6485 7569 8979 4008
32 7464 6365 687 784 1623 3911 4333 205 4479 7297 7732 1693 5759 6604 1075 5051 3727 1614 7964 8654 2688 8046 922 1438 2072 2975 3816 4867 6058 7171 8555 9809
33 9360 6509 4573 8086 685 8182 3867 9493 1871 1606 1700 8921 465 675 9369 1677 6429 5042 6375 1017 177 6271 585 934 1441 2077 2986 3817 4869 6067 7172 8557 9813
33 8578 5711 1882 6562 1860 8459 3390 9304 3154 3928 2485 9437 2331 2834 405 8966 9110 7204 7552 2945 1038 6328 599 942 1447 2105 2992 3821 4873 6069 7186 8559 9820
33 5478 5377 9862 4121 8121 5977 4240 8657 2378 1599 7046 8421 111 160 8682 8951 2643 3353 924 4161 1798 6705 513 775 1248 1784 2657 3513 4502 5654 6814 8062 9405
34 3709 9463 6170 3432 2315 3548 1479 5054 990 9731 3310 7828 7642 9218 8859 7507 8898 3777 2803 4217 2853 357 423 671 1100 1598 2385 3251 4170 5263 6491 7572 8981 4094
34 4528 5705 3685 1582 5471 5293 6729 4134 694 8094 1622 6081 5701 6760 6637 7311 8252 1103 9767 4731 3984 4155 439 683 1101 1601 2386 3267 4171 5282 6493 7574 8984 4309
23 7621 31 7438 9726 1935 2907 1590 1176 8258 5930 1453 5772 1052 4033 5199 608 6933 8103 8691 9605 7620 4890 3369
23 1545 9686 1177 6381 80 2608 6768 8295 6302 4825 1310 4310 8601 2097 7443 5397 2174 616 8427 6446 1828 840 9931
23 8402 8348 9548 5260 6674 9899 5563 5661 4166 4503 9176 51 8399 1217 3412 7670 5524 3172 8796 8084 9203 5592 2210
29 3827 5140 4530 984 6409 5136 7903 9576 1786 1013 9127 2254 1235 3451 7946 9342 3574 6100 8159 3126 953 7022 2661 3527 4515 5663 6815 8075 9406
29 2297 4100 948 3741 9338 4799 7241 7800 1715 9394 7626 1762 6356 3007 7276 9271 1163 5321 7974 265 472 759 2999 3830 4875 6101 7188 8560 9823
28 1563 1439 8356 1056 5540 849 3776 3343 8790 5845 3523 3583 4602 1003 7439 7454 5849 1373 4814 1851 4103 8802 3840 4879 6110 7190 8575 9830
25 7147 9563 1970 9478 9755 351 8624 7923 2682 2886 2518 4236 8768 9641 3659 2222 2547 512 5028 8776 1632 5253 7576 8989 4377
25 4420 3178 1721 8153 8798 8335 8653 8536 3558 3947 6098 6539 1325 238 7770 3319 4760 1084 5867 6500 6533 6334 7580 8993 4435
24 5067 8809 8718 8389 7757 6212 7235 6380 2344 2488 590 1539 8366 9531 6000 436 8120 6586 4330 2863 4896 4676 9003 4525
23 5553 3926 8240 7720 2136 4366 5816 5773 2234 1457 9912 982 8124 9491 5462 77 6772 6292 2813 662 9248 701 4839
22 7355 9848 3810 301 4808 3209 3591 3136 9082 1166 8266 7661 3902 6411 9386 4685 1242 3554 5936 5629 3069 8865
22 7362 3135 622 2495 6371 6813 9652 2792 9909 1396 8263 7590 5410 972 307 1147 5261 5029 9603 4215 8763 841
22 1208 5134 3438 8940 1705 3634 8365 8701 5495 5712 2691 2870 8724 1967 2800 1306 6213 7539 3402 9027 4203 1989
22 3614 5255 8394 9578 3952 257 8843 5379 6131 8500 5671 6006 1522 2953 7525 2522 7360 9443 3627 9111 118 8896
22 1319 8996 1216 6462 1225 5486 6773 947 1915 2119 5482 679 9161 2947 8734 4010 7726 9724 4719 9201 3963 6712
22 7284 4709 1113 977 921 4401 2551 9117 1914 1833 5193 2890 8876 2885 6442 4137 219 4287 2146 3423 5175 6050
22 4006 1959 6894 4482 9402 8947 9668 8179 8072 8279 4911 8852 8689 365 2211 2012 7283 8545 8089 4631 6347 6797
22 7760 251 9865 5222 8441 8469 1199 3066 5496 5707 9713 9337 8771 8816 5015 4086 9136 3930 966 2268 7949 7723
22 5649 4084 5556 5683 5470 2527 7742 1707 4759 5579 8580 5959 4782 7666 1917 4454 958 9719 3511 6299 1179 452
22 23 4438 320 5365 926 9147 2548 13 1535 8864 9656 6421 7132 1804 7887 5233 3048 9918 3514 1510 791 5923
22 368 1682 7658 5877 3773 770 7754 5897 1262 664 2194 6369 8316 2743 8513 5723 4711 1696 1202 7950 5921 3561
22 6591 1286 7150 14 7490 1423 7917 8432 3738 673 3826 484 5740 3500 9120 1245 9521 5319 2388 4861 5061 2170
22 6960 3964 7679 5412 1142 7478 269 3476 2879 1327 4443 2683 6388 5083 9709 4226 296 7660 7396 5672 5244 2425
27 6090 1560 9585 8471 6550 5010 7121 7667 919 7941 1960 5550 2961 3385 5032 2558 2375 7653 705 6415 7604 7412 5285 6502 7585 9020 5018
27 6912 879 9231 329 2247 4173 93 3427 9908 5945 889 3981 8976 2959 3839 7385 6061 5924 9795 6671 8250 5277 4882 6115 7207 8586 9842
22 6031 4068 5197 4439 323 6880 3431 804 8652 2111 9458 555 7225 1514 2868 3798 5875 7791 5911 9208 2113 781
23 6515 3325 2172 4069 7078 8331 191 7136 4232 737 7833 8777 6709 833 732 4954 5981 4943 9753 1469 6707 6592 3517
26 8605 6520 6124 5662 5980 7224 7558 6578 3407 7048 5104 5045 5472 5508 420 4219 3858 2701 4627 5191 8696 8109 8690 7208 8587 9846
32 7809 1478 712 5653 5801 6575 7252 5215 1569 6805 2126 4944 3660 4579 9396 1398 2047 650 4456 6844 5940 8533 945 1455 2106 3005 3849 4885 6119 7209 8591 9851
30 5444 8244 6540 631 1144 3143 6594 8355 1115 1214 6625 1726 6337 2104 4921 8572 5007 9873 8543 4905 508 1063 2390 3270 4184 5289 6519 7594 9022 5137
27 5371 2851 1285 1633 880 4846 6895 8743 8274 4079 6661 2348 1742 1496 5788 3198 8100 4562 3033 8164 9776 6488 4888 6122 7211 8597 9852
26 4417 5141 258 4569 7557 6089 1160 8757 116 9236 7758 4294 2351 5446 6798 3214 9223 4912 4222 9378 1120 7755 6570 7595 9035 5299
29 9530 1586 7146 657 6678 2795 6389 3612 9890 6284 4202 887 5987 543 4560 8092 2574 983 7306 6448 6655 8267 2673 3531 4536 5668 6818 8079 9409
30 7109 3833 4772 3805 6384 6355 7872 2277 3935 8615 7168 8311 8829 7565 5643 9963 6918 2138 7486 8656 7138 5565 2395 3276 4194 5300 6574 7602 9045 5335
30 9186 9702 5883 8704 9770 2599 2612 1749 5618 9264 8945 817 4962 9841 9233 914 6549 2506 260 838 8712 3707 2399 3281 4195 4090 6579 7612 9075 5440
29 4301 9663 5000 1847 1579 8374 5237 748 9103 9736 912 5878 9174 3550 8008 1701 8932 3302 1265 2213 1152 9427 3009 3851 4894 6123 7217 8617 9871
29 6463 8073 3091 4584 2433 382 3533 9660 9225 9984 1297 8424 1174 2814 9570 8390 7382 3648 3285 9088 2045 2038 2681 3541 4544 5678 6831 8085 9411
29 7990 8661 6645 6416 9826 4468 763 9501 6991 3506 8226 4777 5872 6865 8463 1081 7550 3987 3726 9959 4451 7327 2696 3542 4546 5695 6822 8112 9412
22 6403 6910 7330 9495 2071 825 259 4542 839 8259 3822 2543 3989 9319 2358 3621 7137 2010 5275 971 5552 9344
23 666 3027 581 2858 7142 6019 412 5001 1384 8343 4683 7676 5206 5885 1885 1437 4923 1608 9837 5079 3716 9889 9429
22 873 3650 8276 548 5608 4154 8281 8505 9140 5970 3465 356 1671 4821 7043 3349 2623 5452 3744 3610 4598 980
22 7482 5858 2882 592 1780 4150 7614 7960 8729 918 15 5047 3039 6414 286 4594 5817 8222 4732 9390 6436 3040
22 9349 1610 494 7200 1033 3006 5747 6178 5937 8141 5362 4632 7244 1477 7586 4156 6187 468 6568 1417 4920 6492
22 1803 5821 2896 9392 3398 8104 4876 2498 2877 1843 7328 4858 9967 1865 2051 8337 8211 4047 3083 8044 2704 5292
22 311 6521 3669 1228 3537 3496 5238 883 3448 1805 4242 3656 3350 9139 2221 9565 8613 4055 4190 6057 6806 4374
22 7972 5325 1416 7510 43 7842 267 4157 5823 6559 4292 4568 5935 9640 5170 1329 1963 5522 2062 8574 5448 5309
24 1023 6904 1385 5062 8298 2100 2167 2302 2466 8715 3985 7077 6728 866 5435 8676 8807 5605 7780 407 5641 3950 8628 9881
22 2412 7854 5734 5994 8113 8720 2192 5603 3592 4899 6267 363 3991 7648 5739 9650 1596 9539 5242 2533 7133 9074
24 3824 6547 8999 5868 3181 5221 4722 9952 6824 4490 1746 9879 7033 8257 9773 152 4489 7603 8855 1165 6926 514 8118 9450
22 8711 7088 9011 6793 360 5431 1126 1359 1028 2025 8477 1964 5014 9777 9800 1185 8660 6193 7517 2274 5814 3576
24 4736 350 5604 1854 8622 9639 764 6537 564 1308 1839 2801 8241 9940 2873 1832 8769 1578 5591 9419 9200 2746 8128 9466
25 5969 9600 6597 2499 6009 6125 2602 3387 9031 5754 9206 6261 2979 3082 974 2437 9797 3880 6719 5939 8707 7405 7628 9078 6002
23 7347 6197 6965 1322 8508 7994 3031 6145 9582 6531 1466 3535 2319 747 9775 5436 9886 8174 534 6439 358 7549 6412
31 7015 4058 6327 7363 8170 2310 6427 2872 7459 3394 8867 1753 9317 738 5631 1224 2764 3581 6045 6763 9853 5323 1605 2424 3294 4200 5304 6584 7640 9087 6466
30 4329 6607 7650 5294 4952 7295 7682 8440 9964 2724 3289 4817 3838 7937 1392 536 1467 7303 7003 9132 6690 8163 2108 3024 3855 4895 6135 7229 8629 9888
33 499 799 129 7556 5475 7498 1096 4715 9945 3599 3455 5417 5109 8287 1720 783 5922 4459 692 244 27 7159 691 1104 1609 2429 3295 4206 5308 6587 7654 9104 6783
23 7522 4500 6724 1538 9586 4603 5383 5003 150 4540 4120 9467 5616 9013 2472 3929 6270 1082 4960 1841 3509 5594 1288
23 5332 5147 3689 1132 7775 7978 8576 5130 3965 5971 4961 1934 5243 1758 3183 8186 8562 1107 5395 3556 8567 6458 4408
32 1146 3516 1186 493 9878 2765 911 6281 9790 8492 7187 2978 9481 7029 5529 8363 570 5989 234 925 6779 1012 779 1250 1794 2711 3544 4555 5702 6833 8133 9473
31 9693 742 7176 5809 156 7989 3222 2514 511 1243 4254 4165 9485 7944 5595 8797 4918 6853 5824 1184 2403 3070 1256 1796 2720 3546 4558 5713 6836 8134 9475
23 9346 1763 5561 5815 5626 8095 4147 2664 7425 1508 5203 6721 8407 2145 9892 5219 1907 3712 6700 6858 7883 4180 2090
33 3638 6914 8251 2684 4730 3728 9336 455 1239 9801 7386 9423 969 9494 1055 6803 5779 2085 2394 5302 429 7681 697 1109 1620 2442 3314 4223 5324 6638 7677 9106 7005
23 3147 3030 8099 2857 2216 3905 3771 4932 1604 7038 8314 4453 9434 6959 4745 6808 2427 8296 6968 3803 7 2817 6030
23 8788 605 1666 2132 2032 375 4614 6688 3792 9508 9461 5926 9792 7638 8905 8106 2860 9498 4422 4874 2169 8789 5947
23 3861 6911 4913 9381 1772 9464 2326 4691 8126 3595 2019 4386 5862 5571 2537 5657 8030 522 9616 6126 2856 4466 3724
23 1027 4465 8077 4107 6630 7962 8971 5396 4133 1946 4239 5217 8114 6731 5342 5775 1395 5073 9312 4038 9522 4393 2067
23 1190 2481 3850 6680 3169 377 4965 1689 6787 5331 4256 5670 421 2925 9941 6444 5574 7012 900 8066 2958 9261 6552
23 1105 9840 4936 2768 141 836 6300 3434 7460 6727 7011 3250 6573 2723 6940 8280 7777 7308 1617 3155 9759 8036 1903
33 2866 4255 1842 8892 6160 6229 7457 3494 8753 7358 2666 4537 6043 1343 2029 7761 1006 6223 5984 7018 531 8392 672 1110 1627 2453 3316 4225 5351 6639 7685 9114 7270
23 6018 7940 1893 9644 8549 7337 8588 4209 1811 6054 8277 5837 1504 5210 5443 877 9695 8907 9126 7611 6162 3908 6828
23 6834 8606 97 4507 8820 8840 1759 5184 8395 6318 5078 8723 8611 2101 7751 1171 1966 9796 4445 9308 136 3568 7447
23 3291 8975 3655 3676 991 1213 4404 7867 8275 9575 8516 3723 3586 7149 1451 7973 2898 7215 7852 9808 1039 9014 9086
35 2486 454 4939 6543 2546 3917 5785 2763 6142 9255 9535 7615 4506 7179 1558 9703 3164 7359 343 9243 937 1850 222 445 700 1121 1630 2464 3326 4227 5356 6641 7687 9116 7399
23 4520 4337 3055 4051 9146 2000 2793 5913 1655 6554 574 467 9335 3493 2303 413 2776 49 236 4800 9850 7689 2065
23 3225 7153 1978 2806 9295 2881 3454 8761 2354 7651 2001 710 999 9789 9591 1410 5297 2231 1340 1255 968 2396 4916
23 835 7373 3742 6830 7102 7259 6010 2993 6606 2550 2928 7853 4786 8817 5609 572 6156 4765 1856 2479 5131 2862 8684
23 7075 688 684 9672 8566 1464 8437 8839 5756 4680 1300 3615 3756 9288 7126 676 8130 30 7049 3668 793 1662 9005
23 9418 4191 9253 3371 7094 6035 9156 1773 1484 7951 7523 8466 5542 3657 9189 2861 5514 653 8677 6872 4474 997 1207
23 7684 7097 1088 9649 2406 8158 9379 2722 4049 8160 8460 785 6467 98 9574 3909 5617 3757 4497 2276 4805 8674 3382
23 1246 3809 6015 2021 4380 3014 5374 8879 5088 6951 82 8476 506 6553 7987 1611 586 8992 4909 5938 3274 4518 9510
23 4868 6762 3566 6152 5373 9135 2726 8512 4344 4686 7801 1752 6569 3831 863 1549 1150 9562 5367 7197 1043 53 8530
23 7506 9528 5639 1835 1542 8447 4712 428 7351 163 2083 4099 7959 2780 3372 7260 5125 4237 782 5301 758 1425 8005
35 766 2582 6245 3138 7319 2844 7700 580 7472 9284 5577 8705 9835 5677 5666 3617 451 9169 1454 9545 5800 2659 172 372 606 950 1465 2123 3025 3859 4907 6138 7230 8630 9901
33 4467 2649 8319 2695 6116 9321 9831 3219 8658 2935 6406 9990 1668 3165 3979 1624 460 9440 4663 4276 2035 9602 704 1123 1635 2482 3329 4233 5358 6642 7690 9128 7463
23 5780 5589 3297 9232 686 7352 9607 3598 5097 6751 140 1672 2535 90 7175 1717 9993 5728 1996 7112 5438 9882 6546
23 8553 9744 3758 5272 5652 1894 2937 7154 6108 915 4395 8388 9674 9108 4480 8313 9793 668 4613 6374 3002 9517 6395
33 310 6293 8430 183 8448 1806 6042 7130 7010 7945 567 9761 4113 3971 8039 2409 9875 7774 5575 4633 4902 4535 610 956 1470 2140 3036 3862 4910 6139 7232 8631 9923
22 4588 7519 5717 5693 6501 6405 5650 6859 3811 1406 6368 7455 9669 9187 7646 5770 1857 9859 7030 4955 6195 7199
23 8330 2502 6226 7342 7657 604 3322 3345 6148 2002 6663 8540 1585 4104 4726 5964 2094 1621 7568 6777 4434 2980 391
23 7453 5437 6845 9943 815 4758 1895 3180 9024 167 5501 7282 3970 36 9785 9499 2450 1658 8183 7995 6750 1136 521
33 4838 8950 3265 946 9664 3211 8325 2334 4245 8053 3865 8556 4856 6650 387 6613 4607 8735 7257 7441 5726 8639 615 961 1475 2141 3047 3866 4914 6159 7234 8637 9926
35 1973 2777 5658 1326 6817 9102 6078 3213 8078 7512 1760 2540 4611 2102 566 5752 246 6453 8911 1116 1404 4803 175 374 617 975 1480 2143 3053 3875 4935 6163 7236 8642 9934
23 3362 6825 7275 9160 5223 5820 2284 4198 5400 9946 1770 4964 5492 2471 1294 720 8423 274 6970 2687 4933 7598 9343
26 3088 1118 2760 155 985 1654 1486 4835 1231 7017 392 9676 7052 8472 2504 9612 5148 85 7803 7091 1711 7776 4837 6839 8146 9477
23 7913 9754 3620 194 2240 6972 1891 4967 1788 7375 3953 9762 2290 1704 7054 2239 1612 2786 9568 9063 8442 8603 4023
23 2620 1751 9072 2454 2263 8056 5684 6074 3630 7416 6314 976 5680 3121 1941 1141 2494 4446 9932 9690 8912 1370 9320
23 1998 3635 6518 7380 5320 6576 4258 8917 8700 7719 674 305 6153 5290 8636 1890 4178 6234 790 5337 4526 5449 4740
23 9249 693 415 6644 78 179 4934 1802 9457 3076 4328 6864 8205 5767 9488 3392 6140 8997 4007 8400 6105 6317 4783
31 7108 9258 852 9810 3512 6251 750 3092 8922 7942 1448 7427 1485 8858 2994 2423 469 9326 132 3306 3037 6390 1257 1799 2738 3549 4566 5716 6842 8149 9496
23 1922 8340 9503 2026 5637 5178 6264 6141 869 2534 5953 9118 1639 1212 1665 3808 7559 9310 4504 1279 3010 6001 7818
23 6143 7767 7713 3116 2096 4496 3791 9718 9661 380 7268 936 4251 6941 3075 5731 280 1357 449 8589 7545 3201 3093
23 1874 576 8204 4078 1341 7516 5730 8248 3235 6942 3464 8264 2552 1985 5056 6257 9629 1045 2700 151 5543 2554 7738
31 3870 9636 2298 8620 4788 4973 4977 1646 2439 8687 8507 1859 6218 7808 302 6461 703 9122 2223 7652 4908 6934 1263 1800 2748 3555 4583 5719 6843 8155 9511
23 1140 2237 3257 7782 6301 5306 6445 3042 4937 9054 593 6147 4019 2295 5796 6542 215 818 619 4804 6486 1133 8479
35 2015 6222 940 588 734 1342 1722 8019 5599 9097 3563 7456 6701 3237 7932 9001 4257 1938 765 4919 557 2775 147 271 519 802 1271 1815 2774 3564 4585 5727 6849 8157 9514
23 8047 995 6560 8857 6214 5834 3651 8426 5624 9275 7027 8172 7286 3934 8454 4270 2584 3397 4372 597 6997 9222 7855
31 1061 2191 7899 2056 7036 6046 1564 5582 805 7882 713 2350 7739 8001 5133 7001 834 7394 2974 5246 5155 9953 1272 1830 2781 3565 4593 5744 6851 8176 9523
23 3230 264 71 1949 5094 6363 5401 965 6038 5933 2976 2685 7879 337 3417 5360 2741 6288 5315 3152 131 1196 4044
23 943 8326 4043 3740 2773 6146 54 8270 5159 1380 1137 6359 8026 1793 3677 7072 5225 6841 1161 8060 4457 7910 848
23 6583 2693 9076 2523 2749 9741 2629 8418 6134 2289 5698 2503 6478 7419 4218 8132 6434 7896 1643 4970 5328 5399 5966
23 7779 1562 5168 4172 73 9599 9062 5648 5236 1694 7064 3376 7551 7797 7492 9683 7299 52 3484 8255 5613 5422 4795
35 9019 1356 8568 5920 5830 2428 5674 1634 3079 3356 7304 3422 113 6272 475 1827 6774 5077 3144 5741 2906 6905 157 273 523 823 1273 1834 2783 3572 4601 5746 6857 8187 9526
30 4717 6200 8780 3232 6687 1697 9989 9112 34 4556 7725 4770 3543 5499 8438 8894 6330 5075 8140 1577 7449 3378 1845 2784 3573 4630 5751 6871 8190 9084
22 6610 584 4811 4175 4840 7023 1409 5463 9053 4441 6979 4368 518 6419 4755 3177 573 1106 909 7411 6524 8941
22 240 7609 8080 7630 1354 470 2246 5572 5530 317 6161 3313 3915 4324 3054 6063 954 5848 1583 8123 1450 6723
22 4949 594 6622 6274 4687 9861 3478 5634 6313 4158 6812 4168 9198 4463 3282 8873 1812 6867 3674 1234 7076 4816
23 6238 6382 7703 1430 9997 3680 8413 3835 9847 7790 5474 6294 458 5004 7938 6277 1175 7869 4303 214 960 4893 9935
23 5979 262 4275 6256 6133 105 8004 3327 6898 4766 201 8235 8583 5439 8041 6353 2871 8818 5600 1988 1898 7238 9537
22 4325 249 6477 7816 539 2815 774 7727 8354 5132 2652 402 861 5718 8813 3283 4609 1743 431 7272 6400 7256
22 8719 854 3337 4205 210 8851 4815 5917 1628 5092 8827 9293 3847 7674 9315 5023 4738 3258 3983 7402 6754 8461
23 1284 636 4476 5211 8564 1565 1831 3137 9324 3223 8842 106 2306 9502 2899 5659 5145 4378 6171 1452 4531 1647 9538
23 1018 8028 5802 9608 9083 2790 4224 2133 9587 5686 115 2714 1948 9592 1379 5709 6658 5667 6289 1870 5119 8924 9543
24 218 5950 4763 5346 8885 4625 7031 4355 4929 8782 6892 8286 2139 9860 6589 6870 7423 6036 8022 3876 6640 6508 9133 7475
23 1956 8886 864 3292 243 553 7192 4720 5201 9553 7880 1520 4989 473 3671 7409 8504 6443 9870 6236 5180 1822 7928
23 4644 0 3104 4572 2645 3363 8745 5087 5628 3766 2323 2564 8037 3745 5706 8197 9323 279 4211 6651 5798 3348 7965
23 1022 7662 313 5171 2933 4735 601 4915 6051 5625 2888 2778 434 7714 1809 5451 3108 5393 667 3518 6943 3582 8175
30 8571 1676 5828 6173 8828 4586 9380 2740 448 1299 1149 1937 8918 5797 4126 2727 7294 8256 9571 9241 7740 2938 1862 2787 3579 4637 5757 6875 8191 9544
30 7346 5382 8520 1615 7125 535 1813 7291 242 9807 9987 2553 9828 6107 8497 6741 7694 8519 2497 8709 3923 3873 2507 3333 4246 5369 6649 7691 9134 8292
30 923 5498 3315 2735 8156 441 6005 1298 8122 1241 9681 1095 9620 6367 8668 7271 3747 3884 5863 8811 5956 5822 2511 3340 4247 5381 6652 7692 9137 8310
29 9910 9732 6348 6495 148 578 6873 7956 6832 425 127 1588 8600 2575 2972 4265 4771 6810 7745 8957 3097 6071 2788 3584 4642 5766 6885 8198 9546
22 9914 2343 9897 2876 4599 9270 2836 7799 4626 5031 8964 3194 9060 931 4728 7737 9975 9125 6781 7582 8131 3664
22 2448 2977 1513 8334 35 9542 559 8150 6756 7906 9447 4426 2064 2656 1943 8282 178 2837 8939 4707 7424 4350
22 1546 3246 474 1709 1346 4345 3864 3632 959 1487 9524 5904 2242 5916 3317 8750 1953 8043 1091 6528 4669 9115
29 2709 7534 2747 1849 2142 435 6572 4141 4427 3447 9700 2107 2220 5123 3653 6666 5252 6963 1924 331 3806 9730 2791 3585 4643 5769 6888 8203 9549
30 1529 3298 2954 1400 5580 3940 8825 1041 3359 4061 6221 3914 2335 6315 3978 8052 5487 7829 9678 2816 5283 6179 2512 3364 4248 5387 6654 7704 9141 9256
30 641 9601 7501 9836 5847 4768 1983 8082 3735 5167 6557 7675 2750 6595 6049 8135 6785 7888 5418 253 5037 385 2513 3366 4260 5402 6656 7710 9144 9393
36 4317 4419 4492 2214 4751 367 5962 7065 1930 7729 1112 8393 4076 5494 5865 6593 2201 7300 3920 3924 5972 4296 102 225 459 711 1138 1637 2515 3370 4264 5406 6689 7712 9164 9504
36 2177 5317 7635 3722 5738 9453 2379 3619 9230 6929 2447 6183 1618 2226 3497 6771 3456 8612 6862 5273 6097 8168 109 239 462 715 1170 1644 2520 3373 4266 5424 6694 7759 9165 9707
36 9740 3334 6480 524 8923 4773 3679 996 2088 5370 2184 7970 3768 4473 4098 981 6149 5586 7963 6310 7566 491 69 190 381 618 986 1489 2180 3057 3885 4958 6168 7237 8644 9947
31 5254 137 4774 1046 464 9739 5615 3159 4365 1957 8265 314 1351 5619 410 7841 5560 5832 4883 7089 7107 1971 1189 1664 2531 3375 4282 5442 6695 7764 9166
36 2541 1040 81 1108 5502 6634 9998 669 9119 3119 65 1791 4397 8456 859 746 7618 94 7335 3217 4343 2521 91 193 394 627 992 1491 2181 3065 3891 4959 6182 7243 8664 9950
32 7458 2710 2615 5158 7811 5161 2970 5690 7047 2131 8299 7881 3132 9479 895 6286 7365 2734 6033 9215 8738 5027 993 1492 2187 3067 3901 4966 6186 7245 8671 9965
36 1785 5646 7561 8906 9784 3453 1559 2849 5644 4322 2401 5870 6451 5231 9365 1352 9066 4398 6881 2878 7890 4813 92 200 396 629 1010 1494 2217 3068 3921 4969 6188 7246 8675 9968
27 5975 5295 2825 1102 7643 2461 6087 4539 6085 5190 3071 8349 7734 6601 9747 2655 3089 7008 335 5681 7407 72 4653 5771 6893 8212 9557
22 3729 3693 4802 2300 8995 2462 6482 2380 4551 7381 8595 2347 7897 8180 2417 9907 2818 9844 2367 8210 3139 8544
22 3367 9048 3430 7059 1663 8167 2911 6782 6402 4159 2916 8877 4488 125 1846 1638 8450 1502 213 3000 3872 3124
29 8000 2112 881 1936 4231 5660 7741 7164 456 8332 9051 5743 8969 321 3553 8680 6737 9250 1826 103 7480 743 2536 3403 4285 5445 6698 7787 9171
29 7655 894 3536 2589 4900 6917 8412 7813 1969 42 5993 9673 9197 1130 3763 9329 7562 9285 2055 2646 7169 158 3073 3951 4980 6189 7249 8681 9974
31 3086 8793 5864 7707 1699 3229 5 9448 7954 5753 6106 2755 8760 1139 4032 1782 9091 2362 5675 8794 3997 621 1193 1667 2538 3410 4293 5464 6703 7792 9182
36 5573 6855 9403 8029 5895 4779 1864 3690 8083 5918 4371 2320 4554 4167 5262 6659 8098 8045 7639 3224 9069 144 55 159 277 527 830 1276 1863 2797 3596 4659 5777 6896 8213 9559
30 5985 6647 7314 9257 7768 7210 2196 9647 8260 5825 9991 1913 7356 8765 5423 3290 490 8347 1122 2891 4564 3141 1674 2559 3411 4297 5466 6706 7812 9195
31 4604 8373 1642 9621 5080 6066 6350 5976 9205 7918 7466 3187 2116 5583 4527 9622 7832 1463 1458 6479 86 2662 1309 1867 2799 3605 4661 5783 6900 8219 9564
22 8422 1736 4373 1087 6563 4832 2483 1320 5366 4017 2017 9867 2544 8333 4851 107 299 6136 5065 9643 8171 6504
24 2265 3774 9737 813 6099 7193 4608 3259 8987 254 482 4651 2579 7240 5957 9771 516 8068 6192 171 9420 9432 7837 9202
33 8758 1442 8830 5008 4824 5758 1260 6617 5108 2270 6230 2215 9210 1412 7649 3361 17 6253 7073 9237 5515 60 529 832 1311 1869 2802 3606 4665 5799 6901 8225 9581
28 2099 8895 7771 7930 9376 7904 7115 3280 1446 4995 3012 3184 5932 8846 6263 383 2708 5588 3150 7961 124 7281 3616 4667 5803 6902 8236 9595
33 8111 8397 8189 3828 2670 3001 7705 9170 2982 5831 444 1981 9298 2501 9900 3678 99 6682 7166 9635 5735 7178 530 842 1305 1883 2828 3622 4673 5808 6903 8243 9610
33 7862 8139 4493 7511 8342 2894 8904 8909 9105 9290 4193 5339 7876 4692 347 345 8910 12 2086 5843 5944 8196 541 853 1313 1884 2829 3623 4677 5818 6909 8261 9611
24 9913 8102 905 9071 9648 2376 6198 4668 5724 8014 176 3449 8528 4886 1544 7636 1574 5905 130 5715 2322 6394 7840 9207
36 4321 2593 8031 9533 8201 1866 5505 315 5405 5787 6474 3567 5694 899 7079 1338 1600 8352 8983 1684 8049 2267 24 117 241 463 718 1200 1681 2566 3414 4300 5473 6710 7857 9213
25 4048 798 2166 6564 6974 7296 6132 2995 293 5632 5052 340 4606 5833 2484 9228 2040 7279 1117 8883 4319 4186 6916 8262 9617
24 1002 8119 5851 7601 400 957 707 9827 8108 7134 2769 9221 4243 1683 2118 5041 1471 8396 7185 642 2960 3335 8271 9623
31 2751 1713 8946 1009 8231 2592 8339 5737 5946 4182 1078 6354 1083 7796 1203 2163 4424 1172 8234 4739 2095 1497 1201 1692 2576 3418 4307 5477 6711 7861 9216
29 3193 8792 8958 8726 9100 7986 7285 6681 1921 7693 5630 1472 3785 9758 9177 5692 6351 8151 6915 9188 9426 7369 2578 3420 4318 5507 6713 7873 9224
22 89 3388 2269 7037 76 3445 8585 3158 7448 4108 5030 4332 2093 9079 5884 3106 5057 7123 1687 7617 9009 3110
30 9449 8929 9986 5732 2706 533 8803 8808 3949 752 8127 8651 4582 1945 3440 7345 9482 1401 3038 8067 9995 851 2228 3077 3958 4981 6196 7253 8686 9981
30 7376 379 7778 5404 9047 8526 5506 8302 2702 9159 9780 9399 6378 4299 5038 8050 184 2632 7361 2606 1952 4452 2235 3103 3972 4986 6199 7263 8694 9988
23 233 486 5169 5064 8561 7174 2694 1702 3730 4060 6653 4363 4529 5153 6791 4132 9480 250 6370 192 7370 7981 3894
23 8878 3508 3903 7050 7316 7467 2524 979 3050 1541 4656 3954 4 4464 4988 46 6758 7717 8419 1157 349 6992 9204
23 174 2308 5557 5764 9497 7182 4762 6529 3749 5202 7434 330 8756 794 6908 6846 9280 5647 8638 7002 1247 9944 9096
25 6745 4559 6995 8935 7934 4657 9484 3051 6172 9452 5016 1238 9148 2832 1909 6260 9279 2175 3967 7269 1719 8362 6920 8273 9625
22 3288 7483 6735 2480 9682 8506 647 7563 3992 8532 1933 8453 8358 7647 6510 1619 3907 6628 270 8268 901 3734
23 1143 6207 3008 3702 4433 7555 9175 1283 5893 7228 6408 9689 3955 4262 2291 8908 9651 7378 4660 7526 8125 2130 1653
23 5562 1421 2411 2677 4753 5465 1321 3853 348 4367 8659 8137 9433 7895 6684 3787 8289 4425 1031 1823 6906 2224 1312
23 8994 437 1316 5842 8986 2742 874 7080 146 361 9410 2120 9671 290 3279 4743 5220 4853 2117 826 1547 9951 1631
23 5742 1670 7068 4823 8107 9238 1267 964 510 3941 7669 4341 3052 333 3532 3059 6034 9584 2493 4581 4917 4597 3446
23 6744 3739 4830 2759 47 3060 5053 1795 7919 2333 1519 9163 287 7044 5230 5157 8770 182 7035 9354 5274 8569 8850
23 4352 2171 7957 8934 6966 9903 6633 5118 498 6276 3482 6927 7933 5527 227 2875 7163 8930 4688 2157 5411 7105 8012
23 9864 9509 7599 5479 5794 9322 4635 2557 6028 235 9061 4957 9979 1861 8626 3473 7908 2955 1892 2068 1053 8232 5999
23 7432 6913 7929 3278 1180 3829 3442 1679 1769 1518 4990 1251 3377 6964 3021 811 9922 8480 3800 7084 8138 5389 1158
23 2669 5813 9462 230 1111 7672 3354 4942 4362 5500 3528 9064 8523 5805 7991 9407 6551 1965 5046 6011 6919 4067 4534
23 5281 5721 9735 9748 1363 1280 2516 3980 3122 2827 2392 7847 8590 1629 4746 37 4151 7849 735 1069 9955 2137 740
30 1206 6499 5954 9642 9153 2251 5531 2324 5687 6242 1787 1413 8501 2798 5725 275 2397 716 5240 8669 6733 2607 5200 2585 3424 4327 5510 6718 7874 9226
29 4948 5307 7218 6614 4991 4862 9787 5622 6530 8662 5019 3524 8685 3098 6860 2200 3488 3140 6084 149 359 3823 7820 3636 4693 5853 6922 8285 9626
30 7383 8679 4214 5635 7733 4074 2637 9721 8774 9123 5433 4183 1036 2847 3452 1050 3784 3355 6423 3994 7752 7026 2508 2600 3425 4331 5517 6739 7877 9254
32 1695 3694 6692 4320 2075 1755 4716 6154 3199 7665 1573 7625 8478 9738 9219 5129 8861 7353 1733 862 5476 2705 5249 1500 2245 3105 3976 5009 6202 7266 8698 9976
32 2717 6665 7528 4127 7536 9659 1819 6928 6962 4757 730 409 7203 7366 1302 625 9469 7431 4118 3604 5915 3673 6469 1503 2250 3112 3988 5012 6206 4379 8699 9992
32 9049 8722 1016 6850 2122 2128 9211 3973 5327 5612 829 2027 7310 9818 2845 4979 9597 8381 4517 6422 8361 4179 7221 1511 2260 3123 3993 5025 6216 7287 8703 9996
37 9579 6129 7119 9845 4012 21 9580 7749 3609 6759 9814 4311 9131 4279 9209 9277 4278 2807 5216 3589 7161 5795 7893 32 119 245 483 728 1215 1723 2601 3426 4346 5523 6742 7889 9262
24 3705 3111 6541 6889 446 1034 4431 3393 7496 505 3782 1636 9593 3318 371 8465 1928 3937 5614 6283 8634 725 6789 3933
24 7379 6441 5909 1426 8900 7069 4364 8805 9839 8937 2299 9178 3966 3588 1259 9094 4880 3618 3151 8209 9007 3886 520 3479
24 1194 3145 4580 7056 7195 9883 9856 4752 9143 6626 3802 9896 4192 8812 8018 5882 9235 7664 547 4360 9972 4216 3916 8524
24 5919 2812 3324 3433 620 7627 828 7340 1432 1526 645 6232 2672 888 1440 8404 2024 2848 3860 4827 8645 6598 433 5642
24 8599 39 9021 819 7329 7859 6994 5066 1766 7226 6869 5005 3687 8385 3883 3762 5986 3109 4342 7158 406 4545 9786 4440
37 4836 408 6988 3633 5021 324 5248 1026 8387 6324 5581 7042 4904 760 3661 6990 3011 7435 8305 5033 8874 6052 9327 41 128 248 489 739 1220 1725 2603 3435 4347 5535 6746 7894 9265
24 768 807 8632 6514 5887 1703 9615 9444 6766 5450 4595 9303 7183 2737 7262 9155 6339 4514 6483 8683 2188 5951 5974 7473
29 9489 549 2678 3061 1940 7019 3210 8199 2926 3719 5793 640 714 3945 1824 395 3189 7619 8977 5269 9938 9212 2325 2841 5034 6237 7293 8708 48
27 1037 1821 2463 2147 3277 2342 7248 850 4968 418 7846 327 6164 4828 8863 2089 4057 1068 5525 3128 6383 3332 1391 5856 6924 8309 9627
23 8546 9519 6801 4698 6259 26 3468 3748 450 2940 9037 4461 1756 2586 3943 9375 7322 1008 695 9416 4187 2179 9332
23 4065 1433 8815 5997 8667 8891 2819 4128 1939 3590 28 8300 2186 3228 4402 9428 7912 1792 9566 7814 8872 3328 827
23 6600 7239 3312 5669 550 4286 1919 6792 6891 2052 7722 3191 3268 9034 9356 1382 9442 9573 2771 596 540 3956 8985
23 908 7113 7835 4950 6244 5763 5181 5338 6157 9130 5745 3998 7202 1169 4413 6534 414 3379 6708 1099 4999 2671 9983
27 211 3507 8070 867 831 2173 442 6877 8821 6677 7533 6201 8741 5428 5333 9812 1230 5627 401 8470 9727 7254 5942 5860 6930 8324 9628
23 384 5891 9289 9138 5334 288 1660 7633 2364 1765 6736 6961 9039 6372 7484 755 7016 8 644 3026 2058 7495 4618
29 1269 4361 1131 7815 9760 8194 876 898 8618 4003 6555 6953 346 9357 7093 3096 1205 2349 2414 3483 2665 3841 9884 3646 4696 5861 6939 8328 9632
29 5914 9569 3557 3311 568 8902 378 3852 6561 916 9445 4747 29 803 5696 8535 2404 2831 7817 7060 478 5874 3713 3436 4349 5539 6749 7900 9267
25 389 6208 3163 5593 4241 8565 4432 291 8959 5257 2830 7979 2374 96 2059 1295 8369 2150 1675 2458 8269 3995 1886 7901 9272
28 3767 9999 8200 7152 1481 6887 8609 5481 6165 4063 6118 2244 5995 4495 3711 2880 878 4201 8732 9185 2398 121 404 4699 5866 6952 8329 9633
28 3161 8290 9109 600 8948 2063 6287 5340 7062 7290 7009 7980 3099 4997 3918 5699 2618 1337 6205 8539 3003 3520 9472 4703 5879 6956 8338 9654
28 7600 9985 4810 4636 6217 3227 3570 1977 8610 8032 7709 9366 4388 6954 6021 7540 3874 1552 6295 9368 3352 6341 3474 5040 6265 7301 8713 84
25 2944 1427 5296 767 8357 3703 4648 2037 9815 8953 6775 75 7823 2728 8952 5781 2361 3437 9486 2604 2505 2149 9551 7911 9274
35 3272 613 6150 5343 6907 2470 4704 3441 2426 9619 397 8716 6615 4306 1162 3231 2151 4797 6714 4702 6025 7955 5407 403 646 1030 1521 2261 3129 4002 5043 6269 7312 8728 88
25 7196 6319 388 4470 1808 7788 8767 8359 3395 8598 6752 4208 5688 8844 1274 4145 2568 4250 319 22 8415 5266 9783 7915 9276
25 4523 5679 4181 6740 1512 6470 8009 1456 9949 6945 487 860 9455 7769 8336 344 3944 4407 4790 562 8607 68 1972 7920 9282
23 4390 7891 1459 7680 7127 7926 9513 2110 3469 9745 8927 3174 2435 7885 9854 2997 4859 1575 2468 4574 4509 8076 9408
33 5245 229 6548 4005 432 5664 6761 8097 9552 6121 3642 3481 2539 6459 2054 4091 3062 4809 7765 7596 6623 1974 228 741 1222 1729 2605 3444 4376 5554 6757 7936 9286
32 3252 1706 1789 6298 5391 856 8064 822 5084 1296 8272 7530 4605 9259 2989 7180 5826 9340 681 6489 8488 4552 8648 1523 2272 3133 4014 5049 6280 7318 8736 187
32 2981 9372 1411 6060 9929 8188 8249 2204 4924 5689 9278 6393 5354 8436 3072 7214 6055 796 3100 1929 6585 5179 480 1330 1888 2838 3663 4706 5881 6967 8346 9670
23 3028 1776 3986 884 8881 702 8410 5736 9364 9645 9422 9395 6346 1264 2713 7258 3562 5278 6636 4778 6890 9391 5076
23 9451 8245 6076 6397 6884 1077 1645 4956 6819 5859 164 5314 9194 2794 5207 4892 5537 6080 6664 5270 1134 3153 3212
23 1015 9750 9921 4177 3439 3056 2202 7518 9029 6435 3825 5386 9638 3837 8027 4690 2732 8403 6937 7708 2526 4674 3421
23 2359 8982 9920 8048 1229 8202 8464 4210 7736 3910 1495 4623 447 3906 9296 6022 5142 224 3882 3961 7966 5398 7339
33 4450 4629 3389 1021 8254 3134 651 6220 6516 4947 4089 8608 4974 352 1461 7086 1498 9190 4491 6923 197 4865 366 751 1223 1735 2614 3457 4396 5566 6764 7952 9291
23 8433 4052 4022 9055 5072 4953 8633 8063 7488 951 2415 6925 1982 5855 699 2569 5906 910 6088 5310 62 1501 6609
23 3751 9436 789 8035 4015 5908 3017 6999 2121 3429 161 8229 4628 7273 812 2942 6454 1374 4046 281 7213 7083 1840
19 2007 203 3637 5844 5185 7996 5186 8405 5710 5704 2455 3243 4290 373 6827 112 9994 9766 3871
