17 7468 7069 9639 7235 5946 9140 5733 3826 4273 7160 6957 2824 4980 237 2201 5990 3328
23 6520 9504 5020 3807 2407 8697 717 2145 4221 2294 4225 929 7282 2713 8236 5548 2174 1068 9348 7695 7905 5421 9632
2 2591 3776
2 8227 6016
26 262 9670 7992 808 203 7556 3779 5241 3395 6199 5097 1622 4990 2039 2248 2497 980 5143 6853 7721 8517 7439 2986 8149 9796 897
37 7227 6099 2818 2790 7287 829 9271 2648 7563 735 9363 4651 2057 3700 4316 181 5167 2947 6466 8286 5939 1398 5944 4459 4056 4428 2388 1277 9327 6838 8794 3072 2187 2571 6175 1743 6858
23 4796 9714 3074 4085 9208 441 8302 4712 9293 6085 7951 5469 1872 9411 2114 5848 8696 2985 9120 1978 546 9816 2210
23 7948 5330 8976 6473 5048 6000 8624 6445 748 3941 6892 6001 7866 885 4424 3601 3462 6987 653 5266 7357 2704 2775
22 2418 5198 6669 2196 4207 7902 6539 6577 7419 7421 7429 96 6334 9276 862 9354 433 6950 6415 9188 1984 6182
23 9702 7270 7971 8641 2988 7707 3041 3695 4840 9856 2167 6065 2011 5385 4292 7447 5907 2899 5587 3747 635 2559 462
2 7206 3752
34 2007 4836 9097 3239 8007 8982 549 4058 8891 5639 2523 1542 3496 9537 4889 5878 1318 1679 9626 8032 915 7388 6569 7052 5699 8717 2086 7155 570 4543 1069 1012 1635 4661
33 9099 9256 8661 932 4118 4475 2056 4237 8485 991 5081 2013 2211 2656 4366 7414 979 6073 5024 2230 970 6246 6492 5410 7463 9937 536 863 7592 4031 1272 135 9243
27 3202 8481 5610 8666 8506 1162 3274 9369 5577 6044 2911 4094 8839 1786 5993 4568 9022 9165 6780 9066 3931 5677 6828 8329 3808 4047 6997
24 4144 1023 5821 5658 950 4175 9953 4261 2310 3408 8653 7802 8219 2628 5006 3013 4618 8380 4251 1955 6123 9424 5315 1403
40 7904 2412 4666 702 2702 2815 7258 2045 6976 8096 8843 5068 4893 3144 2531 9114 2033 4947 7141 2555 8789 6556 3579 3780 4356 794 2666 8938 5754 4090 4383 3344 7481 3883 603 5685 5119 297 660 6361
33 2343 124 2496 7117 499 5325 3620 6951 4870 9170 7954 3333 2748 818 5376 9158 5192 7747 6176 2451 5582 919 5617 6964 8229 9879 4199 1717 6846 3375 5525 7585 3458
2 2736 7732
21 2573 6075 8785 4768 750 67 851 8966 5493 6408 5836 4341 9669 7137 4145 6779 9707 4201 6862 452 2521
33 5317 8875 9693 6521 2576 2313 1073 7175 8610 7056 8629 3232 7659 2501 898 3146 6100 4150 510 8522 951 1754 8052 6570 1251 7702 7739 3978 9323 3701 7618 4663 7949
18 9927 2337 5159 4436 9028 6611 6897 4769 3092 7920 1569 6064 5926 1602 9972 6551 9802 4319
19 4887 4069 7393 4554 5174 3032 5149 1568 9775 1591 9487 7921 1752 5207 5970 7730 8043 3786 9942
3 5982 9082 3200
3 8890 2749 5253
5 1855 6285 4648 9247 9003
9 9459 3503 2085 3596 5309 1598 1828 2135 8112
26 4898 3824 1610 4820 5506 4282 4570 3758 5920 3022 2406 4468 8123 1156 5859 9032 4486 9594 7751 6977 8385 8535 5228 6944 7055 5921
27 8452 8711 3027 8796 9862 5717 5932 3277 686 5221 7434 9982 4240 2703 8601 5681 9523 1540 8487 8799 2565 6802 6573 9747 9181 9352 5854
26 7329 731 59 5969 412 4171 2706 8238 3453 5401 8774 3096 5592 2250 79 8584 518 5336 6649 989 2898 2239 2149 4912 6457 5442
4 7110 6101 253 328
24 8563 2549 6984 9826 2608 1979 5476 9206 5599 1372 9956 1833 202 8639 4780 3956 5574 4426 2345 4180 9073 8132 1578 9710
7 3560 2663 9922 6494 4359 3416 6655
26 1880 8341 1041 3959 4635 5001 656 9661 9623 3947 649 2776 8057 2834 7044 4982 6122 6890 4288 2217 7982 4813 8461 5517 837 6366
15 7716 4172 1657 8006 7850 2609 1868 6398 4490 6354 3039 9470 8714 7745 2590
20 6517 2876 2342 5694 1048 5641 3691 9042 7589 5108 9692 4680 6376 7959 5456 6685 8668 5777 6083 6533
28 2660 1849 1354 2721 3000 6125 3283 4619 6768 1779 9971 5416 6869 1091 4348 2120 5462 2853 2331 4080 9928 4010 3874 7765 5526 391 69 8425
22 2176 8881 8978 5826 2845 3286 2263 5840 4789 3690 4873 4264 7484 7927 5928 8556 3925 6798 5399 9136 1523 8856
27 6363 4736 3650 3788 7454 2978 3977 4997 5811 7363 640 9540 1321 6014 4187 4550 4757 3482 7315 7469 2304 2545 5114 8751 7547 8907 6364
22 5864 5419 8050 4329 9952 4953 5181 9512 7918 4748 7693 8105 4256 7004 7995 9223 5790 2864 2438 6310 4293 9769
10 1817 5334 7687 2139 6510 3240 8592 5818 343 7128
26 2693 7015 9699 2902 4691 5066 5339 551 9453 4722 9781 9448 6078 3476 9452 2321 4098 3464 9015 5022 630 6023 771 2554 8190 3993
34 1480 9407 9900 4434 6186 9184 8614 2866 5008 6291 2063 1689 5248 8971 1314 5361 5473 4322 3765 3457 8852 4485 5104 77 824 7486 2220 9851 5929 7670 9142 3761 5554 7531
28 5739 7522 6952 5457 4931 8354 4224 2514 7868 4630 9837 739 8707 1304 8507 7317 4462 2733 4234 9139 9546 6816 2962 3477 5783 215 8022 3040
32 6072 2449 3638 9708 924 3892 4073 5580 3556 2153 6576 5383 460 3151 5963 6535 4159 2909 7073 3942 8137 3756 3720 1850 4414 7266 3129 9853 6030 9012 1767 7855
31 9287 9687 6470 8120 7472 3210 9465 7734 9221 796 3975 2479 1996 8772 6895 348 9557 1737 2681 6661 3484 6742 6754 8093 1438 2586 5892 7180 5076 5137 5615
8 9121 5463 8039 8816 4499 9443 8989 689
7 8670 3911 5408 1600 6968 7005 6851
31 7003 5332 7088 7275 7264 6616 141 6955 6575 5118 6159 2353 5708 8550 239 9262 4738 9358 5541 3644 186 3251 5760 1050 9680 5672 449 9866 192 8146 4653
23 8606 1146 8199 5738 6325 6300 2291 916 6220 9936 3226 1508 6203 9738 3671 2453 9757 8175 385 2105 7777 3078 9655
6 4027 8595 9892 6095 8208 2281
7 1135 2548 8133 8695 910 2199 8725
17 7882 5755 7402 5244 2686 5581 1105 6607 8297 6244 3310 1780 188 6503 3263 2581 425
27 8070 9346 7149 8202 8837 2937 8689 2319 7923 1300 9638 8074 2764 3998 9302 5445 1951 3798 8323 9466 9439 1531 1730 9342 6632 8382 9602
20 2298 3147 6582 9047 2462 1564 9574 5398 3427 7209 9556 5005 3052 5303 4267 6195 6257 9332 9873 4526
23 5991 5348 3142 7934 1013 4923 6917 1409 3185 3910 9050 1734 6061 9584 5095 337 506 9265 1595 9096 2375 2068 8674
19 3905 4021 8788 2186 7450 8009 272 787 9335 8177 1307 2150 6812 7544 3399 8817 2542 1621 4917
11 7433 5782 9860 8916 1288 7961 2757 8256 61 4014 7237
36 7314 3365 7014 3861 350 6518 9586 3796 2315 9672 153 9187 7741 1092 1028 1142 870 2426 6627 9731 1729 969 3313 1167 2137 2707 2862 9510 4215 5519 2161 4129 7515 1072 7819 9496
31 2491 7524 620 3109 3657 1906 1643 8553 3629 3992 4235 8609 4977 3364 8802 5215 2572 413 4896 2755 3563 9625 6985 3255 9219 9419 1815 1497 1171 4667 7976
22 2735 1332 115 1521 4520 799 643 9608 5637 377 2207 6323 3428 9847 2624 5420 9174 3075 8320 3217 9185 6748
9 2384 3906 3188 2195 2170 1434 945 3275 3698
22 6462 1027 788 9033 9491 9199 5287 8079 5962 3434 8492 4326 3753 8693 516 5710 224 9319 3463 7321 1082 3886
27 7028 1190 3750 2684 3737 7307 5096 3154 921 6248 9888 5976 3818 3762 6842 7158 6498 5612 9410 9532 6331 1945 7525 5319 6797 9425 9938
26 881 3831 4883 3469 3291 5127 2883 4753 1925 3374 8364 4157 220 1794 9303 8887 416 4723 627 6211 94 4508 9806 4197 5751 9133
28 39 816 6018 4500 1989 4848 6114 1057 4611 6546 6225 5178 1934 4628 7400 4274 5126 2144 5087 5246 5823 7173 8723 5696 5055 8558 1401 4633
27 9509 6324 3225 7610 7422 8566 5355 5620 4740 8488 6355 6631 7099 5857 1390 3782 8405 3872 9025 11 6094 8734 8882 4871 5458 956 4305
22 3187 3330 7506 8235 7236 4626 657 685 7051 5052 5941 3897 7459 8293 7645 467 1139 1926 4743 2280 1418 7018
21 5071 6127 8237 9899 2202 2811 6962 471 2730 4866 4565 8523 1985 8262 6771 5766 6956 2189 2328 4524 3010
24 3864 9600 1246 864 9397 5070 4345 583 4614 9493 8250 7709 5056 1738 4226 5015 8266 8880 8337 3497 2425 4097 9917 4382
24 8038 9169 835 6066 2092 2840 1899 2530 1885 599 235 8964 6421 8151 7552 3653 4946 1329 2912 2118 675 1437 1261 9420
7 7325 2049 1902 8908 655 4309 7441
15 6527 5530 6022 7834 6857 1596 9725 9934 901 9850 8427 2072 4914 7114 9087
26 4471 3685 1217 6739 5692 1084 8986 3445 5239 7271 6877 8054 8440 4284 9767 7304 142 9326 8560 4149 9684 6959 7016 5043 5497 1247
7 5903 301 1008 9386 4831 4694 678
26 6830 2486 208 5910 2689 5971 1451 4245 4433 3120 4579 9477 5347 900 7086 1891 804 8165 1770 1883 4882 3466 7944 8894 5728 9536
26 8967 9548 4844 7157 8359 4985 1869 5003 2387 395 5896 5627 8866 9107 9433 4315 1100 6809 4695 8085 4958 7212 2084 4096 5722 4008
12 3647 305 1070 4560 149 1116 6843 9874 5036 3562 5588 8961
12 5480 9471 6505 3376 6228 509 6963 2424 1739 4578 8912 6924
29 5437 7075 17 6289 1678 1524 9633 8838 9314 5546 9134 7043 298 7092 1214 9612 7226 7048 5139 5195 830 8435 7881 8308 2471 8680 1039 8223 6493
8 1000 9366 9716 7207 1493 9782 8068 151
22 5091 320 6381 8747 9894 1456 8270 6542 116 6703 8903 8439 8424 5439 3094 6810 9717 2963 893 6757 5182 439
24 4998 9418 6904 4061 4385 5232 3623 2324 4825 1371 2731 6588 3287 2868 263 2659 7029 8042 777 1585 7540 5039 4422 5061
22 1339 5197 1526 8153 3339 7983 9592 3642 6004 9180 1820 2878 1802 9908 1163 75 4484 8311 2079 3470 2734 7795
14 7581 4603 2728 2175 2972 2880 8401 6162 4909 2307 4062 8310 779 7750
9 3539 8598 8457 9218 3233 3983 4045 3948 6053
24 6362 1858 5780 6914 940 6792 242 592 1534 6409 4834 8914 340 7065 9844 5579 988 3584 2440 9941 6839 2635 7396 4444
24 8160 7684 9462 8188 4586 6042 2113 4102 3136 1059 2929 9122 6983 5957 3550 7861 5843 6444 6418 8128 4713 8924 7569 2224
33 8991 4868 1763 3996 3220 8204 3965 776 5320 3471 1819 8740 6118 2627 1758 5191 5793 4664 6343 3084 4086 5189 3715 4501 4117 1200 4602 6275 5729 6270 4456 753 6395
26 6544 258 2349 9204 6311 6063 651 4367 4128 5130 173 5090 8637 7543 2949 713 6468 6731 6326 9173 6804 3192 9476 3857 5060 6789
24 3134 766 4355 4000 1818 2583 100 7749 1176 3435 5753 5770 8640 5853 8436 4546 9035 3984 3279 2123 70 4993 757 8897
20 3198 4467 6006 47 165 8369 8472 3679 1350 7251 6788 359 1137 3377 2780 7502 7166 6841 6052 2044
15 476 5913 1504 2417 7825 6996 8130 1841 5276 1133 3460 2036 7572 729 8896
21 4303 8736 9436 5891 8340 1513 4863 1024 1346 5820 1096 7762 7009 9461 2151 2979 7551 5423 8770 6008 5814
11 7632 5062 7814 7876 6641 3451 683 7311 1503 5162 3153
26 4996 310 3030 8568 4516 5171 2096 3307 9108 912 7989 9507 226 537 7255 4195 9912 7159 8037 4681 5865 7894 5487 2238 1583 7901
24 7013 5635 5877 1051 2524 5768 6157 6824 843 8041 3621 56 9898 2140 1774 2618 3141 122 6807 5880 4035 114 5841 5180
39 6548 8441 1249 2035 8573 5741 847 9249 8975 2646 9568 1203 7559 7145 819 7328 6259 8067 4179 9923 8538 6019 1083 806 376 9203 2971 1969 167 4642 2901 8307 3276 4922 3586 7985 8972 5367 479
23 978 5000 756 7810 3624 7431 695 3736 962 1265 3171 6021 9006 2252 6350 965 1535 9441 1566 931 4590 7869 8604
29 8732 6102 240 3324 2074 6184 8029 8992 5652 2651 1191 8374 8676 9677 4386 7513 2329 9526 1153 5488 4463 6413 3804 3520 5706 7324 1929 6206 5406
25 9503 4588 7119 4460 7176 5809 9144 9333 5633 3517 2729 4987 3390 8483 5752 5933 6827 4541 5623 2761 7214 9008 9778 7060 2043
30 9011 4151 132 6592 4552 1158 3088 9840 5802 2695 524 2933 6994 2602 1913 5179 7426 7336 7017 1238 9104 9727 1353 2107 2410 5129 1483 8100 1911 3916
35 2881 8330 1016 5168 964 8334 8663 5373 4032 7436 4333 1446 3832 5544 1310 2837 3706 4682 3189 5595 8372 618 1128 9614 6278 6967 9396 6598 9808 8480 1711 6822 8296 95 7199
19 3321 3091 5412 9322 198 8126 6670 9031 8519 5357 1698 8267 2870 1301 8243 3319 6254 6783 6723
27 9764 7453 4465 2510 4872 7410 9843 3876 3354 6755 3143 7763 8026 8574 4133 4369 8429 1424 7456 3710 8952 2494 8362 1543 9907 9701 4217
21 7182 2638 3362 2031 7294 9726 5465 7705 5292 4198 5120 9909 5750 3254 3535 1172 6553 3674 1890 9539 6920
8 2528 9798 8921 4104 5429 6982 7896 9871
29 605 4838 4700 5794 1094 6621 4218 3222 6932 4457 1927 4961 6434 3726 823 74 2631 8098 3542 4521 2647 8252 3440 1405 7755 8850 7007 8183 8178
23 306 8276 1452 216 9603 4121 7555 8554 4210 1394 3966 1783 1262 9406 4623 1443 8501 3943 3106 9678 6422 5300 228
25 1107 1973 1582 8892 4160 2433 1750 8004 3360 315 805 664 9980 232 6180 55 3901 6336 5302 2800 5849 3958 3572 8733 2992
16 6686 8819 2365 4801 9786 7993 7443 126 2673 4125 4418 9215 4139 4724 5369 8801
9 2718 3848 9268 6390 9434 8497 1168 4400 3331
9 2887 1744 1683 1592 3667 6818 5575 4300 500
33 6834 5250 6499 1623 6443 7996 5876 6992 8251 3676 7488 1579 6682 8459 7411 9827 4676 1490 400 9630 2392 4368 5354 465 4466 2873 3866 4571 9475 5585 304 7582 2357
20 2053 3689 7105 7490 6307 2715 3379 9364 424 7297 1520 8542 7956 8442 9662 182 6440 6436 4634 3241
30 2605 6578 2620 4255 4950 7059 7125 8056 1905 6713 4416 2612 7057 1436 9529 1960 1450 426 5018 9094 5050 1311 3880 8075 3332 6990 1491 5280 9416 5012
19 3654 1186 2075 1553 1074 3245 6281 3174 5184 3424 2378 4001 7676 9502 9145 6693 3035 8174 4545
32 6740 7913 1836 1918 2368 3401 6290 4358 601 3199 608 8322 1149 2802 2980 1995 2816 2097 2655 265 6315 2404 9317 2205 7646 8423 2846 1275 8210 1469 971 848
27 558 4123 7550 617 1874 5954 5683 9886 6032 3304 3186 6871 354 9103 3208 5030 6372 2772 6119 1514 221 5194 2465 2687 4106 4875 1062
28 2288 1998 454 3104 8477 1784 2214 6133 9102 3031 1876 6657 5112 8943 7620 8812 9052 3787 5987 5675 7054 1612 6599 5263 6067 7967 2432 8591
29 9624 3728 4589 1061 6541 5121 9076 7900 1709 8343 4685 1033 9213 2455 8321 2370 5397 4719 3273 3079 9736 6346 197 9227 8454 8370 834 5251 3561
14 8088 5653 7875 7642 8116 8919 5846 1152 5774 7151 927 7131 9881 7594
13 6321 5475 4708 219 530 4394 4190 642 6204 754 8649 6438 4044
33 7476 6193 1806 8197 9019 3297 7720 1330 6528 3570 3327 4407 4054 1661 6859 333 4956 6557 1809 6660 9039 3219 7864 3588 9885 42 9269 3449 8768 7485 246 5310 4350
23 6753 8099 66 4771 9473 7893 4415 7000 6040 5470 874 2121 8658 9043 1775 6294 5527 2358 8166 9753 9110 6103 1312
14 1159 7962 1962 801 2683 6800 9598 3585 3665 9106 5413 5451 2786 2158
18 4941 3850 9649 3398 3571 6191 3590 4487 1805 7500 1570 9166 1052 1558 1968 7012 6047 4703
16 5983 362 9214 8660 2737 9690 3045 9365 9480 8212 1097 4955 4999 7509 6710 7612
20 8824 3742 7380 6160 2795 7668 8233 745 9508 3093 9711 8407 4188 4897 5058 857 2871 682 1997 266
33 492 6015 3754 1732 5294 2454 9068 21 2065 8539 9821 5010 1458 7677 9057 5046 4929 665 1573 6615 8579 9246 1648 6719 8691 302 6048 1248 7220 3495 8396 7824 6299
23 6382 7108 8998 4482 1252 612 6282 6572 207 3927 2447 2197 2675 3459 4895 2774 5789 1230 5305 1580 1796 8474 7604
26 6581 1922 4191 8767 975 1967 6889 9455 7836 3952 409 6420 2380 1604 4632 1369 710 1412 758 8198 4585 9734 5165 2309 4307 7538
25 1773 6143 9528 5756 3873 8430 1947 6618 9829 9220 6165 6142 9061 3308 6934 6210 2946 5504 2059 792 7683 890 925 7602 9511
26 8773 6245 2926 7011 2630 3980 4730 9895 770 8078 2931 9561 7038 4847 2832 7657 5596 5440 9666 111 7987 2807 1101 3201 5874 9589
11 8071 4984 7247 5078 1575 4243 2339 2885 1771 6586 8738
33 7280 1991 7120 3483 6610 8950 7448 1165 5249 6320 5626 831 1341 2664 836 7121 7718 6733 8498 2332 3223 889 9889 8205 281 3553 6153 3505 9823 4535 2090 1924 177
33 8239 3870 5589 6477 3523 913 7584 5082 7020 5688 985 8778 2640 6938 9211 322 6279 3282 7841 7722 7712 2569 9728 7398 3067 6969 9955 7276 5435 5817 2813 5799 9222
21 2204 8411 3230 1977 3785 8771 8530 1692 4174 1894 4876 8503 487 1465 5362 5998 238 2505 9242 4504 2041
27 3358 5344 7787 4167 4569 8284 9801 7625 1651 9084 9304 6151 3681 3714 9479 8172 2017 2999 817 1328 5275 44 1824 1589 3290 8977 821
33 7347 3475 1860 8759 4812 486 3836 637 9541 3982 1035 1367 4365 85 9472 2592 6087 1647 276 4209 7386 2156 5542 6635 9822 3970 8300 7735 2235 90 8754 8735 2996
32 7966 2015 2582 4698 438 8623 4389 7341 5403 3545 3512 5614 5234 2236 1060 2637 6041 4351 2222 3712 8781 64 4686 158 4131 1386 5670 4692 7245 9069 2990 3668
29 5226 6226 3407 6049 2819 3740 9189 4079 562 2919 1994 926 5749 6833 1613 4344 6794 1233 7309 976 7895 8390 4638 4587 3617 4334 9347 6196 6939
28 8306 2760 5211 5223 2792 2765 5634 1005 9742 1098 5837 5089 803 1519 3783 9893 3488 9846 3500 2296 5271 386 2838 490 7508 277 5765 8484
22 3508 1140 4214 5812 7079 7467 9065 2869 7130 2234 9640 4525 7979 4858 7674 8621 1447 8766 5142 6856 1584 4458
11 1399 1879 8694 6447 5804 8089 9940 4399 1549 4287 3436
15 1192 4773 3114 9337 2402 2101 483 2073 6277 2788 5033 3672 3920 4296 3772
27 2758 81 8254 6840 5775 4816 8512 9148 1303 5464 3006 1479 3015 2982 9834 704 3404 529 2614 3945 7091 1616 3369 1574 1807 9628 1136
26 5156 5511 6979 6583 3490 2285 9660 3224 7933 4349 7384 3081 7898 1650 112 3351 1749 3095 8532 1726 6406 8358 1865 3392 2259 5951
21 5763 8047 2649 7703 2300 8586 539 6726 8447 8147 6481 2127 4675 9362 9017 5872 7415 1154 6658 1740 3195
15 6190 6274 4387 4503 9525 6937 1235 7350 7301 7201 3489 8859 9832 6138 3244
37 1721 2254 3805 9055 1022 576 2768 1343 6177 6253 8490 8125 8215 2847 1701 7090 7943 6283 8416 2773 8248 214 4716 9046 772 3949 1614 9236 4388 1629 5890 5443 6156 1336 6654 4105 8005
25 2134 943 9744 1227 71 568 9083 633 2241 5237 4435 9105 577 1694 6993 7863 6029 5740 8636 3646 1966 7107 5726 3994 759
30 5441 9301 7337 7566 4533 9071 2893 8672 6010 4451 9650 4850 9078 9422 1710 3768 1719 300 6455 338 5051 7965 3314 621 3316 7598 121 4377 4013 60
21 7575 4005 1908 493 4815 2247 3359 3637 5967 4622 1484 3856 2271 8327 949 6476 2014 6017 5213 6490 9996
31 264 7779 7519 5669 9245 4095 2081 6465 828 764 7571 4674 7797 2391 8033 2077 353 7790 3960 8393 814 9838 2051 5881 422 3140 7928 4781 8582 4067 6532
37 7373 7725 842 8671 5514 2325 9618 4317 6200 4884 4581 2705 2747 9760 8357 2162 179 6112 3775 7783 3896 738 3605 7425 3340 2503 4063 1195 1406 4767 2779 670 4576 9877 4421 130 2369
31 8464 7560 8087 4644 9258 2589 946 8581 1430 9664 2469 5229 1718 2100 1923 5345 2423 4556 9713 8844 394 4091 3152 4055 1822 8069 8400 4227 626 1273 8367
24 820 7680 9966 2670 4567 535 3641 3919 3122 8654 3686 1302 2903 84 5545 9968 1278 5668 930 5453 9705 3757 3053 9344
19 4557 8478 5327 5673 6886 9125 1792 2323 139 51 661 3841 5285 4312 3452 9667 6461 3648 2906
31 928 4717 2502 4396 3315 9784 1400 6172 7126 6229 7808 8846 7627 4746 5431 4756 5735 2488 6720 9196 6435 8776 2797 7358 4472 5862 9549 3587 3107 372 6609
25 5426 1204 6238 5883 3519 4154 5017 2694 3303 5110 3894 7727 728 839 289 4253 9950 1106 371 3062 781 2185 4517 523 8941
23 4924 2699 4949 7947 3205 3214 3492 9026 2473 6074 8652 5314 1138 1716 7541 9388 2525 144 662 4268 5723 8527 9776
18 8596 4811 8141 1058 503 4641 5867 8258 7530 8594 4294 2711 5569 7644 6613 1733 4206 6861
12 7804 9392 252 7381 7364 352 997 7135 1887 5219 8103 552
26 9489 9231 8433 1427 5505 2411 1113 8634 3699 497 8883 6482 2722 501 9036 1871 4116 8814 8685 4402 6187 1971 8873 9080 6750 9074
25 9954 1652 3771 9694 7988 6491 3166 3510 2109 1342 9715 247 7310 5405 317 6585 2518 7372 7225 566 7870 3128 8261 7685 6930
26 4301 9750 4559 31 6645 5365 7191 2974 3046 2740 7915 3592 769 6770 6213 5409 5217 4969 8628 2024 6367 886 4132 9859 8569 9201
22 6377 7194 7413 7503 7187 5703 2617 7846 3486 185 128 9812 4620 2508 9446 3838 9811 8404 1530 795 2213 5381
34 1376 6995 9919 1010 9485 5690 6170 6402 2060 6070 6722 5762 5819 1831 9380 336 845 1393 4066 9310 9521 7272 6167 7427 7629 1080 942 8974 8630 7652 6785 5565 1607 514
31 8721 5995 5769 8963 2448 8326 4774 559 3164 5601 432 7241 1099 9492 2173 6972 6427 2820 1495 1466 671 2459 9795 9564 9752 7471 3532 9018 9371 8833 4731
35 4087 5979 1118 8520 2936 2753 6907 625 243 8954 9081 7903 397 6898 5212 3823 8841 8741 2111 5459 3203 1982 2320 3923 7984 9813 321 775 8060 7217 5888 4384 319 2720 8134
26 2939 1422 7375 948 4306 2327 5392 2444 2338 4286 6269 1674 3634 4381 9814 6303 2597 5618 1496 5386 1044 5135 1151 9527 5656 6126
25 9100 2194 4857 9910 2191 7635 7127 8564 7811 9615 145 6332 1454 3849 481 9534 2270 8185 2190 3455 8528 2743 1410 3639 3569
26 9377 457 8353 8845 9376 1415 4211 9058 7821 7457 6352 4134 9290 2900 8945 1414 800 8899 5427 1395 5009 9565 3946 8392 268 5259
31 9897 4325 6825 9152 8437 8913 146 5158 5758 5094 6603 7391 2408 6358 8657 1953 4161 7165 2676 9284 727 4764 2165 8677 6292 6673 7619 6730 5566 3862 7327
25 5377 8719 1751 3206 1935 6327 8016 1064 6567 8633 245 614 8612 2872 9555 3384 7256 4310 5666 691 3361 5686 3294 6450 9768
19 8730 712 6832 4563 4886 5258 8715 1197 2347 6337 4960 387 2450 6171 521 5539 6746 7837 8575
27 9444 1284 693 4928 7753 2061 550 5695 5474 6501 3902 7203 7994 3806 3615 4230 6121 9946 1700 9034 2611 7780 7283 3443 4918 4627 3707
17 4469 1129 5678 6380 6243 1296 7931 9696 9367 4019 5328 585 9375 1182 3869 8415 5869
24 5321 1018 7359 1377 5662 1473 7830 6223 6431 7673 4978 2865 4046 7278 4880 1957 3662 2575 3132 4865 5665 1331 270 4531
24 4793 1316 7679 5889 1699 1919 9831 8536 4108 7333 8287 1370 7144 6664 6428 7807 458 2141 7495 5796 5468 5225 667 9115
36 6724 50 8571 3071 7733 7615 6674 6854 3723 3167 5501 3884 2273 7740 7724 393 4169 1708 6651 5937 533 9904 785 5655 7465 4609 7505 2854 6419 2232 7818 8462 52 4200 6317 6488
17 8727 4744 6124 4728 8389 4072 6475 7403 1766 2968 4371 1649 5797 6260 3258 8703 6872
22 773 7599 1285 977 430 3060 2991 2961 1408 9939 4639 3664 1904 3935 8127 1800 8466 1461 6130 3882 7112 891
21 7678 8345 1655 7230 8379 6147 3473 8377 4966 5308 9086 86 3518 125 4137 7462 6628 1305 8228 7323 8467
35 134 218 7767 474 8948 8014 8194 355 4342 403 2785 3582 8476 3049 7224 8150 8414 5598 8451 5331 8510 1892 6778 6338 5704 3717 8136 3372 6643 4509 9414 2930 68 7580 858
32 8303 9686 935 329 4988 6864 7104 7231 8593 4577 9059 1742 6059 1551 8904 1174 8418 1115 2855 6831 6478 410 5175 2441 3083 3732 5999 5746 8746 7890 2006 7234
31 3887 9962 1546 2302 3001 8664 6587 2732 9383 3953 2474 3773 6633 515 505 200 4338 3546 4114 4498 8221 6504 6605 5329 2456 1748 9331 9959 3577 8169 9234
18 4646 9848 3669 2070 8798 1282 9604 996 6506 9945 3204 4192 2957 5199 6027 7213 32 4327
53 1344 5134 1323 9619 8999 8525 5713 4153 5261 8940 2018 2891 1990 6453 8682 7115 4921 9926 9730 9195 1122 4655 7946 8761 5583 1045 3479 8378 373 5016 7945 3018 5312 3301 8587 3770 4986 3444 855 9830 6496 1861 4881 1482 3391 6671 9932 961 4519 9254 193 1557 6916
27 2787 8739 9914 8632 9070 2805 2857 7557 8431 8951 2839 9647 6626 575 3928 8434 325 7694 4168 4792 2066 8955 2233 9570 3048 8775 4259
30 4532 1956 5417 4991 3540 1933 461 1086 868 5414 2246 9060 7290 157 4737 9005 743 1032 5265 4926 2373 7348 5472 2360 8603 6811 5170 7382 2803 2821
25 3491 7346 7071 9126 6562 5155 8959 604 3661 1637 259 8161 2381 9445 3822 9244 8760 8656 2143 2905 4290 3995 7981 9935 6507
42 2984 923 995 5138 1791 9138 938 9495 9755 1537 2255 7124 3159 4269 9440 9040 569 9676 8580 9197 2942 463 6973 1179 5077 3830 906 6906 8144 5407 8985 9887 172 374 934 1222 1257 1605 2377 3103 3196 8832
16 9483 9735 4548 5734 7510 4808 4025 3494 3137 2877 2716 2969 9296 2875 250 8361
30 8965 1959 7650 2289 8034 6966 9761 2091 9828 9906 9318 1813 6709 8179 7607 9896 827 520 4621 9531 8607 1373 4397 7666 5915 4806 8884 4346 616 3260
23 3760 7813 5572 7874 8036 4042 4778 4791 1207 7274 4906 3845 5065 9202 4582 1630 406 8504 6472 8280 4124 7134 7254
36 4411 251 8911 3735 4232 494 6416 5845 832 5540 4971 1611 6561 4637 3813 7847 4754 8515 2301 3172 8363 3011 6784 9423 3309 7714 8285 8928 920 8644 3212 383 7537 2622 9901 7883
31 613 2709 5359 7202 1054 5222 1536 8619 5965 8097 2193 7833 5689 4263 9275 4464 5299 8800 1576 5105 4113 344 1173 4101 2700 83 596 9675 565 1109 9370
31 9751 2283 1525 327 7655 0 7910 9403 8473 8162 3688 2005 8081 4973 502 4024 3719 9984 4734 4711 8540 9572 6637 531 1029 8811 1223 1276 1745 2783 7451
16 3936 8394 7731 6198 5643 3835 6020 7374 5630 6691 846 6565 1324 3065 1357 3815
31 1071 5552 4299 9740 1087 3423 6007 4693 5994 1705 1219 9350 4335 7026 7968 227 8214 1859 6442 3270 7260 1723 4707 5512 8455 5188 7370 2895 2538 9819 9111
21 4011 4438 2522 5561 1132 5322 4442 5073 3098 284 5088 1954 1756 9093 5606 7499 316 4213 1801 9427 4696
28 9824 1286 5436 195 9645 6850 4507 6684 1944 3005 6590 6178 9989 2697 6058 4446 8618 9790 8489 8195 597 8114 7853 812 5778 2595 6642 623
16 7025 5815 7516 8468 3645 5027 5549 8927 8867 9357 365 5093 7832 3329 3627 366
34 4450 3767 6689 5674 3751 9999 1562 2615 7511 1327 6116 8104 2879 1741 271 312 8953 1205 2935 296 4649 4506 6849 3666 9085 46 2603 1941 1175 9774 8502 4452 8351 4109
23 1594 3371 1529 3325 5301 1561 1633 1123 4660 4672 5520 3176 9112 6672 987 9000 5591 1753 6107 4617 3784 3893 9995
18 180 2284 3640 9581 5236 4799 6529 34 3506 3237 4605 7132 3417 278 5613 3961 6903 8445
26 854 641 2132 8704 9338 7420 8509 4318 8673 4270 7799 9559 3346 5187 3485 6743 2888 9400 2093 2104 6305 2921 6915 6579 1532 7326
19 9723 8024 33 4720 2466 8138 7576 4409 9131 1528 8765 7617 9875 4429 606 3009 3684 9101 9605
26 4184 2177 584 4636 609 488 1565 4981 2540 4714 911 8898 7908 5146 4732 9010 3349 7455 4683 7106 4233 347 5220 6068 6629 6909
24 6039 8108 6756 7614 1988 419 5288 404 5117 6286 3356 2691 7240 118 113 1404 3070 3799 3763 7489 4784 5079 7002 1402
22 2212 8973 2164 4933 8410 1509 7577 5904 6530 3606 9460 7162 8159 3797 8145 6149 7785 9794 260 5013 3133 9274
32 7318 5049 7458 636 6298 3511 5732 8106 4900 5953 7248 5785 1788 9393 1453 456 8479 9482 498 9278 4650 1387 119 5438 358 866 9167 2756 5210 1498 9562 1547
22 1555 2439 1624 9263 6679 4916 904 99 3683 5691 3600 8810 2038 8849 8545 6219 2835 9863 2221 8613 6375 9014
29 3311 2420 1507 3367 8274 1942 1552 1345 1333 9741 1144 3347 8909 8700 5707 2958 4583 2552 4954 4592 5964 255 9758 6558 3769 6508 9947 8269 8854
28 288 5254 9636 155 4995 49 859 7999 2216 9595 6612 7101 7860 9911 3900 1644 477 6051 2069 3551 3266 755 5145 6266 8920 6025 3951 4437
21 3608 2851 5895 1533 8684 5908 8534 7334 3066 9038 6368 7786 747 2138 2286 7008 1681 9963 2493 8375 740
24 1067 3833 1088 9810 9146 9787 3643 1112 3429 2029 4885 6751 4512 4505 5318 6636 2435 4336 6120 7221 138 6732 526 7063
30 3265 2541 2654 4794 8346 9535 3990 2625 9402 6241 6782 8406 4049 1499 5467 9724 714 1571 732 7039 4760 7232 5715 7246 4742 5663 7041 8062 9045 7475
22 9868 7929 4480 2822 902 811 6268 8387 9281 7958 2886 3738 7466 2229 6261 1790 9981 7001 2960 1664 6781 2967
31 4829 7218 3566 9124 2950 5080 2026 9295 2599 4536 1768 9324 8366 8066 7636 6401 8659 8926 5028 4099 8336 5041 9387 7974 6821 2160 2434 1494 9617 6776 3628
20 2346 6644 5608 849 6927 459 345 8665 869 737 4908 1981 6115 2547 5700 4745 8030 9300 5567 1888
29 8192 3149 9777 9437 8352 8720 2316 3607 4807 6351 6330 8557 3613 6429 4821 6284 5956 5870 3101 2106 8769 1467 7281 4979 5922 3033 4039 8791 7554
27 5625 4901 1785 7609 4470 7050 7768 2889 8790 4283 3023 8209 2956 761 8956 6028 2830 8314 1351 6174 5791 6803 2560 3513 8728 9292 1903
28 9925 8073 6378 4343 9578 3055 2987 194 5100 4362 2032 1769 8331 5900 9119 6097 5879 6135 4540 8853 2215 9161 9426 1873 7302 5125 5803 3335
21 5968 6910 5335 9627 6845 1428 9883 7978 3999 3591 4040 8342 2148 5193 5852 8496 1164 2562 8301 9412 7845
31 3341 8572 6819 1382 2504 6056 1765 2995 5448 572 9421 8140 4701 9194 5647 6500 783 5534 5447 7586 6876 1263 937 541 8315 1950 7169 4515 3713 5966 3673
29 3962 9566 5975 8815 5343 5064 4004 903 4624 7023 2793 7100 3891 8083 2633 8500 9373 6054 7349 7591 7257 6036 5935 190 2859 6774 3821 3744 4826
16 3708 5885 2461 3651 8456 8355 7710 8011 7743 72 7401 9494 7912 8910 751 6400
25 563 7854 8576 826 3433 7816 815 3242 8888 5563 6467 5316 8922 8279 8877 7737 5701 2303 244 9797 6749 2667 4890 1240 6410
34 8885 7389 2619 3809 1037 1821 5481 7184 8958 4340 9518 878 4594 4925 6974 6946 127 1335 3322 88 1707 5202 7138 4803 2083 8960 5206 7082 491 2351 7492 9975 1826 4075
33 129 3729 249 8035 9240 8163 9260 7198 6887 4375 3156 470 4404 2422 6584 1898 1588 7494 4441 9773 2295 9192 4911 5560 4597 9198 9382 1011 7087 7435 5600 1627 9983
24 7444 6197 852 9720 4205 2509 8023 7754 8475 7906 7871 5353 5101 7885 7857 3299 955 9746 522 5324 7532 5402 5911 109
28 8667 2778 3402 2601 7351 233 388 7778 6387 6667 6104 2894 7568 6580 1686 4298 5659 4551 91 9891 9665 7606 4851 466 5160 7335 472 9128
20 3578 7186 8836 578 4752 7756 7288 3865 3403 4164 3746 720 4839 8709 5204 2390 2103 8012 5535 2920
30 698 3926 3193 2209 3370 5629 3437 8600 588 607 3801 2517 80 7653 822 1917 7072 3125 9467 9056 1104 2925 8494 9051 532 4527 7848 8129 4688 2607
34 8968 6692 3269 415 726 1653 3611 2262 2938 8118 5338 4593 1042 478 2012 5378 8391 1986 4595 2580 7261 8399 4497 1609 5651 1309 9611 3604 958 4246 3127 646 1220 1527
25 6252 5147 6560 4572 7689 3529 6464 78 5484 473 269 5196 4423 6194 5745 2126 6954 5256 3021 8092 1445 791 3814 677 9799
21 1626 3516 7899 2998 6301 1213 9721 9435 6929 7098 453 5671 2831 2823 2725 1677 170 3734 4670 3366 7681
21 3877 8000 8886 9737 448 7597 9313 1703 7352 733 5622 9977 7729 3465 6866 9267 4020 5038 2129 4798 4018
26 2430 5858 2071 3336 5136 9266 1814 6038 1254 8027 6805 8349 2574 6356 3939 4833 9405 9852 4930 5522 9149 3295 3024 8577 1896 4271
29 723 3086 9289 4177 1660 8617 813 8562 8902 4762 5834 9336 1150 3419 4859 3825 2506 3054 3456 6344 5771 3989 2089 8855 2856 2094 6237 1667 6901
35 1680 2367 1847 8111 9601 8830 6340 1590 469 6725 5037 4561 7340 8090 2770 5379 5045 6077 9544 5654 8763 9454 6608 5203 6092 8324 2794 4874 7690 7907 475 8371 1857 7517 6497
23 1725 7701 8422 7630 2596 8620 3829 1038 3844 2527 45 4071 8122 6727 4662 5657 1020 3991 1597 9876 8748 3636 7715
18 4818 8077 9538 4204 4443 3718 669 5925 1965 2274 6624 8650 5784 5454 5233 1460 7717 4081
31 7061 2481 7322 5621 3968 8795 8107 957 1157 9991 1383 8277 6250 7192 4715 2475 2333 2519 2910 8040 1641 7826 2784 2975 9315 1907 7781 9988 3157 3544 5636
27 5059 1111 4777 4853 7878 4600 7748 7344 16 7838 6215 5609 7977 5415 8744 6791 3004 8981 2009 4 2243 169 5508 1928 8157 512 2095
24 6169 7839 2443 7862 1131 5103 7561 9533 1961 2405 8218 5238 5644 7919 5918 6267 7273 8220 231 3622 3406 1830 9490 7474
24 8893 5573 5190 7647 9307 5163 6699 5801 8482 3794 6617 7010 9394 672 697 8409 2341 782 8537 8513 6139 1420 1870 2952
21 7909 4337 6523 7986 8780 4241 2645 2867 7884 2532 2964 495 2299 3113 7879 6263 3907 4059 3498 2738 9282
27 7613 688 3337 1481 8156 9674 1517 9321 5747 1840 256 2653 9807 6604 5116 8713 8860 131 1388 2997 6758 8939 4440 8783 4849 1980 2674
20 9451 5985 580 9312 6680 4862 8182 5737 7507 5400 4110 9067 4974 6341 6538 1720 110 1266 3930 3037
19 3207 6762 4242 8080 2534 2046 285 7019 4431 267 6899 8699 3102 9458 3846 294 390 7035 8712
39 5679 2767 3810 2352 4689 2944 6630 6665 1119 2128 2490 4249 622 1007 3289 5524 1462 1126 3441 3345 2604 602 6961 4026 2305 6345 4697 1134 5882 4037 8164 8827 3583 3121 9622 681 1567 4185 6707
25 4029 4604 5272 4447 9880 8115 9644 6900 1004 1221 1225 1267 9949 6606 542 5364 2897 8463 6918 8268 7208 2841 4800 3724 4919
25 364 4580 4763 4575 3138 6009 4401 6353 7634 591 418 5356 1639 496 7941 986 941 2442 2034 517 1317 6471 3355 4041 417
26 8253 2777 6795 2125 628 1326 9311 3243 8304 7478 8072 9978 3759 7369 838 3599 5640 7442 6728 8521 9155 3108 4038 8309 1449 4643
23 719 6189 1280 4314 5482 3280 2354 287 1675 2739 2182 1500 4208 1862 1120 9384 9629 6411 9597 9023 7305 295 4155
23 5997 2265 8135 7200 6230 6596 9238 7233 5917 3448 4656 9514 4537 2054 3843 3038 6383 7222 279 2657 4861 718 1501
20 1178 9021 2539 7815 4015 7744 6046 3973 1687 3820 9355 9553 8017 7827 1264 2393 2558 3036 8635 4553
27 9803 7940 8170 5486 6958 5952 4478 9587 1243 7578 9591 1348 1124 9762 7840 2355 1419 7654 658 8428 8690 6814 7216 4951 6844 8213 9805
24 1844 2678 7204 4802 2965 6564 579 561 1724 7570 7080 5761 163 8705 3950 1095 1089 2472 1577 1441 1244 8807 2398 6002
25 7773 2463 3536 1685 6868 6687 5660 9079 8678 7407 4313 5687 5875 2587 1760 401 7692 160 5682 5240 1804 1662 8797 3353 797
37 3705 8758 3298 2741 5214 9253 4078 5282 1781 6089 7265 108 1671 3652 3509 9053 5958 9264 4891 2577 5510 3236 9688 5083 6423 2457 2253 4331 5543 2231 1352 4718 638 5947 7378 9241 8804
37 1374 6069 1893 6935 1315 1912 4629 7239 1572 5255 6965 3534 3793 2568 1268 1228 1672 2413 6227 4473 8010 6936 6128 4766 1921 140 663 736 9225 1762 4193 4453 5123 3425 1110 6919 8627
29 4679 2769 3305 9646 7588 3555 4566 2907 8015 2833 3567 5166 1658 3218 4805 2924 3811 1166 9685 6359 5792 37 3574 8648 3549 3885 5113 7223 8255
25 4135 2099 2330 1470 1229 4751 9567 2326 6711 4272 7562 6752 8191 1839 9965 7998 3918 5938 4783 6826 966 1581 5128 9250 8398
18 3696 9997 4140 7046 3085 6813 6823 5943 1628 1308 4332 5014 7587 4502 1471 2218 1063 3834
29 8625 30 1003 6550 9449 8753 209 9659 6880 5693 1049 2052 2025 790 4007 7649 4797 9368 9088 560 6209 1937 6188 6216 1198 1360 8273 7656 4276
33 3256 4786 5492 908 2272 8417 2593 5533 5764 4510 9772 2362 2431 2244 3697 230 7688 5949 1260 1787 314 1853 5603 3326 5551 2652 9779 308 6638 7298 6593 6875 1279
18 5886 3430 323 9092 6820 6148 1457 6412 9733 9177 2163 4770 2712 8008 3878 3921 2023 7805
23 1381 1676 1021 7638 8186 3957 9573 3056 9869 442 5724 2726 2050 4247 2087 1832 809 5107 7085 2932 6772 4879 2563
41 3625 7936 1356 8458 3955 5828 3181 2500 8840 3431 6173 7036 7285 8291 2848 7143 6943 2544 5948 9374 5366 8803 2826 9855 7852 5433 9867 4392 5057 6357 8688 5466 3937 7430 6690 7084 7190 175 8826 3616 5996
23 631 7215 7822 174 867 6 8828 6251 1975 2117 5268 973 254 9872 7626 1798 5866 5428 2206 3421 6715 6370 8025
29 2147 6474 4048 3557 4493 8421 1673 7711 7053 876 9298 547 5680 4395 9505 4687 947 6272 4750 5632 7761 7911 853 29 7093 7648 1141 1761 7545
19 2445 5498 7771 332 7228 8622 2516 4238 3300 730 9930 1972 5507 7244 8438 5278 9007 241 1684
30 6879 2977 8702 6646 7148 1642 680 4824 427 6071 6786 9607 8701 9226 9432 8444 1837 4640 405 9064 9620 6763 8988 9809 5611 1161 9261 7704 3603 7412
26 9252 3246 8486 2858 3888 3504 6729 507 3703 3680 9156 8180 62 5661 5099 3568 4311 6716 6865 2409 3987 8232 3348 7935 6695 6050
26 5513 8493 9132 7286 2021 8298 4147 5363 7828 5293 1359 8529 4937 7746 8154 5931 9216 4425 2616 4028 9785 7395 2511 9345 5111 1355
32 4483 4419 905 5868 2677 6131 9960 8201 2579 7338 4842 3934 5273 1378 8583 8851 4705 7700 5773 2287 8283 2336 8460 2223 4076 1201 7491 504 1224 3777 3051 7424
27 6526 4321 7291 9474 4854 5912 7123 9634 3915 7210 8413 1952 3284 6925 6394 2098 7064 8742 571 2436 7032 2397 9137 9305 6700 3854 6712
26 9550 9732 8870 7536 8318 5980 610 6433 407 5736 4972 1999 3609 3649 3162 2311 1127 6201 8915 5290 9771 3670 3521 1696 1475 2671
28 9763 6384 1281 6662 48 706 746 7368 4755 156 6276 8335 8990 1702 6432 8615 5074 5743 615 4782 4935 7493 9709 3100 9116 5389 5025 8686
31 9520 3334 4163 2487 7152 5404 2470 9547 6446 6891 9428 1759 8295 6941 4684 6978 120 1485 261 5855 2665 3112 4549 6026 87 4083 4910 5576 4393 3514 3658
21 9359 137 3552 4823 4877 1215 378 8289 7886 5684 13 3547 593 9498 4741 5002 5131 4591 2828 4562 9212
29 3215 1764 3288 4181 3515 196 5479 998 2928 2782 6037 309 6287 6218 3748 2268 6537 7527 4976 199 1550 398 1259 8313 9499 1170 3302 4376 3087
24 7196 2110 8245 2812 1560 97 7342 7651 9878 8469 3853 8931 9575 4725 6905 3954 721 7033 2634 5252 5558 2458 9691 9328
35 2692 9913 7534 3073 9232 3368 3852 1797 162 9030 7356 1852 5899 7867 9401 6681 4406 3528 2701 3235 5757 5209 5930 6489 6449 2403 3474 3016 974 2623 3541 8076 2317 4558 8984
30 4070 2710 654 4119 7719 6348 6217 2923 7590 8158 1298 763 9610 1258 5781 1241 1413 9210 5341 7303 3932 8559 527 9884 4216 3373 1232 1019 896 7161
30 8565 742 1143 5934 1468 2030 5808 3278 9456 5044 1358 1932 3415 15 7796 2312 6271 2567 8806 3003 696 2340 2817 4904 3382 9283 420 5555 8216 3871
26 5593 1002 1040 4944 7997 3320 4152 6663 367 5960 844 6034 4064 5831 3985 4665 2257 4410 274 5902 724 2613 8419 3963 9255 741
30 1188 380 2359 7891 9944 7844 9593 7603 7150 2131 360 6659 4511 434 7955 1464 8281 6109 5279 8021 8543 3580 6086 2513 2750 3007 3446 4156 9554 2322
20 619 2751 5141 4564 8857 7094 382 4427 972 4141 586 9582 1047 9990 9854 1489 9095 3581 6708 9590
26 4138 5646 8031 7616 8934 9041 7189 4845 5161 6003 4258 357 9973 3526 7268 341 525 9957 3812 9168 1103 2892 3385 9703 7660 5515
24 9044 3693 2806 4127 4107 6678 6360 9176 647 511 708 9964 4733 780 7365 7564 2477 8692 2366 2067 8750 6205 7406 136
23 2951 8200 5851 3139 5350 967 5075 9270 8325 3350 8432 4060 8196 6080 82 5807 1827 9171 7969 6882 3969 8957 9450
23 9515 3338 2989 5154 6062 7219 6512 6921 435 4934 7136 3115 1181 6694 4120 8570 5224 9351 7950 1065 1856 5183 8338
22 3381 894 8745 767 2507 7037 3227 105 9273 7800 6117 9413 5594 2055 5731 7168 2278 6451 5873 3631 3123 7480
27 2122 5358 8994 101 5936 6057 313 5394 4599 8687 6043 7498 9652 778 3069 8987 6806 7416 5035 3228 1603 1361 8171 7803 7418 1735 57
32 8749 4902 7376 9048 6484 9658 9924 8499 690 7512 7193 6255 4899 6975 3089 3058 5262 2629 1487 9501 8288 217 2228 4244 7698 7776 674 9671 2723 5709 3397 7573
28 1545 89 446 1930 6597 5829 5063 8808 3216 9756 7916 6132 2016 8729 3524 6706 8755 6721 5916 7377 154 4903 8787 7030 5607 1189 9931 1090
28 103 3493 4841 4360 5281 8679 8996 1322 5570 2844 189 8064 1093 6922 2551 9151 3191 8053 4378 335 9163 4856 9009 9277 3357 4489 2146 20
35 8786 4330 5742 6980 9438 917 53 2954 6808 1512 8647 8272 9235 1976 2004 3014 7595 8626 191 5893 5069 2492 178 123 8651 8018 8876 1665 9577 2945 703 9334 557 3175 4522
29 3630 8878 8793 9986 3077 4963 4077 2556 2277 8822 7437 4832 5490 2115 9430 4295 9915 4088 7686 1448 9075 411 4616 8818 414 3879 8544 4706 2208
26 1114 5597 7195 4496 2400 3537 1522 5372 5337 6212 8065 861 6313 7269 8608 5019 8901 9651 3184 5788 5759 705 1392 8381 5861 4631
23 5578 722 5152 6773 4952 9113 257 8683 187 6677 1245 5177 659 1599 2553 2610 5395 9800 2159 8211 8865 2429 1810
32 872 9754 396 2714 1615 6760 734 2133 3442 7343 8316 3979 8779 9552 8275 2632 3411 5144 5186 4907 4544 3450 6704 8388 9193 1130 7306 7820 2 7856 6738 4804
20 7122 5296 3530 7924 6522 519 2698 1362 8863 1878 6005 455 1518 4785 6404 5959 5499 8282 611 8084
27 9251 4810 1722 166 6430 8344 1823 7930 8995 2428 5676 6013 882 8246 3412 2019 5483 5720 4304 1909 2363 9558 2641 4454 7514 6308 5702
24 5452 6745 789 5169 4867 1474 7095 6399 3179 1645 2108 6873 6113 6460 3860 9987 4654 299 8858 8547 2727 5832 3057 8386
31 8184 6647 5557 6495 2047 7682 5776 7408 7487 8339 508 7399 6082 1646 1915 2275 8299 7975 5274 2348 3267 36 6519 9016 4057 4223 9522 4837 4374 168 7925
21 1778 4022 9817 7438 7699 8526 5536 7154 9958 7539 3380 4166 8317 2515 9681 7963 7661 6650 4775 5905 3168
33 7464 9921 6735 1177 5571 2356 1659 7764 9641 1294 6602 6296 4003 5924 7031 1505 8155 2498 5031 7479 4461 3875 1476 9789 6714 9974 573 5822 5449 4888 6568 9976 8168
26 9360 7671 9933 2754 4449 774 7392 4932 4776 9551 9002 5786 5860 4236 2102 9683 5023 8631 701 2606 6392 3855 4285 4855 6265 9207
26 8578 8373 1539 8946 4363 5124 5531 9259 3594 2836 5981 3409 7446 5450 9993 5945 9673 3692 6815 1379 8548 6295 1055 9183 8669 1620
23 5478 6793 5884 2994 6884 7691 6239 1654 668 7872 1548 2535 6790 3413 4202 4495 4033 922 5795 1455 7417 5388 7865
26 3709 2480 959 3118 6297 43 2594 9653 6836 7542 5787 3271 5342 3632 564 1187 326 1799 5835 9729 2904 3967 7049 6698 4170 8871
30 4528 2533 8095 9836 7238 8861 5830 7793 9442 2526 6640 556 375 895 1502 1727 3293 7397 6318 1444 3099 8724 3842 8465 6885 9316 2661 2799 4814 4518
24 4148 5562 1789 9804 9748 3394 4228 7520 2916 3933 3029 143 9143 5500 444 4474 914 8368 363 3064 8420 5986 1608 3002
20 7621 7139 7171 5509 6055 6105 4432 2520 5730 8743 489 8013 6775 2948 4606 7759 1488 1081 2791 2789
24 8402 6076 9229 624 2546 3803 4843 2561 7664 3889 6335 3598 8384 9288 9395 4491 5264 7179 765 2842 6870 6479 7177 7312
23 3827 884 7782 4673 3059 6559 6371 5430 6947 3792 6949 8 3422 5085 2745 7331 2955 4391 117 248 7156 7103 8642
26 2297 5284 7042 2688 9381 6668 8121 744 8082 150 2973 8970 3597 5460 3383 8835 3610 5243 9792 6734 5645 1337 7596 9857 1910 7723
37 7387 4514 7432 379 2155 6509 4772 7345 1368 1034 4379 7842 3721 3660 5844 1946 7047 6554 6656 1668 4229 786 9150 106 3190 909 3974 7914 8443 9162 7628 6437 4860 3238 4669 303 6705
27 1563 3774 3778 5556 1226 1777 3731 1297 8181 4250 3472 5340 1432 4671 3687 6235 7774 1295 3543 9164 6534 4034 6702 280 7185 8834 8533
54 1666 9706 648 8206 5919 7970 5382 28 5277 2976 4795 7163 1077 6152 8862 7546 9090 7319 7601 3839 8643 349 6155 4380 35 5109 7637 4758 968 201 6168 9668 3730 7533 1117 7548 9190 4957 1334 4016 6425 1391 8611 8905 6589 6439 1714 1242 7129 8764 7812 147 273 5719
24 2918 3247 5434 3817 1695 6441 3964 4936 6953 1854 6594 7188 3868 2037 2334 4357 2267 9154 3704 1964 5718 6373 9285 9905
24 7147 3986 7170 9516 8173 933 3438 1889 7623 8063 7831 8917 5894 5086 3558 1948 1556 2385 8590 9704 8001 3944 12 1017
34 5151 5042 4488 1690 6234 1429 7952 4523 6319 9648 6222 9788 4828 9865 784 5779 9398 6999 4835 1014 4186 402 3012 2626 7076 1338 2543 9712 6385 2643 8567 7197 4905 2464
40 2499 3389 1559 4948 8244 6293 8124 8718 1180 6653 2682 2446 2829 7174 7633 5133 6302 4612 2219 4481 4266 6837 7523 4126 4787 8944 6312 8242 2249 587 8360 9818 4009 3082 9992 3626 7024 9408 5026 6328
34 5833 8058 8546 2662 447 5295 6480 6314 4373 4819 3559 3396 6035 3533 5485 1963 7953 2752 3766 4265 5172 9127 4945 3618 2566 6524 4690 6347 1417 8347 5267 5863 8869 4959
27 4420 1411 7068 694 5102 1155 7535 1066 223 1747 9682 2048 954 6619 1510 6469 4779 1253 883 2225 8551 9858 865 5503 9228 9237 9635
22 5067 1459 4830 1554 3837 5496 6256 6817 9464 7917 5425 1299 5286 9882 2621 4093 5871 4652 7922 3306 234 3182
28 205 6744 9109 5491 9279 4913 3323 2843 3917 4051 2124 8207 2364 5528 4178 3042 6483 5972 7062 7006 5173 8094 3914 6391 283 7353 1202 2395
24 5553 1442 3890 3020 3741 6192 4082 2483 5648 8662 6989 3909 2427 5856 8829 9098 982 5007 4248 3971 6454 1901 6024 1958
31 7355 3755 1936 850 1886 445 8187 7313 5805 324 2192 4445 1618 6555 2690 7742 9129 2744 6639 4658 1185 6091 6273 3318 468 1943 810 6923 5205 3675 1834
24 7362 2088 2394 5989 3447 1808 7960 4262 275 4002 1772 3898 9147 5298 8271 1397 7622 8453 7366 1920 4809 3938 9217 1145
27 1208 3292 5532 4092 18 2419 8923 8019 6396 4173 994 7299 6093 7980 2550 3405 3234 5839 2361 7045 4610 2152 7320 534 2884 6136 6374
27 2959 4352 8821 7167 8319 5021 5176 4252 3867 9024 6945 8716 1593 9791 700 5047 1472 4297 8646 8597 3068 3677 992 6140 2062 1349 7405
39 3614 8895 4735 3008 8655 1970 8784 2240 7675 7295 8365 9820 2260 4645 7791 9902 8259 3899 8448 5283 3816 8541 290 1916 841 8305 2200 6033 1884 7361 7211 3130 2399 6552 2188 4596 5716 2766 6998
28 8868 9864 8792 6365 9642 7460 2914 1363 2178 2810 8585 7631 4598 1939 7040 6991 6161 6137 6883 6088 7549 8514 6767 543 7752 877 9918 1974
36 5260 2669 5307 3173 3733 1835 8508 983 3602 63 9001 4702 351 4089 3158 6908 5624 8864 2941 5838 9500 2564 7172 3663 6487 4927 5351 3386 1196 3565 2943 8930 6926 3522 6623 8737
29 1319 4439 7593 1617 212 2000 2350 7859 9580 1160 3268 9583 6236 9431 8091 8470 9191 399 1169 1656 1290 2808 1079 1631 1366 5923 8979 892 1511
30 7284 8397 2570 7957 3904 5489 5257 1882 4189 4281 10 8226 7277 291 1183 7229 2993 4479 8265 6163 222 2890 4659 7991 7428 9308 3858 9506 3589 7083
38 9663 2850 8109 176 5914 9569 6988 2119 4043 1108 2913 2679 5727 5333 4194 7102 8395 8152 8947 3213 1121 9815 1477 8937 1606 331 6940 2685 6525 9233 2927 9951 3249 8889 9390 159 4328 6893
40 3828 840 7379 807 3090 9329 38 3047 715 6304 9825 4492 5898 9839 9835 6536 2860 9118 4212 6098 4364 3043 1053 7558 5106 6867 7022 5132 2314 7794 3789 2644 8872 8312 981 8675 3352 2020 4130 7070
29 4647 5942 4182 1194 4965 6150 2166 4892 7784 7316 3097 152 2922 7133 6262 9063 4142 4878 4158 9656 6386 6231 436 3859 5269 2639 1193 9517 3378
26 4006 8102 2476 6540 2264 8518 7267 4017 7296 8825 5396 1313 8933 3501 6625 2078 1845 9306 3342 1255 7851 3400 8831 431 9890 2658
21 3163 1206 1949 1439 3940 2983 3502 9497 7521 9062 8505 4280 3155 7823 9182 9488 8148 1848 1389 3026 9969
27 7760 7097 8935 4372 5148 2157 7788 3221 1697 5988 5810 2908 9172 6764 5978 1340 3076 9743 8706 9560 4353 421 1292 1843 8450 213 8002
26 5649 798 4405 8997 3034 9585 3478 9391 3432 8511 9833 6620 7518 9280 8426 2827 6393 1938 2584 679 9783 1212 7574 6666 7300 7074
19 23 3468 5842 451 9588 2668 1440 1895 5897 1793 9159 334 4053 8524 9841 6240 4260 1291 2396
32 7892 1877 3795 3252 4476 9985 6801 1 5289 2825 1009 6306 6452 9379 9576 8874 6096 2578 2001 9722 2290 2372 292 7897 8055 4308 2771 5521 4827 6379 3988 5806
19 368 6547 8949 8143 3169 4615 5977 6224 9457 7332 8449 482 4165 2169 6852 1619 3913 4790 8589
30 6591 589 2588 9257 4074 5940 8408 236 1755 1365 6079 3209 6426 2940 4398 3593 2374 6683 4477 3929 1838 1587 9698 3564 1463 92 9200 5477 8942 4103
22 6960 3527 9621 464 6146 164 9849 4112 9020 6134 3264 875 6675 7021 4864 6741 2537 3499 5242 5200 5642 6458
28 2863 8257 384 3507 3117 1478 4339 2759 4939 6736 3296 1236 6634 1875 9948 1076 3317 4176 1541 2421 1636 6948 6011 6414 4143 5311 6084 6829
22 6090 8119 6012 1486 6896 1426 5887 7279 8820 4846 652 9745 2002 5349 1211 6942 1184 8552 1731 2598 3573 7473
25 8048 7383 6129 1682 3548 7526 9157 8240 6309 5461 6860 4726 2416 3177 8110 8879 1715 2401 7077 1867 4413 709 2076 7829 3538
33 1691 2717 3145 9609 2154 9903 582 3178 7164 9545 2882 4584 7641 9765 5827 2478 634 9294 3170 2915 206 8842 9340 699 7873 5040 2650 4710 5725 6339 2010 8708 429
39 6108 9049 3119 6516 148 4084 9385 5084 7252 7877 2600 9378 3981 8471 9657 5961 392 1825 4765 2970 3851 8752 1728 9389 65 7639 8777 2468 650 7140 5297 3819 9759 2696 22 3800 6179 4601 4203
27 5604 9579 408 4068 1842 9943 3847 7775 286 2003 3259 1811 3019 9141 9297 993 2672 2460 2719 2386 7470 3126 3554 6697 6971 2414 2183
23 2261 2804 6600 2512 6855 7116 5011 2269 9689 8561 2796 5387 2762 9739 1026 3612 3790 5698 3863 3165 3678 4721 9994
35 6912 1713 6333 7181 887 7371 8356 5098 4992 4657 6765 27 8403 330 9998 6696 7089 3387 9616 4513 6777 6848 3150 7801 5418 8756 7565 1271 2022 7696 4534 2452 2245 802 4729
34 4220 2708 2557 1216 2379 1776 984 4538 3694 6154 5927 3135 1385 8061 7672 825 5 6141 7942 5495 9719 2798 4747 3183 6369 4324 2389 9343 4408 544 2536 9224 7308 6796
28 5950 7259 3161 3061 8139 318 2172 5664 76 8264 7728 9542 5772 5650 24 9117 752 567 2917 9606 6931 3197 6288 9417 2585 7726 104 3105
29 7205 8599 2242 2142 1736 5384 3903 4573 5370 2642 6486 1237 1866 1983 7887 6688 339 6221 888 6459 2953 5150 6799 8555 7034 4677 2934 3160 9842
20 6031 25 707 8230 1320 1431 4625 6571 3393 3063 8383 2482 4347 7697 4239 4529 4822 2636 7067 7
21 6515 7713 4012 2251 9230 4915 4219 3575 6407 6264 8757 4983 545 5115 639 5390 3231 6185 6970 6202 1632
27 8605 3388 5705 9967 5744 183 3525 2809 7938 8113 4940 6513 833 3595 1993 9299 918 5992 4962 1492 2489 9654 1812 7708 5568 4894 1425
22 7809 8929 7293 9845 3248 6543 3802 9770 204 7477 8848 7736 6787 4938 2058 4964 2467 5032 7360 9 6718 3743
33 2382 768 5619 8446 1102 9920 1289 7354 8189 4704 7385 3702 1270 6769 5825 7706 6417 1231 1506 4749 5712 4448 6183 6166 7262 8847 3976 3418 5323 4970 3912 6888 9409
28 5424 4065 1433 6911 6622 428 1046 8936 3972 1025 7504 676 1199 4136 5092 7758 711 2080 9481 9793 8491 8602 1515 3080 4607 6144 8925 2746
26 5444 2308 5711 8332 4530 6247 9404 3682 5537 6249 2008 8962 3908 3881 899 3764 3840 4975 133 1293 4289 8376 9695 3025 5800 2293
35 171 6485 7600 8290 594 2376 7880 3487 5590 2130 4412 8412 4122 26 3211 369 9429 598 5714 9239 6316 6110 293 8710 9037 8263 2064 4036 1544 5218 7423 5270 3410 8176 485
21 5371 9072 1538 6601 4277 4574 4430 4403 2136 9175 4539 1239 7066 936 5153 953 307 4222 3895 3576 4739
23 4417 6397 440 7242 5518 644 6424 107 7667 2116 9013 5816 4323 2292 9205 9054 1897 9970 6701 9330 6233 4613 4920
26 9530 7153 7497 9286 3017 8549 54 8003 6511 4668 2042 760 1396 484 6847 5368 4370 5631 58 9486 5523 3725 7263 8044 7888 1384
25 7109 6207 6349 3281 9463 6614 5326 7496 645 2742 4162 3131 4967 4115 6652 1914 3481 3531 2801 4761 2168 9749 5974 5824 7111
25 9186 1421 1085 7078 9613 7146 907 2495 4678 7964 3420 9341 450 7611 1407 6242 5208 9089 3250 5494 6329 3924 5360 5605 963
28 6514 211 7113 5909 4275 1364 3722 210 8142 9135 6574 2028 93 7461 4279 8782 8222 6111 1669 4817 2266 595 1640 5455 7932 9679 1829 3781
29 6463 1416 2966 2306 5164 5564 7789 9596 7583 7624 7843 4494 1043 6761 40 1006 8918 3791 4542 361 4302 5313 5767 7738 1782 5216 9766 102 8049
27 5072 9325 5245 7253 5748 8722 8762 3229 184 9563 7798 7367 5616 2680 3363 8805 4869 5559 2258 9178 7096 9077 2814 4257 5667 480 9027
24 7990 437 6145 3257 793 5346 6214 1347 1992 8020 5547 1931 7449 5628 2724 4023 6881 3194 8616 4050 4547 6549 749 5422
26 6403 7926 1851 8906 9979 1846 3467 762 1423 5004 3716 1283 7027 2276 4989 9130 6531 9399 8241 8813 9339 9637 1210 725 3285 8980
24 9447 1269 4361 2237 7501 1125 9929 5847 5306 9004 2484 8731 2415 8333 1746 98 3414 2437 5291 3480 1147 6986 1900 8225
30 666 3739 2344 692 1881 684 3116 7250 2226 880 1075 6981 6389 1625 6258 5053 4146 9029 6759 1688 6164 282 9870 7849 4196 7770 3727 7889 9643 2874
31 2082 389 5352 6208 2198 879 3655 2849 8900 1218 8249 6737 8203 5201 7142 5984 6595 5850 3619 7665 7669 7183 629 2180 5231 8217 5901 8350 3148 5955 7243
34 8046 7817 939 9469 2981 3749 6933 3111 1274 2279 6563 4709 4320 5471 1056 9179 9697 4968 7939 9209 3659 673 1987 6106 7529 5304 1036 9356 381 6835 5029 6878 41 5798
29 873 2184 1148 6448 8294 5697 687 7394 4852 2529 871 9513 2852 2227 4354 1712 9571 5432 1638 6232 7058 9361 3922 1306 7766 7445 7640 1250 7567
38 7937 7579 5391 6566 3028 1706 3656 8028 8516 8193 2763 4727 8726 7452 73 6874 7643 9599 8645 8588 5054 9353 3253 4254 9631 8234 2181 7605 9272 1030 5034 8117 8101 540 513 5235 6280 8292
26 7482 1670 8348 7330 1209 1863 14 7249 538 9718 8531 7409 6676 1634 4183 9123 1078 3711 356 3745 960 7553 7973 4943 1256 7118
25 4942 3272 1816 9309 5721 1325 8809 2896 548 7757 6902 3110 1864 2203 4759 860 3426 8823 7081 1693 2282 5906 7772 9291 423
34 2112 5550 7835 3635 7792 2335 6405 9160 1015 229 1940 8131 3312 600 5157 3439 5502 3180 4555 1435 7404 4111 6342 7390 1234 1380 2485 7289 1375 2256 8638 1757 8698 9320
26 6181 1586 6545 4052 225 9519 7528 3633 9780 952 4788 3050 8224 4994 1795 8260 3262 3044 370 5375 342 999 9415 9091 8983 8993
21 9349 7483 590 6648 7658 9478 5638 6717 4608 6766 5230 990 1601 9700 555 5602 1704 4278 9543 1516 5411
22 1803 2171 4100 19 6158 856 553 346 5374 3343 1001 2861 5973 574 1287 5446 7440 2318 7292 1031 554 2179
29 311 6913 8231 8969 443 8278 6894 8086 9916 5380 7806 8328 5393 6928 7178 7858 5185 8051 944 5247 8495 8045 3261 2781 5584 8681 2040 6045 9248
21 7972 5813 5140 581 9153 528 7663 9484 5516 4030 6863 4291 716 9524 4455 6081 2371 5122 2383 3461 7608
32 8167 4390 9372 7662 6060 6322 4231 8247 1663 9861 3454 9961 5538 8059 3 9468 161 2027 6388 632 3124 7769 6456 5586 5227 5529 3997 7339 6502 8932 6747 4699
