2 7468 451
22 2591 985 8778 2640 8447 763 9610 5485 5831 2388 4242 3721 3451 683 9717 1306 1402 9370 9802 5160 8928 5552
2 8227 8954
2 7227 6668
18 4796 6465 9599 6928 1176 3435 7247 82 6315 2404 5483 8558 1398 5944 972 5219 9443 6052
20 7948 5738 1318 2525 1252 4311 1724 7570 9379 7977 5415 6380 7288 593 4741 2842 5783 2239 2085 955
25 2418 3688 2005 3289 2668 3771 9694 4934 9101 2529 7996 5876 6992 8842 1693 5767 6119 4265 8256 61 222 4227 4699 1627 8675
2 7206 9189
2 3202 5157
2 2736 3559
2 2573 6016
30 9927 8202 8971 4358 2809 8879 2119 2571 7221 6204 9389 9461 2151 2979 9368 199 1076 422 177 6749 720 3881 6931 3197 9844 436 1455 3040 3068 6533
20 4887 9714 9989 109 4312 4550 8131 5347 7898 5184 3424 5495 482 1044 8336 3473 3816 9832 9173 9646
2 5982 1320
20 8890 8237 9026 902 811 8150 4221 2397 1648 9830 6496 6624 3376 755 1571 9709 1799 5989 3568 9871
3 1855 5889 1017
20 9459 2561 4678 5328 706 746 9552 4344 9476 1499 1095 5329 5265 1392 8834 3769 3627 9254 2992 7041
20 7110 977 2136 7258 2045 6976 1651 9084 6670 8126 9108 9061 3268 8542 4233 9922 8282 3258 9405 9035
8 8563 1452 5861 8781 963 2841 3436 8361
7 3560 9082 1928 8696 9853 3639 136
26 1880 1333 9741 8482 2527 62 43 8395 8152 9551 257 5424 9318 7011 4947 1694 6993 6354 5014 7587 4502 1471 4080 6045 523 6939
8 7716 6953 2446 2829 2303 9875 4211 6469
4 6517 2663 886 6025
9 2660 5463 1272 7462 4831 701 9887 769 3129
19 2176 3232 6214 2116 4431 8421 1673 5268 6657 397 1746 3375 9210 160 7353 4137 3800 6179 121
19 1817 1428 4567 7859 7789 5747 829 7390 1495 5203 6092 8324 2794 4451 6448 9558 3400 1261 8091
18 9287 5346 7966 738 2773 8525 5713 6994 369 7762 1482 7009 120 800 2743 536 5240 629
33 9121 5171 26 4922 612 2492 178 5820 5129 5073 100 5238 3700 161 1461 1008 8495 8045 1278 5668 5044 4376 4997 2519 7806 6784 4218 2316 6664 1384 2788 423 1632
29 8670 285 5603 49 4286 6269 1342 9715 911 4272 8246 8460 7229 8981 8155 3452 9667 458 6227 1631 3720 1850 1151 8541 7384 6799 8555 4879 2934
11 4027 3911 2020 7586 135 8898 3821 8569 6415 6050 9420
18 1135 1849 1536 4212 6146 9004 5054 6919 3408 7523 4126 3342 4309 675 526 4359 5419 5519
11 5991 8595 7879 1544 5234 1681 4798 6140 60 7185 621
9 7433 2548 8133 7350 7991 9650 1429 68 86
8 2384 3906 9361 1978 4638 3443 2784 1403
6 5071 2049 9907 4378 751 5285
8 7325 933 4090 4383 1701 5012 3123 6437
27 6527 7707 8565 6946 127 5960 6178 4280 2583 9874 3521 3817 2586 347 8154 9766 4506 6849 4851 761 7324 3604 3067 8062 3666 3675 8832
25 4471 9257 1908 417 9893 1093 2263 2682 6603 7391 3214 1923 5024 2703 3294 7942 352 5948 3843 7629 7739 7649 7007 3948 3331
10 5903 301 790 8352 6373 7928 7905 2434 7326 7302
5 8967 305 1498 8772 8744
31 3647 1229 1699 1123 4660 4019 3415 3680 4023 2326 6711 6013 1837 4640 3894 8858 1466 671 8372 5358 5002 6781 6915 6579 3601 6372 1730 551 6254 9983 1958
27 5480 432 7241 7788 4779 4368 2895 2726 1253 1233 8101 7042 2688 9067 8774 3096 4416 6201 8708 5342 1287 5725 6542 8856 3244 5924 6997
12 1000 9366 8129 2093 6707 7786 2845 5023 8631 9796 6712 858
21 5091 8254 6840 5775 4816 5080 5988 4885 4041 8609 1092 787 4326 75 817 7251 9069 7354 3577 3306 8957
25 1339 7601 6563 5941 3897 7447 2820 3309 979 6073 435 1816 6010 5773 2991 1770 1883 98 4164 747 2468 1932 5039 1856 9825
12 7581 8598 8291 4989 6990 1491 1909 2363 5113 7489 5162 3182
29 3539 5732 8106 785 3662 2575 3582 5664 3013 3229 184 4815 4633 256 1055 3609 9056 8299 7975 4568 3072 757 7695 7717 1349 527 5187 9255 7254
31 6544 609 400 5027 4931 8354 5436 195 1813 6128 4766 1921 140 663 9973 2572 413 4896 2755 2164 4933 8584 518 2772 9940 7001 9876 8907 797 9114 4045
21 476 5764 4510 8201 2579 8064 2379 4951 9143 4232 2716 7571 555 453 9262 4738 3934 2618 4160 5841 5213
26 7632 6322 4231 8247 9788 4828 6761 40 1006 6873 2108 4577 7902 5688 617 9991 8685 6852 1032 2442 3562 6144 279 4696 3602 3541
12 7013 5913 190 6558 4336 3677 992 5323 6885 9490 9256 4855
26 978 4819 4152 6663 3001 8664 6587 898 3146 5030 644 8761 4343 4357 3558 4371 1201 7491 8311 5970 4199 1717 2232 4046 3495 6438
20 3321 9966 5155 6974 2692 9270 2796 1891 9660 2333 3764 7177 695 4804 416 3165 3678 5302 1103 8049
10 2528 5062 1618 7666 5915 4806 5512 7451 4007 7608
11 306 9798 2187 2633 5040 3660 6120 7870 635 2559 4634
10 6686 3848 7544 8018 4425 4077 4986 170 3734 6347
21 2718 9474 7372 4433 3120 4579 3868 8063 3137 9031 8519 6026 8214 6164 6897 5435 9438 2505 7889 966 9207
21 2887 4573 7699 2742 2291 1456 2364 4872 4094 1066 795 1221 936 8479 9482 4106 2059 2943 3048 4627 2661
23 2053 1035 6247 7436 6717 9442 9697 7886 4403 4915 150 1688 4002 9676 4139 472 8401 4689 6442 7541 546 2146 9202
22 3654 948 5509 6431 8180 6369 647 511 2567 7010 8863 6643 8849 5904 2331 7307 2536 9857 5846 9794 2157 1547
21 8088 1744 1937 4733 8217 8066 6963 2925 4446 2432 5274 3026 5367 1250 1045 3479 8337 3270 5613 3777 7976
18 6321 6154 5927 5210 1211 6942 1184 2797 7938 7515 6273 7378 2452 2245 802 6270 6568 8674
10 6753 5653 9979 1846 3467 1183 5451 8494 3517 7074
30 1159 8276 9153 528 926 1779 9971 3017 7916 7950 8597 33 3339 717 6142 9731 3231 2274 6209 2271 8327 6088 7549 2460 2719 2555 8789 1104 1069 8012
10 4941 7962 9384 9629 2033 3500 3617 1425 9918 6764
17 5983 5734 6416 5801 8335 8990 8414 6756 7456 5331 3234 8611 9851 8497 8098 5137 2086
31 8824 4936 3503 5013 3731 1297 1217 2338 1075 7861 3586 9949 7736 5536 5716 8426 9123 2537 433 2942 142 9326 8560 444 4474 4632 4692 9734 4750 5765 8531
16 492 1 5289 6734 5112 7636 6554 1845 9306 7455 3925 9570 8613 2810 5567 6893
24 8773 9253 8087 8548 5862 4415 156 2370 1423 5004 3716 7165 4365 7951 9689 7596 2955 7323 2319 5706 3267 2667 3938 9074
12 8071 1879 1436 3465 1270 6902 2467 503 7137 5242 7855 3373
14 3358 4773 2024 5357 4477 4560 468 5467 2875 6017 1469 8377 3713 9942
22 5226 6889 1071 9478 5540 2715 7320 534 5166 1658 5624 4079 3488 9104 7615 7085 9078 4327 7770 5774 1968 4545
26 8306 6226 183 3525 9146 9145 7994 9652 4092 5273 1378 8583 8810 7017 6595 1520 4056 4428 1662 3237 1723 4186 6697 6971 5464 6623
17 1399 852 9810 1542 8023 322 6279 6555 2089 6043 9458 9752 7471 4295 3319 2791 7480
21 1192 7899 7782 9664 2469 1347 9872 5844 676 9119 3044 6404 4353 9201 1911 5931 9216 1920 490 5990 7131
32 2758 9076 6259 8067 4179 9923 6087 1647 9883 8387 9281 9580 3853 2627 1758 5191 7685 5229 1718 7448 2227 5132 2518 3283 9434 8974 1182 7759 8159 6719 7232 6809
22 6190 3061 776 7983 9592 1703 2522 633 2241 7272 6167 5638 8503 2011 5445 8161 5855 2665 9531 3784 512 429
28 5441 8568 4516 7816 5643 399 6301 9856 3282 259 6535 2182 4914 3447 8945 3846 2393 7660 2892 2785 7407 6083 8796 2733 7935 462 4661 2804
16 7575 1325 8716 6085 6654 1443 7622 3954 721 3838 5666 395 2603 6658 6033 4185
25 820 2510 1709 694 6755 5431 4756 7903 7802 8323 9656 2569 1531 4466 7030 2041 87 9823 3873 3087 660 4445 8710 2639 228
20 4557 5669 1400 6172 148 4340 3454 3063 79 2078 9671 7207 9139 9546 3226 5043 2641 7120 8309 697
28 8596 313 8628 3506 7059 6659 868 5414 5830 179 6112 9220 9454 1953 2001 9722 2290 2372 292 96 4484 814 2396 1361 9137 937 3967 1470
21 7804 8762 5394 3534 3793 5304 9113 4345 298 9885 8179 8532 6232 7429 9015 8751 1592 6385 2636 1082 2996
14 9954 6274 7921 9661 8864 4117 1200 8689 9085 297 1966 7216 3083 8869
21 6377 4811 3981 5619 8446 1364 6599 9192 9239 1674 2213 4319 2236 8203 8812 4576 4300 8972 7803 7877 892
25 1376 7971 3439 4953 6473 5048 7577 6688 2965 1171 990 2401 2543 2650 3984 9305 2222 1301 3610 5791 4499 7024 9543 7765 6532
31 2939 9897 732 5560 4597 1234 8544 5391 6566 2766 488 9767 3019 9141 9297 5232 2198 6388 7598 2456 7340 8743 5551 8551 2613 8880 571 5503 9228 7220 8488
12 9377 7194 8962 5386 3535 1412 7998 5528 7008 5741 1449 6746
28 8730 4774 559 3164 5601 9775 7511 1245 1086 35 5109 7637 105 9156 498 2272 8417 6134 6808 4163 4656 9514 9898 9079 7525 8932 3285 4653
37 4469 2615 5739 210 856 5892 8985 7410 9843 3876 3512 4427 6612 9639 3591 7479 7639 353 6453 8682 163 6086 2513 5217 8770 5863 6608 4398 2980 4413 3106 9425 4587 3002 1910 4349 6671
26 4793 4727 2984 7411 3722 8865 6573 401 2306 698 9148 1464 7872 7057 487 1839 1823 5545 6505 7677 7422 9094 386 9778 9538 4890
23 8727 712 2762 1957 4262 275 9041 4734 4711 106 3190 909 9087 3275 949 6471 1419 5849 3958 6574 57 5060 9291
30 773 4636 4532 726 1653 6153 8623 6817 3185 2420 1507 1796 9869 9164 6905 5816 8779 4270 2908 9172 5733 2580 7261 5719 6969 5796 1612 8093 3674 8168
18 7678 8345 9781 8652 7173 6479 9423 8728 5524 2226 168 2757 1106 540 5806 253 4225 7357
15 8303 6248 5516 7927 8960 2739 7427 6186 3908 6210 1838 3587 2971 5697 3851
27 4646 7997 2534 6387 6667 6786 3056 2782 4657 6765 3865 5 8418 5823 7404 4111 3836 4409 5837 8517 4399 245 46 2803 2771 7827 4377
27 1344 6900 895 4443 8535 9505 4687 5550 4551 8432 3640 9581 5667 9159 713 3170 9283 5353 5748 7565 9573 529 2614 9703 8737 9873 6162
29 9483 3552 1177 5571 2356 6304 7267 5827 9501 1818 6350 5648 2203 8662 7956 8442 9373 7887 1036 824 2746 4360 6139 7554 9598 2732 6136 4999 2675
29 8965 7280 1991 8356 3492 3691 538 9718 6132 3840 5185 2740 7915 112 3351 3575 6407 1583 6672 8195 5209 4537 9523 5792 307 2574 8939 9625 6395
24 3760 8958 9865 3741 3931 84 8284 9801 6420 284 805 7158 664 9980 6847 5368 8713 8860 3775 8463 4526 1596 4732 277
28 4411 1322 7086 157 4737 9005 2279 4782 4935 6615 4258 357 7197 1255 5687 5875 6312 8242 7473 1220 4954 8507 8924 2248 8287 6277 4765 7312
22 3936 457 7330 1209 631 7215 7822 1944 6511 2656 5106 3825 2506 3524 4495 8513 410 9877 4421 1607 692 2224
23 4011 8231 7931 3434 93 7461 5918 4746 7398 8266 8600 6957 2824 4980 801 3891 5228 6944 1161 1822 2838 3369 3573
21 9824 8780 8588 1969 8295 5787 3845 5065 1314 8288 9841 3921 6240 2617 3564 1072 4422 677 3196 6718 9595
30 7025 4744 6965 7836 2433 1750 8004 4799 2854 1283 8122 9265 5935 5120 8118 126 9374 5743 7552 7953 7912 9282 7044 4930 2871 6778 1675 6492 6392 9247
32 180 4405 8997 3034 6597 5829 2858 3888 3484 6742 7477 4981 2540 3952 409 3982 5241 1814 2600 7226 9736 3075 5389 6183 7021 5443 7746 8030 8443 6182 1557 8989
20 9723 9613 3689 1854 1780 6935 1315 1912 6455 6512 959 5078 6318 7591 421 99 1943 2349 3710 7723
30 6039 5711 4154 8338 1927 1004 5479 2642 4082 2959 8908 6631 5416 9524 4455 8487 8799 2565 8630 4649 7099 4786 4180 6275 9329 38 3047 9698 5685 6310
17 2212 5282 204 7248 9363 9961 5538 3269 1877 6467 4254 452 8436 2496 3233 5029 758
20 1555 5971 1451 3942 390 6991 6109 9849 8260 6751 727 8570 3756 4690 7371 4909 8577 9450 3951 8804
22 3608 1236 4846 1976 4063 1195 9729 3054 1406 5403 4251 777 2028 304 2578 2101 659 2538 6589 5278 123 3561
18 1067 7813 5572 7874 1697 9158 7800 7112 6096 7104 2083 7004 989 1141 4410 3346 4780 3010
32 9868 9735 1893 3676 3844 8224 7590 8617 8515 2301 3172 796 5118 9455 8277 3759 6836 3018 2521 6379 4332 5974 5872 7415 4085 3417 8509 4318 7231 1242 9603 3871
30 4829 5255 1088 9649 7737 4140 3006 1748 3390 3167 5501 3884 5544 4363 857 4515 1641 5651 3804 3520 9080 6810 9315 853 3913 3025 8068 6138 1862 6780
34 3491 4709 362 4127 9978 4968 7939 9209 8061 9770 8868 6332 5977 8190 6426 3808 7406 6432 2025 595 6728 8346 3003 1617 1043 7126 703 7724 2250 5803 2874 6916 1079 2377
28 2346 4438 1374 6114 3134 4012 3074 3368 3852 9042 9307 8233 3795 3310 9594 7751 5105 4650 1504 344 1173 4101 8562 4861 5487 1492 6702 7339
18 8192 8891 6089 2557 6945 516 5192 9331 4686 9665 1331 5542 6022 1731 4794 6436 8911 7405
28 9925 1560 4303 928 1138 3277 5637 2131 7498 4238 5810 5946 5745 8580 1345 3228 72 8591 4558 4308 4674 3896 6398 6486 9974 4596 1370 8941
25 5968 4068 3877 1426 7368 6160 5221 2961 8653 265 587 8360 9818 4067 6510 3429 1734 5623 888 8988 9809 3907 9127 5111 6592
21 3341 1085 4464 5610 3469 9421 8140 2577 5510 8094 6807 2034 7642 1116 1720 6985 2566 891 9027 6205 9988
27 3708 5756 828 4367 9124 510 4159 2909 8867 7273 7230 9562 8177 9185 5817 3842 95 9430 8178 5673 3406 7708 5568 7740 5310 2072 9733
17 563 7924 6522 9321 3533 9611 9435 3642 6267 6570 7885 6286 9749 7834 6857 3353 1974
17 7444 8332 8121 1708 1858 2407 3736 4937 6284 2215 6811 7132 7932 4514 8942 4153 479
30 3578 5103 7734 9221 5995 5769 8963 6789 3483 1819 1543 6047 8843 5068 4893 3144 2531 5405 206 2223 7255 1906 1643 8380 4769 3 7922 2309 7567 7128
28 8968 1129 3829 1038 1282 4591 4592 9364 1526 3264 5647 639 3212 934 2553 606 3009 1916 8363 3011 7219 6433 8100 2307 1133 4910 3329 4008
19 6252 6644 8593 2178 9484 6408 8381 4169 7425 3340 8379 1602 8556 1317 2051 1650 4714 4860 2357
24 1626 5325 6887 4375 2125 8341 3962 21 2065 4252 24 7514 6720 9196 4791 8083 9834 9167 4945 4035 9008 3038 1210 3963
27 2430 7854 8576 826 1881 4289 8581 8978 5826 4051 5133 9586 3796 6575 5469 7763 8883 3714 5708 8550 7282 3789 1050 5779 1711 2570 6410
29 4818 4500 940 2523 7798 3384 7256 7069 8329 7337 7566 7121 1371 5998 6929 3005 6590 1585 2231 2691 5128 1259 3543 9911 8634 7738 9480 4613 1950
21 7061 2284 4716 9046 3980 5279 8766 2744 7728 3099 3405 9912 8918 3279 2256 5033 3672 8677 3148 5955 4519
24 5059 5147 9444 1292 3957 6062 7296 9797 143 7369 6141 116 4269 9440 710 2597 3830 8859 296 3726 7509 9511 5535 6903
28 7909 3516 71 4172 78 1062 1534 3014 7595 8626 7754 2653 7 682 1393 2750 2165 3883 3826 4273 5852 3922 7308 1677 6126 6370 6723 7602
29 7613 8024 9028 367 6445 2873 3866 2868 263 883 5069 3100 4062 9278 8477 1784 2453 1517 6094 7365 1198 374 4200 6317 4871 5905 6642 8587 4059
30 3207 6184 775 8060 8322 9083 3548 7526 6424 6491 7864 3588 3031 1876 9935 5146 8927 2058 9340 4183 6954 5256 1488 3859 5575 9091 5543 8955 4197 3916
26 364 7610 6880 430 9774 8731 994 7299 8931 4680 9746 9657 4800 9335 1558 4291 716 544 8074 942 1619 2014 3581 7683 8775 9768
25 8253 742 5168 5211 7019 8056 6342 252 8400 9106 5413 42 2948 6941 5932 3799 2286 365 4253 3879 5723 5189 4688 372 8871
29 719 6914 2147 6474 4626 5246 9050 8176 1430 2096 349 7884 7614 1988 419 2057 2415 4120 4306 2953 6920 4010 7507 1581 893 3572 2395 678 3299
25 1178 8108 1553 9899 5952 4478 9561 2550 5288 404 7440 2891 8579 8241 8813 9272 9314 6023 9063 3069 3260 9544 3421 1863 197
28 9803 6911 1215 8080 212 2000 2350 539 3354 9567 4441 9773 2295 764 6028 5770 2260 6752 8191 3141 4292 3132 504 1081 8103 3772 8474 2149
30 1844 4465 4698 3409 7851 5686 3776 7306 9968 4267 831 2342 5306 481 9493 8250 3098 6775 8552 2019 5947 754 9213 2455 8321 6866 9641 9387 1373 5726
23 7773 2481 1480 9407 9900 4434 935 1722 1180 5098 7395 4971 656 1231 737 5870 4201 9025 11 7175 6774 7060 3378
31 2288 9840 6477 9760 5151 5042 8156 9674 7023 3971 7457 6352 1967 8050 1084 4134 2400 3271 9535 4606 649 2776 2885 4955 1437 5275 6097 5879 6135 731 5398
24 4679 8973 4672 4620 5491 9279 358 4539 8694 1655 878 4594 7758 711 9612 4754 8540 6487 9396 8807 9959 3399 1475 9111
17 3696 4255 6320 8167 568 4511 1919 9365 5374 1707 2587 7064 5546 9789 2985 9122 8627
27 5886 2439 8736 9378 2729 171 6264 5965 3343 1001 7697 4028 6406 341 8040 1514 3556 2153 110 7336 2106 4257 3403 32 2023 626 5592
25 1381 1064 8514 8110 4235 1204 1522 6249 1793 3042 6483 5972 3487 3641 9725 9469 8944 1897 6261 2501 4288 2174 7428 9705 6888
22 2445 4337 6523 8490 8125 6968 3985 1481 8902 4762 553 8325 8757 7100 4302 7866 9529 3636 7502 7166 7774 4487
21 6879 7929 4480 5502 3180 2790 7287 8805 3427 3790 7880 3377 4874 5038 4839 6860 3463 2280 3584 5309 689
26 9252 3149 76 2840 6482 5086 7292 7130 2652 9835 5085 8384 7466 9477 4858 202 3108 650 7140 5297 2163 9166 6036 7213 1511 9805
30 5513 3297 1561 6251 1975 2117 149 6155 5984 4220 2708 6617 9837 739 8707 107 7208 6606 1599 7675 5150 8616 5455 6839 1404 6705 3112 3994 9931 6067
24 4483 5885 525 2893 1519 6502 441 8302 1256 7700 7847 925 7718 7918 4641 5286 7769 7995 9223 5838 2673 1857 4170 7585
34 9550 688 5426 9138 8029 9784 4803 4561 5194 750 4542 7055 1521 662 238 4316 2714 6848 2594 8866 6694 5720 3466 6831 3589 9177 6586 3622 9181 9905 1589 2103 705 1903
24 9763 5471 5868 7588 3555 2516 2865 8046 8618 2126 4757 8181 6949 8 131 718 6331 4960 8537 2932 2799 5555 1202 8925
20 9520 4191 1773 5828 1808 1663 5632 876 1026 5130 4279 2484 173 9700 8590 5499 9614 837 7888 8811
30 9359 6762 3315 4863 5895 1450 4432 2520 5249 1714 1091 2115 5277 2976 4157 220 1794 7245 8827 4310 2917 3064 7973 7311 2814 3392 9332 4440 5605 5259
22 4070 9528 8520 2936 8948 3227 2922 9447 1875 9948 1712 2311 4747 3183 993 1971 6856 1155 2780 1782 2414 4276
26 4138 2582 1513 8153 4015 2470 2612 1413 3901 3317 3261 941 378 3651 4715 2475 4284 2730 4866 7315 1985 6741 2990 5235 2904 2369
27 9044 2061 8986 8148 6004 6891 8714 9271 2648 7394 4852 6999 450 7611 1028 8573 8221 1167 2137 7043 9183 7548 118 2930 6861 599 5854
24 2951 5589 8875 8913 146 3611 2262 2938 2300 2142 9604 9547 6446 9273 7756 3526 7304 7317 6553 9956 1230 547 8582 9468
32 9515 9708 2966 1435 917 30 1003 223 1952 9268 4710 2022 6696 2381 7941 9032 4486 8943 6625 5081 9198 8390 2545 5025 1820 7238 9496 4382 3701 2199 7594 4813
24 3381 7940 1945 1119 2128 2490 9133 7297 4494 7467 2431 2244 8270 2877 4826 6585 289 9131 4299 5015 7984 1418 8692 5869
29 1114 412 9578 7757 205 4976 2911 7233 4618 4904 3382 1568 7665 7712 929 6358 7201 7821 125 4125 4283 8134 6234 8690 4531 366 9134 7442 4018
25 5578 5909 4492 5898 9839 6884 2063 4366 3453 3791 3645 6413 5135 3387 6886 3195 6235 8523 9023 2102 728 4429 5269 1733 7508
28 872 788 9033 9491 9381 4586 6171 7393 5430 4705 1340 7824 4894 4847 8937 1396 484 6449 5701 8833 4979 1401 9934 901 9727 9996 1101 5253
22 7122 5954 5474 7536 8318 8113 8331 8294 1296 6454 7945 3084 4086 3832 7532 8651 5907 2899 9339 6422 3786 6390
39 9251 7519 1757 8314 4407 4206 2954 5782 8188 3457 7210 8601 7999 4880 6921 9842 1728 6821 4323 2629 3372 6121 9701 2872 8007 6221 8683 187 8921 3933 4104 1902 9992 6339 6507 4459 2044 1620 4920
24 8184 5437 8500 81 7198 4148 1715 2535 6306 5161 6003 1564 9574 690 3485 6743 9681 9858 405 3121 7715 8847 6295 9168
22 1778 2777 6072 5064 4004 903 715 4207 8342 8893 1565 8143 7900 5785 4362 7686 7743 4149 6731 6326 5077 2956
22 7464 7186 8836 7408 1725 7701 7478 7589 6029 85 9472 495 915 9163 2217 2141 7366 8668 1574 4663 8826 3124
31 9360 1118 3536 8935 4372 5148 9588 8889 5387 2202 5962 1625 6258 152 8512 9337 8213 556 6812 9525 6937 4 2243 169 2010 5446 2975 7761 1608 480 5421
24 8578 2480 6966 9761 9662 962 3046 473 8082 8846 1518 1917 7072 8693 5693 8915 5402 5290 557 611 6593 1011 521 5798
30 5478 5417 1445 1835 5139 8444 6386 1781 9783 6081 4468 8123 8355 7710 3643 7981 2329 5933 9367 8312 3318 9330 9666 7469 1172 672 7360 8301 4105 485
27 3709 5284 7510 7817 939 1144 3571 9882 2621 1931 7503 9411 2114 5848 1805 2408 9688 6908 6343 5631 58 6338 5654 8763 2183 3757 3538
25 4528 8077 9943 7102 2741 5214 8888 772 4882 5698 9400 8041 1083 806 4645 7791 9902 2724 2373 3991 6534 3747 8198 7517 6629
18 7621 1751 4470 6340 9682 5961 2451 618 1634 6824 2332 1859 2833 6336 5788 8211 9928 6374
31 1545 1559 6504 1847 5432 6125 7490 6307 2282 7454 8749 4902 7397 1786 6005 2987 7923 1059 9982 9896 827 520 9707 5682 4822 5490 6835 7582 4912 5899 9995
24 8402 693 4928 5343 7711 7450 7691 8410 1509 5615 428 6666 1915 2275 4193 9391 7087 8777 2168 9565 1352 5656 8144 8644
21 3827 8516 657 3779 2608 4807 9324 447 6584 1898 1588 3763 6805 9000 988 9227 7485 2704 5125 7034 7499
21 2297 9258 6060 7784 3752 9120 967 9513 6572 3125 9908 7434 7858 3307 321 7439 7098 1335 4562 4307 5515
25 1563 8344 654 4119 7719 2122 6009 4089 3885 7283 2524 3690 4911 1483 1830 7793 9200 1424 4770 5447 6785 2707 906 1980 8428
8 7147 7767 4373 5776 9924 8499 9504 4147
33 4420 1539 4124 7134 5484 5294 3398 532 4921 9926 9730 9195 1122 2444 3205 6064 965 4668 1829 2042 7048 7091 4628 7400 8399 9276 862 834 3544 6639 5205 838 9691
22 5067 9070 5888 548 1415 9473 5980 351 2609 916 8313 128 1383 9157 2130 7417 7033 3920 566 3486 234 6609
31 5553 3030 9356 9833 6620 1616 4991 3940 509 8441 1249 3360 1060 7382 2737 6313 1308 3567 500 4565 6288 9417 2585 4619 4518 3416 4566 9233 1963 9012 1767
22 7355 7149 515 2857 8508 7224 7668 7487 7290 167 8423 8405 3872 8385 4652 3065 3542 299 6767 7018 9274 890
25 7362 4666 946 8566 2690 9685 4942 6869 1293 517 9820 5108 8053 9970 6655 6797 1740 7959 3653 3932 7138 8236 1924 2927 4039
24 1208 576 4802 1642 6127 5330 9894 3972 1025 7741 1905 2334 1569 648 3509 1057 4505 3745 709 3107 6804 740 2973 9248
26 3614 9952 6981 1132 6883 6376 1033 770 1698 8267 5298 8271 8451 9575 8453 5076 2701 9317 4801 2489 9654 6330 2218 1063 2783 5407
31 1319 6222 9055 7988 8464 7560 6055 8702 7157 1260 1787 314 7867 9401 8724 8258 4491 4001 1621 3603 679 2079 1580 603 3035 124 8347 4889 8801 7263 7190
33 7284 8199 7722 628 8750 7494 2192 1538 6601 4277 1579 6682 8976 8359 4612 5692 6936 7062 7006 865 5880 7745 5633 1954 5727 5333 4194 9293 1861 8919 9695 9870 4296
24 4006 2237 4984 6740 7367 1274 4385 8333 1645 9998 1432 9890 1187 9990 4849 1848 5866 9522 5207 2941 7856 3162 237 2424
30 7760 6988 5260 4177 7535 4753 2754 4449 774 4659 4040 7657 2852 8839 2827 2816 2831 449 3704 356 406 8765 2296 5271 5752 133 2962 7542 1984 5566
34 5649 264 6192 6493 7680 5614 6399 2698 2997 2378 9110 6704 1094 3630 4042 4778 8505 5896 5627 5786 5860 273 4975 7797 2391 8033 1279 7841 2696 781 9560 8445 5607 7169
24 23 8632 3504 5164 5564 1659 7764 4054 8585 7631 6561 4637 5925 1965 7309 6294 1312 6396 974 3499 3127 241 6800 6901
26 368 8326 8830 9232 2197 3278 5762 7555 8554 2150 3977 9180 6105 6157 9790 4938 2038 5143 6853 7721 2832 1593 1743 8873 6896 9208
29 6591 6066 8892 5626 9787 8870 1446 2148 7807 5665 55 2494 4598 8112 9500 704 8993 6237 6034 7449 5938 5123 7260 3333 9355 3882 2606 41 3051
23 6960 3490 5376 7090 7943 7842 1590 6958 4158 2728 3089 3058 5262 5095 5179 5680 2436 7054 8649 1389 22 159 8036
20 6090 9699 5496 8620 686 4381 6169 7839 6947 4049 9394 3171 2386 6391 5529 7592 6733 1097 3032 8223
31 6912 6582 9672 153 8304 998 2928 7031 5486 1795 5644 2957 729 3332 8510 7038 5231 5640 9738 5986 1039 9343 4408 1348 2859 2205 6156 5856 3961 6871 3295
22 6031 2186 5887 5320 3471 9135 9721 586 6983 5957 6037 309 3766 8142 7082 8037 4681 5199 7374 2921 5093 3628
23 6515 3750 1918 8619 393 3259 5088 2097 5930 3397 1756 2610 5395 5534 139 3080 6882 7084 3366 250 104 166 2105
30 8605 1356 8458 3955 8048 1654 5348 3142 3118 6007 9184 8614 8468 5819 1831 1983 6859 333 3738 9780 5926 3349 3411 5696 7730 4541 7656 9816 248 7156
23 7809 2463 8828 905 3685 4992 4274 5126 7673 4978 5356 1639 7799 3792 4990 2564 7172 9838 9643 3085 3168 8416 1684
36 5444 3071 7732 4175 9953 960 4324 103 3493 4841 2509 1933 461 5177 505 200 4338 3546 849 6927 459 6513 833 3595 1993 8406 9299 6531 4460 9413 5318 414 6411 4156 9724 9212
22 5371 8998 1524 2592 1463 3441 1394 5937 533 1388 4865 3004 6721 4982 300 899 3425 1834 7894 8210 565 1995
18 4417 9462 6616 8538 7504 7742 226 907 8877 8021 7322 5671 6524 1948 2679 6715 270 3956
22 9530 6189 9495 5434 323 8641 8431 8951 7634 591 9053 5958 9743 8715 5420 9246 5058 1888 278 2039 8518 1900
24 7109 8274 1942 1552 5158 1346 2889 9831 8039 5897 4195 1541 2421 6695 567 8358 866 6613 1357 3855 513 945 3024 6418
25 9186 2302 1228 1672 2413 7557 3209 3186 2931 448 9791 4859 280 6359 9348 8349 4369 5101 9107 5055 8382 1029 9690 1667 1019
30 4301 9636 3440 7497 9286 5373 4032 7892 9081 2385 1205 2318 6537 3510 2109 5859 7416 7484 3501 6977 8205 5261 9753 394 2417 8450 3420 53 2497 6930
22 6463 2654 4572 6133 2428 4245 3973 1687 8785 3743 5753 5526 9064 1414 5083 4488 4033 3631 8695 5675 4504 4075
22 7990 5008 6291 6489 5920 3022 6618 5174 874 3968 5236 2624 4795 7163 3194 111 7987 9793 8491 8044 9416 6458
36 6403 594 6484 3904 5489 5257 5406 2677 7228 8838 7316 3889 2196 3262 6012 6113 2958 4583 2552 7343 4116 8814 3648 1053 496 5089 7735 2471 6986 8691 753 8283 7016 2786 5818 4458
28 666 4214 6495 8936 8959 4570 5834 3222 4850 5973 478 2012 3983 7617 7625 261 3105 8461 1852 3007 3565 2807 1686 6551 823 6246 59 5061
34 873 4700 4805 5334 7687 1532 2405 27 8403 330 9353 3253 1894 7303 5237 8795 9093 1732 4995 4682 8164 5408 1841 1826 7111 889 9889 5224 3480 1193 114 2562 3201 4677
28 7482 7609 2269 6894 1056 3053 6674 5749 6833 8665 6796 2880 8903 6137 6148 1951 3798 1166 3184 5805 3979 8455 5606 1801 4631 8415 3103 2920
22 9349 5127 952 3965 4554 6687 9187 6046 7682 5361 5577 6044 7965 7381 4654 2027 4076 5427 1771 6084 7171 5442
23 1803 5190 9836 4599 7933 8672 247 1444 8475 254 15 8289 2544 7301 5041 1100 1603 4016 9424 2554 4669 5600 7893
23 311 6382 6430 3020 7720 1330 8010 870 7446 418 5967 8141 8456 5596 5440 5410 2276 9892 6876 8130 9371 4501 5744
21 7972 3430 2201 5311 8481 9765 4867 337 2478 9814 2016 8026 8574 2098 6892 1237 338 371 1638 12 9243
28 1023 249 3530 7658 4969 5684 9726 6874 685 632 6241 315 2257 6324 6021 8654 2823 542 1489 655 714 2712 2221 1907 9237 8351 6924 9710
25 2412 2132 9782 9608 272 4174 6576 8803 7917 5117 3303 5110 7906 6706 2590 598 8263 9620 6763 4394 2129 6632 6400 268 2658
23 3824 8815 5557 3206 1935 221 5910 2689 2285 5017 5850 9669 9815 1477 9125 4387 1833 1981 3101 8465 7435 2458 3707
23 8711 8235 7236 813 1431 4168 4792 2066 1124 7521 6065 2246 6145 5559 4060 8196 3953 3255 1302 8429 52 5901 3513
22 4736 3926 4145 6779 4621 1947 1341 1806 4876 1811 4917 6899 9010 4961 6459 6472 102 914 8368 8575 3946 3997
24 5969 6006 2876 7512 7103 243 561 6300 4748 5978 2139 5099 1636 8543 3580 2440 6213 885 8480 3361 9014 8146 653 6500
31 7347 17 6289 588 607 4261 6276 6435 4720 6001 8374 8676 9677 4386 5472 6243 6826 4356 794 2666 8938 1397 9467 6727 9711 506 5781 7664 5267 6862 3857
26 7015 854 3515 196 230 4940 9933 6783 3737 5053 9827 9457 7105 5707 4789 3313 443 4393 8008 3878 3140 3352 2208 7217 9328 3706
23 4329 636 9229 6614 3519 1280 7143 6526 7974 3176 5173 3898 5339 6357 6940 5090 7819 4313 1896 9554 7869 8521 9215
26 499 8028 6735 4772 5412 4379 1351 9398 5505 176 6303 7968 8930 6926 2087 1417 9762 2861 7949 6605 2595 1386 4718 3858 8208 7070
29 7522 6384 6536 2860 464 8701 9226 442 2937 7136 3115 616 9217 7583 7624 2601 7693 8105 7801 4582 1630 6364 6865 9499 1170 391 2259 483 5175
27 5332 5950 7259 6995 9919 7146 5365 5020 3807 3442 502 8610 2826 9024 5579 6716 1982 670 5700 7785 4013 181 9628 7967 3314 1305 2949
28 1146 8886 5084 9817 6285 9298 1216 3432 8511 7546 6569 7964 1267 5694 1048 7488 7472 2488 2320 6278 545 2864 2986 2781 519 5522 9149 9446
25 9693 6904 4061 4205 569 4647 5942 4182 815 6035 5622 3847 5602 9129 2731 6588 5104 5291 2711 6263 8212 5252 5558 4897 1840
31 9346 7947 8334 2173 470 1759 8536 2258 9488 3464 6635 6863 7133 7160 1254 4875 5884 2994 7276 6973 2802 3045 5936 6057 2175 3924 1458 4546 7766 7445 2960
22 3638 2330 7020 4840 6325 9336 9304 6151 2745 9290 4256 4243 2339 4703 7795 3869 6881 7848 2219 9018 5388 2322
28 3147 3325 5301 1046 583 1892 3594 6452 7952 5676 4400 4623 9576 8874 8449 8014 3037 1300 6922 193 2634 3768 138 877 1523 7890 8706 5800
33 8788 0 7910 3008 8655 2069 4635 5001 2172 4482 7279 7520 7705 5790 6525 9112 4787 3448 2457 4219 5929 7540 8229 5142 2883 887 5797 7377 5874 4667 6195 3348 3328
23 3861 208 9222 4064 8378 6 5580 3363 1895 5724 4522 7667 1797 162 4461 3875 5710 2901 5022 7409 2464 7278 5276
37 1027 9289 5492 5772 5131 4925 5169 2589 4087 5757 3438 2398 9829 1107 5452 921 3929 5457 5011 3682 2473 4448 6766 2466 8138 8659 5107 7914 3780 4143 4610 5923 3412 9188 4946 2429 6002
30 1190 7630 2596 8718 2003 5902 3545 3699 8015 7191 8264 8914 340 2121 9967 5097 1622 3856 4903 7853 5585 4964 2897 5170 4723 627 9655 6828 5939 5539
25 1105 7291 9040 2556 189 5949 6611 4141 5063 7332 5833 8058 2638 780 5670 3988 9288 4797 2054 1938 1277 4229 6305 818 8255
32 2866 864 4239 1613 1615 6760 9704 1309 1354 8745 7516 1096 1238 3975 2479 1996 2988 5167 2947 2242 2910 6984 2314 48 1804 1410 2138 2607 1090 1248 9786 4350
30 6018 2209 3370 332 2283 2416 822 3835 8712 6802 8090 276 2229 1914 2399 8755 5595 6421 8151 615 9197 4236 6650 8956 9622 6082 3462 6987 2644 9590
36 6834 1676 6581 8640 5853 2747 7127 8564 6636 2680 4648 3523 913 1409 3155 9534 9720 6978 6071 733 4226 3455 9357 1530 8439 9846 2952 4334 9347 6428 9812 4771 5300 9267 2328 896
29 3291 7359 1377 924 6217 579 6634 4472 5663 9559 2426 5349 7538 4237 8485 9512 13 2756 3386 1196 4389 7607 3563 7401 6959 3456 2409 8174 6111
32 2486 2769 3305 6348 8357 3166 9453 9713 619 8643 8969 5383 460 3151 6932 4457 3160 7709 1710 530 8528 6996 4146 6552 8882 1825 2558 2170 8686 8899 9142 5814
27 4520 5498 7957 5604 2070 880 9030 6481 1926 2127 803 2160 5586 4151 2156 9052 3787 7244 1175 4790 6440 1197 900 4743 3895 2813 2563
31 3225 2343 7844 9593 8999 1680 2304 8786 5683 6371 5890 9092 4351 6681 4406 3528 3811 7257 2886 4651 4602 7117 2 7654 1501 4414 8545 983 8524 5477 1605
37 835 2977 1316 7960 4848 863 5292 6964 7829 3664 1904 7679 1363 9756 2207 3158 8097 5917 9582 5319 5186 4907 4544 3450 8769 1467 7281 3550 1753 1139 4213 7039 9517 373 1719 9309 4130
32 7075 1836 175 9245 4095 2081 7744 5181 6042 8771 8530 4088 1405 5144 5315 8388 9452 2321 4098 7268 5629 3437 9915 5182 8228 4821 573 5822 1549 3245 186 5438
24 9418 3629 2214 2162 2204 8411 3210 9465 9427 1395 5009 7603 5966 6427 1769 9683 5799 8272 7386 4397 8816 6803 6423 7573
28 7684 7071 8949 8784 324 3211 5460 3383 267 1369 7919 673 1500 4208 1299 2194 7831 3097 2048 954 6619 434 2611 9140 6351 7430 765 9951
28 1246 3298 2881 1453 2166 7438 5461 6032 4662 5657 5520 9029 7351 1457 7875 8366 3939 5280 3033 4783 7883 9799 1336 1884 623 997 7135 5263
25 4868 5359 7202 1936 850 1886 8923 427 1486 3284 361 1149 825 2077 8025 8504 74 2631 1476 5677 6771 3308 9308 7653 4216
28 7506 867 8934 4854 5912 7123 9634 7174 7633 7518 9280 736 2055 5731 1014 4985 1162 3274 1656 1290 1726 6107 7527 9955 9549 6328 1584 6091
33 766 1131 3788 7771 3300 522 7778 5621 8389 7046 6409 4834 8746 2287 4314 6559 8909 8687 16 7838 6215 1047 4099 1179 3062 8952 9527 9001 8656 1070 9819 3239 7243
29 4467 9601 2476 4320 2376 4281 10 8226 8639 9964 5465 4162 2380 778 5612 3470 1203 7559 9410 8197 9118 3974 8594 5576 5188 7370 4315 5026 5195
30 5780 4355 1512 8647 7970 4900 5953 2368 6653 9193 3574 2898 6950 8657 5066 2498 2225 6425 1391 9987 5313 36 7576 2604 8754 4509 8681 793 6008 3781
34 8553 4419 9541 1186 743 1939 7040 7200 1992 8020 5547 938 1257 2752 1668 3304 3280 8806 3839 1606 2107 8383 1089 596 4287 8462 1360 3727 9757 1372 9406 9009 4171 6710
27 310 1087 3423 6564 5908 7193 6255 4899 4224 7240 1729 969 4932 4776 6302 7550 7979 5227 5045 7808 2009 1271 3217 6870 1516 9412 4161
21 4588 5883 9471 702 2702 5660 4128 2530 1885 1987 7081 6106 8501 5916 282 3969 8547 403 2135 3626 2828
21 8330 1977 3785 3216 3959 6212 2390 6819 1382 2504 6191 2052 1508 9399 8407 3671 8069 9128 4784 7845 6956
24 7453 3334 2787 8739 1362 1468 2030 7599 7650 2499 5608 7850 312 5590 3782 6621 2266 6444 4527 4781 1454 4809 213 9115
25 4838 137 8343 4685 5533 5561 8162 9170 7954 5222 9540 845 1777 3273 3590 3599 9333 3350 7305 2808 5056 1068 1189 6730 3287
28 1973 5815 5681 1970 1007 1024 3637 5737 6038 9264 4891 4388 7321 5789 1887 214 1343 6177 4370 7151 4814 4391 1494 224 2195 4285 9536 5119
25 3362 580 8215 2847 680 2902 4691 2894 7568 541 3615 9777 9437 5401 3444 7170 3612 3941 3998 2450 1661 691 3290 6714 7441
23 3088 7534 6158 3015 1156 1554 3837 8633 3374 7089 6962 4202 9096 3154 5993 8424 6565 1587 6266 8920 8136 2365 6265
28 7913 722 9533 3050 1207 4624 2462 7553 54 1353 3199 608 471 7181 1760 6257 8797 5336 2235 4328 9884 5508 6461 5620 4740 1578 8166 8567
27 2620 9997 1113 6381 8747 2068 3540 4536 8413 5327 2915 108 1671 7413 3344 9502 7818 8787 6628 9771 88 9633 5488 2659 3029 3458 2511
26 1998 5646 8348 9880 8115 2684 8622 9439 3316 5193 6703 3900 1644 6648 9057 6832 4675 2903 7826 4234 9972 91 9605 7777 8022 8533
21 9249 3527 602 6961 18 9376 8009 4664 614 8612 4268 1678 5396 9154 3012 1964 699 5778 6814 3175 3724
28 7108 5295 4184 9463 286 5458 956 5811 8885 7389 5248 1367 3060 198 4622 1098 2392 1570 1629 5466 2062 8076 2775 4223 7690 4188 5028 4044
37 1922 3693 1439 1721 2254 9748 3394 6562 6102 7897 8055 1321 7310 9294 1535 5804 8089 217 2228 5050 8645 2963 782 2655 6166 9981 398 7787 792 2360 9351 8603 9068 3554 2441 6970 791
25 6143 589 2588 5341 5404 6972 288 7605 9054 1913 4150 9058 4614 5493 6117 2929 5807 6353 3801 4987 4959 9342 1031 8292 9171
27 1874 8200 6378 5140 2367 8099 66 5809 2605 6578 9322 9175 6820 5159 4895 2774 19 7066 5364 9863 5032 1276 9077 958 4456 1273 2090
34 3870 9048 9624 3728 8035 9240 8163 9260 440 8561 7986 5340 3477 7584 5082 392 3345 3407 6506 3236 8723 2080 3326 7300 931 1324 7781 4348 5449 4888 9007 8742 3414 8367
24 1140 8135 9687 9100 1925 6955 3679 3213 1121 9510 2879 1741 2532 5750 3254 810 7676 7178 9860 8916 2389 8315 9390 779
33 2015 5597 6079 7050 9397 3489 920 1878 3583 6290 4266 7392 7993 2863 8257 8440 9811 235 2447 554 2403 3474 2200 9779 308 1824 6675 5906 4684 681 3854 8376 2268
26 8047 6547 4973 2031 7294 1009 4824 844 8249 6737 601 1350 4671 7402 5244 2427 4167 8265 5264 3943 3684 1110 9345 9182 7907 7026
31 1061 2112 8809 3995 8861 3733 7846 4000 6699 3431 8298 6161 5136 9266 3391 477 8912 4929 9508 3093 1164 9302 1218 1263 9277 9993 9300 6316 6110 192 4293
26 3230 894 9848 3655 4107 7775 8019 744 3395 3235 759 8279 6641 3914 2419 4354 283 3663 1136 7772 6027 9769 7246 7155 1223 6739
25 943 388 7476 6193 31 6850 493 360 8147 7115 5087 6818 4881 339 9098 65 2853 6539 1212 2727 319 642 2482 4347 8586
23 6583 9732 3702 9497 165 8369 8472 5481 7184 8917 3935 8398 6268 326 7647 420 5824 638 7144 6738 4694 439 6652
32 7779 9109 5134 1323 9619 359 6701 7895 6662 2805 2474 5661 5019 2124 8947 1691 154 4707 1979 5476 5450 8615 5074 4605 6337 6061 9584 5609 246 585 4190 7118
32 9019 8793 3135 1842 6680 1465 7865 6769 1737 2681 3422 5793 4025 1572 354 1591 3204 8589 9043 2969 570 4543 1130 1739 9486 5523 3725 5372 1288 646 7911 1247
21 4717 6397 2983 3502 8822 7437 8922 2862 7277 5987 9065 4198 8729 4988 5016 2978 2402 7298 1338 94 4919
30 6610 8493 9132 7286 9862 8853 7249 8219 8107 6287 6669 574 5736 7727 564 5928 771 1152 2672 6498 725 8734 2188 9526 6202 9617 5921 7012 7837 4297
24 240 3755 9658 9456 5380 6181 2811 3598 8072 5630 6691 6219 2029 1649 2989 1901 44 4966 2210 3251 4549 4864 4452 9545
33 4949 4439 7593 4823 4555 8127 7934 8526 5618 1496 3224 7192 1266 207 3153 4166 8317 2515 1962 2683 5439 8901 1150 5999 5746 3192 3819 9684 2622 9901 6649 3841 5266
28 6238 5296 7182 9804 4673 3059 1285 2382 3327 8940 6952 9238 2664 4115 6475 7403 3681 4473 3592 6683 4564 4192 271 9219 1696 5360 5305 4217
28 5979 446 1930 320 2495 4204 3794 4024 34 8648 3549 9984 4764 3692 6815 1379 5153 953 2459 9795 51 661 90 7529 5702 5497 6841 6299
40 4325 4810 8996 9648 5046 9651 5124 3179 9206 8207 1462 1126 7092 1214 6689 4575 2763 9607 3476 9388 786 9369 3547 8222 674 9692 9606 4695 8085 3385 4869 1502 5051 1810 6975 7237 2383 8484 6030 2770
27 8719 6855 4084 3566 6152 8862 1772 2100 6545 6211 5740 5366 9350 700 3947 9638 6356 3200 5102 9144 6846 9234 9859 8002 1447 7161 7604
27 1284 6647 1682 4475 2021 3169 1999 2013 2211 5293 4563 4886 9479 6677 6656 8307 3276 3130 294 3174 2348 6367 4590 8457 3596 1870 7465
30 1018 4181 1961 3178 9845 3248 9566 1240 7556 6519 9126 2123 2071 3336 3634 1611 1359 1986 6823 5943 6051 4540 7692 402 2345 610 8884 4346 7539 5795
21 218 3389 3964 4844 4913 4952 3990 2625 7142 8469 2964 5761 5836 8051 1872 8673 466 2914 8225 8392 491
28 1956 5141 624 8086 80 4972 5239 7271 9230 3122 4112 9020 7755 8850 4108 1506 9178 8756 4246 8467 5808 2104 5964 1761 5641 4837 4374 3110
38 4644 4022 9503 3890 5156 5511 6979 2748 550 5695 2004 9017 7531 4503 8218 8281 5230 4073 9445 5768 667 8017 6556 3579 8844 1575 5963 8979 2035 8145 1065 4552 1158 6858 7681 6122 4706 7564
21 1022 9921 3191 1286 6245 2926 6297 3553 2216 8104 6729 8391 4556 4827 2485 4093 2725 5220 4878 7049 9936
30 8571 8753 5200 5556 6075 3625 497 6676 6684 2993 2234 8608 2801 3621 56 1790 381 3460 7689 3529 7500 8783 4489 1147 8362 7873 2253 4331 2581 8791
26 7346 1736 5384 251 6015 3754 3371 2032 3496 6768 9269 9645 8705 3950 370 4616 8818 9089 9716 9616 5454 9095 4749 4418 8717 930
28 923 3338 7150 7264 2092 4333 8506 2483 3632 7293 4030 2292 6938 3783 1815 1497 3585 3665 4196 8684 8132 1120 4585 7222 2438 9679 4905 9003
28 9910 9920 1289 6509 2193 6724 50 5994 9826 4401 7080 4697 4003 6098 6054 3593 8114 9747 5456 8171 343 6334 8232 4571 9475 8926 1109 7475
23 9914 1789 7882 4275 4122 7125 2084 4384 2815 2793 5379 9568 9038 1117 6447 4529 3188 1597 7349 910 6345 8831 2674
31 2448 6076 4998 5202 8539 8031 7616 4994 4530 5794 3043 7878 8137 1792 2694 6165 1869 8658 4701 4974 6341 9758 6077 2472 1577 1441 6095 5149 244 8273 821
24 1546 7139 2882 3805 1660 8798 8172 1473 1646 6456 1692 2995 7946 8700 5945 3449 9626 8316 8454 2094 9678 5369 5554 4259
25 2709 3475 8239 7688 7663 816 6417 6070 6722 6626 575 1010 9485 9623 2293 9630 6864 5760 2366 2067 3073 8396 1134 1527 5678
29 1529 3986 3833 7056 8629 7342 7651 4761 7205 6335 957 1157 8549 8625 4173 652 2738 4534 3189 1390 2299 2120 1080 2869 1295 5057 5598 9352 3834
22 641 884 4642 622 4121 425 6194 5079 7623 9341 669 6080 839 3597 1989 5047 5494 7702 1774 5709 4927 597
32 4317 1459 6910 5658 950 6101 6311 6063 3445 1864 4639 6925 6394 9712 5867 9312 9556 2493 4250 5005 6777 9419 8498 986 9631 8823 9855 7852 7670 266 8350 4103
26 2177 2533 8095 4983 8230 871 4820 4956 6557 1809 6660 9039 3066 2008 1262 987 3250 7796 9261 3667 8187 7313 9116 2238 3697 7572
29 9740 8895 4029 7843 7212 8073 2767 8319 5003 2387 2549 4730 9895 424 6355 951 5582 376 456 2289 8034 4767 5704 1485 859 5611 6283 172 9016
29 5254 8397 3027 3620 194 6116 9464 3976 6530 3606 4055 7338 5378 6854 3723 5345 9431 1310 2837 8607 6218 7652 5865 6253 1600 6776 4444 8157 4742
27 2541 8139 3311 879 9609 5152 6773 7331 991 7978 3999 2323 8624 6794 3659 3910 3356 9214 8660 8128 4713 9263 3497 3240 2425 6700 8897
25 7458 3292 5635 329 9402 1700 7706 3966 1783 7543 6224 4395 8733 9945 630 7669 976 290 9800 6401 6698 1635 5218 2095 9808
20 1785 2088 2394 494 8704 1142 9653 1768 7356 1628 1243 6344 5243 5645 8977 9066 7234 848 6383 7005
23 5975 2593 1610 415 4078 1303 836 8740 6147 4136 6187 7533 1127 9176 2647 8252 4263 4247 8489 5007 4248 3514 7805
27 3729 5250 5070 4996 2542 8819 5375 342 3949 3256 7014 3023 3472 4210 3117 7459 3139 9487 1752 281 2713 9162 8604 2161 2508 2560 4643
27 3367 9754 396 97 2768 1755 1365 8635 9950 9147 9821 1548 8961 2676 2036 9284 1934 6203 5873 5075 3335 9516 8910 302 215 3461 3814
30 8000 2184 1148 9385 7363 640 6678 6360 8904 1174 7982 7619 385 5397 4719 1865 1258 1058 2753 9103 9358 2355 846 6750 5018 6726 6175 1434 9292 117
32 7655 8119 350 1827 819 7328 155 8448 5840 7253 7830 6223 7857 4843 3079 2230 2113 4102 7823 1665 9577 5429 6982 5527 3815 6528 3263 7726 1664 2789 63 3569
21 3086 1416 3742 9644 9659 6019 1479 7578 9205 1754 572 4957 113 6791 5521 4497 1609 8854 8896 1807 2967
19 5573 3468 5639 3138 8637 141 216 5563 1188 9097 6787 5541 4426 465 9591 3937 5270 3410 2884
31 5985 3388 1327 2189 7218 7000 6040 6412 3758 8592 8900 8820 8720 2082 6014 4187 6041 904 1690 1251 6478 5145 7696 5565 4760 3683 4892 4047 4589 7073 980
22 4604 5272 4447 3778 3735 5000 4569 5470 7901 8182 8557 1702 4873 4264 1073 4490 3899 5206 9470 8835 6485 552
19 8422 6980 7275 2454 7319 375 9507 3992 355 9946 5092 4845 9136 875 8876 387 5225 5418 9937
23 2265 4559 6692 3257 5021 7627 6736 2848 6229 6895 1012 5893 4298 5659 5362 8760 9218 4454 9976 8419 5569 8502 8109
30 8758 5934 7703 1604 7345 1368 8427 7107 4607 7361 5049 2998 8732 7036 7387 2599 4230 4609 227 9745 3076 7388 783 2761 4665 4091 3152 6758 9917 8725
30 2099 1421 1623 6443 4857 4058 8364 8430 2946 5504 3296 8825 8837 1311 255 3919 804 1307 1154 3404 7162 3797 8817 9969 2040 3712 9235 7148 840 9776
30 8111 3330 7152 3996 3220 7037 9441 658 5518 651 1899 5894 1832 3219 1955 7114 7333 6393 7077 1867 9539 1493 4132 3094 7470 144 2158 69 7223 4462
38 7862 101 5997 4745 2749 2327 9313 2645 2867 1727 4962 2294 9615 145 3860 6948 6011 4203 2602 3849 3820 4322 3765 5392 4655 3822 9244 6329 4708 219 3021 77 7035 3459 2267 8621 8980 5351
24 9913 437 8160 7068 3669 4615 5662 7242 4722 3173 8065 2940 1573 1020 6890 1460 3039 8602 1515 9975 7129 6024 2317 8425
29 4321 3739 4144 1422 7375 3732 6124 4728 2337 2517 8841 8741 6180 5532 8848 8688 1997 9886 6782 6627 5712 7881 8768 4725 83 335 8703 2006 4693
24 4048 8821 7167 9090 1685 2487 1689 4037 9739 4977 3364 8802 2154 9822 4785 7661 3238 1313 7262 383 2734 4129 7270 5672
32 1002 1670 1763 6514 6256 6049 6118 3396 4758 968 201 6168 6196 6389 8699 9938 7426 5448 1241 1960 3365 8185 2190 5428 3532 5777 6772 4290 2700 7925 7269 9045
32 2751 25 707 4412 8412 9944 4924 2699 8027 1112 5034 3740 2133 4034 2247 4884 4581 2705 6056 1765 3494 8529 2353 5482 2111 9673 9386 1235 9941 3812 6770 3658
29 3193 2171 1016 8991 8170 3091 4712 1633 3773 7812 8459 6323 3428 9847 3644 467 8259 2347 9518 5583 7840 2358 5335 8175 8735 7159 9916 7188 6878
29 89 7713 8946 3810 784 2315 6460 2697 9448 1490 8393 327 1013 4923 4222 4402 3746 7002 1265 3717 2477 9572 6000 6918 8268 3036 7412 3761 4081
30 9449 9509 605 4072 6622 6173 2933 2261 4364 560 3109 3657 1160 973 6934 5031 7958 7833 426 4593 7825 1375 6732 239 9242 830 8435 9932 961 3576
23 7376 9072 9403 5350 7189 2091 9828 9906 6220 1802 7209 1115 8234 6989 3909 9879 5385 4392 9881 274 182 1669 8005
21 233 7153 3903 3649 5197 3624 1041 9755 8079 1219 3221 869 5433 2435 2798 9327 6838 5882 6434 3128 7481
26 8878 7483 590 3337 524 5208 6239 7164 9861 809 7749 7274 8059 9422 9958 7876 882 2180 9466 7211 4083 4993 7418 147 1438 8375
23 174 6793 5802 2695 7562 4241 6868 5825 6580 2277 2686 2888 9310 9521 1528 7058 9429 8420 3157 1890 92 8285 6906
31 6745 7926 1851 7088 6518 2026 9640 4525 2406 8476 7295 8165 8216 5549 1005 4142 8782 9675 3150 185 4014 7551 475 8371 5591 7180 3880 4513 7348 132 1355
22 3288 6913 8975 3104 1102 8194 4625 6571 8992 7513 4512 8953 6837 1153 808 760 4071 5699 9506 3993 3078 6366
31 1143 5721 7373 7725 842 8671 5514 2325 4763 5625 6244 8721 5223 2792 8158 1298 7154 7252 9977 5247 7794 9553 3286 5992 8748 8646 8404 7780 5832 3208 4038
27 5562 6499 8572 7352 6298 3511 45 3320 6567 5287 964 2970 1766 6242 6280 5122 2764 2855 4817 3918 1800 7849 5180 8386 7580 7961 8984
27 8994 5307 2491 8173 581 5212 3823 2968 4069 1866 9338 1074 8808 3613 6429 918 7863 8829 9155 489 8013 4036 3607 8764 9947 7537 9680
27 5742 1949 3446 4726 7528 6058 4043 7187 8667 2778 3402 4788 6405 6709 8738 191 7364 5425 7729 7168 1264 7032 1232 1614 3241 6748 9203
33 6744 4476 6365 7176 8872 5976 3818 592 2251 1657 4752 5730 9759 6822 1749 3095 4244 7698 7776 8698 8092 9303 8887 6468 6174 665 9637 4535 7944 2423 9150 8296 5411
24 4352 8679 2649 2074 9929 2830 9433 3703 4548 9062 2514 7868 4630 3000 9555 6577 7419 8776 4189 2723 9602 7547 7896 1510
45 9864 3694 6541 5121 1868 9742 7815 8663 8881 9404 1054 67 851 8966 8995 4617 9542 9806 6844 8186 1224 9492 7334 7969 2437 2643 5337 3673 947 6272 752 508 1716 6661 9888 1420 3380 2220 6231 4096 6488 29 8638 463 5183
27 7432 6665 6293 7635 9071 2264 4751 8534 7563 735 1281 7828 2623 4404 3136 1181 2249 3052 7179 6867 7022 2281 9022 9165 8280 7067 897
30 2669 3145 7671 7341 8950 9301 8473 6725 5037 7101 7860 4832 2662 6877 2722 501 9036 4739 4109 8470 2185 4479 4341 9395 4294 7714 6260 8116 9 8261
34 5281 3119 6516 2191 5763 6494 981 7460 3055 6543 3802 8006 2795 6679 4916 741 7694 7644 8032 2002 5784 6464 4856 3960 7612 6439 6754 7492 6115 2547 122 6693 3744 922
28 1206 4965 7420 9021 2539 4005 558 4123 1108 2913 5094 5843 9102 2167 3419 2270 8193 2064 832 2145 5839 2361 9060 5584 1328 6185 6308 5468
33 4948 2693 6207 6349 3281 5729 6074 8800 1576 6197 2298 2056 7659 1213 2856 7558 348 164 5172 4683 6188 6216 5835 3945 9382 4282 1601 8320 8709 1505 8434 325 8794
27 7383 39 6200 4135 9867 2935 8189 1882 5198 912 9903 3223 1137 8339 996 6759 3928 855 1052 6967 3668 7443 3070 4601 4578 5204 9537
26 1695 807 6801 1652 9585 3478 1474 7095 1889 1860 6633 4113 9852 5316 5599 9236 2374 4304 9319 9161 6673 8559 6827 5922 2159 5422
29 2717 3809 2721 7662 8278 6645 3181 2500 1077 3570 6747 7106 6792 242 860 336 1871 9963 7486 9051 7096 3531 5959 6419 2046 5857 231 5216 2687
32 9049 6630 2646 2678 7204 5370 9059 1742 1021 7638 5570 2844 2900 6104 7747 1408 9939 708 2354 287 3482 9088 3711 158 7606 8970 3753 8642 8243 8669 1099 4842
33 9579 1821 6830 7119 6362 8204 7380 6230 6596 3978 9323 4574 5322 2907 1049 6048 9587 2118 2371 3041 3695 970 3989 8438 7414 130 2924 5548 7424 303 331 4437 8310
34 3705 7239 3187 3749 6933 2502 7561 8726 7452 73 2819 6099 3081 9380 1329 2912 4209 1165 8790 3481 3049 64 8149 6708 6199 2073 4057 5718 3646 6476 316 4524 6851 2950
30 7379 7113 1440 9813 5382 3887 9962 1385 3301 7733 6550 5616 6198 2050 6108 6163 5674 6281 6788 1556 7116 1030 1762 7628 4508 8680 2352 3987 5951 1244
26 1194 3507 7314 8070 2411 1163 2651 1191 258 5877 7672 756 4330 6529 5299 5258 847 8096 5354 6638 6414 6538 5655 5574 431 4020
29 5919 5317 5813 3359 454 4074 5940 8408 236 4950 438 5847 4735 5650 2628 5006 3218 5114 9117 1304 9426 1448 9075 4053 7029 3177 5636 5728 4731
30 8599 8452 3111 3324 7904 474 8933 9621 1594 7811 2918 3247 578 7648 3322 5215 2916 9460 8300 3863 1929 4031 3082 9494 1387 119 5871 3893 3156 4729
26 4836 5891 1040 9686 1666 8759 4812 3537 5010 7265 2850 7047 6829 7530 1946 9930 1972 5507 4702 1735 2878 9174 1294 2818 8697 5751
31 768 9099 5393 6441 7937 7579 6825 9152 8437 7463 5593 2735 1332 115 9047 6282 2037 3092 7920 2835 919 5617 5409 8466 1683 37 637 9866 2465 1291 7750
29 9489 9231 9519 7028 9744 1227 7501 1125 5072 9325 841 8305 1487 3393 7768 6917 8678 455 3687 9002 6368 8964 982 1704 4278 7474 8052 5525 9241
31 1037 1582 1745 3633 3774 1586 3265 1326 9311 3243 9190 2546 1042 8016 8206 1812 6640 927 9904 7790 7626 1798 8328 6943 3970 1598 5423 6233 8209 2657 2043
35 8546 9702 9105 577 8722 4580 6480 6314 2945 9194 3379 3828 6470 8767 975 5338 8752 9909 2817 5314 1566 9854 3892 9073 6875 7505 4958 6690 7045 8269 5587 1503 9204 6843 7495
35 4065 4361 6150 129 2825 9557 9583 6236 507 2670 537 5594 4442 4342 4704 7385 6059 4481 4755 7396 3927 2017 5462 2890 1624 5036 6685 70 5473 4833 345 5588 328 3133 6872
32 6600 262 9670 7992 6129 9764 9663 3433 209 5176 7989 2551 3249 4423 6206 668 4908 4721 1380 7083 9383 2422 9362 4026 9414 6149 1640 5755 8636 7423 1366 4676
29 908 6520 7985 2982 408 8394 7731 8340 9737 5842 5531 9259 7053 8124 6053 291 4967 9225 1990 7183 2233 1595 2526 9564 3803 3605 9285 8308 3670
31 211 9569 789 3864 7753 6907 625 9632 7643 380 5500 535 6078 748 9498 9334 6546 4165 2169 2152 2999 4906 334 4009 9013 8894 2846 1275 9532 5163 3886
49 384 6208 7329 2710 9011 2449 7199 6333 723 6327 2134 604 3661 1637 4066 4944 6228 14 5754 582 2143 8293 7645 6451 4435 1537 2255 7124 4453 3623 9006 7065 2512 7358 3426 9037 5399 7955 5911 8262 4658 1185 5390 2905 4097 6068 4050 5771 9316
25 1269 9999 6548 8244 5717 620 7094 3770 2324 4825 8220 1407 2637 8522 8987 6806 4595 3762 6842 7597 2351 1941 7266 2076 514
26 5914 9985 1411 7052 2851 6845 6651 7195 4496 9295 9957 2310 8365 9151 634 3102 6346 5035 1169 8496 7908 2140 8169 2598 8370 2821
24 389 5352 2972 2626 7076 8290 881 3831 4883 7835 4249 9642 8471 1225 1358 1747 5201 5312 3551 9792 9375 1337 8983 4271
26 3767 613 5821 8102 3650 4017 4939 2806 9878 3143 1679 5689 5581 3930 5115 3915 3806 7646 4178 2616 5165 4553 1567 1550 971 6361
32 3161 1427 3905 4021 4424 1873 3635 7792 2335 600 4603 7327 8845 2706 8238 3505 5758 3719 4240 8081 7496 645 4759 5363 7093 363 9296 9706 6130 4498 4396 3057
32 7600 6319 8792 5321 2344 8661 932 4118 7250 684 1525 4507 762 382 3867 8483 8054 4970 5878 9275 2305 2443 2779 9719 7810 2181 3418 5251 4918 5324 6375 9320
27 2944 2110 2812 1562 4493 6170 6402 2060 7524 3131 2822 2144 8117 6898 3159 6250 3114 7421 5355 4430 9250 6292 6604 5233 407 8527 5956
33 3272 6363 3347 549 5858 9130 584 5851 3215 9548 5812 7079 5096 2018 7051 5052 7545 8003 5690 6159 8275 2632 1775 8057 2834 3016 6069 6637 2375 1843 5881 6450 4724
30 7196 5679 1713 8478 9034 4100 134 4517 687 3090 47 4436 4600 7748 3355 3619 2503 4133 9618 4114 8286 2410 7493 7335 3126 2800 6549 260 6757 3862
28 4523 7891 379 2155 9481 4533 9600 8297 3652 8078 3116 1034 377 269 5196 4155 1828 1078 3730 9807 7145 5116 3242 745 2312 2336 5722 2179
27 4390 229 1940 2308 6462 767 1533 4877 6602 6296 4901 4835 6020 5714 1540 6798 5381 5303 7620 2870 4463 4775 4260 6646 6490 2720 7936
31 5245 4898 1433 9392 3312 5475 9986 3077 4963 8240 6309 4131 4228 8353 1222 3522 1051 3718 9647 5400 4110 3600 9354 2685 1128 5453 6466 7783 20 6271 4305
35 3252 1706 3656 9428 1959 8606 4808 8373 6951 4870 5705 8251 2075 6594 4862 7871 6813 5900 730 2047 7574 5628 8492 7225 1472 3266 3698 9785 6497 9850 2635 469 2252 8855 7569
39 2981 9372 7097 3198 995 5138 1791 7814 1442 562 2919 1994 1478 4339 2759 5344 9751 9199 3944 2568 1268 9179 7399 4608 7344 3813 2584 843 5642 3518 5154 3923 8001 3874 9409 2974 9994 4943 6598
35 3028 1776 984 4538 8929 8038 9169 8852 4485 749 2619 3323 2843 3917 8906 2923 8851 1764 4176 812 8011 9571 7027 411 7820 8042 6508 543 7752 3616 4521 9597 3302 6123 5735
35 9451 8245 5377 3246 8486 318 6795 6540 5326 6131 9960 2836 5981 1551 232 7285 2849 944 4926 1239 8075 696 2340 6176 5715 2273 2839 9408 4547 1226 531 8043 6103 445 7640
32 1015 9750 3686 7431 9627 7704 486 799 6560 8857 6501 3902 7203 8840 5100 9668 5703 9772 2362 3413 5537 9589 3113 4611 6713 9224 7214 9965 7618 2278 7963 6998
36 2359 8982 7003 8248 3557 5530 6100 8409 2341 8666 5766 4830 2896 5283 4584 7641 1705 4215 1738 1788 9393 6262 3748 5506 4335 1484 5845 346 9635 5759 8905 3618 3498 6457 295 7063
25 4450 4629 5864 3163 9563 3850 6225 5178 7318 7078 188 6503 3293 6093 7980 9891 8650 9728 999 9415 8084 7832 6923 6909 5517
27 8433 4052 225 3508 7930 6607 643 7674 734 2630 5652 2507 2765 5634 7235 3401 2906 293 28 9191 5308 9086 861 2206 3715 6816 2671
39 3751 9436 1111 4777 4853 9344 2240 8120 798 6521 2576 2313 2760 4768 9160 4380 9211 1199 1168 6790 5459 3203 1853 9596 3912 317 151 1334 7289 724 1145 3357 9432 5691 8183 7141 4670 5996 9696
3 2007 203 2461
