36 466 8098 6372 2174 3268 4133 5500 657 7451 2542 7528 3351 3657 6524 3420 3413 2085 1131 1746 2785 5635 7801 7987 3854 5517 7898 8071 5543 9119 5431 7663 8290 9865 7707 866 8367
26 4032 3663 7634 7400 3821 7251 4727 9640 9947 3044 5871 5747 3445 6463 3792 8665 7288 4654 7893 5937 9090 5146 5022 5748 691 1855
24 9307 1675 9441 1792 3629 8729 2844 6719 7213 7615 2112 5256 397 8284 4358 4688 863 5887 367 88 7261 374 4330 9141
23 516 712 9014 5002 8616 6168 528 5571 6056 5647 6414 2234 1252 8443 5017 1001 7198 3006 4070 7959 7616 3499 8268
23 5956 1356 5221 8113 79 8926 5623 7821 9037 556 623 5965 2933 2676 8212 3739 2586 2493 6381 7043 2005 778 9424
20 2634 2882 64 9822 6478 6400 4337 5303 9138 6889 7146 4524 8301 9577 4363 695 5423 2334 7283 8515
22 2953 2765 2484 1614 7390 4185 8495 913 6436 5743 226 5172 7458 9948 9700 2706 6614 5796 2894 2602 5372 8985
32 3171 3749 4475 8941 8574 1631 9638 1706 6990 4568 2629 3866 4926 9194 2089 2775 4519 216 6520 8467 2443 9328 156 2128 4929 9224 8398 4132 2816 4255 613 2399
28 3578 2101 1051 8135 3122 8469 5228 1007 6687 1404 5439 1092 6238 9419 69 4036 937 8911 564 7543 6591 3720 9739 8852 1584 6369 131 6397
21 987 3417 17 8872 4794 2538 8062 9637 2921 1430 1174 2127 7505 2610 5063 5220 1695 7622 8415 2566 7642
26 6215 8833 6213 9596 8474 130 162 2866 3120 967 537 1190 2333 1885 8730 7134 1880 1095 2178 1313 4809 3450 8758 9168 7487 5149
19 9389 2796 3164 6689 9353 7520 7293 6360 2129 1674 6783 3874 1309 2326 4199 9143 6908 9678 4313
25 6071 2280 2719 9024 2375 1736 4554 5330 9929 6086 1118 138 8400 97 2043 172 284 909 221 2218 6427 995 8023 1579 2241
28 7780 8778 4402 2925 7869 5835 6465 9461 2019 7479 6834 869 9817 2008 7683 3438 1472 8184 788 6616 7104 806 5055 7889 6085 3517 1924 3717
27 1126 8770 4764 8794 4867 4092 9792 1930 5299 1431 2080 335 2669 6684 8149 275 5539 4374 6897 3801 4745 8047 3918 4465 2695 1487 6009
26 4243 2167 7009 8425 9478 4057 2968 6145 8565 7279 4547 3527 6144 4973 5305 8366 595 931 6640 5076 1332 6788 4633 5761 926 7233
26 1724 3173 9659 8934 3951 9601 5529 7937 8548 834 1443 2298 5358 2621 658 7246 5654 2571 7160 2233 3893 6821 9445 8884 2539 6355
27 8489 1181 2938 7467 7234 1683 9142 6249 8318 5995 7595 2054 8021 8999 2625 8428 9982 6025 6188 3075 4514 6859 4014 5154 4829 7810 7073
30 5964 8887 3245 1381 3141 661 425 1009 5337 5710 1959 3470 117 7575 1623 6247 4051 3399 4187 9085 8904 561 6149 8283 9511 4485 4813 9305 196 4791
32 283 9841 426 6415 1645 3516 3754 5724 9763 4285 9101 4691 3278 8518 1138 7410 7666 5309 372 2284 6675 1157 1494 4870 9872 7951 1251 2457 3731 5320 6241 8669
41 224 1669 4831 5016 2040 4102 8164 4752 7890 820 5510 9232 3753 7963 4818 9176 1418 4612 7649 6153 977 1925 1238 6529 8501 1507 7887 3541 8538 2088 4521 9718 6527 4635 1345 973 3638 128 8961 1627 9352
36 5629 7562 8189 6750 7403 763 2869 2009 1180 1750 8069 5769 2855 6422 4314 2136 4003 8217 9570 6091 4672 9564 3376 6960 7325 929 2559 6634 6301 2180 3025 6042 3454 9234 9238 27
28 8982 1726 1910 7545 8103 2351 1129 8829 2773 2561 1458 4178 9615 1135 62 9344 8671 5374 7769 7253 8250 8006 8867 4629 7002 709 9191 6820
28 167 2216 904 1533 7489 9540 2396 8637 4444 7651 6770 3267 7509 3977 4530 1317 4646 2231 4096 7853 3266 2471 7435 432 4464 8885 3733 3323
26 6284 2341 2086 2182 1236 8112 9144 2263 2644 4449 9884 1485 6109 4924 7311 6580 9526 9928 404 8956 8417 3460 1986 696 777 4354
34 9177 9489 669 2729 148 8552 5665 6668 2184 5052 7582 9113 3574 8603 3159 2078 1981 5136 3635 1944 1419 4378 4435 7445 9284 6376 2119 925 1476 6426 402 3880 3301 1976
31 1366 7899 2668 1604 2788 219 8120 6356 5039 8087 5895 6308 430 7173 5912 8812 9308 4843 3502 3634 6950 7660 824 3305 4304 9007 8224 1574 8592 9612 9685
27 6595 5739 7563 1802 4828 5014 7578 3587 9395 7087 269 246 686 6293 3997 159 3390 5456 1851 8780 14 9283 8848 1 7711 9657 8361
22 1073 9669 3430 5750 2711 6625 3885 6906 9450 3892 8714 3652 2616 1213 538 7090 2519 6970 7811 9093 8161 108
26 2135 9095 3853 1053 6627 2179 28 1649 9725 8225 2949 4106 5932 3023 7321 5863 5632 496 7396 4284 296 8931 5821 6716 2580 3409
30 7163 4757 4208 3099 6802 7179 2278 8828 552 1344 8420 771 4851 7053 1460 7733 1107 1881 7569 9273 3490 4419 8865 2790 3793 2027 7744 95 5339 9507
37 281 5762 5360 664 7319 1160 6473 2590 9227 1847 339 7138 2105 9074 6841 3857 7631 2201 4131 46 9417 5047 305 7111 7921 4787 5735 1297 4668 5941 1544 2958 5144 7133 21 5630 1037
28 7694 5051 8476 1811 1769 277 8264 8234 1688 3373 4089 6982 1375 5723 9945 4342 7629 4531 7343 3826 9266 7189 731 3807 1869 6930 7640 8832
33 813 123 9087 1687 8925 7659 7054 3525 1594 204 609 2544 8171 2036 5314 8051 2898 4910 8723 8593 9202 6588 4807 8967 2205 6486 8838 4709 809 5579 8238 8451 6283
33 6224 4490 4327 8370 7917 5822 9627 2573 8979 2153 8968 1633 1151 2312 5538 5977 3903 5734 3339 5864 6191 3119 3706 3366 3414 6977 6849 2957 478 2764 9936 5990 1556
21 1215 4730 2031 4410 1865 8789 6305 3701 9682 6545 4167 4966 7559 1254 7499 9824 4370 5414 7524 4609 1232
27 9025 2372 8027 8691 4570 3512 5554 6581 8762 3718 406 1657 3074 897 9955 5731 118 5787 3817 3291 3644 7678 4817 6501 1113 9771 3465
29 3358 5418 3082 8075 7336 6686 6098 1832 1696 2434 5996 9125 6848 1514 2679 8800 8975 1995 8492 7539 9247 3913 2325 975 9217 8818 3009 3501 449
34 7190 4105 6187 7566 1307 4540 6964 896 2697 5044 1992 7314 9653 8203 3148 4461 7286 9218 1329 2262 8407 3325 9960 7245 4234 6698 6017 5175 5549 4177 881 6259 4525 2164
28 9488 9823 3890 2414 9190 5986 8026 1244 7602 6547 1545 9064 5691 9206 4352 936 5391 585 4436 875 8585 9624 6010 9077 3321 3083 1781 7384
26 6055 4346 2444 759 2419 3152 2677 3142 3746 9201 9332 3539 7673 4225 8177 9853 8504 8375 103 4848 6843 9662 6212 6940 2748 4392
32 2742 1216 9869 1292 9856 8035 9092 5692 1849 2664 8092 9774 7358 5349 4690 4553 2440 8454 4117 6929 9433 3914 3584 858 3022 1602 383 4049 6023 7519 2986 8170
25 105 1047 6142 6495 6285 2195 9108 7312 3808 764 3352 7623 2955 1389 5272 3613 429 7840 1286 6891 1040 6468 571 5661 3804
33 6771 6262 2529 9525 4118 8799 4634 4684 1636 5092 3427 4559 5970 9740 8286 3185 2405 9560 2759 9978 5733 8863 4349 7483 660 3664 1093 4789 421 7066 5169 7320 2171
34 2893 2496 3434 3424 4242 1598 5936 2217 5870 6072 4894 1537 7580 4552 9859 9156 7011 9497 9359 3343 2314 3270 4742 9751 5224 6089 8898 4875 6319 4693 2731 5979 3648 5504
23 6190 2012 877 3397 469 1899 9968 1079 338 6494 8119 7318 5789 3907 346 1289 1801 9065 409 101 8186 8455 4987
27 39 8346 7417 8046 6255 1293 1767 5595 1998 6012 3785 6884 3547 9912 2514 8664 3702 3136 7123 3707 792 9922 4246 4471 5115 9863 7074
28 921 5631 4805 684 628 8955 8436 7530 1096 5880 2291 6749 9479 9477 5834 4484 6781 7131 7531 7391 7360 9075 3520 3867 3992 1506 9244 9425
27 5028 4822 9523 2463 4309 4026 7327 9837 8660 9660 2018 8536 4387 8013 7838 6953 8050 8127 145 1658 1673 7101 501 8080 8200 4351 5416
27 8680 1146 4819 9342 3395 5698 1061 998 8827 4675 7149 3493 74 7949 4885 4039 6779 1294 5745 9248 1499 4700 534 6120 348 2820 2186
28 9658 384 947 4439 8139 7878 7557 5701 4735 5934 414 7502 8048 3719 2193 822 1896 5528 3811 1721 1438 8623 1089 8922 9372 9767 6129 8183
29 567 7495 3800 7706 1272 4697 3503 8215 1806 850 2430 9951 1755 8494 9553 4518 7226 8608 9975 9401 503 267 8274 9957 3087 2794 8362 7590 2368
38 4064 7670 4594 5390 5797 5240 1948 5404 2239 1421 3494 295 1945 802 3425 6543 8807 7824 7429 7378 960 7757 6742 2892 6353 6200 9316 394 4082 8694 2032 6151 7098 2230 1320 5094 612 9727
24 6492 218 7553 2549 1143 2487 3169 6733 4276 1212 8252 1606 3064 8815 4502 6306 201 7716 1266 5687 3478 3441 6061 1569
26 1743 6619 1589 7380 6106 5287 6074 6570 4517 3404 6041 4193 5215 8194 7538 605 9183 8998 6176 1105 9254 6332 9995 4861 3063 2983
30 6002 7568 9015 5583 77 7896 2161 7443 6745 366 2737 8327 7333 1171 1328 6199 5668 2864 3736 4573 1914 6763 8445 2495 6914 3965 6645 5638 6741 7541
37 6727 4533 7065 382 6221 1196 2354 0 2143 8481 6596 8805 311 233 2641 2431 9894 3594 7813 7031 9845 3849 1048 8716 1770 2619 1888 7201 9281 5074 2905 262 2121 8282 2176 7758 5223
31 5304 5232 9290 9318 768 3685 3562 9115 2987 410 9170 8936 1295 6974 2163 9667 4429 4661 1572 6063 1400 8796 3098 3514 8162 7082 5207 6165 5552 5324 3265
29 6280 8108 8218 6971 2847 8722 1648 4470 258 2006 2904 9008 436 7514 9310 5490 7808 3302 4286 6892 4421 1434 1394 1860 9079 1346 6087 8181 30
33 9545 7521 6761 3581 6968 1353 5448 9475 717 6439 4541 4981 3386 8228 4687 8091 631 3480 1952 3016 6455 4203 6831 2851 254 2264 3771 1150 8090 3116 8606 9457 3757
33 1939 7169 6358 1209 8140 2071 5029 739 8423 9001 5781 2251 5009 249 5214 9446 2645 7845 475 594 2901 4061 8182 8285 1091 801 4018 8025 7852 8960 6532 7229 7259
30 7109 160 9083 7682 3062 4063 193 2120 8355 237 9769 7192 5352 4144 6873 5078 492 4555 6569 3297 8531 9502 5209 6538 9451 4134 8070 1022 3258 906
32 8101 5776 29 679 5513 7007 5428 8310 87 7361 4883 3945 181 2428 7667 6862 22 6680 9285 3841 6498 808 4892 6559 3941 6269 8388 9825 1641 6099 9292 3694
29 8976 9017 4458 2305 9698 3045 8507 1613 25 4365 3797 638 1036 9880 666 142 8562 8824 9268 3940 1482 4740 9686 7611 9666 7181 5818 5983 8316
25 8983 5685 4454 4587 1081 8517 111 7196 632 6840 4191 7022 4104 7177 3085 4878 2415 7693 4844 3132 1863 952 7844 2247 7340
36 9184 8626 9118 9983 513 4180 1473 8951 6577 7994 6773 7900 2877 1666 6604 7302 9270 9358 873 5566 9681 8766 8263 5388 2185 6564 2227 6694 7608 6886 4299 3682 7791 2582 1224 8292
38 2574 9439 2499 4901 5285 6542 9623 8659 3555 9032 268 3252 6229 1708 5825 9104 6852 8907 9173 7782 6871 5421 5109 4834 8711 1846 7713 7456 9453 8639 3106 549 5702 34 9330 7152 5483 7496
27 5173 6563 7533 7867 6768 9801 4860 7796 950 8248 9166 1269 6854 7444 114 5572 5461 3455 2670 4150 783 746 1823 6985 331 5444 2541
26 477 9214 2426 1682 4305 6447 2927 4266 8130 5159 3916 189 5849 1267 4376 7135 4592 5338 9608 2126 1934 4166 4158 7947 4561 1635
27 853 1983 6338 6778 8672 5587 2058 5901 7741 4515 958 1866 6189 1259 9303 94 9867 7145 4492 4348 4333 8753 2999 698 7239 4871 2397
21 4613 3743 4172 694 9377 2366 5195 5350 1905 3421 9072 6264 1064 190 8899 5844 5994 8372 9932 1264 5556
26 6428 7310 4074 3948 349 7063 3167 9908 9661 3108 4597 4272 1557 1392 1848 4589 9186 1793 443 7940 582 9272 4093 1807 357 7409
25 3032 5292 4099 9274 716 7129 2115 9910 8647 7200 769 5174 1201 6666 2098 9084 4617 4295 8604 9902 1564 7289 9924 8210 3550
28 4780 8030 4503 6272 41 5715 8464 2766 1360 320 9795 7419 9394 9178 1515 4548 2321 3994 7984 760 8746 8351 4841 6156 8473 7586 4641 8747
26 6598 1108 293 636 7349 6573 3882 4560 4434 125 5286 1777 6649 1197 1025 6706 5958 3003 3795 6769 7404 4357 116 3912 3443 6136
26 5760 2382 3259 3154 8442 4546 4308 1901 6969 5823 5636 7765 8551 9672 837 9569 2398 1937 4101 4708 2142 9938 2727 1498 1455 3121
33 9696 4706 1310 8497 9918 6039 7817 8044 5156 2352 8970 7061 8126 1280 8227 7962 8837 5142 8221 7657 3556 3146 4618 4124 3716 7506 209 525 3713 4565 3292 7864 2649
22 6509 495 7143 1902 2474 9051 7717 3633 6572 7172 4703 9432 1333 1647 8483 9737 3244 6946 5293 3117 8849 6557
34 8273 5196 5671 8185 9900 8280 743 4520 1730 7598 4975 7997 4229 2982 2896 6371 3228 4223 7610 1744 3433 9364 3076 2811 5613 795 6354 24 6861 9485 6609 3233 2890 9527
29 9233 2260 2450 5394 1697 2506 1504 7609 1538 5714 3488 9899 3734 8627 8085 7689 7599 6418 914 1678 9112 1526 6444 8434 8905 7684 280 5160 7828
26 5477 3114 113 624 9286 5564 8004 5603 6292 9131 7086 8403 3542 6594 9123 1894 4119 3816 752 7089 2181 9580 7079 3586 4986 6417
26 3237 2930 649 6793 170 9374 8516 4407 49 890 6393 8049 9741 9946 8253 8016 614 3232 9096 9139 6731 4160 7512 9538 7946 8870
23 851 1528 8380 8996 2464 1508 4762 1886 1994 2915 1963 4479 9031 3998 8153 6260 7206 9061 2976 2458 2125 5384 1144
26 9766 3320 8444 1478 1549 886 459 1302 6216 7399 766 7576 6864 6934 3658 4141 7965 3467 7441 5278 1918 5684 9160 5589 3240 2447
40 347 6865 5275 9187 198 7215 1979 1152 4536 485 7882 7466 8578 5774 5030 6869 831 4281 5891 1449 8811 1882 5709 6384 3588 6491 4850 8915 7742 3735 690 4769 6068 3446 3528 1110 9699 1362 3384 5837
28 7776 7911 3605 2702 1831 4795 4174 7888 7471 2665 4937 6952 2627 8304 7728 1725 3703 986 1409 4556 1576 4596 6266 8681 2219 9033 9733 2808
25 772 213 9688 948 3008 4071 8086 7988 3131 969 546 3791 5193 6412 7725 7871 1580 2745 3540 8172 3543 7300 7787 4816 3333
33 1809 7100 6321 4914 9245 1704 580 2674 9198 7652 6827 4115 6252 7905 2831 4085 1470 5807 8053 7876 5672 2887 7262 9158 9148 4005 1426 8211 533 4679 1288 2144 3537
26 5705 9043 176 6832 2481 9762 3721 6539 5064 2946 5486 4637 6401 5040 2024 509 1798 4030 6477 9881 1840 3211 4906 5113 8854 2734
23 3508 9038 3107 4075 5955 916 2014 4535 2335 47 1422 1850 2222 9576 6561 8855 1391 8705 3901 5000 3603 6963 5858
22 4776 9871 6586 5676 5010 1625 5485 5219 5190 4428 5060 3747 5655 8246 5915 1938 6575 8954 5962 8247 1109 9430
32 5924 5942 299 7059 9329 6290 4833 9420 6018 1428 8404 1085 5027 3210 7418 2817 8073 6275 6179 2175 7141 539 416 9563 5387 6228 5373 7843 399 6746 8621 7849
29 7003 701 832 4785 231 3611 8749 6800 177 3773 1563 4322 4135 6148 1378 8846 4955 1087 8698 1210 1907 4969 6164 1368 4766 1399 5850 5609 826
31 1357 568 584 3861 3851 3968 5422 6938 2985 230 2505 5848 5402 3447 279 3370 5211 9088 5271 4510 1890 5669 5075 3601 9045 8348 7175 5283 4852 6065 8055
19 98 464 8933 9448 1611 1027 9811 1227 5992 4443 6160 2343 4206 274 9204 1794 8232 4988 70
26 8342 9200 3507 7964 4544 6487 2059 4992 9265 8826 589 6629 5894 4678 8860 3091 8658 6847 1403 4707 2117 9306 734 3583 1913 6407
40 2245 9510 3327 924 8743 606 4341 5116 1778 9977 5616 2044 1243 8625 9695 5782 6536 9939 9745 6618 7112 4060 4072 6828 6033 6941 1265 2666 7916 1632 3491 11 2365 5948 884 7448 8376 803 5187 7270
21 9236 5276 3347 5806 3145 5520 3989 6880 8803 3839 4961 3777 6307 6349 2049 529 8718 4011 9000 37 4893
25 1285 2642 1032 5974 9807 427 2055 1306 9251 1621 2370 9379 5070 2681 8374 4590 7296 9252 2002 8564 2624 6268 486 4396 3144
22 4029 2975 8007 2834 5694 8054 4825 7751 8947 81 6811 1560 5947 8894 2655 8689 3304 236 8945 1732 6420 2678
30 5327 4083 4666 3796 2342 6003 2754 3078 5594 7731 1354 2479 1965 7795 7773 76 956 4578 6913 6051 2862 962 5442 2545 4704 971 7051 8508 7781 8088
33 6263 6513 3335 6119 3007 4375 3316 8972 9213 2288 7585 6623 6659 9834 2203 8 2344 876 8343 6702 9765 6370 5514 6232 5097 8133 2997 4184 4655 6166 1205 6242 6790
25 5298 8460 2891 721 7122 9531 4323 2833 570 1192 8776 7968 2871 6909 5167 3897 8202 8061 5542 3350 5273 5253 2536 4280 1685
23 6304 1078 7191 6998 6696 7542 5857 5264 2320 3418 8076 6265 4938 9431 1775 1818 8777 1969 2710 3356 2202 2612 3957
24 7877 147 8191 9864 188 6378 4968 8571 782 319 9299 3322 4431 9034 7755 3708 4019 3510 2154 7224 7812 4329 2385 1646
24 7966 6122 1615 4487 1629 1909 3836 2557 8984 3198 7567 8293 1904 2741 8408 4328 5450 8255 448 2699 4761 7848 9207 4045
35 7850 1489 8816 1262 7721 6325 7392 9579 9006 4042 905 1554 8727 7350 4122 2118 332 3621 2208 9973 7323 8751 5726 5558 1168 6674 2865 6537 6121 2550 8039 1030 2318 1031 1271
30 5034 8330 4293 9574 8913 5459 7547 1229 2228 8405 4800 2646 7697 294 2252 9437 2109 3936 7376 4939 5446 8736 7317 4726 7428 102 4466 7411 2555 2345
20 3668 7197 615 8110 3686 8466 738 2895 6701 843 8313 5953 7183 6395 3239 4450 7025 4148 435 5217
23 7956 2034 8302 381 7014 9541 6837 3018 5644 6365 4366 6240 6842 4371 4319 823 4163 3823 1239 2715 7991 178 3969
27 7804 9280 342 8948 9819 2907 9868 2656 2929 7669 3642 8237 4275 75 6593 7216 727 8300 7093 3457 5433 2192 4588 4001 744 4958 1929
32 9055 5201 247 9412 104 5801 8866 10 6481 6708 776 3884 2606 5652 3699 6113 89 9416 4868 9921 9421 7282 3208 3249 7352 1343 1325 5481 9216 2730 6461 9382
26 5827 7727 3891 8910 5508 725 7793 5860 9692 1665 2065 5786 3789 6082 1760 6797 1423 4921 4778 4916 5611 7431 4772 3709 9249 8588
30 9715 9913 8544 1397 978 6530 6764 8267 5727 9355 855 3761 4331 8249 6718 5805 3978 1513 1878 7118 9495 2532 1626 2427 1765 7730 2462 8326 8121 9956
25 7945 8485 4393 7486 3070 8633 2488 440 9976 9117 4711 4247 4542 9367 7313 9788 90 3295 451 6541 518 2491 71 7699 2578
25 9874 473 5832 9840 2743 6337 1287 3287 5464 6958 1475 587 7136 2508 5759 5905 4610 6197 1547 8034 3365 9140 4 3486 303
27 7309 861 7425 4537 132 8379 4027 2110 1136 405 5249 9405 4300 1926 2511 982 9585 9458 431 7158 2911 7939 3860 8446 4317 4062 8814
33 6951 1797 6019 3675 3544 4399 51 6140 9896 9750 3367 5861 5492 5972 8289 7856 8311 7260 4233 5105 9271 3273 7121 1837 3497 2422 1527 6440 9368 9755 7992 7594 9296
20 8143 8222 272 7374 1162 6013 7285 2413 419 6887 3812 2149 3101 1214 5534 870 6352 232 9097 3779
30 4600 420 96 1714 184 3057 1874 4846 6900 6624 9590 8673 2962 6081 6288 8303 1720 9360 3214 6703 4702 8056 1367 9677 9866 8686 9744 812 3915 6434
33 1519 939 9857 7359 5868 6925 9193 3738 2236 5122 711 4755 73 6146 9539 8322 2556 8045 307 9794 5959 6040 480 4494 5252 2686 1962 7630 215 6794 2510 4717 7859
32 3690 2902 1497 5013 957 2618 4683 2716 5163 5627 1376 7722 4636 5145 3485 6857 6844 588 2780 4398 5121 6273 127 6459 1796 5079 6705 1140 8924 6911 1895 1722
33 6469 7237 1887 1661 7298 6126 3809 7119 7788 9102 6653 9167 4041 290 2994 8617 3468 4884 7382 3606 6786 8315 4838 8597 5906 1172 9154 4321 575 9670 9963 143 5509
29 2190 4258 2690 3375 3870 1387 1377 4674 3852 4161 9054 3573 2020 5736 1114 3393 2281 6054 4381 5138 5265 6711 2739 255 655 7627 8572 2266 4447
26 5280 830 3412 9861 6225 2265 4021 8868 7928 7328 1483 2023 7034 3105 8472 2726 4204 9067 55 7748 494 2255 4324 9738 3360 9655
27 4845 3029 604 7815 9471 4753 7753 1776 155 5302 1523 5982 8781 6876 8927 9889 7847 8916 2070 1993 6302 5695 2500 8147 3220 6416 3582
32 3179 8097 1019 2972 6223 984 1408 2965 8323 4716 4267 2713 1879 488 5722 9048 8432 3899 3187 4391 6571 8270 1155 8875 1774 6336 6102 2083 4698 4869 3653 1573
30 3081 1046 2883 7777 8122 1321 5574 3566 3110 3737 8903 4734 1369 8940 72 1737 8567 3784 5879 1539 326 7415 9041 1876 5523 5318 7292 3623 9931 8356
31 1988 9267 8245 3671 6430 7891 7807 8759 2313 1764 4395 3109 5203 7977 1550 3206 574 1133 7021 3982 5658 5945 2293 7369 9781 4073 1080 5772 1104 2521 5057
26 3115 9348 5867 9080 8709 4113 5679 3400 3482 2613 7091 8740 7116 9846 3331 8277 5162 6919 3898 5800 7389 996 4657 871 6533 945
32 3980 9860 4474 941 9269 5527 9487 1535 6628 1283 3143 8704 3124 8692 1010 1676 2497 3463 242 3748 4624 445 5362 9535 6309 3929 4532 3362 6253 7461 9895 5475
35 4219 7957 4145 1231 9568 2842 5307 5893 7763 6128 2384 8549 149 3483 2069 2424 8990 3498 9240 5899 9172 8713 8305 107 1518 572 7413 7960 2350 3954 7874 2522 523 779 4217
34 6635 7222 9282 3346 2295 547 9452 8471 7477 4221 5518 2662 7405 4512 2643 3481 7993 9422 5132 3724 2603 1733 7798 5004 4539 7588 6601 6261 5036 3372 4931 8213 2072 6878
21 1566 3452 8402 2900 2526 9062 7692 5878 6183 8651 8929 6787 223 654 3783 8547 9165 5686 4582 864 3312
26 7368 9877 7185 5815 2358 8792 5713 7624 8208 5117 5007 2952 8874 6205 5824 2221 8920 9012 2513 9887 9384 6972 6328 7743 6124 7238
26 9813 4499 1402 2410 5111 3475 9493 5930 6589 2207 4460 6192 8856 5469 4842 7544 4627 7130 5732 5080 3015 9528 4509 4230 3679 2906
21 9543 3060 5784 5802 92 4974 9386 5420 4507 5354 4143 2482 7070 4677 7211 4227 8773 1056 489 7868 4053
35 7774 6246 8569 583 5093 9393 5596 3036 8287 7932 1221 4784 3925 2663 4142 4673 1772 7346 8480 8468 4411 6364 9337 2884 1804 9436 9279 6248 2672 7760 2306 2191 40 7306 557
31 5089 1263 9164 8526 3127 1342 1752 2828 5487 8496 2388 7157 8260 5744 4983 6723 3269 3559 6198 5325 3484 773 1008 8331 2294 8421 4922 5474 7851 363 5721
26 2198 4647 1532 5673 7648 5778 6918 5306 3170 7872 8169 9521 4771 1176 2971 7549 3326 3247 9759 6590 1644 3396 6622 2996 9350 2622
21 4737 3242 4016 9498 3004 888 8078 5909 318 9056 9559 9789 7476 9346 3174 8207 4052 3834 6775 2446 482
25 5294 8500 8084 3687 3315 9791 3066 1719 1427 5980 9993 3403 3825 9742 401 8365 7 9465 9775 2075 1486 7671 8981 3952 334
24 8150 9225 8558 8063 6709 786 3526 7870 6986 3873 461 8038 8486 2885 3840 541 8685 2585 5270 5457 7527 8020 2204 7785
25 3073 5412 3226 8795 9656 7379 6231 457 9735 65 9334 7691 9953 9803 3084 4599 8957 9809 9584 2852 9203 9463 817 1457 2797
39 1628 4715 961 6670 8269 5345 6046 7421 4667 6380 6270 8156 2289 4047 6881 8064 938 2560 4880 4125 2357 2509 4912 1984 1013 2249 8167 3557 8808 4744 6329 8950 412 2409 591 742 1195 1512 577
24 4980 4405 6912 244 465 7303 9162 4259 6560 2492 1833 7188 1002 6470 4456 7058 9701 2609 7497 7604 3257 4059 8994 7515
21 6830 6141 3248 6867 8937 2011 6682 6493 4155 5931 2537 4154 9599 8132 8128 627 5569 2308 3595 1336 6818
27 4446 1029 6211 2323 3608 285 4200 3026 526 5585 313 5231 4909 4891 7248 9414 4936 6997 7902 8109 2964 4528 8963 9447 7426 2954 4455
30 7560 5364 4386 653 2033 4289 1677 7036 1747 4956 4724 7950 2858 8629 7855 3850 1276 9694 4527 5153 6201 8857 5396 8244 7884 6523 7548 5023 5780 5366
20 6448 220 235 9970 5399 4269 8793 1127 5881 4786 4625 9263 5408 530 9546 1291 3168 9020 6531 4379
26 4940 7115 9642 9028 5742 7805 9753 6736 6992 5229 3021 9581 8465 9707 7919 6093 7048 5916 8391 5333 8281 3096 7546 9854 6214 5522
32 9026 4339 6286 1058 6123 2980 7816 4215 8862 2104 5134 2535 5288 5740 7042 9532 6454 7879 312 5840 7712 972 9220 6508 5347 4469 2553 3199 7511 8272 7633 9371
34 4774 2546 2991 7006 9423 5650 3334 2912 3535 8888 9428 6250 9068 7178 1762 6631 4904 1971 5888 3440 9356 7958 4367 1012 1315 5546 5927 667 944 6813 6901 6347 2378 8220
23 5910 7924 8573 3911 3223 3758 4662 2275 2448 7463 9959 735 5120 6814 2950 126 3876 5890 8779 8675 900 1734 4156
23 2401 3138 9133 4123 7708 8333 321 2888 1253 5130 6234 6298 5688 5059 2558 4476 5494 1161 6658 7432 7677 7057 6326
28 6053 932 3889 9321 8308 3662 7734 7681 7385 8871 4614 7901 7150 1858 2336 9997 9387 6196 3094 9911 5570 9768 2966 2339 2094 702 8783 620
32 3090 8584 4748 9915 5608 1546 8858 9981 5043 8804 447 2592 5127 8509 6377 889 9668 2712 9903 9586 8393 362 166 9879 1106 751 5067 5311 8842 438 4294 7460
34 7393 8720 4664 4593 4340 5957 7249 5269 9654 4616 8206 38 8893 504 6904 7125 2307 3872 5367 2856 705 1555 5150 6419 4345 8233 3162 1936 922 2596 6385 3100 3466 2274
23 8978 8426 7600 2822 8678 8560 8437 8782 9520 673 5855 8674 458 7304 6996 6549 8382 9022 3822 3048 7256 5593 2688
29 8995 6510 8624 6760 6497 5284 3610 3296 3065 9468 2152 7097 3598 2604 7482 403 2340 7858 9598 4086 144 5773 2214 2889 8043 7044 2740 3937 5580
39 6186 1940 9849 9231 8482 4623 4334 6291 6169 2758 8429 5295 8942 963 7244 6987 3014 9651 8993 7113 8550 8841 4024 562 4496 8154 3150 8914 5985 3324 4576 5537 8880 946 9501 1593 7205 1035 6030
36 7364 5259 799 5397 5066 6159 8932 5512 5015 3118 7564 1005 4835 4033 893 7739 3794 7182 2747 4332 468 6713 6734 6424 6667 5606 9897 9257 3489 391 4478 3306 6863 8359 4935 6382
39 8825 7952 807 351 1582 5247 7273 1853 5082 5184 9341 4211 6642 4253 3831 8952 6845 9999 7180 4821 8909 5425 7080 2993 4127 3835 6615 3451 6287 6173 2425 8851 2635 2134 2256 9778 452 2107 5222
31 3348 5250 8965 2478 7257 804 7103 4504 1786 8463 1727 7881 8276 5920 2720 2196 3511 4756 4747 6721 9169 5385 8195 5576 1911 4006 8190 4427 8058 6949 8397
32 5468 6583 9721 9381 5282 4658 1705 9504 6678 9776 9407 5462 710 1600 6777 411 5310 8652 2177 741 2338 8654 9301 940 5466 8663 8869 3387 4562 3439 2979 3549
24 3193 1877 4944 8102 3632 6108 4779 7240 200 270 838 6966 7756 2441 5006 7767 9107 949 7704 899 1304 1149 7628 3280
31 5788 2810 8158 7299 6167 9965 5754 8596 1955 5969 4889 4978 4671 3310 9961 333 6535 3908 4682 3205 2693 5308 894 9730 7936 4406 4768 350 9258 6317 5430
24 3971 2543 9663 1756 84 8717 7723 1758 7895 8459 7532 498 2784 9650 1198 5590 7068 8609 2111 8958 5161 9418 8559 1757
24 1044 2836 4477 4453 6219 3798 2021 7268 2489 5356 1570 6195 33 9907 4344 7587 9319 8715 5012 3031 5254 8987 1200 1446
17 6387 8901 7883 2928 578 6782 5839 1698 9958 6083 976 7219 9199 9583 9609 6574 849
22 1630 4572 8878 3000 8036 9030 4874 5125 9503 4680 8166 6910 1240 7422 9815 2845 9243 5656 3552 1094 6404 4896
29 5816 7069 9729 1451 4639 5641 9989 1067 3030 6147 8522 2718 6135 4506 4265 1660 4055 4948 2283 6607 1791 365 1524 6226 1041 3616 239 4915 1617
25 6303 6784 9163 8029 7450 7894 9639 2841 2074 3053 135 4335 6073 4004 9060 9787 4999 9573 7913 1703 1521 1738 3135 8319 1921
26 4694 3047 8100 8622 4882 9635 6839 8876 7401 8667 5331 4445 2226 4549 7745 8539 9474 6671 9944 3196 9689 2840 4491 554 6158 1790
36 5453 6512 4426 2309 1154 6383 1006 6926 3344 903 9697 9188 8340 257 9313 371 1956 4665 2183 2132 7643 540 2461 4900 5711 1026 4000 7484 5793 5646 9345 7507 9743 4692 5460 4719
35 6060 6555 617 6157 4645 7028 3522 9082 3140 917 7038 3020 3568 9547 5410 5663 217 396 9415 1821 2881 3182 5764 5634 8537 8226 5465 5341 3254 3987 1861 2804 9120 7573 5260
27 933 8643 3692 6398 8534 4564 6405 9603 153 476 4404 4998 6835 3607 408 6540 3974 4960 304 4114 5597 7254 3308 7024 1065 7841 8806
30 6875 4401 6522 2863 1054 9582 4721 9558 1166 3275 3276 1493 5183 1701 5770 681 1935 6546 2277 2551 7880 5991 3887 437 9403 8309 5697 4887 3104 5999
24 8809 4121 8797 5359 5799 9818 2771 9926 7204 3318 8449 1372 3369 3165 9779 5918 8523 2832 2944 3288 6799 1411 1100 2223
25 4076 2025 3473 9 3041 9071 2232 2562 8813 7679 8745 1043 8042 1417 1274 3336 4918 2756 6553 5502 6311 1461 6449 7383 7377
33 7724 865 4482 818 9704 1142 211 1101 989 8116 6789 8334 6297 2454 3231 2316 6431 7618 8519 9934 241 248 2838 2029 9230 3660 1410 2615 5123 2387 8953 3250 6028
29 3181 1442 1249 8688 5577 1439 7345 2967 4430 9614 1854 8784 6920 8478 3040 4232 593 2707 935 6894 309 7861 327 6766 7825 9315 2792 3659 7029
30 5728 6921 569 6488 9711 5758 6379 2238 641 324 8201 8724 2374 5885 9882 8419 3054 5181 264 9878 2404 4373 2594 1059 7076 2793 7474 2815 417 6258
33 9964 6948 1359 2269 6730 7194 4814 8008 2588 8384 5038 3380 8590 3788 3995 2970 6373 32 2861 2857 4995 1284 2853 3207 7275 7915 9858 9223 5166 4879 3622 9770 1179
23 1624 6312 5544 3178 9467 5340 7555 5506 3855 4959 8788 7778 6103 4713 8179 1083 9994 7593 895 5186 9449 3448 2501
25 373 9914 6916 9103 2052 6256 6208 911 1164 991 4364 7202 3058 7943 61 8964 8864 3554 4945 7500 2412 3423 5989 2452 5263
31 5696 9548 3246 8077 7702 2593 7885 9616 337 3415 4432 2246 2779 2257 7247 5435 3691 197 4108 8349 1444 4626 3476 7052 8498 544 5370 9534 6988 4250 7078
34 9404 6872 7342 1088 9680 852 2494 4516 2225 3728 4302 1653 5336 1337 3955 5926 3500 6665 9784 8389 358 4369 1373 2698 1928 4153 2393 1836 3230 7641 898 4362 9181 7144
31 9434 5911 8877 7620 9786 4775 3740 4188 3255 6567 9706 5791 1117 3985 8555 7398 2783 6389 1991 6729 8236 2636 9002 5626 4911 3949 6062 8528 1663 3103 6605
29 4899 8648 9782 4182 5426 7688 2879 3810 5296 4758 5853 8817 7583 2261 9693 8506 1382 7925 3538 3229 7355 2066 7518 1275 1384 3643 4129 4111 2400
26 5651 6506 3609 287 317 16 9626 4705 6898 9565 6222 1222 7453 4934 5662 9278 9317 4384 6403 9499 2408 8452 621 3202 1842 2209
30 7258 2948 2139 9974 1859 5114 3378 4283 7822 3126 7612 9255 169 5943 6965 8017 3349 252 3238 5255 376 5197 7365 3536 2007 1637 7818 3529 5675 8897
26 1303 7362 2798 2123 9235 8757 174 5516 9486 796 8312 6457 542 6281 4888 8635 7102 6345 23 50 5319 7961 9314 4209 9443 2438
25 2363 5703 315 66 4731 2724 6058 9250 1260 7836 7459 389 6155 5151 2486 985 8457 6877 1867 4260 6088 1987 7561 3661 5682
32 6233 2874 4777 5084 9962 6983 2502 8416 8918 4569 6016 1448 3962 8014 8733 2589 1783 5790 7761 36 8644 2926 2943 6959 5091 8239 2242 4803 7480 3001 1664 6318
32 1787 635 703 8752 9830 1450 1488 5191 191 1588 1383 8265 4010 4252 6981 4288 3080 8785 4581 7386 8141 1305 2220 581 8314 2547 8646 7974 4420 2485 4091 7020
32 3155 85 5533 310 6738 4287 3272 1128 6112 5886 3973 8005 9171 629 8974 3620 5765 4714 7772 7326 1331 1147 2577 4811 6874 9731 3956 1970 5095 8760 3506 462
23 6517 1466 2337 7701 2068 9645 7998 6989 7661 2540 9798 4543 1465 6011 9683 4120 7672 9336 3806 9671 8892 3163 520
34 6525 5452 8642 4990 1711 7886 8908 5065 2531 5865 2199 6679 4897 5794 192 9712 7494 3028 345 6613 4522 6390 2046 6363 6484 706 9835 880 868 5785 4855 7297 2332 1785
23 8229 9802 2776 2355 8458 6566 2273 5437 3768 3111 3504 8106 643 129 9904 3515 2172 9042 7823 4631 5368 7077 3975
31 2581 6556 470 2360 2584 3509 4017 5997 7010 9399 3241 8033 460 353 9241 3156 1784 5424 9927 1020 9338 7442 3437 1242 3093 3704 2093 5949 7674 3630 3729
22 9029 9796 7137 1643 7032 7517 8835 9297 8986 2787 7809 8556 7979 6474 675 9375 1211 4216 6999 6386 5395 8214
24 4194 5054 5902 4301 2498 8152 5133 9875 4336 2483 5670 6170 3935 723 7035 1844 3236 4138 6995 6161 5119 3201 9832 182
28 4297 7854 6048 2599 8160 500 3422 400 750 1204 7762 3641 141 860 1183 4770 5530 1185 7241 8575 12 2122 5851 9836 210 6805 9288 2652
26 6754 5198 647 1407 2106 4467 3960 5967 3900 2988 5700 757 1616 5434 8687 3759 385 8600 6482 7735 8949 4873 5935 5291 2369 7857
29 4788 9333 4413 7294 227 4895 8577 5602 9772 566 433 848 9438 8767 4913 2667 7478 4468 8266 6331 4840 4046 146 4262 3844 8754 9567 3218 9053
30 9684 3624 9831 7375 7049 6251 4577 730 2212 7504 3067 364 6823 250 8251 2628 4008 3589 2037 7941 7274 7272 3072 1810 6137 4028 8742 5859 9606 4739
27 1942 3551 5386 7005 7750 9081 48 4394 2923 6648 4338 5729 4218 6810 5555 7062 4274 9941 4808 3401 9709 2113 2187 2572 8493 9710 828
28 3353 5633 8257 5966 4932 5440 5479 7140 5135 7999 3924 6343 7827 2429 8159 592 8157 9542 7536 9111 6107 78 2299 7603 8513 8082 1864 8554
36 2931 9551 5233 7556 7676 1308 1424 6691 2942 2087 8174 3762 8424 1739 8230 8605 6528 9196 9783 5960 4526 3715 3999 9413 1258 8435 7266 910 9630 8360 1893 8873 5168 9833 2880 8011
28 3963 3909 3436 3927 9790 9893 2472 514 9484 8891 4473 228 3513 3959 3129 4967 7637 5792 3677 5236 5357 3449 5237 2302 5753 6178 3564 31
31 8701 9309 1771 5498 7626 7865 2160 8520 8003 5225 1906 2155 6803 7455 5389 5328 4927 7184 7315 740 1314 7406 8938 1581 7287 9491 6883 2268 5405 3619 7771
39 1436 9427 5178 4699 5842 1716 2067 9509 6366 1813 3565 511 943 4823 3408 693 7907 8019 6076 8693 1281 5401 9719 7166 3456 1361 5164 2512 2789 4941 9855 9648 2042 5103 6239 1782 7154 774 3227
23 4416 9628 650 8456 827 1852 1247 6663 3005 2760 6905 9592 2194 3149 1542 7698 2353 9544 7799 2359 1481 5068 9349
28 6710 1845 7236 6485 5053 7931 3569 6772 5277 2657 5108 5699 4316 7420 6651 3309 5432 2026 2423 1975 4224 106 3656 3212 2762 6034 9246 3665
27 3579 1042 1479 3910 9972 2467 3444 2371 8089 2700 8317 2518 2272 6029 2102 1980 3934 3477 7457 6740 8378 531 7156 6585 4736 1662 9146
25 3639 8099 7072 1395 6611 194 5392 2692 639 2620 1540 8761 9205 9259 2466 328 4920 1607 3599 7668 6094 1868 3726 1484 2475
31 4066 1038 5896 1340 9153 4608 7164 9289 9035 656 3597 697 5883 683 5180 714 3919 5614 5102 1982 4985 4210 7139 5667 6767 3338 9473 2028 8561 1364 4279
27 120 2908 5968 1978 737 5323 8543 5605 7526 6879 9145 8295 1565 532 2317 2653 4723 1278 8291 1148 7837 9294 8700 2162 5445 273 5525
30 2347 9392 8831 608 4372 3317 4383 3575 256 9587 8599 724 1516 6237 5588 1156 9850 1432 415 7695 44 7171 3274 424 9066 9242 5427 1115 2304 5266
34 2437 2757 6756 794 6271 3263 2848 5639 2206 7970 3224 2753 7469 4109 3905 271 3926 841 6330 4236 8535 133 8930 9533 9761 1393 810 3947 8386 4760 6392 2386 7337 6939
29 6935 1420 6458 5262 508 9335 9513 6154 7120 3184 9324 7356 2270 2 506 1456 4296 2480 6175 5131 7831 8802 8721 4360 7217 2030 6079 3474 4993
27 6975 2984 5411 4442 4176 6725 9046 2781 3868 882 548 9370 5208 6503 2791 4722 1707 1583 5348 1773 923 5376 2626 2721 2285 4685 7126
32 9114 3411 1590 4179 4611 9933 2867 7800 3593 598 1808 811 6637 9161 6278 1316 8527 8296 4622 6294 9363 7503 4591 8695 8357 3139 3188 484 3799 6218 4642 1933
21 8580 6600 7976 266 2349 8059 3813 9631 4251 5170 8771 2402 672 3563 2978 5378 6739 5535 5567 2346 6980
29 5177 2327 1241 5088 6751 423 6460 8699 4659 7680 5393 7214 2079 4933 3012 4862 1279 4385 2749 1137 6 4035 9557 8510 1348 3307 8719 2435 1985
24 5379 4408 5400 187 2394 6471 5575 9179 3705 3458 7700 9530 4963 3294 8447 7381 4424 3546 8414 7803 1559 6743 6475 8568
23 2974 6433 1684 1396 5365 6110 4207 535 4830 119 8477 7990 3051 3345 5342 7525 7768 4498 3281 645 9469 2918 9189
34 3284 9708 9219 4653 3837 6127 1018 6367 5951 6131 502 5200 715 1119 9492 2597 2932 4712 2563 4826 2769 815 9814 6001 9515 5922 5118 8399 1889 4857 3628 2258 5213 4007
31 3487 5436 9058 9716 6310 9847 9365 3871 2211 5565 6368 4220 3953 2380 1964 2081 5810 4196 1578 2570 8683 1057 5717 2825 7265 5020 8725 6374 1973 1386 3442
25 4815 1003 1250 2420 3530 5798 9967 6171 2917 2722 6893 5666 1692 2860 4256 8018 5182 297 3079 3524 8971 8662 7161 4952 3991
34 9347 4908 597 1967 9589 5470 2449 7715 9094 4090 2210 5716 5069 4710 7015 4170 151 9226 3881 5482 790 733 5560 1828 6362 5511 3190 9552 3990 6100 3382 1464 5933 5836
26 1596 4907 6066 1996 5856 83 5077 7819 5458 7330 4389 4790 302 4377 7498 7714 1412 2746 4306 5322 5472 259 4652 1234 3596 5056
31 9380 7407 6409 5720 7820 6917 42 7709 4824 7972 18 4898 1960 8557 9197 6798 3013 999 8279 678 6472 3172 375 1351 4733 1158 2517 3961 6984 9517 5645
34 7690 1710 238 5737 6111 5618 1691 5882 7746 4650 202 3377 4749 4257 6413 6762 7195 2421 9620 7982 4947 640 2661 4100 9442 4388 6944 9632 4649 4738 8801 8966 6882 2818
25 1322 4037 8859 3059 9722 4511 1490 3553 6138 5035 1814 7749 8836 1815 4781 6514 2903 5829 5137 2100 3815 7039 8134 7370 6720
33 5110 8791 1639 8142 7908 3875 5244 9805 3983 9383 8335 3361 1766 9892 388 3364 4767 4864 680 959 9470 6411 8712 6700 9410 2215 1401 5524 1531 6300 6445 3883 7084
34 7427 43 5708 7416 441 3459 5326 1433 2579 8896 6004 6915 9208 1326 4181 4886 6359 8890 665 6519 6015 2809 775 8022 3943 3225 2124 2849 1927 3374 7829 6829 8114 9676
26 9480 4806 5001 9748 3637 2158 3730 2738 2632 7436 5204 5380 964 5981 7770 6333 171 6712 1548 633 6978 8118 341 54 7493 1958
33 4812 3782 7263 3654 3647 8973 7153 1121 2751 6630 9906 8241 3432 8676 3976 8830 2004 825 6838 9747 1000 1233 1553 4159 3330 9129 646 5343 3160 4068 2601 4136 2914
27 9237 8532 4214 3666 553 3560 2062 7492 6394 8529 3128 6316 915 9192 8587 7193 7710 7738 2038 2761 5755 3646 5763 2082 8525 3725 3763
25 6677 5811 781 1189 4212 3848 3234 6976 5683 4270 9843 8690 7050 4190 1175 8939 6809 9260 7075 8576 471 6993 2229 1681 2061
20 450 555 9411 3505 9109 4012 8889 4202 4741 5521 6804 7516 163 9130 2959 6172 1173 747 5152 6672
31 4359 9562 856 6277 7331 5503 7414 4508 9723 2689 7766 3407 8601 6956 157 2565 1820 4183 7596 9134 2060 9132 2708 3669 9717 1193 2451 6507 1069 2432 2056
28 1916 7322 6858 4839 4621 7372 6744 6024 7897 7737 8107 8886 7863 2108 4640 2934 9777 8072 3680 4157 6521 6334 5643 1496 2010 3125 2777 6322
32 2017 8980 6662 3363 5471 5021 3979 1830 3189 1919 115 5042 4994 9588 8991 8168 5227 5377 6375 6824 6177 6193 4495 9151 7686 9888 1862 3780 5954 139 8155 5251
30 7920 9943 121 2114 1841 2465 6868 4923 6819 5689 5274 4084 1699 5176 4056 9804 7554 8412 7308 6994 8641 5106 1543 5188 8031 2637 5279 2534 4048 467
28 2872 7046 4440 1729 5488 748 4601 6962 4112 8373 491 2418 344 3958 7866 5192 4205 7892 456 9909 6274 5707 726 124 8325 5876 7636 4523
41 3056 1415 5961 1768 622 8810 9063 3055 3981 9106 607 7846 9180 1414 6296 4201 1728 4996 8461 2133 2973 4792 265 463 3612 5582 9966 9851 7589 5107 418 9842 7088 7792 7986 6442 453 8448 8661 2250 9023
36 819 722 6688 1788 1575 8410 4164 5257 9920 836 7740 9610 4660 8677 3010 7167 5467 1206 1838 1363 9121 82 6194 1501 648 3693 966 2823 2090 5973 2328 3592 6726 7644 5235 5944
26 2868 9003 5568 8440 4020 8298 35 816 979 6991 5329 965 398 6464 2084 8710 5493 1834 3389 7833 2685 1299 1780 7978 3966 8258
44 8645 2301 1223 7910 7779 9152 1052 8422 5112 2213 5037 57 2873 5499 8992 953 5828 5624 4604 7954 2076 902 4837 6059 9396 7572 455 5845 6335 4002 1405 507 2567 8764 6462 5441 4551 4244 7016 4854 6587 444 7252 7264
24 6388 9942 9898 1702 7729 5087 5648 2989 8321 6499 7127 6752 4557 4827 3580 1903 4451 8240 2445 1097 5642 5126 8988 7614
30 199 9713 797 4783 2846 5928 6342 6695 4147 4486 521 4241 7301 2763 9357 8430 5194 1912 2533 6641 2053 3917 6351 6621 6632 5321 2166 2830 6836 5946
33 1230 6576 6646 4991 524 5155 4437 390 1380 6000 5158 9987 2806 4558 1816 5779 1503 6410 9174 8706 652 3355 2477 9211 2924 885 4799 3781 2805 93 7176 1440 5455
34 5081 5620 2617 7906 7726 7490 7718 5375 5919 428 9649 2015 175 8735 3572 4917 2141 8307 3261 263 5363 8632 7218 5429 968 3203 2732 2939 8145 5615 3627 4382 8479 5939
23 5206 7083 3034 2442 8602 9758 8977 2047 6132 9013 2998 1225 8586 1099 5289 6626 9091 1951 9752 4403 4103 6807 9985
28 5025 8900 7117 5987 4400 6954 3651 7953 6346 5417 1558 330 6163 8917 3194 5873 9175 9076 2701 6479 6612 6143 4077 2157 4949 8377 4489 8546
31 668 9703 67 4728 8148 2647 3712 9905 6207 7654 4438 1228 53 2224 872 7148 6664 6936 5833 6067 8111 789 6693 2595 3391 9773 586 9049 2168 1856 7277
27 4320 6080 7786 7281 6443 1680 5449 1522 4725 7108 6043 6833 6816 7128 4957 474 7338 3061 9147 3577 3744 9524 1966 3640 2045 8344 5904
25 7534 8682 2682 6657 9986 2137 4347 8329 6324 3523 7834 4796 179 992 7775 1388 3967 728 2821 7574 3894 6955 3251 6715 3035
40 1668 2638 9870 6942 4173 7552 6924 1075 8697 2990 6943 8906 563 4311 4763 5495 1525 5612 9925 5852 2829 212 8000 6683 1751 3838 4213 847 6078 1741 6737 1835 6511 3984 762 5584 6722 8595 6115 1468
37 1562 2524 6299 4977 7597 5803 1071 9935 6851 6402 7638 3545 8703 9800 9099 7797 8581 3670 8843 4571 8935 8009 6480 5147 7565 4773 2433 5730 7985 7860 206 3986 6451 5712 2173 7802 7464
28 1749 8702 5346 1237 6027 5681 5869 422 306 9004 7513 9749 997 1086 9605 2658 5831 4189 7291 8441 7142 7114 8923 1561 5766 4567 867 536
26 2520 4058 9050 8879 5548 8209 5072 4689 6937 4318 9724 558 3877 527 1084 8369 1347 2390 1116 386 4353 5049 2041 4149 7488 1819
31 5199 2411 4632 2362 6808 688 3077 8666 1689 7783 7107 8541 2455 3337 8895 7719 9320 9644 4877 1492 2704 3329 8094 4263 8668 1997 8199 481 927 6227 6785
27 6699 4903 5239 2623 8943 1822 9311 195 846 3495 446 3130 4264 6020 2267 2311 6825 5591 2254 5129 3431 3650 6202 5677 4303 9293 1839
35 207 6008 7271 1898 4312 1723 9369 522 955 5817 6758 7354 8001 1202 3742 9362 8235 8176 1713 1467 4237 2103 2235 590 7606 2470 2367 2095 1690 993 5841 5407 8074 7132 8540
27 1454 754 9593 692 4859 5050 20 7231 2151 7433 3095 4729 519 2936 3617 6979 6466 4810 2515 9044 5751 1883 4970 9209 2001 2583 7995
35 7001 5976 9597 9519 844 5415 5843 5795 6690 3626 6602 4151 1028 6220 3097 8294 4025 5165 9277 1857 2552 5003 1139 1191 7789 5489 6429 5484 5693 7307 3177 8187 3033 8079 9476
35 8328 1122 4291 6210 7621 1296 3688 7033 6006 3697 2013 3766 1273 2969 7207 1145 1763 1049 4015 1605 5238 5725 2703 8499 9571 8882 2156 6896 2587 9799 9647 7645 9339 5756 6759
26 7064 7790 9331 821 907 1182 7267 8401 6245 4292 4696 439 7732 2956 2077 8123 9137 3313 8787 6927 7996 8696 2303 5984 5086 7351
32 186 8962 3674 9466 1651 4226 5018 7174 4585 6038 1226 9110 8912 4245 7485 1453 2960 6928 5877 3818 770 6945 3019 9827 3332 1459 1070 1638 1954 8433 493 8615
29 288 8653 6866 1327 1597 6453 2778 560 2767 5100 625 5344 6021 5443 9952 1618 1920 6049 2416 6753 9734 4107 278 9185 1789 9529 3895 9764 7335
22 2035 8096 8684 4261 1974 6812 5281 9409 6045 158 5749 3479 1900 4268 4651 7423 3590 4409 2244 5048 2600 2392
27 4976 9940 8772 2147 3088 5628 9998 5519 6717 7558 5073 5563 5104 9619 3519 4415 3071 9618 9100 5234 9128 4982 9326 5024 1199 9059 3426
25 6483 3928 3988 1517 7168 3602 9572 5242 6070 9182 6432 7794 3359 6636 3751 6022 9122 4584 8487 6077 3017 4575 3996 6340 9554
34 8067 2022 8750 9426 1502 3856 2003 3264 2439 3802 5783 920 1187 6757 3147 8256 1740 9839 6638 5101 393 4043 5218 9923 840 9398 8475 2468 704 3846 8533 7465 2063 2919
31 7227 4951 610 3673 3086 793 1500 4984 6923 7705 3290 5808 9295 7243 1169 7290 988 8598 5313 6681 8850 5814 490 602 9435 3778 981 9829 8997 1650 4361
22 2648 6490 8336 8726 9078 7601 1972 659 4793 6096 5371 5846 3285 3217 7096 1165 3531 4630 343 1827 1587 1208
41 3496 1595 5476 2631 4954 8205 9595 2659 8032 9276 4801 4681 8041 1534 3714 4228 3689 6315 2016 2000 1437 2605 2650 5226 3774 3402 8883 5128 6931 6005 4235 8083 9629 7747 990 5600 4545 2150 7655 8490 6850
26 5171 9229 1050 2507 5205 7980 2516 8052 1063 4397 6608 4110 3328 765 6125 5248 2614 9264 3764 8619 1374 3533 4836 7008 8656 6748
29 5216 3946 442 6796 5332 9149 7225 2116 8129 9157 7155 7969 677 3215 5971 859 5551 3649 9291 1634 7235 9057 8570 8628 4009 2770 6339 3972 4034
33 9512 4663 3050 1779 1177 2654 9016 4277 9566 9991 1290 9996 4538 4087 6647 6817 785 4080 4946 3863 7981 1416 7658 6895 2237 1659 222 2406 360 5351 1246 8545 3256
28 5061 1132 8638 4222 6697 1277 784 4031 7581 413 3879 9262 4628 1406 8484 682 9555 2248 7037 2899 1829 336 599 4231 6685 9400 1076 2554
30 6117 7650 8337 6456 1700 3727 8413 8288 7329 5950 3993 9505 5746 5921 3786 8589 6064 3614 6846 2130 99 3862 6320 1471 3814 755 472 7646 5258 6209
28 8763 2523 8631 6606 136 8173 9591 7027 6504 732 359 4656 3923 1520 9378 6441 8198 4441 6565 9127 1989 1709 7170 5140 1349 9665 6243 291
28 6548 3153 7105 9325 8563 1509 2598 5866 7903 7276 5598 5804 6052 7339 5963 4972 7973 4856 8946 7635 8024 1355 9844 3195 8505 1800 2138 8012
35 9536 6652 2324 942 3939 5463 380 3180 3038 6014 1670 7452 4497 261 7371 5419 8306 2092 7942 4863 5704 7814 2548 9549 8610 7873 1536 7408 1218 1603 8839 5903 2752 671 3833
20 316 7938 8178 4128 8394 7437 5862 2169 5212 4930 1608 6644 7013 7983 6724 1301 1184 7551 719 9005
31 8339 356 9848 7363 9950 7491 4433 9675 9040 559 9256 6890 5406 1591 1529 5897 630 7927 2525 1318 4953 1530 1759 4493 9261 2772 1825 9732 5381 3221 8756
26 2379 8138 2417 1505 3772 7835 6244 7605 7830 6313 8649 8037 377 2575 3197 7165 3192 1033 7914 6090 5501 1004 137 4765 2640 9215
23 6747 1016 5361 9633 505 6728 9455 2786 6516 6050 7047 5230 4858 3830 3585 5300 1039 1060 1024 3113 9949 1338 5267
23 7473 4282 4013 8542 7055 9366 7918 9135 9625 9756 1817 7522 6967 8844 9852 7653 3340 6361 7696 7394 8354 6185 152
31 8734 1686 4669 2576 9483 9561 8068 5515 5813 4137 1754 1055 5315 1957 3222 845 5526 6133 2356 8010 4876 7759 3604 6069 8358 8392 8439 4928 874 8223 5355
31 2992 2453 4423 497 8364 9604 3209 7752 9622 8732 1235 2824 7647 3676 970 1609 3847 7004 1620 4315 7592 4798 1679 5718 5940 7348 2684 379 387 1130 8530
26 5619 9327 3462 3253 8124 2527 1066 4457 6105 800 7081 7387 7067 6037 6235 3667 1141 5975 3970 2456 7012 8657 9826 596 2322 1370
27 8755 4307 4414 5741 5874 2329 8618 6534 1715 3570 8640 3828 2528 5491 2361 5062 3183 6582 9806 1947 6184 4472 9988 5083 9641 2608 4417
26 2826 2607 4743 5478 3102 4343 2814 5573 100 5438 9901 6551 5621 887 4326 325 4754 4534 7030 340 4273 4325 8607 2611 5562 1339
28 2736 5854 3950 901 9159 8193 5640 5398 3429 662 8521 6888 3406 4890 4720 5907 5261 6791 9343 2673 8385 7579 6162 9351 4615 7395 3235 7295
38 9018 8845 6295 3216 3858 4849 1435 4095 5680 1656 3859 6139 3011 355 3277 1153 5649 4483 5625 1672 5096 1941 8338 5141 9797 2310 3845 3767 8060 2675 7619 4925 7124 8057 2297 3133 2782 9340
23 3906 791 644 243 6267 2197 5085 5335 8196 6476 1220 1072 5011 8748 3819 7685 6735 2403 5124 9312 2735 3558 3027
22 2099 298 3832 1577 3157 8231 1194 1477 7434 579 9150 891 1014 6922 6357 1805 2843 3803 7040 7203 9221 9373
40 5952 3298 9673 9726 6467 7687 6204 454 2296 8821 80 6620 4802 1429 5383 8216 7373 13 5148 9406 2705 2733 5210 9444 3204 8192 8488 7875 4950 663 3042 5809 8104 6558 9010 9621 8396 9720 2935 3904
38 7948 3300 951 2725 2300 2850 3843 4605 7989 8514 4746 1619 9793 8411 7550 229 19 4676 8853 729 5719 2878 2691 4069 8040 4919 1908 3046 9969 5547 6776 6505 1207 6036 2875 8093 60 994
25 4718 5301 2941 4094 1341 3405 5812 9506 3219 9304 4804 2660 7186 5317 9873 2377 9481 6801 4500 6502 1480 109 6732 3161 7018
27 5536 2795 3711 854 8095 9239 2091 5678 483 9954 9674 180 2910 9652 56 6182 2680 1953 7147 7832 842 3755 7250 8144 9322 1511 1990
36 4832 2799 611 7591 4079 7664 110 6633 5659 3151 7402 5031 1219 2819 4126 2469 140 9429 4644 3710 5978 7967 8902 6584 5738 1350 6421 8066 4239 5884 8708 3765 7764 3175 5706 4390
33 9890 2148 4620 9736 5531 1324 5245 3394 6947 7212 7909 2170 2837 3787 8921 637 2671 2995 9838 7199 1159 3865 4249 3428 4198 1612 6282 8583 3492 6544 4192 6933 9714
29 1178 6774 9086 3750 9454 3279 3243 1671 4979 407 9388 7839 9009 1667 1586 670 7510 9886 5005 5917 15 5353 3824 308 1748 3920 1931 8450 3827
19 7106 974 1261 8204 1812 2287 6044 9705 1023 6101 2383 4254 9464 370 3732 8188 7468 323 9456
29 9808 3655 6032 7151 8820 6350 6489 3176 1330 8136 168 9979 3069 2755 8368 7347 9617 4152 1452 4452 1655 4459 7454 6518 2639 8919 1567 5189 5369
28 3576 9462 4278 4881 9578 700 3282 7159 833 8254 8320 9816 9323 6853 2330 2381 3341 708 3591 3760 7736 1717 1125 8345 8271 1712 4425 3722
34 7934 756 2407 862 8611 6174 5660 4566 1585 9390 6639 3186 5637 3741 3631 5505 3472 4997 8511 6396 6496 8197 9876 1761 2050 6031 9757 5268 8944 3820 510 5752 8453 183
21 8065 8707 9472 6438 58 8332 616 59 3869 3068 573 3158 3043 9634 7357 3571 9746 9821 2476 9089 8242
36 45 2159 1102 4480 878 3 8383 7367 2827 6610 8634 7462 5497 2961 4782 5099 4638 6230 245 6399 5559 7353 2744 8347 6391 8352 112 2459 6150 5993 9402 8594 6134 4563 2097 487
28 7662 5826 1352 8798 545 6323 3636 1312 8591 1640 2253 8175 9917 7930 6755 1592 479 2922 150 1915 5316 6822 1922 5008 3770 7449 7944 4171
25 8670 7332 1961 3933 4820 5139 395 5592 829 6057 9354 9516 392 9019 745 7862 3698 8115 3191 5451 6500 7971 7577 3435 7571
27 7284 3790 2569 8636 6075 3600 1134 6097 8341 4240 8015 7071 2913 26 7334 9124 3829 2812 6118 1873 1622 8427 7341 8259 4750 685 8989
31 4529 2909 3532 6007 9300 3089 5586 6899 7537 7446 2564 798 928 2717 164 329 2920 6661 3262 4368 4038 9691 7187 134 9885 9607 1371 1999 234 3888 9496
20 7675 6765 3092 1917 3283 512 8614 4607 1335 3684 3681 8262 7475 707 9611 1123 2460 1112 6704 8131
24 7975 4602 3368 9482 8765 5532 205 674 1803 1742 5297 5820 2530 3678 3357 1843 9287 8650 4989 9036 6130 9508 6236 2165
32 4088 551 7508 8775 718 9992 7019 7344 5179 8769 5988 1510 3938 2504 2243 253 9073 2490 1011 9754 787 7806 9027 8582 9275 8822 2940 3805 4648 4040 5757 9990
39 3615 3922 240 2591 8431 208 8081 4505 6152 7095 1379 2395 1968 3271 6425 4065 6344 8390 4962 7060 3200 8381 550 8741 7209 1892 8612 4595 3286 3896 9594 8137 185 5900 3618 7092 2376 1568 1795
25 6903 3419 7842 9550 6603 8363 4022 2259 8786 9646 1652 2073 7316 3932 5929 1385 2774 9785 5032 5334 7305 1256 720 4271 8324
29 5875 7324 5041 5019 2319 4732 618 4380 9664 3453 5775 300 634 8861 5071 3878 7481 2945 6855 5540 122 3381 9490 5925 7617 3398 857 1245 7472
19 9812 6957 3548 9385 4866 8774 5872 4643 2331 4412 9212 9636 3561 6116 1334 7220 8163 4168 5550
31 2436 8395 5578 3521 689 8840 1552 4701 9039 1469 1884 7208 753 9116 5819 8512 7412 6314 286 8406 7470 9105 6655 7210 1257 2348 6795 7826 6792 5767 1365
29 4054 2947 1731 8462 3416 3930 4050 1017 5403 7570 3049 7000 6826 8470 2286 9047 3134 5541 9052 1642 1082 2048 3383 1062 7280 8847 4162 1319 6643
24 361 8409 736 687 3471 378 2145 9408 4097 6254 292 3299 6084 225 322 4139 9069 6446 6423 6452 5898 9210 8613 2271
36 1718 7056 7607 839 8353 6406 6437 3303 4902 1188 7665 7529 7388 3775 619 2800 3942 1824 5892 6095 5607 7278 9298 4448 251 3745 8278 368 6656 835 3289 6885 4422 3385 7922 4751
27 1875 4943 4130 7045 2290 7440 4481 1186 7041 6180 5653 7026 1745 161 1694 892 7228 8261 1601 6654 1248 165 6592 1491 4023 3944 86
33 5507 5496 4356 1693 6660 1950 2373 676 7613 4488 8387 7955 1300 8146 7017 3293 2723 6714 7099 9522 5157 8731 6327 8630 6276 2803 7784 601 5033 9820 6579 5447 4169
22 9930 6526 173 7923 3902 908 9011 9397 3645 6026 2835 276 2064 3388 2240 3695 7933 4501 5604 5143 5847 3392
34 369 8503 930 7926 3039 1413 7424 9760 5185 758 2630 517 4579 6676 4583 9500 1571 1463 1897 5923 2977 9459 3964 749 7232 2714 3886 934 9602 7720 9980 5243 4580 7501
29 4670 3213 9222 7094 814 7366 6257 2886 1298 1799 1268 7085 9126 4606 1870 2768 3342 8553 1891 6348 3314 4290 3752 5312 6599 5690 2728 6341 1826
26 6932 2292 699 3567 883 6617 954 600 8834 4550 9440 4146 919 3137 603 8105 7904 7703 767 8438 9228 6092 6860 6206 9883 1170
30 6568 282 9361 3723 5674 2687 2651 9937 626 8738 7230 1074 7540 4463 761 1599 912 5599 1872 9780 7632 1068 9460 4847 5553 5768 543 1932 1021 2876
27 6856 4971 6578 2096 9971 8744 2870 9613 9862 1441 8566 8491 2633 8524 6562 289 918 5601 2131 8737 6289 9376 6035 1270 154 2473 1541
28 7625 7269 3410 7223 4759 434 9302 1390 3354 63 3024 7912 3311 2696 1654 8928 4116 4865 8881 3112 5889 6961 5914 8579 3921 6780 5557 1474
22 2276 9643 3464 4686 2802 3260 9537 1753 3052 9494 2039 6870 1735 5290 3518 1445 7535 2937 4797 9690 7447 352
27 8243 565 5908 9891 3769 8350 9810 2315 642 3683 3469 1946 3931 6515 1551 1282 5610 7162 8768 2503 5581 2981 1871 9828 4186 5938 8969
23 301 4140 5058 7430 2801 2391 91 1398 5771 651 7523 4853 805 6104 576 4513 2364 2694 214 2859 5664 4905 4195
28 4067 8180 6047 1098 4355 3672 9916 1425 7656 1034 7439 6181 1203 9575 5998 3379 8655 3371 4298 5830 2200 9687 9155 8739 7929 7110 2282 6408
36 5913 5838 2916 7438 5045 3319 8125 2189 260 3696 5622 4310 8028 7397 52 2951 2057 3864 1120 3700 5241 879 2279 9728 5545 2854 4586 9518 6707 3123 4238 1167 5413 5473 9136 1090
24 2839 6435 5777 8219 5657 203 1077 6907 1323 9514 1495 68 1447 3625 4964 2140 7255 8151 5561 4081 8371 4872 6554 4619
31 3534 9919 4248 8002 6552 4574 6217 6669 6902 3166 2963 1311 9070 2389 983 5026 1045 9984 9600 2683 1358 8299 6114 314 3776 515 1163 4165 2750 5480 6973
32 8620 6673 8728 6806 6450 780 1111 2813 9702 8959 8117 8823 2807 8790 3842 6650 8679 3756 1949 499 4965 1124 3037 1943 5246 6597 5409 5454 7584 4078 980 8297
31 354 9253 4044 8418 6815 1462 5 4695 9679 4197 7754 8275 1217 9195 2188 6550 5202 5046 7935 4603 1610 9391 7242 2897 2709 5098 5617 713 2146 8819 2568
28 4350 1977 1103 4462 5090 9098 3002 4098 1255 3461 7639 6279 4942 5382 7023 7221 1923 4175 9556 1015 9021 6203 2051 6692 4418 8165 4598 8502
