47 466 8098 6372 7628 4188 3255 8355 237 128 1516 6237 1930 7363 4438 9433 6708 9170 247 9412 6574 519 4959 1057 8187 3560 2062 5027 7259 2789 1551 1403 3783 4989 2425 4741 3504 8106 8015 7071 2913 93 7103 7620 8754 555 2492 4626
49 4032 5383 8216 4669 1098 1982 4985 455 3945 9316 394 3911 4312 6072 3673 3086 6414 2234 8932 5512 5015 3118 7564 1005 4835 9942 4804 4658 1665 2065 5757 1491 227 8918 7297 4049 6544 6246 1818 746 7844 900 7482 403 5863 8313 9559 2218 9666
47 9307 1675 9441 1792 3629 6720 3292 3052 4075 5955 9206 4352 3621 8457 7746 4650 8466 738 6505 4057 2968 370 4678 1736 4554 8901 7476 4769 5609 6911 2509 4912 1984 1013 2249 1985 9437 2109 6673 5221 5035 2625 8428 6294 4362 1379 1090
39 516 712 9014 7382 3606 6786 7950 2858 5162 1169 8852 216 6520 2403 2827 2947 6389 3109 6327 9418 4122 2566 8061 5451 3132 507 6897 7637 5792 5611 8455 9172 1987 4519 5845 5773 9476 3800 5829
39 5956 1356 2111 9360 3816 139 1830 3189 1636 5092 4606 2591 8431 208 8081 4505 5054 721 7122 9531 1163 4240 5648 9590 8075 9848 3536 8536 6976 7859 4775 5791 2538 7843 9460 9234 9249 124 6499
42 2634 5143 765 6125 1731 4581 6506 3157 8231 2244 7369 2683 2163 2118 7667 5662 1160 1176 2331 4954 1136 9305 1490 6826 4807 6196 6863 7671 6744 6024 4445 4404 6825 8040 9421 1154 1910 3835 4738 33 7551 8290
47 2953 2765 3488 4427 9782 31 1593 1189 4212 3848 5994 9731 1083 320 9795 7419 3138 9133 2543 9663 1582 5247 7273 3965 8494 5372 3917 6418 5894 6015 362 6758 3506 2676 9386 8358 3556 9374 8516 7802 8278 3106 549 2032 3365 30 5576
50 3171 3749 4475 5500 2323 2691 4069 1833 3537 8245 3791 522 955 5817 2680 1957 3222 8419 3054 2661 7615 6751 423 6405 3983 9383 7736 4100 9941 2288 7585 6 909 6732 6578 4647 7051 5587 6091 4582 9356 5589 2610 7722 6629 1666 3760 6750 7778 478
29 3578 2101 1051 9439 2499 8308 5787 5330 8997 2471 685 1437 2989 2681 8374 2515 1504 8411 4418 6012 3021 4551 3893 6821 4396 2186 8839 6381 2208
53 987 8028 8050 9798 4543 8463 9519 4564 8555 9740 8286 3185 8381 550 8741 7209 1412 908 1611 9687 9052 2281 6898 9565 6222 1222 3066 1909 3836 2154 7629 8018 7 8186 7505 5449 1522 4725 5790 5113 6592 5932 1001 7198 3006 8451 9595 9417 7161 7078 9283 6475 7205
49 6215 7952 807 2527 6842 8041 9572 5242 6070 9182 8693 1281 5350 5997 7557 9638 4365 539 5840 6734 4923 6533 6755 8667 5331 5393 7214 2079 8952 6845 3853 598 2696 6946 7826 2312 4099 9274 6325 7813 7031 9204 9571 1200 9463 7488 6791 5478 5263
29 9389 7718 5375 5919 428 9649 2015 175 1166 4130 7045 3119 5887 8920 7202 2998 7765 6659 891 9372 4849 8225 8558 8819 8481 1248 1866 7520 1119
36 6071 9597 5776 29 679 355 8526 6487 8899 7269 3410 2275 2448 6083 4389 800 8934 3267 7509 4801 4681 2560 4880 275 7984 3395 411 5310 5385 1359 452 1617 3256 3401 3013 2322
51 7780 8778 4402 306 3651 7953 9219 72 1737 6101 776 3884 2606 6219 3798 4105 6187 4317 559 9256 6890 5386 9934 4141 3301 400 4237 2103 3734 8627 4653 9865 6184 3337 4190 7951 7922 6393 4481 4974 710 6394 9217 6794 8362 9767 5778 2152 4920 97 3820
43 1126 3962 5325 8315 2517 9722 4511 8439 4928 4675 8975 6066 861 9968 6893 9959 5222 8925 6947 7212 7909 7554 5947 7514 8969 4528 8586 821 907 1182 8281 6496 4247 4038 5343 220 7037 1789 5851 2754 5124 8296 7372
42 4243 2167 5957 7249 7083 8261 7407 5610 7162 3168 5109 5174 9712 843 9409 2374 5885 9882 4007 7824 7793 7082 5207 6023 7119 2877 7870 2776 9653 8203 3148 4258 4644 4469 9499 1784 4124 6701 3214 6703 8689 6178
46 1724 9351 1290 4966 3753 6739 3198 3727 1448 4755 4732 618 3417 553 7308 9650 4355 3672 9916 1425 9102 8674 9198 7652 8828 5649 4483 5586 5291 4489 4493 9903 9586 9677 1062 9326 9077 2708 9949 5282 552 3409 7602 5414 8415 7251
42 8489 1081 8517 2158 3730 2738 7411 810 337 3415 4432 2005 6415 1645 8915 4571 8935 4166 6913 7732 9080 103 5513 5764 5634 513 6929 3466 1002 6470 5194 5566 9681 7773 3212 1330 8806 4414 5741 7026 4531 3500
48 5964 8593 8092 2143 5364 4386 5140 9142 1088 6738 8421 5422 6938 2985 6377 27 7865 8909 5949 7508 8775 718 5844 5212 2701 5040 2024 509 1798 9336 7592 905 5493 1834 3343 8805 7777 1408 8970 9188 9620 4869 3849 9624 6634 5472 4697 557
47 283 4419 8865 13 5148 6270 8156 8332 2883 5191 191 1588 1383 8195 5669 3938 2504 2243 3735 9110 8912 4245 9683 1253 2433 5730 4228 3018 8891 4473 5150 3818 6201 3710 7704 6121 2550 4173 5495 5277 7594 9272 6534 4906 6800 6045 7157
37 224 1669 4831 2077 8123 9137 852 2494 2025 2948 5179 2511 5624 4604 7954 4735 3368 3661 4327 8370 2355 7516 2537 6843 633 5934 7798 6049 2503 5667 7348 1130 3941 7055 4619 8034 4091
36 5629 7562 1693 6660 1950 23 8285 2897 3568 3474 1686 8275 5861 5492 5972 5293 4610 9947 3044 458 9803 2083 2928 2763 2444 3296 3293 7838 5901 554 5371 2038 9553 714 1265 6538
25 8982 1726 912 6122 5471 3632 1908 7167 7863 2108 4640 1902 7669 3642 7023 6908 9975 6782 7387 5866 1537 5742 8716 6029 1990
39 167 6919 9566 6722 8968 6501 7576 9381 8777 2831 5440 576 3473 9514 1495 7806 7775 1903 6934 2371 4170 1680 643 3095 7107 8299 5795 3655 6884 608 3891 2120 9450 9935 1842 1401 8568 6539 3757
44 6284 2341 2086 606 8173 9591 7027 9749 4325 2192 4588 667 2797 2181 1858 6888 3909 8249 2793 582 5850 6333 171 9301 4684 4962 3979 1623 6247 1258 980 7710 3103 538 3055 1352 3009 1851 8773 2396 6724 5456 4662 7472
45 9177 9489 669 4706 1310 5008 3840 6583 924 8743 8988 3788 1340 9153 2970 4784 3925 2231 4176 8676 5653 4938 3342 67 2022 8750 9426 5834 6869 6630 7477 6156 4736 1338 5341 3254 1895 1565 7495 8696 2072 8254 3921 1587 4893
46 1366 3985 4302 1653 9187 7649 6153 977 5133 3948 349 7063 556 1768 620 324 7392 6062 9297 8986 3704 5151 4834 8711 2402 1929 8508 8598 5713 7624 4340 3512 6254 1914 6763 7417 7254 4290 5168 7828 5678 5565 6368 805 465 9136
36 6595 5739 4324 5404 1900 1720 9802 8600 5825 5420 8111 6526 3821 6097 2391 7130 8006 798 6571 4180 1473 8951 2321 5805 3978 2739 1648 5815 1453 1879 910 1094 2589 4751 8615 9985
49 1073 9669 7685 4726 9036 4793 1201 1729 2986 7763 6128 7659 2067 9509 6366 8117 8823 2804 8177 8306 4942 6895 2237 2215 3819 338 2393 969 9901 1659 222 6400 631 7096 8788 8301 5415 5843 1581 5315 6853 6805 1498 9059 3598 8447 9262 3068 7683
47 2135 9095 8752 2576 9483 7847 3483 6555 7701 2068 9645 121 2114 3405 1218 129 9904 5982 7750 9190 2137 9732 1863 8241 3432 9199 9994 1764 8855 8202 2558 6175 5854 3950 2969 2030 3136 7994 9781 7359 1456 4296 2335 3233 9203 9382 1785
36 7163 6848 5480 7276 6321 4914 9245 1704 580 1700 5676 346 4872 6018 3782 9475 7032 1911 2564 7760 5686 8283 6427 5547 6676 300 1426 2449 1097 5059 983 8529 3882 6624 9471 9207
39 281 5762 3080 8785 4556 5360 5479 8104 2679 8800 8507 2513 5017 383 9945 8956 9908 9032 3264 3253 8124 4006 6043 1927 7574 6931 2291 8019 7532 1045 2652 8271 9719 7084 9970 8178 2320 4881 7451
35 7694 5051 6852 8907 9329 6035 9251 8171 100 9819 836 3282 7528 5965 1064 4635 6953 3758 7818 8671 5374 2266 2116 7018 1884 747 7834 8425 399 7183 8267 151 9226 7679 3901
27 813 6733 4276 1212 1788 5019 2319 6597 1956 4665 7910 2981 943 3420 727 6623 6783 8221 9579 9754 6459 3126 5264 4298 737 3024 4104
49 6224 8175 566 433 5583 5112 2213 4620 5317 9873 3208 5569 427 2055 1306 5751 7558 3324 3803 2733 6638 2406 4202 9367 7313 3124 8692 1069 3211 2769 815 1849 245 6399 9699 8705 5793 1556 4550 6150 4238 4961 4034 4657 5176 1512 7939 149 7650
31 1215 4730 2031 2429 8159 1507 7447 3305 4975 8791 8422 4729 2383 5602 862 4648 6894 5303 2663 4142 2256 5872 9218 6661 6966 656 9854 2102 166 8162 8814
26 9025 2372 3169 1026 7294 6542 2011 6512 4426 5365 424 4183 942 5665 2220 3582 2124 2849 3678 6166 6479 9444 4369 7912 8663 1009
38 3358 720 1962 3960 5777 8219 5657 203 5976 8613 7144 759 2419 7567 8293 142 3260 4287 8679 3756 7012 2910 6225 5508 6169 9823 3890 1981 1410 9358 873 3279 4235 6498 4131 7829 663 8137
34 7190 2771 7361 6142 6495 6285 2571 3325 9960 6116 8738 7093 735 4338 4256 4919 8323 827 4663 6764 7852 3845 2279 564 2712 7845 5265 5000 6904 613 3057 1171 4333 1641
47 9488 3937 4867 4092 9261 8609 642 3683 3469 1946 3931 1546 8858 9981 5043 675 6915 9208 6837 1609 7380 3318 8295 1050 5390 3016 4311 5852 3915 2816 1662 4501 899 3751 7014 1540 5614 445 1421 976 1917 3336 3802 2462 8011 5837 7134
42 6055 4346 1255 3461 7639 7410 6702 9724 7257 804 1487 7772 7326 1331 8751 5726 3378 3832 8354 8916 9151 5869 2310 1382 3608 285 6798 5823 5636 6589 5675 6297 520 5388 9078 7404 7079 7355 5727 9355 7256 8581
33 2742 3063 3352 5084 9962 6983 2502 8416 7370 6694 7886 4852 1527 5548 8209 1734 1712 3617 6887 8584 4748 1231 2882 8794 4584 5137 6061 9581 6820 9353 5246 2743 8871
20 105 1047 9267 1766 9892 2737 1619 3981 8878 4293 1679 9416 4868 2474 7918 9135 4686 1008 4478 2241
42 6771 6262 2529 1247 2203 4904 3813 904 327 8148 2647 5783 920 1187 3795 9651 8993 7113 9810 6530 6471 5575 9702 8959 5254 7851 8234 5218 1369 9734 7904 7810 2752 8624 7940 6453 8505 7502 134 869 5803 5250
37 2893 2496 3434 3424 4242 6131 3072 3228 8866 10 6481 1839 9263 7941 3703 8632 2139 4884 7962 500 462 6940 223 1293 3559 1317 4215 8141 1305 6687 8840 8361 1952 1467 4263 3000 4897
36 6190 2012 877 5396 9031 8133 5192 6497 5284 6986 8520 7265 9116 6626 3290 6089 1532 5673 3768 3111 5100 625 6106 4232 255 5047 6267 2197 4403 2364 1890 6095 9688 7905 2195 5095
47 39 2002 77 7896 2161 7443 6745 366 7938 730 1400 5951 5765 2651 5233 3197 4055 7105 9040 2397 9152 9830 7849 7301 1244 4972 169 4192 474 7338 3130 1020 9633 9317 665 1761 2050 6031 6625 3885 1797 1661 6244 5441 4137 3785 4590
18 921 9196 2725 2469 6839 2201 5021 311 233 9723 7263 4381 732 9784 880 2146 3224 3385
38 5028 4822 8643 3692 6398 3994 7949 1663 638 3525 8205 2304 365 8427 6503 1526 6444 7817 5076 8732 540 9694 2074 266 954 3861 8059 5527 9737 4637 1470 4782 4562 8535 5975 1183 2359 7855
26 8680 1146 2076 8341 2885 577 2530 7530 8444 1375 9050 1275 1772 2182 1262 7721 8611 9551 4047 6881 1511 8845 4704 5606 9395 2405
17 9658 384 6569 6610 8634 7462 2902 937 8911 2524 3160 5755 2714 9526 5941 4814 46
15 567 5671 8185 9900 8280 1377 2174 9604 3677 5236 8005 8077 2745 6318 627
43 4064 7670 9615 5313 6684 5123 5178 4699 5842 1716 1852 4949 8298 5302 7044 532 7947 4441 8515 504 8086 2869 2009 4191 159 3345 7924 4017 4612 2352 9028 7025 297 200 8860 8400 1461 356 5595 3874 6397 3203 7644
39 6492 218 849 5324 7993 9422 3404 6041 9123 1894 2183 7120 8532 4214 3810 9735 65 9334 789 5406 839 4133 4714 2240 6723 4392 8399 9021 1257 6189 7072 736 872 1961 9484 3184 3232 7655 6241
38 1743 5538 5977 1918 5029 5574 9348 1010 4950 8265 2113 2547 5635 9482 8208 6281 4888 5238 7050 7490 6619 5285 5339 527 1935 1739 2806 1027 9840 7260 4303 1756 84 5412 745 230 2485 1709
30 6002 9523 2463 1409 2531 7160 8486 1760 9656 7005 5273 3903 3610 4074 1404 5439 1052 2627 8304 5592 829 6000 3302 8172 59 6977 6849 3377 6076 5541
33 6727 4533 7278 9298 4347 7151 8820 6350 6489 3176 6046 7682 2260 5554 6581 5855 6824 2119 6468 9364 3076 9179 5118 8603 5429 7146 7242 5004 9772 3443 935 2134 8919
36 5304 2982 2896 6371 6907 4572 2788 5208 8522 1878 8259 3687 3050 1779 3186 9216 3619 6265 2685 1299 8781 3117 8250 686 7871 8998 6176 2865 7603 8942 6570 8596 4474 6419 8122 5935
26 6280 8108 2813 2599 8160 1307 4540 8636 6075 8407 7342 1893 1177 7318 329 9708 8352 1428 8476 5346 1237 8120 4476 7980 1082 9691
31 9545 4573 6709 5 8709 4113 5679 2070 6653 5484 7124 4465 7693 7638 2342 6003 7917 5822 5145 3485 6857 8955 8436 8488 4871 639 2620 8087 4750 415 6790
31 1939 7169 6358 1209 8140 2071 3012 2604 8966 9716 7432 6177 2609 9275 3750 7546 975 634 7118 5700 9606 9996 6410 7686 9888 4371 2443 2812 133 7384 8880
39 7109 160 9083 6847 6401 6160 3023 9670 1343 641 1342 9214 6810 4250 750 1204 2257 1224 3144 3717 9978 3880 1329 4225 2518 2272 2228 8815 1913 437 4490 2467 3444 816 979 5228 22 8591 7029
37 8101 9547 35 5096 5704 7814 2548 7024 1065 8129 8139 9118 4813 8737 1099 5289 9320 8170 502 7805 6760 4205 8630 6130 842 108 398 8577 6729 8550 8649 9517 4701 9473 2061 5010 3478
36 8976 9017 4458 2305 9698 7992 1465 2366 8813 922 628 4436 8531 104 6378 1886 9963 2284 5348 5897 2829 212 3549 4348 9085 6691 473 1773 923 2756 5979 8199 3752 75 4819 5320
42 8983 584 1104 3206 574 1133 4264 6622 476 9342 8336 9796 7137 8401 2898 4910 1538 8682 2682 4987 7053 4217 1422 8211 533 1800 3177 7996 3134 9440 1576 2490 2409 6819 8771 1711 6926 3344 2417 988 6283 8700
33 9184 4134 962 5442 1077 9228 6141 3248 1462 4185 8495 5144 596 4330 9159 2180 5607 8189 9108 6648 5333 3647 752 188 2881 2325 9185 2775 3110 3297 1639 5801 6138
31 2574 4401 6522 2863 1054 7087 4486 521 7098 887 4326 8802 3398 2491 5261 8807 5860 2394 4366 357 5070 9827 3834 1446 6715 5166 3448 5258 7548 5080 8540
24 5173 6563 1478 4016 9498 9155 140 9501 5682 9285 6420 9765 211 9717 8070 4167 1314 2028 4630 9469 6461 8798 4765 2027
39 477 9072 9832 1960 9128 7128 5983 6643 5009 164 1767 6930 5895 6308 430 6361 4873 190 9706 8337 6456 4143 413 8284 8856 794 3191 2964 2093 4306 5722 7141 7479 6392 5581 9921 8961 5068 7815
36 853 1983 2555 2636 4360 9557 5098 1643 7942 4863 6572 1717 1125 1040 1689 664 6194 7174 841 4042 4577 4189 8827 6921 156 2128 7972 6065 3271 6425 3705 6288 3412 1702 498 7207
43 4613 3743 4172 694 4901 6910 6697 1277 784 4031 2655 2630 3671 6430 3319 8125 2189 897 5362 4203 6674 9617 7131 49 6344 3714 4454 8626 4372 3317 1332 2185 5626 2824 3943 9744 7017 4224 9714 3667 9345 8786 1295
37 6428 5305 2184 4407 9993 326 7415 2023 7034 9783 5960 4526 5804 4933 2988 8651 6922 6357 1805 3910 8921 929 2559 3450 4165 6532 6473 4353 1354 9333 9089 1076 3479 7354 2734 5146 2233
42 3032 3883 3114 113 4905 2659 9534 9989 6086 1118 703 2693 1796 239 1121 1817 3491 226 4753 6052 9846 1856 9042 6081 7262 7319 7974 6822 2343 9478 1351 9147 8311 1484 9931 7512 9824 7707 4866 6796 6606 4890
29 4780 8030 4503 6272 41 9081 48 4394 2923 9407 8036 4566 8207 5549 3403 3825 9742 1309 2326 8812 5114 3235 4010 3521 6769 7590 2554 8100 662
17 6598 1108 293 5874 9338 6363 7140 7405 5797 5754 6057 6985 331 360 8023 9660 9640
43 5760 2235 1682 547 768 3685 3562 9115 5093 310 1715 6010 1881 2862 3033 8547 3649 9291 1634 4222 8727 4313 8924 3866 4926 9971 6725 1701 3932 7541 2843 8914 4603 8606 9098 3674 9466 1651 2172 964 4510 8487 9456
32 9696 8678 6756 9877 7185 496 2690 3375 3870 6776 328 9928 6547 5750 3781 5505 1074 992 7166 7295 3137 8877 8456 9109 9070 3390 5560 5556 2454 7389 9044 1600
32 6509 495 7143 6936 4484 7634 7400 7418 8758 890 7498 8327 2553 468 7159 4963 1618 9647 7152 78 5645 3587 1442 8012 4156 8497 1906 8079 2919 6885 7936 6293
36 8273 5196 9891 1427 5476 2631 4286 5909 5533 9163 8029 2767 3590 2614 3029 6447 7811 3513 8873 5223 4433 4162 7566 8595 2666 6772 7591 8578 219 1921 6112 395 7373 5552 5670 4829
23 9233 1138 9974 6981 5073 3074 4395 9302 6562 9835 6631 6987 2914 379 8340 1859 4617 2296 8821 9563 2996 8985 1336
42 5477 5428 5038 1023 6957 3548 9385 5384 6185 7441 2294 4518 1945 802 1762 2658 5831 1380 4376 9902 1607 3599 469 6958 2999 678 1610 1971 8417 6310 6552 7964 2705 9542 2605 8861 5071 3574 8321 6226 5579 6309
42 3237 4570 5502 5116 1778 9977 225 3645 1304 8703 9800 9099 8432 9855 788 3715 6749 760 7734 5271 777 3321 6092 761 1599 9178 3755 2583 451 6541 1774 2493 1876 7593 4960 2309 3373 8575 3533 7002 1411 2169
41 851 1528 4715 961 9703 9365 3871 2145 3075 4821 681 1017 1395 9230 397 330 8675 8846 7609 4393 7486 6326 8519 7379 7090 8317 9693 192 8320 7879 4965 2567 9357 989 8116 112 5593 5486 9787 6068 380
37 9766 7666 5376 6314 286 8406 8917 779 1392 6119 3007 8718 4273 9867 7145 8453 7889 1690 6964 896 5993 8445 6239 4631 8617 117 4843 970 5864 6191 1862 3231 1803 6587 9132 797 617
19 347 6865 9556 4109 8238 4783 4692 9124 6096 1334 5306 5381 4855 4329 4894 9408 375 8181 5721
21 7776 7911 3605 7572 2979 1896 1164 2003 7742 7445 9284 5091 4724 5658 8847 8473 1109 7021 4126 7390 8953
34 772 1657 1590 4179 4611 9933 2867 7800 3593 3201 7391 8714 6752 4557 8287 7932 1221 7616 4842 2415 9149 7225 8007 2834 7058 8145 6148 7511 9266 115 700 3294 2452 7496
28 1809 2654 9016 4277 3065 7224 1555 6767 8013 4689 6937 565 5908 7908 3875 8569 583 3726 5709 6384 6978 8816 123 3958 9401 4391 6434 4957
38 5705 8183 3769 3524 4685 4767 4864 2540 8127 7287 9491 6192 9639 4383 3575 4560 4434 125 5286 1777 4660 2938 7467 7234 5164 5820 2430 6009 3269 3851 150 448 8136 9400 5557 9926 8214 4922
22 3508 9038 3107 6137 4028 7111 3331 8003 7884 514 493 8266 6331 4840 7377 2917 2662 4085 6359 6474 4271 6182
48 4776 9871 6586 649 6793 170 7861 6663 3051 4969 1874 4846 4421 8601 6956 2007 2505 5848 2814 4199 9201 9332 8096 2778 560 5138 5274 4084 4071 1558 3149 5184 252 1161 4125 1642 3243 7091 9720 1173 6823 7651 5572 6102 3660 1471 4268 6439
29 5924 5942 299 7059 9086 2611 2594 6493 7999 9150 7463 5268 8944 5235 5907 6590 6545 348 7758 8562 8824 8949 1367 3280 8872 7068 4655 9486 6220
43 7003 701 9282 3346 2295 3957 1386 136 7702 2593 382 7311 9361 4344 287 2795 1812 2287 6228 3624 9831 7375 7519 8378 531 1925 5463 8748 8237 4668 3140 315 5036 8072 5928 2864 3706 1621 6032 3218 1385 7518 2673
43 1357 3394 4541 2592 5127 8509 9129 307 4080 4820 9423 5650 6099 9561 8068 5515 345 6613 3101 1214 5534 2258 7298 605 1912 6628 1283 3143 1100 236 6317 5355 9445 9588 4107 7478 4468 1105 8292 4153 55 1457 6402
44 98 8892 1794 2798 2123 9235 8757 9309 1771 5498 1079 6502 8502 7971 2389 4459 503 6016 2064 260 1344 8420 9820 9980 2483 5889 7076 9838 5654 6118 1561 3257 6059 7316 7604 8981 1536 7408 2348 5813 4073 1080 7563 9451
49 8342 6870 868 2126 7973 4856 401 9757 1345 2127 390 6349 7208 4538 4087 5940 4412 2521 8230 8408 3188 6999 9659 8833 209 3600 8118 8889 9969 9577 8128 4853 9849 9231 5973 1964 2230 9008 436 2772 9524 1966 3640 3437 2221 8669 7199 1450 940
19 2245 9510 3327 2153 8 5434 1684 392 9019 4643 875 8585 9002 1948 8542 9213 3164 2475 2906
40 9236 4485 1500 4984 4886 2150 9051 7717 1937 3844 374 5878 6183 2037 6647 5944 2700 7583 7466 5425 5768 6773 9905 4164 1922 7680 47 15 5353 3824 273 9608 6601 6261 6212 9850 9676 2808 3822 2790
25 1285 2642 7314 6943 4051 2930 3933 2362 6808 688 591 2746 3949 7539 6445 2264 1459 4053 2633 8109 4234 7913 4116 823 1994
19 4029 7608 1808 2480 9548 3670 1870 1647 5169 9587 947 6296 8954 4171 1671 8639 2955 6451 9664
39 5327 2138 7358 5349 8375 609 8660 4882 459 1292 3728 6836 9464 6832 2481 5847 9470 8258 4527 5971 4275 6844 6356 4093 1807 9121 82 5489 6429 2699 8035 5597 901 6813 2432 2703 7366 2878 1249
20 6263 2096 7597 722 6688 5802 4693 512 6454 2817 9066 9242 5266 4561 9863 7158 1087 7517 4210 4817
33 5298 8460 8665 506 4979 407 7054 5752 1991 5198 647 4679 6792 3458 7700 9349 3573 1402 2741 1346 1622 9485 5732 8957 3030 2434 5996 2297 4158 3125 3577 809 4136
34 6304 9958 3767 1297 8602 9758 3263 2848 5639 2206 7452 3463 242 3748 3262 1692 2860 6352 1814 7749 6612 6580 9642 9428 6250 5411 7065 3173 2991 7229 8513 1482 1195 1696
23 7877 147 8191 9864 3268 9162 4259 9918 5088 7961 8655 1341 8770 2516 5347 6537 3807 9983 7607 7489 7339 7470 7797
24 7966 3939 7921 9101 2587 7048 6607 5747 7612 9255 5666 4221 5002 2216 4309 4026 7900 9076 7533 6082 6579 7978 5368 5111
23 7850 1489 5647 6413 6762 7195 8063 7556 7676 1308 1424 5455 9775 6135 4506 936 8745 8533 6945 8008 3681 8672 7696
24 5034 6633 5659 1142 4079 7664 4119 7582 3303 8551 6615 3451 7422 8247 1889 4857 5023 3003 1673 9955 3613 429 5126 6967
14 3668 7197 615 7430 4742 2706 6614 9173 4467 6554 2442 1032 3729 8967
45 7956 2034 5509 8031 7334 8698 1210 6139 3011 6731 3427 4559 9369 8801 1969 9227 739 1539 5300 3708 2618 4683 8787 2963 902 2021 1573 2602 5563 321 2934 9318 8640 8543 9257 2859 4056 8762 3175 4525 6944 4492 6748 5082 4378
37 7804 9280 342 3635 3665 130 2721 2285 2470 1186 822 1316 8527 4114 9092 5692 4200 3026 1242 8604 652 1362 6276 6909 5358 5789 3002 8864 7135 579 2090 6129 8765 4230 1923 3510 8644
20 9055 9726 6467 9200 4731 2724 6058 9250 948 3234 7880 4860 8996 6412 57 1124 5187 3061 2539 7233
33 5827 7727 463 3612 637 9845 3998 1184 9138 9314 572 4160 2637 3588 999 2660 8977 6712 1548 3238 5319 363 2632 8307 3261 263 2880 3396 3486 4837 9023 4761 2250
40 9715 9913 8544 9393 5596 3036 3085 4878 4823 4546 3989 6880 8564 7383 9922 3831 4850 7246 1509 6126 3809 5879 4154 9599 3609 7621 1905 3426 9956 4580 4178 2852 3275 1722 1117 4039 6779 2777 3789 7571
15 7945 2901 4061 5065 8610 792 9578 4274 6650 7474 2435 941 5832 6115 1233
17 9874 9011 5049 5063 4249 3428 4198 1043 7864 9776 425 3355 744 492 1058 8210 313
40 7309 7706 1272 4858 4756 4747 9961 333 6535 1036 9880 666 9697 6912 5753 1970 1347 2125 1745 1423 1543 9194 7764 5642 855 1394 9816 8987 5690 5447 4854 8541 8898 4875 6319 4334 7626 8152 5014 3236
38 6951 3287 5464 3438 7997 7601 1048 5363 8326 3364 2299 1505 3772 6494 8119 9094 812 4629 6485 1162 6013 5664 6965 8017 3633 9045 7170 9013 1654 5687 5525 2768 2875 6019 6662 127 5430 3926
37 8143 626 1474 3995 2385 6287 864 7796 950 6670 4605 7989 8514 4746 8837 5142 7820 6917 734 2568 1325 5481 5906 5432 590 4883 6799 3936 3658 8607 9221 2959 305 7073 4811 1144 4233
25 4600 420 96 2805 7522 9024 9311 195 846 3495 3721 3842 9986 4398 8322 683 2900 4844 8163 8131 9596 4285 2085 4760 8493
37 1519 939 9857 4323 2833 570 1192 8776 7968 5555 5269 6604 7302 9270 9191 7887 1276 871 3719 528 4504 2465 6868 4411 3669 7042 7168 3602 8583 8043 2416 2395 2092 7985 6379 2932 1790
28 3690 7648 3077 510 5279 2098 7663 5323 7397 8599 724 7444 6151 7610 419 2976 7862 4609 9529 6240 8047 2214 9632 3812 2274 5978 5052 184
24 6469 7237 1887 526 5585 6164 1625 7915 7305 5519 7635 3716 7250 2041 4098 5433 8829 1685 6704 8392 4952 7674 8329 1924
30 2190 3919 279 3370 5211 9088 6486 1387 5338 4971 5890 2084 8710 5988 3194 4460 4547 3527 7033 9111 1691 6051 1066 4457 6521 8016 8088 12 612 6048
36 5280 830 3530 3369 3165 2615 2411 5529 9212 3139 6695 6838 9747 182 7547 7325 2486 4177 1804 1447 5102 3912 3774 3402 6369 5351 5427 8849 1333 9264 1435 4652 837 3707 3987 3122
25 4845 2684 4958 7756 2441 3990 3620 253 3852 602 3008 2089 8608 9113 3913 4911 5551 6876 8927 3429 2796 9394 3694 8521 36
25 3179 8097 6353 6200 4150 7252 8908 4470 9594 9202 6588 5520 7875 9192 4889 2069 5413 3868 5131 7857 3689 1681 704 5475 5457
34 3081 9665 9065 8862 8027 243 5129 2414 9815 3634 6950 4112 6252 6879 5459 723 8449 7011 9497 9359 6698 6017 5175 2316 6789 8334 8850 1381 8560 8635 3996 449 7069 7825
33 1988 7867 5001 6337 1287 4847 7346 3299 6084 206 7988 3942 4654 7893 680 8984 2525 1318 9015 4945 141 7654 7537 2460 8946 9453 4379 1574 4260 6067 7730 6955 2273
32 3115 5591 5074 1868 9001 5781 2251 2328 673 1549 886 250 70 8868 7928 7929 9494 8193 4472 6291 8359 1061 998 3361 3239 9768 434 1854 7041 1179 4336 5436
25 3980 9860 9161 5069 5799 6992 5229 114 1323 2519 1595 464 4496 8154 8761 386 5160 5984 1604 4656 8980 8014 9252 5745 4934
32 4219 7957 7189 5759 2212 588 4576 5537 4500 753 5903 3356 1585 381 4083 4666 3796 2644 4449 6170 991 7981 725 2876 7154 1652 292 9054 5767 7579 3793 5963
35 6635 7222 6827 3221 5701 238 5737 6111 7328 5868 6925 8200 8437 3141 2728 1741 9738 9053 9120 645 8235 9502 9310 44 6737 4229 7455 1441 945 5058 7499 6812 585 8811 6759
25 1566 6616 4429 4661 1572 4771 5916 3641 2421 1151 1843 8331 9254 9773 2759 163 9743 4876 9508 2732 5408 8346 6651 4148 7523
22 7368 927 7285 2879 2166 9779 1011 7588 3350 6188 1533 7891 7807 8579 1901 6969 5558 7464 6339 111 2350 8297
29 9813 4499 5026 9605 7894 9225 5770 9104 6027 5681 1571 1463 3761 4331 3702 2866 7283 3916 9690 92 5497 5469 8637 7097 3739 7866 4599 2823 9655
30 9543 3060 5784 5201 7491 4196 5241 5336 1196 2354 0 8804 447 1232 1951 1547 2552 5003 6991 6127 4521 9718 5128 3894 1650 2842 9402 860 5215 501
34 7774 155 7004 1831 4795 8782 7485 7337 2428 4283 7822 1877 2227 8468 9521 61 994 2473 8681 6835 8464 5663 548 9370 7453 6806 2761 6364 6770 2242 9490 1520 523 3770
31 5089 1263 9164 8797 7433 5426 7688 5798 5020 1544 1938 2809 8713 9618 4512 8222 3082 4280 5652 1060 7500 3332 6741 2422 9826 7874 9809 5630 9238 9006 1059
34 2198 796 8312 7559 2225 1706 3472 4997 8511 20 4895 3532 6007 7221 9679 4197 7754 6282 6886 4415 8073 4879 9158 4094 997 7133 9836 3552 8867 6077 4772 3423 259 2926
31 4737 6802 7179 2278 4608 7164 9289 9035 3572 4917 6383 2117 593 5601 8874 2380 889 9668 6409 4558 1816 3747 7081 9852 7653 1384 3643 7304 1986 7110 9103
36 5294 7967 5328 174 1744 6132 653 2033 4289 1677 7036 3120 9537 7191 8746 8351 8720 4664 4593 5763 3359 5553 2376 5491 632 2458 8218 3970 5122 711 7165 7738 76 906 5603 131
28 8150 8398 2710 6753 5309 276 5048 4349 9432 7414 1449 3049 1135 7492 4305 7293 8264 7436 5204 486 3278 4157 5421 1892 8792 8084 4354 5366
29 3073 1683 3 8383 7367 1122 4291 4117 1180 1750 8069 51 6140 8380 4764 5064 5655 5782 6536 7213 5511 8276 6918 2675 4943 2267 3595 8753 6100
24 1628 4187 619 3545 231 5053 3493 9074 6841 3857 135 8691 8744 1174 5948 4368 9821 7247 9461 1056 7565 9012 6871 256
19 4980 4405 2944 5287 5733 8863 7596 1143 2487 1289 9648 2042 5103 965 4387 6834 5056 7614 5253
28 6830 3518 6028 8110 4351 8126 7352 9068 3204 1557 7769 7421 4667 6380 8499 7899 2933 284 8179 6266 1414 4709 457 1995 8492 7320 2080 3127
31 4446 1029 2133 2973 4792 265 4375 6040 4766 1399 1157 1494 4870 9872 8766 5079 7665 7529 6560 1514 6300 8733 3312 8244 480 4494 5252 8931 6063 689 7657
29 7560 5467 1206 4717 7906 7726 3711 4687 7586 5577 1861 81 6811 3732 7371 5419 5950 4425 7487 7640 37 4995 5075 1035 7428 1288 8474 7220 9258
10 6448 2871 7475 3553 4095 5680 7288 8388 4209 7748
35 4940 7115 289 918 9982 2801 1419 9503 4680 8404 1085 3736 1629 6963 3416 5735 6784 314 1670 1033 1000 8810 9063 4502 5830 2058 422 7552 6924 1075 8697 2501 4770 6787 3482
32 9026 4339 6286 7230 7437 6640 7753 2688 2269 6730 7149 7926 3039 7396 4781 2300 793 2078 3128 4252 8964 9879 1181 9897 7085 9126 8091 3564 1815 4254 8367 8042
32 4774 2523 8631 3540 6292 7781 2748 4796 179 1993 5884 217 396 9415 5958 3225 1503 1646 546 636 8728 2751 702 340 3489 2052 9148 296 3480 8060 9294 1217
27 5910 8723 4994 4981 3386 8228 854 8616 6431 9100 194 2694 9265 6948 6391 3309 6559 5720 6436 8333 9661 1188 8134 9672 4513 8715 3529
29 2401 9492 5849 1267 4916 1296 3494 295 5357 1601 4270 9843 1156 5882 1167 2424 9727 5186 7587 8561 364 4713 274 5257 2791 9973 9189 3786 3272
31 6053 932 3889 9321 4937 6831 2851 3079 1672 5761 5189 1469 2534 8260 4453 6878 1139 1191 3833 3017 1185 2844 4515 1041 2488 343 1024 3113 8524 2582 8226
32 3090 1996 5856 7506 3740 8759 9562 856 8937 9176 1418 6511 3528 3896 3084 3637 2392 5543 9119 9090 1782 2311 2265 5460 4993 3465 6901 6949 7289 4145 86 9141
22 7393 3930 4050 6249 3975 9125 9915 5608 3357 9210 5694 4800 2646 7697 6681 2160 6020 4013 9704 8938 4827 6005
30 8978 9046 2781 9220 1049 4015 1605 2960 4027 2915 4417 8390 94 4262 8556 7979 9785 7244 7340 7892 7300 3780 3905 271 3656 471 9883 2891 9171 7622
30 8995 2997 2657 2731 4004 3333 9354 3042 5809 4696 4552 3040 3503 676 7613 4488 9376 6161 303 4001 7841 8930 1897 5923 3070 1855 7600 2822 472 1580
24 6186 1940 1028 6231 5893 1714 388 8452 8263 5987 4400 6954 1250 5853 5255 376 1131 1746 2785 3178 7094 2356 6746 350
27 7364 5259 799 5397 5066 7618 4508 3439 7525 2315 2446 1225 8548 3329 603 8105 1847 339 7138 9829 993 99 2755 1721 7937 8394 4734
28 8825 3872 9390 6639 9721 7290 2762 4532 2800 2916 7438 2551 5359 7327 1674 1269 6854 6455 1134 1282 7681 6435 7016 6564 308 951 4272 7575
30 3348 5170 4461 7286 1501 8928 4428 4758 2420 278 6256 6208 2122 5153 3847 9692 1455 7211 9580 9631 6864 6064 3618 2369 1445 8272 3156 32 9371 1261
30 5468 2332 9909 7217 9844 4673 968 3433 26 21 8922 9043 2453 4908 597 1967 6514 5159 393 2217 3682 7515 622 825 8083 2308 1458 6195 9788 9009
34 3193 6582 8418 6815 6523 5922 7839 1829 740 1417 7790 9603 1270 5896 7439 6181 7127 8510 1791 8372 270 5224 6033 6941 9550 6603 616 8657 9899 9244 3862 3105 1898 7035
28 5788 3601 607 7846 1502 3856 2689 7766 1822 16 9626 6527 5295 8204 3959 3129 4967 8270 2835 280 3447 7395 3196 9312 3387 3558 8490 9627
26 3971 780 1111 7267 4913 441 3459 5326 4385 2749 7740 3929 7577 2202 9037 7092 6090 5501 1004 294 3940 9127 4082 6984 3247 9160
35 1044 2836 4477 6301 8071 3170 8471 2410 6242 8881 4740 5044 8936 3968 1980 6273 8482 4623 2282 7416 2095 6464 5012 5711 2807 8790 6553 6989 4123 3944 312 9611 1978 9166 6561
28 6387 2945 4030 3745 3566 2390 6218 5367 2856 705 1508 2698 1928 8442 2584 7429 7378 960 7759 640 2048 25 4043 3993 7598 7944 6264 5578
28 1630 9984 4633 8683 8251 6298 5615 6408 5769 2855 83 5077 7819 5458 9520 2187 2608 690 1806 850 9215 9084 3242 9686 7568 4956 1015 5115
26 5816 1312 3064 1413 7424 6689 7827 4607 1078 9515 7192 2983 8853 5416 4101 4708 3596 2423 1975 7661 6632 6351 6621 126 3638 9833
32 6303 4646 3754 5724 9763 7747 8979 3326 7728 1725 6205 4936 6997 4691 4102 3839 5423 2334 8822 2940 6959 3498 487 658 9751 7733 1753 6775 2595 3382 1606 8592
24 4694 3047 1260 9468 6646 4991 524 5155 7883 8567 9405 4048 1837 5248 9552 9884 9368 9755 4806 7789 9443 8897 8572 3855
14 5453 6682 2238 7142 1510 9452 1752 5888 4448 3686 3611 7114 3531 2365
40 6060 3226 8795 2115 9910 8647 4597 5443 9122 9965 5702 1770 9429 404 4702 8056 1190 5490 7060 7117 6423 5617 1107 8673 9533 431 8642 4990 2522 1140 8677 2556 6030 2456 5810 4479 8650 7043 4946 1638
19 933 1615 3182 7544 5314 8051 8549 5083 185 5900 6667 4208 3099 6158 2977 2049 2044 4045 8668
15 6875 8095 9239 2091 5981 6147 4444 8149 6716 5918 1095 5772 1591 8729 6551
41 8809 4121 5039 7403 763 2585 6995 3310 3766 1273 8772 5050 8192 4111 5945 481 2008 2649 6846 2130 6680 5748 5462 8113 6515 118 1865 7812 107 2561 1443 7527 7307 2921 1430 1883 4223 9391 3112 4204 7897
25 4076 9287 3163 2773 2087 5134 2535 5288 9842 4537 9988 5407 6343 8198 6078 5814 5290 7440 2075 1406 3779 9799 8114 1931 8479
29 7724 865 4482 818 7963 3516 5030 9822 1226 7483 3684 9007 4266 317 6174 5660 7779 8875 2723 5912 5738 1350 2533 1311 168 1535 2368 8363 8739
35 3181 3700 5719 697 5883 8450 7881 5510 9232 9967 6171 7194 3436 3927 6109 5766 6923 7705 6390 7536 6426 1363 8112 9144 372 5243 1899 4930 2671 2995 9303 7088 9804 7460 4410
29 5728 5715 5865 6465 3902 1006 811 6637 3597 4587 9431 6133 5568 2349 7388 18 1007 7413 7086 9197 7831 9625 8246 4594 80 5562 7245 536 8316
28 9964 8684 4261 1974 6883 7860 2045 2301 2677 6341 8309 9584 9281 2254 9612 8197 1759 3453 9616 6245 4292 1022 5712 2596 783 3733 1372 4463
23 1624 6312 5544 1979 5278 956 7633 2861 435 9457 2569 3502 1763 1513 2144 9998 5846 4507 1243 318 1664 2194 699
44 373 693 4638 6230 2450 5394 3215 1781 7589 6044 9705 7762 3259 3354 63 9106 4103 3477 3924 8939 1246 1193 2563 4826 7595 5227 5377 646 6765 3092 1213 8001 1202 8760 9352 9049 9828 6575 2400 8783 1873 9340 6482 1972
40 5696 1106 9549 7089 5506 2544 3151 7402 62 6668 4534 3828 2528 9004 7513 3787 6124 9792 2720 2196 3511 9576 4035 8848 6299 9853 8393 6342 3146 2949 6411 844 3623 4370 7362 3693 9278 2686 7584 6899
30 9404 5891 4022 2259 916 7100 4785 9324 7356 2270 2 8843 1150 7809 770 3383 4948 1560 6478 2006 7788 389 1480 109 1488 1479 7872 180 3920 3934
27 9434 9487 9582 4721 9558 7006 914 8619 1374 9569 2398 5209 8706 6735 3723 3397 1300 6197 2935 4592 2223 828 9607 484 4711 7933 3320
20 4899 8648 2621 7672 7333 8589 7538 2426 1353 5448 8458 1801 325 974 7540 9925 814 3904 405 4161
26 5651 7645 2381 8826 5806 3145 2188 6550 5202 505 6728 9861 2850 3843 767 5296 4316 2730 3341 88 575 4598 9746 7998 1552 5684
26 7258 5244 9805 2619 1888 7201 2498 3777 1811 1769 277 8518 6636 4065 2255 4998 9938 1656 3859 9174 1697 2506 4828 1589 5780 6159
35 1303 3388 1707 1067 5902 4301 68 8618 4955 8314 9379 3974 1324 1438 3440 7497 6180 3976 8348 7175 733 7785 3094 5643 417 9027 8582 1434 3507 8037 7228 6446 1541 4384 2073
32 2363 5703 7323 7982 4947 4455 2557 5812 7888 3108 7816 4839 4621 1396 8612 3209 9224 3899 791 644 8538 3273 6905 6202 7658 6209 6804 7350 4046 9825 3877 8731
23 6233 2253 3826 3497 3887 3666 7332 9493 5930 7270 7409 4848 7837 8974 5926 7925 3538 1198 5590 8462 4514 3542 7040
15 1787 635 9180 4021 6143 4077 9525 3045 4516 766 787 9165 116 9319 4163
31 3155 85 5401 2956 1211 7303 6216 7399 5714 7631 2665 290 535 4830 119 6375 4491 8646 4563 6685 4651 4859 1227 5992 3306 5990 2097 6719 5292 5329 4791
34 6517 1466 8838 9674 4041 7703 4086 728 2131 8945 8594 9079 8391 5272 1155 8000 6683 1751 3229 5418 2377 1432 6678 8385 6088 6305 8232 8255 143 8279 5410 7903 3837 1068
30 6525 5452 7484 5638 5275 7385 7605 8534 172 881 6259 6566 7531 5281 7231 4495 7617 5821 9532 8614 367 8438 8349 4294 3846 6817 5139 7848 719 7426
17 8229 9777 4520 1730 7611 34 9330 64 6928 5877 7673 201 2173 3097 8268 1633 1302
34 2581 4833 9420 2818 8888 1433 6460 8699 7381 551 4397 5717 5807 8053 3923 1626 6155 6504 8373 491 2418 344 5149 144 6335 8835 8764 6462 5200 4944 8142 4413 2054 1819
31 9029 6696 453 5539 7019 7344 8288 3019 7882 3347 5775 9589 5470 9459 3964 2104 3984 7431 7057 9907 1703 1521 1738 7902 9168 1440 6518 7186 3334 1584 7360
33 4194 7986 4535 1602 3691 7067 6037 9932 4337 3142 9937 6577 4155 2252 5344 440 9976 6152 7193 6236 9495 7038 3020 1464 282 3435 7406 3258 377 3679 3967 1319 7835
31 4297 1765 3371 2412 5995 3338 9327 3462 9992 2489 8900 5496 4356 1240 2927 402 6654 5437 3520 3867 5483 6354 995 1388 3591 9948 1603 5270 4602 731 6567
25 6754 2598 5213 6087 8366 687 3471 378 2590 1740 838 9269 9313 371 8066 594 5794 154 7709 4728 1063 2967 7691 9396 7678
27 4788 2066 3335 1728 4996 8461 9894 7299 6167 8433 2367 4614 7901 7873 4789 4498 8903 4677 6213 1239 5808 1046 4777 1175 7808 2431 2261
25 9684 7343 8310 8694 4749 4257 2339 5514 7787 202 6450 6332 9995 601 5033 958 2479 1965 931 8530 7218 973 1826 8506 1748
27 1942 3551 1594 1137 5605 6268 3266 3603 817 5991 7010 9399 3241 8033 7232 1172 9154 6700 4999 3449 5969 6939 1294 5085 1003 4968 9186
26 3353 5633 8257 5966 8573 5723 2018 3363 7689 707 7461 7795 7503 2726 5931 3406 8999 2825 3087 5881 4193 671 8446 3737 9047 774
11 2931 3166 545 6323 3636 650 8491 6433 7735 7821 2306
20 3963 6038 8164 6452 3454 358 3523 2912 3535 4542 8368 7347 3954 3695 6611 3374 6316 8344 7914 7791
24 8701 8894 8413 132 8379 9061 2570 5870 3741 3631 3468 5403 8382 9022 8882 9856 4110 6491 840 5117 1608 6334 4579 3246
32 1436 9427 3583 3898 5800 4555 4195 1486 2586 5623 8319 4128 5450 2413 8090 785 9794 5959 4935 6766 2248 9455 2303 2830 9667 8747 7066 8972 6260 5886 3644 1110
22 4416 9628 1284 302 4688 8965 6277 1583 985 5862 5232 9290 7876 5672 4318 4851 6198 5774 5461 7833 5485 3096
13 6710 6199 5668 351 3230 1637 3048 5391 3083 2664 8135 7916 6172
16 3579 1042 2943 623 4722 2747 4332 5796 3442 4794 4462 5090 9544 2165 8412 7008
32 3639 8099 2427 592 8157 7868 71 1776 9048 3311 7374 2016 8963 9522 5157 4787 4345 3991 2889 7935 5743 2957 9911 5570 5985 2268 4810 4439 1123 7007 624 5734
24 4066 1038 3362 6253 8470 5835 4452 165 5188 7448 695 258 9807 6336 3328 7155 7969 831 91 2457 9229 2946 9837 3133
21 120 2908 5968 8885 8830 3252 6229 1708 7712 5530 3546 6039 8876 3195 5361 6644 3778 6271 2639 5786 8962
29 2347 9392 8831 5466 1203 9575 5612 5340 7555 595 888 9951 1755 9601 3135 4763 8085 2905 6768 9940 4377 4299 8472 8397 1579 4918 148 8552 5022
38 2437 2757 9707 7919 6093 5938 4078 1627 2477 2019 1563 4322 4135 6105 9919 4248 2784 467 6546 2314 3270 1850 7030 6034 3969 7280 359 8841 4024 562 659 6809 6510 7062 2546 2709 9881 4390
27 6935 1420 6458 4524 2461 4874 5125 2966 7049 6251 8434 5503 2965 3150 1758 949 1407 2478 9308 1997 2640 542 8262 7501 6705 7930 7836
23 6975 2984 1055 1431 3078 5594 7731 3351 3657 5986 9847 9411 3505 9539 5318 5914 2100 8038 6906 7943 8721 8803 3027
26 9114 3411 3400 8144 4977 234 8064 938 2333 1885 2141 3799 3360 4255 9641 1205 5156 5245 6079 944 2036 3626 2106 6295 6008 7581
33 8580 9760 5185 145 569 2388 7136 654 1223 629 8774 6600 1493 5183 2043 7226 826 915 2911 3422 5954 786 3526 2209 3900 157 934 8376 309 6979 8093 691 3091
28 5177 2327 1241 5487 4634 2766 3058 4207 7737 8107 8886 8102 3765 3043 8557 8403 8971 8196 6476 2155 6803 7322 2211 6585 3892 9752 5335 1757
28 5379 4408 5400 187 3490 4671 4589 5007 4118 4575 2815 919 708 9689 7569 9273 8726 2656 3554 5725 7990 4941 4720 4931 4239 1481 4241 3167
24 2974 432 9729 1451 2298 3581 2313 5240 4081 8389 7716 7991 4231 6656 835 7139 3062 4063 5876 7770 8851 5818 4585 8478
21 3284 5482 790 9568 4885 3625 4964 499 1030 9530 3174 6360 3585 2283 7599 5230 1658 6307 2280 7261 7129
28 3487 1977 8587 8166 2344 7047 7104 806 3183 3999 3908 79 8926 2459 7177 8121 8274 2978 1676 4712 5234 9920 2975 4487 2508 6726 3586 7386
35 4815 2792 2136 3407 8793 2692 3951 2929 5132 1824 5892 3544 4399 883 6617 8528 1207 1775 5632 4953 1567 7714 4175 6193 9268 6807 5356 6669 1754 1655 8857 4184 1907 8130 1127
31 9347 2147 3088 5628 7803 146 4898 3876 6120 2887 1220 1072 6234 2628 3316 8688 485 2236 2958 1031 7268 3701 8485 6781 9430 7946 7854 4040 2578 5225 2764
20 1596 4907 5998 5158 9987 5661 1919 8239 3997 4567 8151 3147 8256 1632 7970 7878 6340 9817 2399 8870
18 9380 5424 9927 986 8158 6258 4089 6982 4009 990 5600 6211 3217 3571 3281 2337 7931 5260
23 7690 1710 1071 764 1271 3158 2573 2164 6396 8386 5119 2526 9062 2107 3035 4674 9073 1219 2819 421 1705 8832 1860
25 1322 9339 7126 5032 5334 4364 1613 5387 6508 5217 9770 4424 682 3935 4622 7204 8605 9789 1644 2204 7442 9771 1199 9535 2735
24 5110 5521 4591 8695 8357 4970 6519 600 9780 7632 7171 3274 7282 3784 5880 3724 2603 8588 571 4642 9527 183 3561 966
15 7427 7987 2020 5736 8884 4014 5154 5494 2277 4284 9449 9346 7542 9797 4798
25 9480 6596 3339 8622 1019 2972 6223 984 3421 7173 5731 483 2702 3864 1120 3399 304 6797 5097 5392 3972 6774 6713 4382 3059
28 4812 3663 9741 9946 3555 4182 2624 715 6346 726 5604 3323 456 5927 5446 7606 9972 4227 4226 5018 3567 9299 7423 6833 9010 1631 913 5389
16 9237 6980 9791 2292 3650 5087 7995 9866 5967 7782 7960 6477 8153 5744 1920 332
23 6677 5811 781 1968 2464 8789 442 9839 8653 8666 5130 1439 7345 749 4596 353 9540 8459 7692 8026 4147 1115 8854
12 450 8174 3762 7684 7977 3340 5526 5962 9914 9157 7321 8044
24 4359 1559 1 335 9388 2226 7446 2890 5588 517 5641 1093 3464 8625 7243 7573 4900 1872 8324 6022 4973 8074 5706 6417
26 1916 9363 1251 5674 2687 4695 7885 9769 1252 8990 4220 3953 6104 3838 4818 3746 3775 490 1208 8559 6382 2770 4443 42 874 4978
19 2017 1378 7077 5190 9728 8146 9323 8904 561 3283 8010 7983 1821 9756 6026 8045 5571 3918 7741
20 7920 9943 1280 6968 8046 6255 5193 756 2407 2497 5699 8623 7729 3391 8730 9205 4892 6315 3187 9583
28 2872 9733 7291 7687 6204 454 5989 4367 1012 1315 5546 9806 1947 6721 6168 204 7274 7272 1515 5182 8371 4710 7015 267 4632 9801 8147 1844
28 3056 2899 9087 1687 3763 2026 4169 6528 5749 9991 4380 6594 8690 7095 9950 9362 4431 9034 7755 6422 4314 4019 5980 4627 1256 7039 8441 4342
28 819 9875 6173 1992 9929 1460 8906 563 6203 3446 7116 9979 3069 6970 2961 7020 4877 1492 4132 7711 2678 4836 482 409 7125 1592 1129 7376
25 2868 9003 6818 6850 7784 196 8269 5345 4929 3829 5256 2375 2588 7792 1444 2219 7794 5108 8161 4545 2920 9858 8078 153 9246
23 8645 858 9442 3648 7507 1550 3265 6862 4008 3589 4265 3389 3455 610 848 9889 5904 2820 9335 4343 213 9093 6407
28 6388 4659 8115 2845 9243 5656 959 1360 3037 9000 8224 4988 7253 5444 8155 3614 3907 9623 4335 8223 8057 3584 334 1039 9091 8048 8188 6672
33 199 9713 6840 9167 7580 9917 9248 8658 5435 515 1298 1799 2029 4159 6367 4213 5299 5685 5758 5920 3180 3038 6014 3776 4497 7219 892 4341 1114 9069 6025 5251 3285
21 1230 6576 6243 8475 2468 228 7238 3001 5016 2040 3773 9774 1568 5321 4530 8289 7856 2386 9131 3850 3034
26 5081 5620 2617 3594 8201 8724 7869 9736 6094 6472 7013 2178 1915 971 5683 6395 3744 6144 8500 2925 3098 9682 9057 2056 6227 4698
31 5206 5573 4244 2408 2597 52 1959 7150 4586 717 2247 981 3418 2729 5220 6146 9304 7182 229 19 4676 3517 3431 4902 2451 210 3616 5504 60 1103 5473
23 5025 5559 7353 2744 8347 2047 3550 6221 1337 3955 9636 9506 3219 8277 8859 7699 6761 73 9350 9425 8708 6507 8443
30 668 74 1364 7317 3817 5540 122 3381 4672 9564 3376 5417 4548 8565 7310 1598 9222 8052 1660 4295 6828 8480 9397 291 4939 5695 8294 368 6645 9413
21 4320 2942 9614 6490 1570 1349 2094 1321 4759 269 246 1518 6362 2004 2373 2750 5550 7187 3961 9005 5939
26 7534 1530 1326 4181 9906 952 1933 58 4300 5488 8076 4645 3992 1506 2841 2674 9344 3966 9279 3514 6432 9373 5042 1477 8958 4304
33 1668 2638 9870 6942 9896 9750 3367 1327 1597 4451 1053 8465 8360 845 2758 9479 9477 884 9448 6338 6778 6275 6179 5055 4246 17 6145 9924 9700 1092 4802 4809 9296
9 1562 418 5740 2105 8217 9315 4406 9764 6711
22 1749 8702 614 7056 8662 996 9710 7660 7543 5136 2924 3249 963 6466 7623 9446 3414 4549 2782 7123 5249 7203
21 2520 4058 8353 6406 6437 7719 8742 660 6348 5616 6971 946 5688 5824 6593 7216 8477 4932 8991 2370 895
32 5199 4522 268 1339 581 6627 2179 28 1649 9725 9762 7275 7178 3425 6543 8844 9851 6449 4361 5378 2200 4307 1116 5101 2971 7549 3630 6107 651 8574 8409 5707
40 6699 4903 5239 2623 8943 5057 9654 4616 2722 3104 7646 1291 1368 8054 4825 9701 7465 713 1278 4574 3330 1747 5937 2162 4090 2210 6902 6036 5237 2302 3869 1468 1245 8242 6874 3227 7853 5267 5522 743
28 207 748 4601 6962 7434 8768 5582 9966 9643 7570 9644 5195 8890 2199 4523 2601 8687 3759 6289 5197 7365 2207 3973 7642 9957 4108 6693 8817
21 1454 754 9593 9939 9745 3731 7578 341 54 9546 1361 4705 8176 7156 7469 6858 3607 6214 6882 3460 9424
13 7001 9145 2909 9277 5311 137 1640 5689 7535 2937 8895 1034 7923
17 8328 2810 3946 4423 497 8364 6524 8749 1370 6154 3888 8590 6069 3570 4719 3384 1810
21 7064 1398 5771 9193 1397 978 7768 4278 3742 5276 7112 4060 4072 9662 251 4639 3308 2740 2046 7306 1037
22 186 9366 5946 2579 8896 6004 9375 8504 241 3093 677 7336 6686 3223 8206 8554 898 6042 5898 6714 8537 7101
21 288 3445 6463 198 7215 8055 6278 1853 9039 6855 5308 6655 7210 8182 9600 9859 4059 7493 5332 6785 3622
18 2035 1735 558 7751 8539 4797 7412 4388 4762 461 2837 8082 8883 1869 771 1416 8652 6416
26 4976 2191 6484 706 3349 2290 3393 8167 3557 8808 4744 6329 2870 9613 8049 9886 3628 3680 7471 6927 3886 9306 6988 2455 66 6370
20 6483 7959 3116 1228 53 2224 8248 214 2847 8722 1415 5961 972 89 3860 7223 2222 4139 5718 3286
19 8067 6618 9893 2472 9134 824 5172 684 9467 2014 3956 1472 8184 8454 2626 6920 5214 6889 5380
23 7227 4951 8545 6047 177 443 3205 1846 1954 3522 2121 8282 3456 3315 7456 3539 4624 1086 262 8756 1695 7435 2010
11 2648 4068 917 2716 5163 5337 1934 4739 8483 9621 5836
15 3496 9912 1018 488 9898 9 3041 9156 1141 1698 494 1268 709 6322 2727
27 5171 4803 7619 4002 1405 4025 5165 757 1616 1168 9288 8236 6961 5729 3210 6974 1358 4565 7176 729 5104 1699 2892 903 5933 2345 1101
27 5216 2361 5062 4097 2936 9328 2753 9030 7752 9622 2954 4288 8910 9259 3805 6386 4841 7271 3046 4569 1612 755 4096 7636 2840 8512 8303
26 9512 8338 4583 4012 1497 5013 957 3250 8484 2952 7266 3470 589 8799 6098 1832 479 2922 1475 3797 6860 6001 235 3947 1096 2151
24 5061 1132 8638 6073 3801 4745 3854 5517 3067 758 4115 9462 9300 5697 9096 3192 173 6757 6780 6952 4824 4808 7061 4466
12 6117 1390 1614 3986 7240 6599 4281 1904 8712 5405 8213 9637
29 8763 4861 8523 2832 8736 1667 1586 4251 7695 518 3071 1780 7420 670 7510 8318 7070 8305 4149 8469 3314 9511 4790 4927 7184 7315 5205 9075 8212
19 6548 1723 1867 2262 8345 6549 2903 2404 2719 1688 6665 7840 3914 6591 3720 9293 9895 4168 158
30 9536 6652 2324 7927 3100 4430 5716 6996 9652 56 7148 1958 5398 7235 2156 6896 3652 2616 6605 1871 4218 9181 8641 7102 9209 742 534 5929 5523 4703
22 316 2168 8032 6080 7786 7281 5107 604 6679 1525 5147 8233 3162 9675 3664 1926 9786 7425 5402 8467 2351 9139
23 8339 2783 3794 7200 769 5354 6690 2307 5431 9056 4062 2384 6671 9944 9841 3738 7744 6565 8950 5152 5106 7823 3873
23 2379 8138 1569 6365 7526 3696 5622 4310 9834 7052 6235 775 8022 4536 1070 1084 8704 3304 6609 5031 5161 7341 1335
17 6747 1016 4779 9876 4773 6657 1620 4315 6717 8769 621 162 3467 90 8089 3698 716
15 7473 4282 2668 6279 928 2717 3295 9419 6707 102 1128 6440 6424 6788 9378
24 8734 1545 6558 6816 1529 8252 5352 4144 6873 7698 322 3220 4422 5710 2951 2057 4471 385 8941 3709 832 9635 7108 9862
21 2992 529 9790 5631 4805 8020 1348 1523 2293 9528 9438 8767 4018 8576 7677 2821 4986 1880 4357 2318 8836
23 5619 8220 953 5828 982 9585 3131 6373 1534 7022 40 6620 773 5953 7335 630 5297 7965 4174 4865 3879 1542 1825
27 8755 3441 3289 3457 4544 2828 9570 1813 3565 3199 9574 8913 2987 9954 6540 9435 9818 9337 537 8525 4578 5046 3659 2853 4269 6114 9507
27 2826 2607 4743 4186 9952 7504 7181 6006 3697 8215 6998 1496 6302 4982 9541 6994 1553 1313 6692 578 6110 3653 2353 9923 9496 6500 6136
10 2736 4682 1575 4628 8973 7468 272 3675 586 8834
23 9018 2129 4921 4778 6103 6516 6050 876 8343 9592 3806 1564 8879 5203 5438 6374 3475 8707 9472 1371 3025 8818 6608
22 3906 3592 3089 4480 878 3277 1153 2846 926 1216 9869 2787 3202 7627 4450 1301 6916 6814 3172 4138 6149 248
23 2099 298 9695 2358 9990 8656 7958 6021 3928 3988 1517 5637 9140 4 2643 3481 6972 1727 5915 9377 9739 4146 8842
14 5952 3298 2536 2774 2669 6165 6529 8501 7898 2667 9247 9223 6891 5644
24 7948 5561 6457 911 1266 95 8960 4437 2170 5974 9286 5564 8004 2874 5871 7357 8291 1148 4037 5518 7524 3152 2857 352
20 4718 5301 2941 1365 2572 3161 4595 692 4707 1976 866 8021 2140 8168 7000 9657 6531 9343 2704 8923
26 5536 6556 470 2360 3408 8387 7955 1577 7153 1238 9410 1485 863 3121 6232 2562 8940 5693 2088 1635 9759 6441 9778 4464 9097 3897
20 4832 2799 611 4033 893 7739 4924 6345 7255 5105 9271 9602 7720 6859 9322 5005 5917 8429 4003 2286
19 9890 2148 5037 3830 3291 8424 1113 6706 5060 4447 2157 8405 6074 3662 808 7312 9058 9555 2439
24 1178 543 1932 6210 4757 8563 4992 5567 4442 1845 7236 3863 4517 7656 2263 3322 9240 5899 6403 1578 4625 8426 8661 3569
25 7106 1229 8009 6480 8659 8253 6602 4151 9793 4752 7890 820 1694 857 1733 414 5841 9458 568 1820 9454 2112 1840 323 8377
29 9808 4420 2132 7643 1235 7349 6217 2565 8633 3053 9195 7449 3123 8300 7401 5167 9033 6438 1320 1828 4201 5627 2346 152 2500 2440 1713 7771 9112
22 3576 2246 2779 2051 801 8902 6584 9567 6123 4786 2510 648 3790 8735 2993 4127 5532 205 674 1835 6973 4754
11 7934 7761 2811 5613 1783 4816 7188 9447 7329 9885 3005
20 8065 9619 3519 254 4321 3654 8302 6274 4539 6324 7641 416 3207 2670 2780 9634 7647 9516 412 2838
22 45 2159 1102 2507 5078 8169 3841 3881 6642 460 698 1848 4328 7028 7398 8933 1989 5756 5535 3430 8356 3982
26 7662 5826 7545 8103 4409 8779 1429 9436 3154 5599 5121 5373 8719 599 4553 3380 4011 4925 2549 882 5067 6900 7459 8414 5219 5465
27 8670 4915 3366 1678 6649 1197 3827 8621 5141 573 1944 5691 8740 6206 8929 7264 181 2541 7725 1264 8325 2329 2641 7895 967 9573 7708
27 7284 8597 1732 4636 5370 3216 3858 4120 257 6718 4909 4891 7248 2962 5542 6664 1524 3646 778 5011 655 1836 9598 8566 8989 2512 5395
12 4529 7976 3379 7196 2039 1234 5943 5970 9629 879 408 8080
26 7675 1328 5545 2854 7713 4216 439 1936 782 319 221 3718 406 2482 2786 2939 9560 8686 14 2545 7757 6742 3010 5580 4896 8025
23 7975 5857 1953 7147 9067 544 3823 9146 2176 9630 7121 6311 3515 762 5584 9331 5120 3276 106 4005 2575 9474 3392
24 4088 9814 2193 696 6376 6777 3251 9538 2357 197 9414 426 3688 7799 7745 1864 4700 5911 446 4799 3895 1795 4129 9811
31 3615 3922 240 2336 9997 9387 7132 5618 8571 8498 7324 5041 2532 3547 6675 3977 4733 1158 9398 7351 6257 2886 6330 4236 2232 7241 4363 4690 2447 2895 1949
16 6903 3419 7842 8430 7494 3028 7553 9481 5625 1376 1483 9020 9143 2794 6108 2082
22 5875 6442 4036 5598 2873 5499 8992 5312 9107 8448 9730 5342 4618 8396 2622 2142 859 3580 867 4509 5859 7009
26 9812 9953 2317 2653 9610 3563 2715 8024 1355 5283 2711 9260 7075 438 6248 2672 3484 2001 489 5445 8869 4838 9554 3804 161 3771
24 2436 8395 7830 6313 8002 6056 5454 9678 6851 4435 50 6162 3712 1194 894 2466 9341 4211 3541 391 9169 2635 2059 3015
11 4054 8384 2175 5369 9518 3814 9117 5677 3492 9211 2229
13 361 1391 5698 7080 2110 5640 2802 2760 7330 7743 7277 5531 336
22 1718 6320 2542 7394 2340 7858 9325 9748 3815 8546 6892 1112 261 232 7454 3452 8402 5180 6513 1091 6269 4374
20 1875 3153 5382 3509 9105 8570 1389 7074 1998 9276 189 5867 2000 2387 5779 6861 834 5785 9761 5833
23 5507 6163 6573 5099 3190 8553 9082 6990 4568 2629 6557 7668 5086 6666 4768 8887 3245 8496 176 8132 8435 3501 4106
24 9930 8780 8194 8717 7723 8994 5006 7767 5621 2330 6355 8725 4456 8365 2613 6743 1838 101 4983 6872 87 1891 6866 69
19 369 8503 930 1963 9505 9064 511 1827 7480 7046 4440 3159 7099 6933 6290 2580 7550 6658 2918
15 4670 3213 4373 9060 3200 4862 6011 8423 1373 8330 9513 2600 1943 2378 885
14 6932 7801 587 7292 3476 2171 1152 8369 2803 3413 24 7458 7630 1286
27 6568 9406 8227 5226 3792 1802 410 5858 9041 8628 9292 8410 6207 6347 1719 9878 5045 5873 9175 1973 9465 833 1025 4070 1882 5024 530
28 6856 249 3713 2888 741 2338 8654 1955 193 525 7279 3676 4023 1841 1786 9504 1165 2445 5072 215 2149 6488 1274 1259 9936 9671 847 5094
8 7625 3627 3300 9673 1742 5819 8685 6328
24 2276 8629 7783 110 2907 9868 4253 9680 3004 2718 1279 1089 2612 4358 8350 264 4649 3102 3022 2438 6877 1823 475 2894
27 8243 3288 4727 1147 2577 1393 1499 8190 6641 2205 751 3725 5999 3878 7481 7561 8094 1941 9646 7296 3952 8039 9130 1149 5925 5936 6404
18 301 4140 3313 7715 3699 6113 8796 9071 6795 1170 4000 8240 803 387 9711 8947 6801 6085
18 4067 8180 3031 6306 138 5516 3808 4206 7172 1021 4279 38 8893 1793 2239 5474 5307 8335
29 5913 5838 6134 8062 3372 2514 8664 1014 6993 5646 1145 9887 9384 5905 178 3865 1159 5231 5746 5921 5316 2994 3014 444 4308 2382 5322 7521 3244
23 2839 870 1554 2484 8948 672 11 2645 9295 6443 2177 2013 6238 6421 5409 4319 2650 8905 9500 7907 657 3240 5399
25 3534 9609 9753 6736 6829 2884 2980 3543 3499 4152 1452 2904 2081 7457 6740 5839 5262 508 6867 2697 3604 1236 4723 9685 2695
28 8620 6960 9241 3307 2063 2990 43 5708 3764 7832 2950 6385 8165 7206 6157 4615 5210 7450 9403 5528 2060 8440 4020 5135 4052 4641 4887 3722
22 354 9253 4044 2495 6914 9999 7180 795 8058 6054 2707 8784 2289 244 7331 9183 9709 925 1476 1999 661 1857
14 4350 3811 1254 541 2476 4716 4267 2713 2053 5181 7239 5524 1531 2271
29 3663 7788 4343 2370 1027 4541 9468 2257 5759 5636 6388 9164 1944 4405 3138 8869 7811 5712 4062 3559 1852 1017 5001 34 1597 3411 5223 7216 9075
29 4780 7349 1296 6701 6230 388 4660 3979 6288 8411 7988 1297 1000 4128 9036 246 2997 3338 8715 3654 8461 7954 3725 271 1831 3618 5424 7421 9246
29 2634 2474 9654 1611 4924 3186 8629 903 4749 1651 4035 6695 8802 4452 7685 5146 3330 7101 2510 1642 1876 1546 3974 23 1588 3388 5209 7201 9055
28 4032 469 6447 7471 1736 535 7116 584 4247 3433 985 145 424 5951 3793 807 5790 6685 7210 7057 6326 6408 6694 1988 3258 5086 7038 8946
29 2174 8996 6126 5350 6254 405 3542 7097 6666 3094 9388 8575 6788 753 1725 7896 2213 7435 8988 7802 8367 3588 5474 593 2186 3883 5771 7773 9606
28 5221 3259 8310 3503 3318 5871 1280 4154 6467 2605 8466 9142 3067 4945 2233 7604 2875 8278 2230 8994 7766 1230 6219 1095 2717 4458 6407 8372
29 3171 7007 6819 5382 1570 5843 164 7157 4822 127 3415 603 6287 6301 5549 1094 9182 9372 6194 8521 2703 7088 3938 779 2435 4084 6007 8053 9816
29 347 5936 7605 7530 96 1776 6551 848 2428 7544 3884 1020 6596 7454 6010 6862 871 2799 8414 2730 8912 6406 5212 939 2578 4236 6212 8170 9956
29 2882 3861 4067 3453 9341 8254 3615 2920 9310 7451 9779 1366 2898 1471 3082 8930 5283 9420 5068 4646 2171 5118 1070 306 1893 3660 5260 7488 9322
29 8729 4323 2426 970 2289 5214 1960 9516 8714 3457 7282 9395 8882 133 7360 4360 4187 8060 4234 3077 6930 1958 4441 208 1807 3562 5370 7383 9211
29 5002 2342 1764 3879 1535 1236 6431 7276 6187 9357 5542 594 2827 3196 8190 7730 8917 7881 8229 4367 6821 6332 4539 26 1590 3391 5210 7203 9059
28 2484 9251 4090 6865 2011 4558 6893 9406 7887 3241 5148 5490 1857 9889 5517 5441 1618 3370 8767 9971 1607 3522 5033 427 3323 5147 7142 9014
28 3417 8402 768 3837 9347 8004 5507 7218 5698 9116 3319 6519 166 4101 4102 8378 1368 2095 4552 9821 3144 4893 3888 183 3155 4957 6931 8790
29 8833 4174 5872 2349 7479 4356 1701 6499 4718 920 2046 7246 949 9387 1934 8436 6491 8358 146 7594 6028 4399 4791 383 1998 3733 5555 7580 9417
28 2796 2366 6899 2278 6687 9358 294 5192 3874 418 2102 5391 7385 4116 647 2533 4134 8185 9013 9158 6628 1984 7803 1462 3009 4805 6779 8644
28 6975 1408 2296 9587 6027 6515 9899 4623 2127 1133 9886 6177 7589 5834 3745 6356 7658 392 228 946 3434 3920 5647 1276 2863 4692 6635 8544
29 2280 6325 8394 5392 4386 5179 9631 4056 983 7981 3689 9084 1213 4635 3148 5133 4462 4290 6704 5659 2490 2376 7551 209 1808 3581 5376 7384 9213
29 8770 5259 7140 2160 9029 4327 7178 8509 930 8679 7135 4150 3510 7185 3552 1253 6075 735 8993 9757 9846 5036 9710 596 2191 3898 5794 7781 9612
28 8135 4529 6903 2087 7230 1298 5823 4926 519 5722 8231 614 1836 7206 4748 6627 2957 5894 8922 966 5814 9296 1189 7859 3264 5109 7054 8950
28 8941 198 6405 9486 4240 1153 3494 4202 322 4456 1980 7476 7902 3431 2511 875 611 6088 9260 1269 7265 1545 6161 9281 3238 5051 7015 8897
29 3173 8933 7103 8102 8640 57 1042 1175 6496 7063 9798 672 4699 3495 8935 1419 9431 2952 2587 1741 2818 6397 2307 402 1999 3735 5556 7584 9425
29 1181 3507 1909 4269 3377 7444 4946 5727 9040 813 6083 147 1904 5158 4840 5338 7311 4786 3852 7919 537 8498 2829 108 1717 3492 5266 7299 9136
28 8887 6691 6708 6678 6402 7583 5619 6630 2837 5006 5530 8823 8117 5163 4554 3571 1975 7123 5395 6029 8082 2670 2076 1168 3292 5128 7109 8969
28 1875 9656 7380 8323 8129 9610 7935 615 859 6073 5561 9107 8233 5316 7107 4132 5406 7507 8819 6189 508 3947 2248 587 3324 5149 7144 9019
29 7009 7648 8803 979 750 3500 869 4335 3357 7827 9156 856 5313 8347 2436 6381 2896 803 4561 8023 2173 8662 490 94 1707 3476 5303 7286 9128
29 1215 916 4215 2313 851 1884 2787 6119 5912 9875 9252 4920 2821 8034 5268 9306 3307 1663 6015 3063 6114 3543 6013 273 1833 3619 5448 7426 9248
29 9841 3347 5087 7560 943 4814 3545 6343 6880 1608 2181 1679 5255 4787 4110 3245 1885 3447 1307 3661 279 4416 6233 4 1573 3383 5188 7179 9049
29 2216 4577 1377 4882 8276 2807 4031 8890 475 8262 9824 6479 2848 3599 4657 8583 5702 5405 6086 6736 5459 5800 8705 13 1574 3384 5197 7180 9052
28 7804 8937 1152 2110 3198 8296 542 2814 752 3463 3613 2270 8650 6991 4295 3022 6999 4087 2302 1176 3629 4368 9313 1100 2734 4466 6416 8375
28 2925 6039 9769 1354 52 8219 161 2014 7244 8860 1677 7131 5906 503 3487 3317 6084 8145 323 2615 9865 4277 6541 1278 2864 4701 6638 8545
28 7899 5233 8799 6800 9489 7821 9262 9808 3337 2281 3959 8737 9881 1165 6232 4970 6839 866 3596 1358 3942 828 9196 1466 3016 4807 6781 8645
28 5016 2526 5196 3882 4515 830 3367 6132 7503 8940 4265 8976 8457 2481 7518 7703 8305 1650 2010 5716 9869 8603 2457 1414 2933 4773 6710 8595
29 4757 104 2498 5870 5219 1156 3404 3673 2841 4590 3420 5172 39 1653 3862 8208 9880 1320 5009 1918 363 1790 1052 685 2332 4018 5939 7957 9742
29 1743 9286 5205 6778 8947 3200 6315 4930 5242 6459 3747 9827 975 787 2121 1732 1337 9838 8455 1997 1856 2699 5858 688 2334 4030 5940 7969 9743
28 8189 8577 3530 8130 7542 6637 7155 7629 9399 8132 5150 3407 8212 891 2363 7051 1709 1555 8944 4855 3526 8397 2559 1040 2673 4394 6347 8299
29 123 8267 1229 8762 1051 6567 2198 3923 4125 2873 4183 5991 8216 3393 2669 2621 7960 1383 3215 1315 782 4357 9424 899 2550 4186 6125 8108 9887
29 5536 6916 9374 8180 632 6414 1510 659 7188 9046 6639 6067 8417 3646 8753 2828 8226 1789 7281 2935 6984 5602 1690 784 2452 4088 6016 8057 9817
28 7563 2907 3169 4902 3797 4336 630 410 4927 8638 2650 5804 2403 6612 2100 8818 1206 5948 2521 7160 3653 1757 2272 1109 2738 4469 6421 8383
28 5360 9991 9454 1803 2239 9178 111 1814 5170 9566 3273 7637 4500 7861 4985 7586 6181 2872 9483 4959 1567 520 8659 1139 2770 4514 6461 8424
28 4490 5815 9325 9996 2018 5078 6131 873 1628 9510 1726 9148 9557 2646 7814 755 8437 9290 6272 5597 5480 4839 9985 1140 2777 4521 6463 8431
28 2729 9193 8973 9905 7623 4612 7243 1563 2183 9694 2977 3639 56 2178 1844 6594 7224 1338 858 2522 5409 1008 1528 1417 2940 4784 6720 8598
29 1910 8007 8543 9365 5335 4497 2700 7809 5704 2887 3845 7225 7163 3990 4738 9312 9922 2491 203 2023 2495 3219 6069 698 2339 4034 5941 7974 9747
29 3853 2067 505 1488 5594 488 2275 7257 631 9363 8048 3286 9651 7860 6642 4630 9011 8154 728 717 3010 9897 6926 952 2583 4238 6214 8172 9957
28 5418 4785 58 8792 9324 2540 8667 2528 831 265 8701 8597 3934 296 5373 712 645 6726 463 6775 4136 8847 1272 1111 2744 4473 6423 8386
29 3430 7191 5403 9791 882 2998 441 616 5965 1420 408 8365 3828 822 3887 2032 3945 6206 4726 6164 345 507 4092 128 1734 3496 5318 7136 9139
29 4105 5010 8726 2212 2786 3012 2261 2974 7398 4225 3327 821 7664 2361 4002 3011 4668 8452 926 9733 3729 1935 4232 130 1737 3501 5323 7309 9147
29 9823 8709 7998 317 2588 8014 2667 3575 2565 1735 456 3826 4081 254 1537 8564 4138 5202 6386 2204 7409 6060 50 389 2001 3744 5557 7590 9435
29 1216 1613 7779 2842 8340 969 1540 5747 5563 4756 9556 2988 3402 5357 2052 2958 6469 5690 8758 5841 3270 4244 6122 482 2090 3804 5668 7674 9492
29 3508 739 5616 8571 6782 5244 2071 4179 6410 1806 847 4955 4199 5710 2406 7619 8133 6940 777 5152 2764 8131 4826 309 1895 3665 5500 7489 9328
29 8476 3416 4762 7882 2980 609 9523 4300 6563 3702 3591 6477 4370 8255 3229 2333 1384 9938 2464 6632 4576 8893 6875 289 1855 3632 5467 7449 9282
28 8027 422 600 1360 2210 7654 1515 580 7770 9278 6293 5655 300 5879 8923 1301 1894 2722 2471 3360 9308 4257 5853 1421 2950 4794 6729 8607
28 2182 6310 7019 245 9753 6560 5 3594 69 2749 7665 6419 1044 7287 2089 8025 4676 6915 539 1202 5235 3087 8361 1048 2677 4395 6340 8315
28 4410 4293 5332 9409 9724 6057 4438 1698 5746 2971 4242 6163 9266 4979 119 1480 1234 7066 2041 7640 8155 2215 5926 1049 2693 4397 6348 8316
29 5216 174 2147 6453 7086 1699 189 6170 1409 5215 3371 1832 6867 9066 2460 369 1149 8171 2617 9604 4131 2968 9657 957 2584 4239 6227 8176 9960
28 6754 2290 6267 80 7950 5866 546 2681 5929 3403 5191 9716 9370 5586 582 2507 1496 7428 2206 9249 937 1438 1082 1141 2782 4523 6470 8434
29 2444 8906 1327 2151 2401 59 8120 9231 8775 8098 5607 935 8203 4969 7736 1122 9418 3359 2028 5821 3041 7126 3193 961 2446 4246 6229 8177 9961
28 6190 4537 83 7783 5714 364 6365 7255 9955 1974 564 4451 7 4331 6978 8695 8589 3274 3468 4816 7920 7926 267 1285 2876 4715 6640 8546
28 4694 4393 5577 6000 1180 9962 2716 5560 7514 6564 907 8838 7726 2030 9737 7524 5443 3964 7731 7052 3915 1446 3690 1468 3019 4808 6785 8646
28 288 381 2335 5393 3429 2055 3869 7661 9650 7657 2411 8913 370 9782 9626 9314 8604 7973 6963 5546 1632 4823 5239 1472 3025 4817 6790 8654
28 8346 8464 434 2232 7081 2712 7017 8586 192 393 1770 7660 2609 5745 2552 9272 5378 6376 3438 71 6038 331 8268 1055 2698 4398 6351 8320
29 5631 7327 3597 457 9082 6144 4190 3850 5434 805 2551 788 3043 4421 7886 5548 1784 923 5252 2338 3349 1486 6849 962 2586 4249 6234 8183 9963
29 7495 3906 1436 8868 3231 1849 5176 9171 6503 3480 3108 6289 3896 5793 8904 7391 4103 1829 4871 3677 5792 8355 5227 902 2554 4189 6151 8111 9888
29 6619 2883 6837 4777 4338 4377 7903 6810 7756 4371 4683 7555 4366 6153 494 6068 6799 3834 3220 2284 6521 7644 4925 667 2305 3997 5910 7915 9718
28 7568 272 5027 3761 1067 9195 9354 3905 5819 2190 3670 8283 3563 8998 6172 9405 8448 7512 7850 234 7274 5695 9910 1059 2701 4400 6363 8324
29 281 6019 3721 9006 718 9466 3777 3789 7585 4821 5769 7962 6116 7856 1847 8274 524 950 8236 1323 6972 7801 467 663 2295 3987 5901 7890 9475
29 9525 5832 716 7905 200 1994 6904 4428 9479 6734 8967 8857 7099 7906 7145 5211 2176 6609 4289 6120 1667 1864 7857 671 2310 4001 5914 7922 9725
28 5232 6378 8191 4407 1767 2826 8813 4510 225 887 3674 8608 8711 9691 3109 2561 6079 9800 4563 9968 9390 9895 5142 1060 2710 4408 6369 8349
29 3358 8569 5587 1262 7393 5064 1241 1389 589 892 4328 8883 1287 9531 1840 5204 5519 7764 5043 8774 7630 754 2327 835 2591 4250 6237 8184 9966
29 7521 6815 1134 258 4616 5862 1719 3386 2384 5461 5633 697 5918 165 1936 2674 378 8911 1281 3112 7075 7396 3125 785 2468 4091 6021 8063 9820
29 4819 1231 1585 7796 9297 4245 9118 8507 2990 5708 4140 9060 8658 3538 7025 3414 9337 406 1957 1793 3450 8020 1781 229 1816 3598 5387 7402 9224
29 1073 604 827 3090 6112 177 2955 141 686 1429 4688 401 5687 3795 9835 8337 116 7483 7813 9552 5976 9649 8419 2107 1860 3636 5472 7458 9284
29 947 8910 9786 8327 7010 978 5121 5592 8408 2904 8886 1120 8228 5065 6391 1927 9305 1869 1219 6165 3893 3454 4853 404 2005 3755 5564 7603 9440
28 7065 6907 5298 6947 3296 5882 7373 4109 6303 4604 5290 2838 4570 7506 7789 4586 5484 105 7818 6101 1246 6368 6456 329 3266 5113 7080 8954
29 5685 4226 7702 7149 4914 7172 7388 1268 6323 2774 9232 4720 6749 5510 5893 2626 368 2134 7577 4014 3121 6472 6524 4477 2244 3937 5881 7851 9678
28 8626 8558 6046 3873 4978 9536 8778 1470 8687 3036 9539 3046 1248 5615 7262 2969 1150 3113 2500 1155 7085 8972 3748 646 3201 5014 6982 8870
28 4594 3686 8139 4470 6958 8237 1517 3958 2276 5404 6380 4846 9577 259 7296 990 5279 7565 431 6829 7261 7124 6759 6034 3254 5069 7030 8927
28 8218 8084 1376 3482 7675 89 5729 5491 2791 844 3326 5435 9952 4070 7641 6095 9362 9730 2638 2611 6672 1722 6988 7289 3247 5062 7020 8914
28 7553 8735 4016 6669 1441 6679 3768 6934 4218 2629 4596 6626 2545 5852 6036 9275 1693 3230 4168 6529 4040 6728 1400 3995 3295 5129 7110 8971
28 9214 9861 9514 68 7737 151 5117 6238 6825 4774 4046 7339 2809 7776 6462 2470 8616 5319 9244 6769 6818 9463 5562 9344 3302 5136 6933 8983
28 7533 7006 1898 566 3553 664 6026 8352 4798 4402 6412 8169 6143 9705 8188 2480 9949 6121 9731 218 8764 5504 1921 4850 3183 4989 6961 8849
28 7310 941 5987 3130 3005 843 6676 3074 6987 4064 1532 606 7470 5228 8460 7241 4836 533 8024 9240 297 2678 655 2501 3361 5166 7175 9038
29 516 8273 3059 8459 8968 1609 6174 6649 931 8518 6624 4181 4534 9183 9259 1989 5811 210 4658 4865 6674 9442 9034 1355 2241 3929 5857 7849 9662
28 6338 852 1705 7918 7459 5013 5839 5789 1600 5330 1815 2105 2422 9741 9977 3031 134 1966 900 1265 812 5246 7547 7874 3249 5066 7024 8919
29 5292 1166 2599 8035 9520 6583 6387 6802 3413 963 7538 7376 3901 5796 2924 8676 1444 904 7130 621 7197 2159 1819 7233 1964 3707 5534 7552 9382
29 3397 184 5420 4507 5417 7717 4741 6076 6755 7683 4524 4274 1294 2628 9634 8739 2122 944 2416 1455 5753 8306 6422 232 1817 3604 5388 7405 9227
29 5513 4437 1730 5453 1344 1811 3866 5264 7909 3940 6037 6653 8899 9369 5261 1002 2299 1163 2888 4425 3166 8997 8290 236 1818 3611 5400 7408 9238
28 1598 235 7598 6245 9871 7595 4716 5770 2936 6264 5639 5394 6811 792 2157 7564 3251 1723 2035 3285 5165 8806 6861 1487 3027 4824 6791 8657
29 2382 2449 8243 6699 2396 5284 7567 8166 8674 4867 6109 1838 8342 1318 6737 5401 4276 3439 6367 1800 2790 1108 3227 968 2600 4251 6242 8205 9975
29 2260 9965 1549 5783 1326 9149 6758 358 574 5193 6150 2269 8416 3489 9726 5743 4547 5765 8675 3223 5447 5885 3419 906 2555 4192 6130 8118 9890
29 2930 7032 5797 732 6146 5428 2020 1514 770 6349 6494 2798 9121 3970 1883 360 6592 7491 3381 8161 339 30 7293 577 2168 3877 5744 7760 9592
29 6932 3509 9772 1034 8041 359 905 2434 3346 8061 9030 3389 386 2625 3814 1603 8491 7655 7549 2285 9412 8345 1738 665 2297 3991 5903 7901 9714
29 3320 8573 7895 3839 3180 3916 3421 6142 4164 9421 761 4864 3806 1518 3675 955 1580 3073 5372 6166 877 6480 8401 445 2053 3775 5612 7642 9460
29 213 1747 8124 6909 5031 4961 4703 8766 4549 1783 4157 5738 527 3644 5364 6309 2999 4843 154 299 8692 6201 9908 586 2175 3878 5751 7759 9594
29 636 9595 3400 6106 1596 5167 6393 6055 670 3294 7727 1283 9480 2380 5385 2180 6033 4995 5538 2282 9867 6602 4856 572 2167 3875 5740 7744 9591
29 7956 8143 1066 7001 8387 5688 6659 460 2243 4531 9487 7672 5732 7706 4898 9237 3770 2082 8647 4432 4813 9879 9882 2763 2238 3921 5846 7822 9646
29 1902 2893 3948 8825 9638 7934 8313 6853 1190 1828 715 6364 7035 5558 5833 6518 6511 5352 1657 4988 1096 8915 6434 416 2012 3756 5566 7606 9441
29 5280 622 5476 4283 2454 7968 440 1392 9085 8999 5309 2593 8138 4941 6398 9712 4761 2196 9221 4649 4868 1662 3426 7411 2024 3757 5570 7609 9443
29 7100 4608 9579 7994 202 6852 8444 269 5469 1151 1881 3355 8483 5089 8824 4055 9367 8199 8116 6317 5501 3961 5992 487 2091 3811 5669 7689 9498
29 9043 1433 7680 4312 6648 337 7221 3351 6240 3343 1952 6735 9112 6179 308 2451 6550 2119 5187 6100 960 8144 9216 215 1809 3582 5377 7392 9215
29 8380 7626 361 7878 9188 639 9138 4044 9719 4788 4319 7441 1015 2843 2594 9844 9677 2732 5358 7156 6209 7073 8343 489 2126 3815 5673 7678 9499
29 568 1853 4021 7192 355 7061 5786 7005 6059 7467 3013 6667 8018 5626 7113 8581 7250 3299 6061 7423 4939 536 8354 417 2037 3762 5574 7611 9445
29 9377 8482 855 5966 8776 9735 6291 7942 6608 7554 3939 6881 8410 5764 7462 9959 7761 4047 8420 7283 6401 9119 7663 450 2058 3780 5613 7653 9470
29 5956 4340 5603 4634 219 4482 1306 8562 9163 1099 9873 6314 3547 3908 9801 2088 8881 9234 5856 6587 1158 8661 751 558 2150 3854 5706 7723 9581
29 464 2410 1813 3746 4200 7115 9173 8557 5828 3461 7102 5194 5611 3088 6500 3713 8422 5493 8535 7452 9005 2655 3497 570 2156 3856 5721 7724 9584
28 9200 1428 4585 9682 9998 9721 3897 4233 2499 8888 5805 6308 9261 1586 4353 7971 5175 1889 3499 3912 6185 9113 7198 1422 2954 4795 6731 8609
29 7682 8666 1006 6625 5306 9974 4143 4771 4204 9083 7713 9795 221 413 6202 4911 9746 749 2317 5481 8158 8832 3374 794 2440 4093 6030 8072 9822
29 5275 7597 321 9669 2773 8249 3919 4193 4504 8665 9458 99 4792 2200 9217 5694 217 1602 5445 4916 5584 6873 4901 908 2557 4195 6154 8121 9913
28 5276 7450 6231 780 2034 7526 9416 8677 7141 5897 675 3085 8270 5137 7220 1403 4160 6178 3504 1626 2079 109 6851 3483 3195 5005 6973 8858
29 1624 244 3316 9016 5365 6773 3278 6938 8393 9414 5974 894 8600 6041 384 7649 4832 5291 1503 8986 1627 1452 5977 493 2163 3860 5724 7735 9585
29 624 4243 948 7739 7240 7795 3687 9218 9578 2466 9247 4153 4424 1830 9402 2219 9609 6458 2961 5840 4615 453 2582 971 2604 4252 6250 8207 9980
28 2975 5488 5468 3279 9926 6012 1674 1228 2389 2985 6876 3913 757 3614 1256 4631 6413 8451 7824 9330 3376 8539 3248 1299 2870 4717 6643 8547
29 4083 4383 3055 862 7805 5380 9070 2618 3892 4376 7059 4000 783 7431 1615 3726 2162 1313 3801 7841 705 7371 268 719 2381 4060 5968 7995 9777
28 6513 2021 1450 7437 8008 6757 9450 5610 4505 4391 652 1873 2966 6043 3189 7978 4382 5281 4255 3617 9426 3697 557 1143 2785 4535 6474 8438
29 832 9818 4311 9506 3184 8265 579 2589 6783 4625 1940 2221 7248 809 28 5327 6450 7826 3163 131 1791 3739 9041 678 1959 4005 5917 7929 9727
29 1078 9028 287 9078 3868 522 3147 3858 9680 8635 3284 4519 5718 8470 3398 1906 8892 6547 3813 5900 9359 9596 4912 795 2469 4096 6042 8033 9825
28 2702 5053 9102 7980 5085 8578 3696 5849 5145 3267 3226 6680 1430 1527 1526 3362 3441 1013 8403 1147 4592 274 8734 1300 2890 4730 6613 8549
29 4075 6443 9393 8563 7196 563 9503 2934 6569 1071 3910 3176 1655 5733 4296 1405 720 8040 7152 7474 1145 2164 5650 980 2607 4259 6255 8220 9984
29 5029 4287 5122 5795 8738 2199 7528 1799 5486 3456 6798 4877 3767 7716 6203 1431 798 872 6457 6588 3506 4987 7501 993 2608 4260 6257 8227 9986
28 5676 2373 2217 5798 6696 6817 3993 4963 3907 6981 3835 7422 5907 9003 6035 2642 1242 6091 9630 8867 5095 348 3280 1113 2748 4480 6424 8389
28 8330 4732 7194 7153 8984 9101 5422 5728 4502 3283 5596 9172 8126 390 1778 4582 857 8319 1321 2369 5873 1331 5103 1123 2752 4481 6425 8399
29 1032 793 6573 8690 1162 8649 893 5749 7150 7164 7572 3635 3232 1962 4680 7407 1270 1115 2884 1259 5076 1782 6282 994 2603 4263 6258 8235 9988
29 2891 553 9513 9152 1731 776 3785 3791 3293 7965 3080 2905 6658 7780 6846 7548 2602 2707 4321 4184 6180 3342 6723 1004 2614 4273 6262 8239 9990
28 3045 8717 8749 5185 5356 6898 7575 2927 2354 9050 5238 3003 4884 6707 8109 7837 2865 5822 2124 2043 8210 1933 2939 1148 2788 4543 6475 8439
28 4533 6271 9051 5648 7885 2817 46 6251 4095 5075 5092 5067 7139 9681 9135 898 9057 2372 9829 8272 1509 2943 4362 1179 2793 4545 6481 8441
29 8339 7600 5705 8152 3007 9625 1786 6022 643 8807 1605 1713 9544 1072 1928 9969 2816 1494 7975 5599 3895 9614 933 721 2399 4065 5973 8003 9785
28 5201 7168 8044 8810 4161 9981 4883 6235 682 694 9653 4448 5278 2513 6403 1393 1173 6629 7799 1498 774 3616 7785 1186 2772 4562 6482 8442
28 8497 1711 3851 5135 6098 1850 5774 6307 4146 7048 6040 8488 1912 5035 7939 3017 5707 7596 1367 21 6887 2294 7808 1541 3076 4896 6868 8710
28 8485 4944 3154 7045 3352 3277 5042 8202 4942 3444 4919 7158 5737 2518 2964 2420 4003 7484 802 451 8198 9987 7858 1542 3100 4900 6869 8718
28 473 8624 1691 4775 9893 4272 2222 9921 5998 6528 8175 918 2477 5717 3096 5628 4475 8344 5037 5646 3589 1144 7387 1434 3033 4830 6793 8663
28 1797 2323 1899 6989 511 2991 9903 1114 9212 5672 8390 6601 4326 101 6352 6739 7535 6486 4555 8351 7772 4086 8088 1187 2795 4567 6485 8445
28 8222 224 759 9603 2116 3110 2784 8067 2161 1085 772 1880 9069 3849 5161 18 8058 2251 6997 1200 4665 2606 7710 1491 3037 4834 6794 8669
28 8302 2300 256 1439 5878 9438 8601 4248 4443 1669 5996 1117 3118 3365 1733 5994 5081 8334 6743 9154 8362 8587 945 1062 2713 4415 6374 8356
29 2902 8148 3070 4137 3633 1335 5895 419 8251 2487 4492 6838 3188 2597 1039 8486 6633 8987 4372 4097 2986 4626 3028 654 2265 3954 5889 7867 9696
29 3891 9972 7692 9025 5860 2331 6275 8617 9472 2661 4595 7847 5300 2704 4876 9203 7033 3071 2229 4593 5489 8612 3058 656 2266 3972 5898 7871 9699
28 4258 8965 9711 5689 5449 6044 439 8921 2886 1244 2004 3796 495 2806 4651 8002 8696 1888 8621 7877 6863 2374 6850 1424 2963 4796 6744 8613
28 4309 211 7734 7634 8755 913 7000 2482 1762 2064 6651 2881 9941 2402 3876 7749 6908 9917 9400 186 7755 4847 9763 1556 3104 4910 6879 8725
29 8816 1407 9790 9250 9935 8062 76 9864 2972 4677 5497 4315 1045 5000 9608 8163 4325 7693 1497 4464 2572 567 5785 724 2368 4066 5984 8012 9787
29 3029 7095 4639 9674 9167 3049 6312 1212 7997 5040 4838 8721 8010 3336 4965 9326 8022 3529 6856 6124 7573 9017 5758 660 2274 3984 5876 7880 9702
28 5715 7891 9635 395 1128 5950 9532 3331 298 6920 500 7171 2899 5080 4212 6024 4385 3213 6807 6118 9093 3207 7907 1425 2983 4797 6746 8615
28 1046 6657 9572 1552 5997 7434 135 9432 7207 8338 411 9502 4268 5782 1026 8304 8975 8673 1022 3666 1970 4659 7955 9976 3333 5153 7147 9027
29 7425 7883 2965 2047 6727 1619 6718 8049 3341 2040 9317 7738 9909 6565 8842 518 3603 7112 4685 6842 444 7515 8655 571 2166 3867 5726 7742 9589
29 3452 9452 1621 91 9862 3170 319 9834 7879 8 426 8907 3131 6441 6018 6454 4401 5189 137 5339 1516 7307 139 702 2346 4049 5944 7982 9752
28 9877 3127 9448 3018 6492 1311 3120 1254 5632 261 9126 7987 2627 4363 9301 7212 8826 8844 2834 1879 4691 6357 3779 1322 2892 4739 6655 8551
28 8948 1724 2656 8834 5575 4089 7498 834 860 9754 248 4938 9495 5218 9583 1227 7840 6675 7357 7252 6621 9253 5471 1325 2854 4745 6664 8553
28 188 8643 758 9302 9455 5518 964 7673 9323 6313 284 9287 9091 4299 9689 890 8862 4681 7758 2185 3531 9481 9616 1339 2906 4751 6599 8561
29 9018 9748 2743 5595 7741 6006 3737 5980 4538 6828 7167 4298 2026 8712 9451 9946 454 8326 5038 7446 396 8223 5711 666 2304 3992 5908 7914 9670
28 5867 7750 42 9920 800 8289 3924 853 7011 8894 9948 9571 2879 6921 6077 6593 6134 5593 371 789 4952 4135 6548 1191 2797 4568 6497 8447
29 4145 8878 5195 6324 8835 1640 2388 1277 5230 8195 6945 7121 4624 8593 340 9160 2825 2601 3517 4024 6358 3754 3999 804 2472 4107 6062 8074 9826
29 6246 9103 4027 2362 9660 7021 2455 7949 1136 8506 1240 1991 2494 8773 3132 885 1104 2515 2647 4972 3314 2596 9528 910 2563 4172 6155 8125 9925
29 4647 2623 2895 889 9493 4550 6223 2347 1025 3926 1981 8167 3691 530 5414 88 742 5847 1305 6792 4999 4191 1634 726 2409 4068 5990 8017 9797
29 3242 9760 7888 7436 3569 1390 2537 1347 7592 8664 7745 8106 5050 2425 5844 973 3390 9153 1489 7300 5624 6579 4645 738 2414 4069 5999 8019 9803
29 8500 5816 3544 3424 3276 3753 4962 7463 6826 9549 1314 2208 3069 471 1870 3137 9264 120 4420 4997 1295 1954 31 1012 2622 4279 6265 8232 3160
28 9225 6460 4334 7816 578 1356 1160 2312 9559 745 2631 8811 5569 2448 3971 283 8192 2733 3583 3986 7832 6311 1316 1554 3103 4903 6871 8724
28 2953 3436 5477 87 4670 2931 2910 4909 5499 3977 5802 4948 3521 1469 2130 4198 3244 9137 3328 2659 7365 1664 3202 1492 3040 4852 6795 8678
29 8110 1359 8054 7129 8122 4167 3684 7125 7620 3998 6797 4527 2172 2530 2665 5253 4528 2903 9056 9087 1319 3168 1987 1014 2633 4286 6276 8246 9997
29 1019 8622 266 4020 4365 6437 4412 9104 5096 6071 8179 150 9564 6192 9855 6370 6614 5933 9469 9436 4580 3841 2708 915 2569 4217 6197 8128 9930
28 5412 617 8458 1886 3570 4337 7651 2194 7732 3680 9553 9068 3554 8852 2894 7913 7469 7429 510 4266 984 4291 6297 1348 2908 4753 6668 8566
28 7359 2292 9664 6539 8341 7834 2664 7214 7714 5120 8846 5450 7941 5736 3478 8294 7546 2432 5019 6836 3664 6009 4709 1192 2803 4573 6520 8453
28 3412 6123 5399 3688 2352 1308 8037 7679 8077 5691 5439 2956 3649 6244 6645 744 5638 710 8433 179 3467 2398 7270 1499 3044 4870 6808 8681
28 4474 5964 4653 47 7303 9299 8052 2118 7022 3685 914 3621 6634 1656 5508 1521 1561 5699 2063 1346 2427 7389 9292 1196 2805 4581 6543 8454
28 5171 9729 194 7830 1538 9428 6359 5953 1053 4196 2781 8221 5419 4406 7079 2027 6218 5748 2483 3143 6259 9815 9927 1197 2813 4587 6507 8468
29 6141 9219 6923 9723 7897 1398 8174 5978 5317 8149 4411 2938 499 1658 3290 2050 7468 3052 7697 7272 7154 9904 5374 810 2489 4114 6056 8076 9831
29 1397 7976 2942 8332 4724 498 781 6316 2383 6943 6140 8009 2610 2714 9230 2321 3676 2267 9105 6103 7209 4379 6263 927 2570 4219 6200 8134 9933
29 220 2355 6157 3368 7751 1706 8788 9241 1963 1107 7227 4284 8830 3918 6335 2630 1871 5969 5661 3631 125 4744 6558 817 2496 4119 6092 8080 9836
28 1714 6611 7964 4607 1237 2003 3982 3576 9150 7688 1369 5863 9047 4485 6870 3586 3894 6191 9574 2979 9048 826 9876 1512 3039 4878 6845 8693
28 2546 7701 5778 3298 2987 115 8959 3899 9588 836 7342 9184 2691 3865 895 3595 8066 5600 6533 6813 4380 212 7254 1204 2635 4588 6553 8472
29 7924 5084 725 4423 3422 9329 4862 5572 3194 9162 4152 9598 2685 2070 4982 2437 3820 3584 6771 1947 7098 1553 3409 357 1965 3709 5535 7561 9384
29 1661 3246 9819 7390 7424 4147 1406 6273 4606 5622 1185 9700 8487 9356 3335 8611 9271 4708 7848 7908 1255 531 4324 626 2253 3949 5883 7864 9685
29 1402 1249 730 3794 5134 9967 9590 8703 7943 9661 9586 5551 7263 6228 7352 4693 9343 4829 1908 8925 713 9607 5544 421 2038 3763 5580 7625 9446
28 4976 1154 8140 380 1079 3395 651 7354 6974 7290 2108 4493 4740 6822 7652 2283 44 3047 5274 3214 9294 3732 7189 1437 2993 4799 6748 8620
29 6912 5426 3712 5021 2033 8146 2054 7540 181 9437 7839 9125 6962 6306 7884 6468 4267 5606 7846 2072 7989 1861 3432 365 1969 3716 5537 7569 9385
29 1887 5282 6108 7336 618 7433 5670 1010 4288 5921 9537 9852 6078 6682 5105 4931 9283 6385 9094 2880 3978 3944 5904 291 1862 3640 5475 7464 9288
28 5651 8932 2395 2711 7602 4301 74 3658 8524 9186 2844 9982 4973 8314 255 8489 3540 2741 7628 8660 8610 472 1184 1124 2756 4483 6444 8400
29 9642 5379 9004 4675 3373 5649 7321 3364 6572 2390 4627 2356 372 6607 2978 4496 2532 6087 4271 1 2103 1500 2165 540 2146 3836 5679 7707 9543
29 8584 7708 1290 3701 2641 9201 9206 9947 97 1289 140 2676 1361 7273 3546 5957 8382 8353 5410 481 5154 3116 3473 544 2152 3844 5693 7720 9546
29 8720 5116 6256 7372 5861 313 1074 4512 3792 3479 6373 4348 5807 8384 8619 1467 4770 9348 3485 8114 5015 2386 6656 375 1976 3720 5545 7574 9392
28 9813 4520 3000 7647 162 9776 6138 6652 5641 919 607 4332 7763 2214 8708 2478 6501 8209 3931 8585 4674 2877 2237 1208 3209 5020 6983 8873
28 8426 3253 1689 8744 3470 641 270 4461 29 6160 6362 5515 8115 2845 1915 648 8377 2306 995 5132 8011 9478 6581 6455 3181 4975 6956 8841
29 8763 9561 4516 8955 4874 9307 674 7350 129 7247 8412 3158 122 1821 591 2598 5256 1167 9771 7911 124 353 3289 2231 2205 3903 5826 7787 9621
29 6510 1841 2358 8977 9512 1742 4622 149 6070 4885 4599 1087 2951 9419 7432 5168 14 4409 2689 1610 1474 7632 6514 132 1740 3505 5324 7313 9141
29 6211 66 1380 8413 4185 3066 6833 5582 6418 7089 4936 4921 4384 9851 8043 7983 1304 7280 3366 2360 3650 7889 7587 138 1745 3511 5325 7317 9155
29 5250 6488 9081 2391 2847 2562 1252 5462 5810 9122 6617 7083 6360 9639 9766 7334 5697 9600 4033 5681 6318 5848 6732 429 2042 3764 5588 7633 9447
29 477 4974 5111 4433 8335 7285 257 733 6960 373 2314 4139 4346 2686 1755 3730 6350 3477 4906 4736 5981 6355 3719 4378 1983 3722 5552 7576 9407
29 1877 8269 8908 7870 9640 7819 662 1282 491 9015 2680 6809 437 9809 8137 206 3943 7315 1484 9717 1170 1232 4329 5322 2350 4050 5949 7984 9755
29 8982 3662 9568 7234 5571 7945 6840 8000 9461 8277 5888 4983 6830 344 5667 731 6919 2694 5700 9398 5543 3955 9298 554 2154 3847 5703 7721 9554
29 2810 5618 7815 4860 2542 290 8529 4342 2132 4540 237 307 4262 4316 2458 599 5060 7825 1744 2547 6834 8814 7414 27 1593 3396 5213 7205 9073
28 547 9335 2766 3078 2543 8651 398 7863 4591 8771 1837 2189 9021 4430 2745 1381 3079 4224 7226 5473 9500 8953 922 9476 3119 4922 6885 8730
28 8526 7820 9837 5245 9276 8793 1086 3228 837 6 7873 3577 9934 4610 3255 1773 4863 5123 8164 8359 470 5430 9174 2819 3042 4937 6891 8746
28 9849 5902 4968 6968 4992 3741 8173 6058 2407 3197 8689 6644 790 9923 509 3281 3135 4875 6404 8069 2861 3257 5498 7036 3212 5022 6985 8854
28 8901 9830 7440 5139 338 1209 556 3973 4890 5131 1391 7165 2197 251 9973 7807 2277 7791 8247 8951 932 8194 9807 7074 3139 4949 6897 8751
28 653 3609 5803 8765 2431 5180 3963 5271 1878 6661 9255 7927 2571 3151 3054 996 4149 7128 7420 8839 7646 4310 9576 7344 3225 5030 6992 8875
28 4572 8877 428 4686 8373 5775 4998 8312 2293 496 190 3561 253 3566 7843 4220 6090 7797 8916 9185 1385 9373 1451 1720 3145 4904 6902 8754
28 7069 1779 5082 8840 1606 1505 1633 6905 1946 9067 2062 325 103 3965 5442 4778 5183 7457 7928 1043 1617 70 6883 8863 3149 4950 6925 8756
28 6784 9467 3579 4574 6394 2068 354 3105 4254 588 4039 5026 9012 6711 9228 7610 8217 7829 37 2188 5818 6329 9970 7029 3179 4967 6950 8831
29 6555 4695 9562 5961 1525 1955 7728 7004 3026 9789 8820 2948 409 6538 5772 8902 7347 7844 6733 9750 2328 3759 2083 171 1760 3533 5345 7338 9175
28 1058 7687 9847 7151 965 2488 9265 9979 3829 312 956 6714 1668 6334 2359 8931 2754 1559 143 6147 5923 399 658 5780 3177 4966 6944 8829
28 2025 4414 5516 6806 2982 3573 85 9697 4763 1198 1801 8956 4163 7612 2682 5098 4728 4565 2461 6487 2761 4971 3435 6241 3235 5046 6995 8885
28 8100 9950 748 8204 997 6589 75 468 5660 2929 4121 740 8550 2857 4124 5044 3514 2045 9842 7461 4857 7466 6942 2400 3256 5077 7031 8934
28 1442 6048 7865 7312 6772 928 3900 2657 8991 760 959 9490 7936 8853 1993 5891 5427 5110 3379 7236 3975 7003 8446 3717 3240 5057 7016 8903
28 6948 1250 7268 1504 3224 3587 4644 8295 0 3297 5079 4542 9319 5930 4532 7298 7686 2900 2709 8508 6722 7093 6448 2620 3306 5138 7132 8992
28 9914 9267 8471 687 5438 7023 1475 3021 8942 2509 3203 1263 5408 9100 2944 6031 1118 5143 3952 8800 7034 8214 4517 1274 3339 5156 7148 9031
29 9548 6603 6998 839 8136 766 3842 3310 9280 3205 3967 1949 6173 458 1823 8628 6848 6831 840 3602 8864 2475 3305 144 1746 3518 5326 7318 9157
29 4341 3089 2928 7923 3645 3933 5505 7067 362 4104 4381 3262 870 6684 808 391 9022 8271 3825 4072 7399 5407 722 61 1659 3443 5247 7235 9058
29 5827 1639 2992 1194 1930 3989 9086 3863 2143 9907 4954 7027 9860 2301 2344 3382 1303 7231 2224 4396 727 7238 4491 62 1660 3455 5251 7239 9106
29 6872 8859 6760 8275 5052 4684 3099 8013 7345 9916 7558 7195 7477 1207 4004 5935 7991 7174 6946 1349 2654 897 4725 627 2258 3950 5886 7866 9692
28 5911 1996 818 4318 2538 1188 958 3065 550 6182 6466 4449 2404 8958 4108 8795 3356 6716 5719 9020 9676 2568 6089 2438 3268 5115 7084 8957
29 6670 7331 3272 5296 4285 3718 5190 9009 2078 7499 7806 6512 2926 172 4011 4350 2235 239 4986 7562 7729 5431 7258 304 1863 3643 5482 7475 9289
29 8308 9331 4017 2632 5995 2006 2246 9570 7769 84 3091 1029 8291 9915 5063 9074 4498 2336 8963 7062 6917 4522 7947 629 2234 3953 5887 7833 9695
29 351 8456 3275 814 5909 1665 4727 7550 1982 4176 9593 4479 3930 7473 3072 2456 938 2739 2653 1506 2259 5664 9010 5630 1942 3703 5529 7543 9371
28 4453 737 5742 8918 6400 5307 81 8815 3724 4008 2240 5799 9759 8240 7169 3106 825 8150 4707 2684 6878 7018 2923 3301 2996 4801 6766 8625
29 5629 7117 3911 3216 6296 2831 5315 5047 1226 1750 4019 2811 633 1324 6892 1068 5617 2465 9854 7852 6951 6531 769 625 2223 3922 5850 7828 9648
29 6506 7271 5754 6377 1919 8156 548 9494 1926 223 7242 5986 1761 9943 823 5083 2721 3107 6882 2193 8157 9995 8668 295 1882 3656 5483 7481 9315
29 1756 8440 8423 3769 7401 2780 6580 8861 5585 5932 1116 8256 7215 6789 7278 5337 2081 8741 3966 5735 7893 9778 5947 73 1670 3460 5254 7245 9111
29 5359 799 1101 4270 3303 9379 1522 9840 8512 1373 2419 5905 9573 6753 6523 5451 1551 8719 4205 8827 1031 5725 5755 929 2573 4227 6205 8141 9936
29 7362 2442 2771 20 4261 8429 2013 231 3513 1427 723 2862 2959 1851 9465 3816 8005 4403 6949 7810 38 6895 1105 523 2138 3830 5634 7695 9515
29 2874 6662 25 1566 5437 5762 342 2036 6333 8260 1900 8631 8618 7765 8780 7058 3520 4317 241 7092 1443 8244 2720 16 1579 3385 5206 7183 9053
29 4123 6858 7894 8329 5967 7774 3980 2430 9555 9547 4584 4306 6353 1064 2057 2901 1903 3976 4209 4548 8499 819 3872 22 1587 3387 5207 7186 9054
29 6159 6796 465 6509 2747 8215 5061 4536 4858 6967 638 4899 126 3706 4159 5012 1939 5236 8092 6302 9613 8333 1235 2485 1824 2820 5416 7416 9242
28 7064 4866 7374 5813 8089 7872 7053 9558 8704 2486 480 6346 1412 8427 7404 6248 1638 8560 7747 2735 7527 8515 3218 8808 3128 4935 6890 8745
28 9381 6542 7777 9954 9295 8059 9894 8432 6924 2746 2158 6489 7217 824 7410 9709 4809 9679 9775 4129 4991 9945 5366 2651 3150 4951 6928 8781
28 743 6866 1625 7055 8068 1905 991 4934 5331 2723 3136 7705 8576 1728 8700 1363 4977 6843 8493 6476 3848 5924 4825 3250 2912 4754 6671 8568
28 315 9411 3572 8193 1164 7379 318 1854 5526 7106 4429 8303 9518 6698 9647 3817 1464 1193 425 4964 6498 5509 3798 3941 3187 4996 6970 8851
28 6556 3002 2106 5506 249 796 2660 2560 4812 4793 2503 7505 1583 3857 2316 5397 2462 7921 77 5048 6693 5550 6217 2114 3185 4994 6966 8850
28 9796 4442 2467 9109 833 1375 7208 9133 305 4833 2671 8636 9739 7904 9722 9628 2962 2731 1557 6969 7700 8531 7076 1622 2758 4494 6261 8404
29 92 8772 2579 2245 7615 5713 3237 953 6910 1576 2133 4818 3332 2595 5003 924 3015 8742 8559 8181 3736 8623 6002 525 2141 3831 5680 7698 9522
28 569 9992 3057 1749 4662 1594 3030 51 6706 8939 6604 9239 9978 581 1233 6955 3889 3428 5589 433 7181 7119 2473 2753 3236 5049 7014 8896
28 1357 1102 7517 4508 5487 1558 169 9088 2320 9667 6135 1309 1581 1057 7961 8970 9641 5642 6824 1336 9099 394 8694 1090 3182 4980 6959 8848
29 3178 5072 7931 110 2505 4042 8015 9693 3672 3354 5433 6139 3695 3271 7284 2348 8127 9007 1708 3567 4789 9993 8926 526 2144 3832 5682 7699 9533
28 5054 8684 3263 5869 3534 1696 9964 9939 6953 3097 3101 1519 4038 8047 8731 9866 6586 4281 3776 8301 1091 3056 8716 8656 3190 5008 6980 8865
28 7854 954 6168 6504 3610 5657 447 8477 2525 3667 9386 6712 5539 7718 7497 3191 8909 9720 2387 506 9181 2392 4743 1125 2762 4495 6445 8406
28 2135 243 3560 7267 4207 3535 114 117 6913 3786 5162 3541 5446 8428 2264 278 8123 6854 1284 4294 2393 9274 7966 7166 3312 5144 7138 8995
29 5198 1700 6719 1435 7041 5880 1127 9620 5425 6721 72 6615 1848 1775 1054 6537 4600 4861 9668 4059 3490 3401 95 333 1932 3694 5525 7539 9361
29 5533 6606 8113 3252 7397 7557 3024 9929 3838 7486 4256 6786 5581 8398 9453 3484 9617 2412 8479 316 3175 303 635 820 2512 4122 6093 8083 9832
29 8642 7835 1396 4058 9601 9170 5241 5855 1011 7753 346 7386 4742 5311 2624 24 7039 5709 981 6004 3048 334 2463 102 1712 3486 5308 7295 9129
29 9333 8363 3821 6534 7520 2662 2994 35 4589 7967 2149 9901 3742 8822 8112 3774 2203 8905 277 8241 2367 9529 2220 2 1568 3363 5177 7176 9039
29 2337 901 1680 1293 9176 2073 5100 1238 8599 8855 6395 7291 6616 8639 6752 2706 376 3199 2973 2385 8070 3162 2104 846 2517 4141 6099 8085 9848
28 3624 4759 3988 1648 204 9434 1772 1529 7740 3819 7406 3652 6411 8843 3449 3822 560 8245 9277 972 6692 5217 838 4928 3288 5126 7087 8961
28 3671 7910 9236 5415 5623 6900 6516 1456 3738 9706 7534 5289 6702 9511 7137 4435 1069 2341 4100 6420 1990 8938 7377 4373 3350 5157 7161 9033
29 9551 8336 2850 9161 7060 514 7508 8091 8073 3115 7288 2544 3445 767 6442 1979 806 3956 6762 5466 5922 8258 4162 352 1938 3698 5528 7541 9366
28 466 3600 9269 3727 6439 4560 7691 5389 3840 2377 6816 55 4237 1211 1986 4714 1077 6544 5791 2913 7460 7071 4719 9767 3291 5127 7096 8966
29 3909 1917 3608 9179 8817 1084 7800 8230 5107 637 1266 3515 5396 4117 6536 2909 4559 4854 709 4230 7624 8388 2548 336 1913 3682 5522 7516 9351
28 9309 4881 1342 512 5988 5781 3140 9859 5494 7120 7842 3711 5541 4637 4880 999 3469 9912 3771 2740 9744 1683 5663 6243 3265 5112 7078 8952
29 9715 5678 8032 4426 4579 6623 3668 5874 9745 8028 1482 443 9611 5739 6641 3700 6918 8104 3710 7353 3523 6929 387 2227 2519 4151 6096 8090 9858
28 2309 6438 9423 1081 1901 3023 4831 992 5731 573 8494 6383 6063 6777 5421 7294 7090 4418 9209 9883 4045 2225 9430 4460 3123 4933 6888 8740
29 2776 1050 4956 8081 7485 3008 1465 2148 8425 998 1001 3585 3304 8777 9422 8750 1056 3308 8396 3466 9517 9349 5018 850 2531 4156 6102 8093 9868
29 1845 4815 64 160 3287 7026 8381 459 4678 3740 1647 4210 6549 4702 1218 4445 2889 1943 867 9932 6700 762 2056 49 1612 3425 5226 7222 9079
29 4182 4940 4446 2871 6379 2101 6195 7478 4917 4404 1678 7792 7356 8435 1684 5763 4835 4700 3459 2250 4666 9501 4417 152 1751 3516 5333 7323 9145
29 6600 9519 17 7581 5637 3714 3890 8317 6855 1716 2725 455 4278 9132 2308 9684 6188 4913 4641 4120 6939 485 263 175 1768 2921 5348 7343 9180
29 5386 8178 4133 1312 6342 2757 8449 8395 8511 1992 4553 4025 5340 644 5124 5091 5381 5892 4063 5119 449 7292 222 275 1835 3620 5455 7427 9257
29 6433 9633 1614 5257 1007 3493 9850 502 407 8836 8250 4374 7412 801 6502 6914 9508 8505 7170 5752 545 876 2804 276 1839 3623 5456 7439 9258
29 9708 7237 6249 9856 6432 7333 292 967 8300 9958 5576 9569 5141 3020 5074 5579 4387 9375 400 4127 9527 4698 3823 182 1769 3536 5349 7351 9189
29 5436 7105 2846 5812 2019 8322 1135 1063 3565 680 7862 4388 3239 301 8945 7853 1291 9368 7326 4915 8989 6709 5267 185 1794 3537 5351 7358 9151
29 207 1702 6145 6525 2375 2613 5070 3574 5181 1388 1654 7510 7762 1182 6724 8706 2187 1106 2539 6688 32 1476 2093 90 1666 3465 5293 7259 9120
29 1003 6976 2984 9937 683 2778 4845 2645 8990 1221 2868 5970 6705 9279 1350 19 8686 5547 1548 1199 6051 1635 2092 605 2098 3914 5837 7794 9632
29 4908 883 3164 6577 4170 461 921 5375 8605 3981 3481 9464 1911 5972 9002 5088 1258 5286 7684 1177 2724 9802 8898 8107 2318 4006 5919 7944 9732
29 5178 6471 6213 260 2288 504 989 7778 8856 6979 4556 8197 7948 4844 7040 233 63 9666 3408 8519 2688 5011 4228 93 1704 3471 5302 7277 9123
29 9704 4297 7917 6964 4605 6952 2080 2755 4682 7719 4735 9853 8006 5514 8516 2364 865 65 1378 1157 9784 2324 628 377 1985 3731 5553 7579 9413
29 8752 811 4764 446 7182 6045 7260 951 3641 1502 8153 8101 3269 7875 4413 2007 734 4737 4958 9207 3885 6605 7228 78 1675 3448 5258 7249 9115
29 6756 1629 6415 98 4221 4802 5817 1169 6561 8768 6104 541 2287 6127 3206 2976 5155 6505 5614 452 3282 6780 8570 187 1795 3551 5353 7367 9191
28 8809 4564 2719 3142 4889 4907 1171 5108 1174 2459 7419 3146 7531 986 1445 2866 4672 6339 6805 5809 8079 2800 6047 1520 3050 4506 6812 8697
28 6066 701 3004 8234 7330 3243 5295 7618 1507 3092 8828 5864 7900 4216 2981 3211 430 4571 8475 8490 543 8985 4111 1076 2715 4436 6382 8364
29 1479 9482 661 6280 7279 714 4984 3818 5101 3369 9563 6184 6375 8552 414 3925 5838 8759 7493 4471 7746 8119 4869 159 1752 3519 5334 7320 9159
29 5896 5045 8225 2502 382 4894 7513 2315 1201 3607 7325 9994 7536 9338 1798 6014 8723 6841 2839 1968 6129 842 5321 612 2218 3917 5835 7798 9636
29 4037 1261 4752 6252 1330 2211 7200 8555 6568 6965 240 1161 6927 7114 5312 5927 7627 8981 2326 5845 113 9177 7571 82 1681 3462 5263 7256 9117
29 8791 6032 7659 9071 2153 4264 9811 157 640 2286 8430 6196 3760 6575 4022 5985 8978 1047 7199 5851 8554 9061 5169 163 1753 3524 5336 7335 9166
29 43 8542 1533 816 1652 4628 2207 5073 3637 2768 9560 6801 5993 7556 6738 6269 9473 6328 7690 7977 7786 3446 9783 170 1758 3528 5343 7337 9168
29 4806 167 9659 4638 8769 6074 9484 5662 2508 3708 7509 252 9580 1630 8391 4026 9944 4178 9339 2792 136 2075 764 679 2322 4009 5934 7946 9738
29 6290 6295 3122 4029 7970 5294 4897 7930 3051 1686 5342 6827 7305 2031 1547 6847 1351 1524 9449 9812 1858 9127 5836 3634 2242 3932 5875 7855 9665
29 4932 4859 5463 5554 4106 6636 9521 4051 9169 2017 8787 6832 7617 4620 2142 1673 7993 8801 9210 1224 9924 3093 8943 280 1842 3628 5460 7442 9270
28 650 3723 6750 7403 2869 6954 4241 247 4194 4463 9758 4841 6025 4811 1780 4352 8298 8056 9575 4280 7445 9316 5222 1016 2636 4303 6283 8257
29 7072 7621 4208 2737 5696 7601 5452 9951 2575 9683 3601 3593 8928 8979 6285 8376 9902 6585 4609 5444 1423 634 9839 216 1785 3590 5371 7394 9220
29 238 9311 8574 6279 6844 7937 5093 5671 8874 332 6996 4827 2002 412 6446 2553 2177 1671 2504 2534 2476 9810 4054 343 1924 3683 5524 7519 9352
28 3782 3102 7319 3315 5825 1340 2556 8614 4711 5017 1449 36 5039 4652 5899 3555 695 6344 9063 374 4851 9655 8385 1021 2637 4304 6292 8261
29 8532 6552 7869 4697 8691 3870 6183 1178 4369 5200 8964 8761 2619 1777 8796 6742 2592 5106 6226 2577 6508 8630 7868 432 2048 3765 5598 7636 9456
28 5262 9108 2668 8142 3758 7328 6167 2252 5842 5272 4800 763 6156 4747 8371 4450 1584 10 778 8567 4422 4601 9690 1205 2815 4597 6554 8478
28 5411 4355 9190 4828 4308 7972 8369 4746 6081 7455 4990 3134 6224 4947 9143 5962 2155 4489 3527 5277 8671 1564 6776 1531 3064 4887 6857 8698
28 608 736 1802 3378 1562 5299 2201 2835 8029 7502 8042 3325 6266 5643 6017 4203 2727 6429 3843 6137 366 7622 168 1130 2765 4501 6452 8407
29 555 6697 1865 3802 2697 7582 5297 4583 1523 3038 9878 7381 9376 1159 2852 8528 642 5234 786 8211 2408 1695 9863 4712 1890 3659 5492 7487 9321
28 7322 689 7566 8805 8078 2989 7670 1565 4434 7892 4043 5432 576 6193 367 7413 8238 4679 3648 5502 9799 8105 1995 7204 3233 5041 6994 8884
28 420 9891 2351 7656 6270 3053 8733 2136 7522 4320 8974 4888 9444 5925 7104 6665 5806 562 2616 8783 868 2750 3549 1364 2914 4758 6677 8572
29 7046 1575 9095 9627 8252 6690 9530 6366 2679 230 6571 7504 2897 6050 5270 7951 4465 8213 9828 4023 2131 3311 9110 350 1925 3693 5454 7529 9360
29 1415 7607 5750 6465 4689 8496 7559 8443 3994 423 7211 8253 4302 8641 5734 9345 8533 9433 1867 7162 1941 5723 4330 286 1846 3630 5465 7448 9273
29 5285 4820 2824 8757 7709 7108 5028 7346 6764 4690 9263 9114 4654 9044 7823 2692 8779 8064 5007 2123 9931 5890 9198 602 2209 3904 5829 7793 9622
29 6409 5531 4115 5470 1727 5402 330 9526 1676 3935 4530 2077 6072 9703 6107 1041 1394 7049 6065 6451 8637 4427 3638 156 1804 3557 5368 7375 9194
29 6751 173 9 8370 9408 1121 3773 4603 2775 6199 5034 2856 7184 2705 7400 1334 4177 7378 864 6527 4007 7771 2639 107 1715 3491 5310 7297 9130
29 8900 3157 2263 888 1302 9304 8038 9032 7876 6371 2421 7118 242 9285 9204 2932 4457 9833 3124 8051 2424 3309 2117 314 1896 3669 5503 7494 9336
29 6080 5304 5099 6284 2371 4886 3095 1460 8465 9342 5916 7369 3340 349 8201 3886 4478 6085 6559 1623 9023 1646 6803 60 1641 3440 5229 7229 9096
29 8682 7094 9389 2949 6208 9900 9355 9953 6175 9928 6814 9144 6247 2527 1825 3329 9805 142 6741 925 2345 193 3392 462 2061 3781 5645 7643 9477
28 1978 4079 1292 6473 2590 1729 5720 5301 4440 415 9092 6054 7725 7898 2812 7677 881 3475 2247 5773 3927 5884 8094 1210 2823 4629 6557 8481
28 5568 2096 6215 6110 7613 205 3626 6787 936 7253 3418 9474 6484 7754 4633 1582 9383 2113 2789 9254 1843 6745 1501 1220 2830 4611 6562 8492
29 2524 1341 3810 7963 2564 7050 2413 5125 3568 1126 9623 6331 8785 1820 5273 2683 4073 2794 3222 2493 9396 7733 9496 474 2069 3783 5653 7662 9485
29 2742 8798 1061 5928 5865 2506 4142 7775 3427 201 1920 195 5787 2445 7933 9000 2125 9687 6715 8160 1401 379 2060 703 2353 4052 5952 7985 9761
28 9582 3464 7363 6522 2520 310 5573 6186 5071 5540 6207 4722 1310 9624 6977 6171 4687 8147 1418 8606 2808 2760 3622 4598 3172 4960 6936 8797
29 3034 6152 7676 9884 5808 5363 5625 1945 8895 8602 6535 4781 2192 2567 8924 7500 549 302 9090 1511 4361 1682 2941 435 2049 3766 5604 7638 9457
28 6008 8462 8264 1129 4071 6935 4130 5458 5151 5249 9644 8680 3129 4345 5440 326 3871 4704 4981 5859 4509 7472 7784 1239 2832 4636 5831 8502
28 6277 4782 1859 8565 8596 2967 987 6986 729 1787 3606 9542 7593 8357 9845 1343 8891 8165 8525 4364 1973 7264 5025 1245 2836 4640 6566 8503
29 7790 8728 3152 9353 2947 6906 2492 5943 845 2658 3062 6591 1536 3651 8713 4459 3321 2695 6260 3159 9534 9707 9896 534 2145 3833 5683 7704 9538
29 121 1413 2439 1631 2059 8087 324 1694 6582 2279 6922 5512 3556 4419 3805 6874 5766 106 7953 7077 48 1929 8484 45 1644 3442 5237 7232 9097
29 797 4487 3512 7715 5652 7042 1023 6713 7532 4175 841 9701 6886 2911 3743 4918 1146 8086 4729 4575 3957 4061 5140 40 1599 3423 5224 7219 5954
29 6646 7223 8075 8026 8876 771 7316 5314 4734 6730 5004 2325 9165 6354 8556 1089 4929 6941 765 7275 1097 4354 4171 854 2535 4165 6105 8097 9870
28 8962 9300 148 1604 8307 7999 1203 8784 9268 4358 1578 9768 9045 9629 448 8537 6530 1251 6894 5979 214 2441 6372 1950 3353 5160 7173 9037
29 67 8418 6304 9024 9397 1243 397 5621 5620 2643 988 5591 6540 9713 5684 8071 7012 285 2937 775 54 6136 1119 2779 1956 3704 5532 7545 9378
29 5346 1098 9318 7836 4229 7143 5059 6011 9124 3399 5635 2666 2066 12 1868 2094 3642 7578 4750 6158 9794 6654 1374 601 2202 3902 5801 7782 9619
28 8653 2195 6305 3525 100 7361 1225 1534 2885 3812 5824 3715 4206 2249 6274 5457 9140 8536 4028 118 7370 7711 5946 1247 2840 4642 6570 8504
29 8096 5058 2329 528 2576 8405 1645 311 6220 6804 7111 5362 4098 1286 484 7348 6148 7133 6384 3161 3488 9320 1771 436 2051 3772 5608 7639 9459
28 9940 9550 2801 9792 3960 2115 657 6631 1892 532 3472 4723 7916 2759 8527 9780 2450 9793 3221 1827 3880 8242 7340 1257 2849 4650 6584 8513
28 3928 2916 5583 8782 3334 5644 2140 5666 8263 1692 5159 5164 9303 6320 9364 9843 9728 196 4468 2109 9065 6860 2397 1260 2851 4655 6595 8517
28 2022 1103 684 2099 7492 2663 1636 33 4253 8266 7134 6216 9535 6361 9404 1796 7645 2580 4837 4351 886 9256 1065 1365 2917 4760 6428 8579
29 1223 9545 3548 6478 5495 5931 3539 6650 8837 2084 5208 7757 2015 5347 9332 4148 4158 5243 3809 6576 4513 6417 197 515 2137 3827 5675 7694 9504
29 6490 598 5479 1009 4112 3458 1972 7912 1138 9076 7631 9765 2029 6128 9427 5913 4772 8331 7308 6300 3778 6239 9197 874 2536 4166 6113 8099 9872
29 1595 9026 4305 7213 8722 8871 492 6835 4767 8001 8050 7037 6517 2065 3261 8182 9245 7599 6574 6162 7266 7465 2256 476 2085 3784 5654 7667 9488
29 9229 9222 1589 79 5130 153 5565 1643 4476 2696 917 1601 15 9788 1703 8159 7616 4197 5760 5757 6115 8760 8495 746 2418 4077 6001 8036 9804
28 3946 6578 7417 700 6169 1018 6020 1866 5102 2298 4041 9911 4180 1214 1616 438 7696 6286 2303 8224 4905 9541 3969 1131 2767 4503 6430 8415
29 4663 7591 1387 2184 1948 4201 158 6464 9774 8463 623 385 1953 6937 3174 3824 6204 1461 3165 6532 3502 8747 3550 479 2086 3803 5658 7671 9491
29 7650 699 6768 8318 3167 5559 3751 9605 1137 7146 2690 521 6345 3344 4895 6298 1183 9906 5023 1931 5355 815 8480 227 1810 3592 5383 7395 9223
29 2523 1352 6761 3983 7028 5354 5920 155 4713 6747 1416 7332 7525 262 1774 513 478 6082 2128 6901 6426 6253 5288 327 1897 3679 5511 7496 9340
28 2394 7490 9983 7251 8794 6990 3787 2000 1513 1333 6149 1332 9892 7341 9618 2226 8186 4755 6236 5055 3006 1685 4993 1539 3075 4891 6859 8699
29 9597 8095 9762 8474 9035 3126 2291 1372 5820 2833 5248 7193 977 3372 2960 1463 8259 2111 829 1688 6321 8960 2271 704 2365 4053 5955 7986 9764
28 7938 6673 8672 1477 9989 3410 4614 7301 3678 9391 1530 597 4617 176 9686 9497 1005 5768 1028 1457 5958 3859 3035 1440 2995 4803 6767 8627
29 356 9919 1977 7366 9233 9064 8548 112 5971 2867 53 1891 529 690 8473 6911 6495 7127 940 7453 4085 2357 1379 590 2179 3881 5756 7768 9599
28 8534 5578 9187 8591 3728 3864 4706 9380 6225 4731 6052 5429 9781 6590 1495 5677 8732 5174 3083 4488 4873 6820 5287 1370 2918 4765 6681 8588
29 9898 6435 1478 3855 5329 5777 4656 9062 2379 5199 1592 3081 3208 982 1172 4282 8520 2319 861 5609 7831 677 613 934 2574 4231 6198 8162 9942
29 4632 4094 4439 4569 7752 8889 2169 9072 5945 4144 9394 9698 2726 1872 3532 7044 2415 7187 1195 3996 2585 4619 2718 706 2378 4057 5959 7992 9773
29 2453 565 41 2802 7669 8541 6823 497 2016 8379 1914 6763 4953 3692 4783 1748 4080 8360 5937 6449 4339 6023 2447 691 2343 4048 5942 7979 9751
29 9327 942 4074 8288 8287 1453 2915 1328 619 3061 2783 7608 7202 4347 6877 4892 4779 9734 6390 8309 4526 9509 6111 681 2330 4015 5938 7952 9740
29 4307 7364 3750 8786 517 3968 5701 1432 6396 7482 3498 909 5963 7959 1459 8501 2262 1083 3807 9089 8187 1569 2254 747 2429 4078 6003 8039 9806
28 5854 9643 7368 4643 1874 2129 4010 7817 9652 9226 2970 5975 9401 4848 8743 4667 4872 4842 9658 5265 4790 7932 8200 1448 3001 4804 6770 8634
29 8845 1961 1697 3951 5674 4696 3375 879 9857 1971 5114 8670 7748 7302 8510 5960 5032 592 3657 9293 2878 3111 5656 896 2541 4169 6117 8103 9874
29 4173 9736 3647 8469 669 9675 8929 9663 6598 8151 2443 7712 1967 6884 5665 4113 693 8880 8168 9077 6896 8392 5341 328 1907 3681 5520 7511 9350
28 692 1577 9918 8350 911 711 5305 3788 8748 708 9505 4076 1834 8328 9439 6268 7588 1110 9291 5094 8538 620 1399 1386 2919 4766 6683 8590
28 791 6526 3800 9540 6663 1591 8321 1923 2311 9192 3580 1404 7013 8582 4621 8920 6993 3799 5830 1710 7447 538 5056 1080 2728 4447 6389 8366
29 3300 282 4118 552 5203 5225 8936 5521 7845 9565 585 7355 7190 8702 9524 583 341 7480 4525 8866 6647 6740 3605 191 1805 3558 5369 7382 9202
28 3234 4776 5627 8030 2273 1508 9008 6053 226 7666 3734 3014 7668 8281 1345 8031 5367 4359 1088 5523 4705 1766 6399 5567 3260 5097 7047 8949
29 610 2139 6493 9471 1493 5868 8196 5779 8522 3156 4344 7430 863 3752 2423 8280 7043 3451 3098 2612 1092 8055 6064 3 1572 3380 5182 7177 9042
28 9673 1718 4566 6278 9749 1754 8514 5776 4275 3808 3204 4618 4333 293 4544 7635 1759 3133 9567 2268 7722 849 7812 1093 2736 4455 6392 8368
28 6774 5496 2120 483 8789 3625 2009 8284 6618 4036 5104 4721 4664 1279 1426 4648 1687 4551 9885 6546 486 1937 707 1024 2640 4313 6294 8282
29 974 8409 6221 8872 1490 668 5231 4223 9672 7159 9999 6097 7438 1317 1620 5220 2497 4879 5384 5983 1362 5024 2529 773 2433 4082 6005 8046 9814
28 3655 7056 4454 3705 559 3032 8632 6889 4578 9615 1473 4292 3192 1544 5328 880 5784 9429 403 8248 1371 5915 1273 1030 2644 4314 6299 8285
28 5361 4943 2549 1217 5398 4126 2946 1560 2039 4499 5601 1571 320 5788 6133 6327 9001 8311 7122 4733 5320 9507 5269 1264 2853 4661 6597 8523
28 4013 4222 8804 4012 1485 180 2751 335 1142 4484 1075 7070 7940 2675 5686 2255 3962 9334 1765 6483 3141 7614 3985 1035 2648 4322 6319 8286
28 9462 1788 6971 7329 9131 5692 3322 6864 595 2516 1763 6049 9346 3114 1033 6336 2558 1222 7838 5877 2566 1649 2097 1036 2649 4349 6322 8292
28 756 6957 4375 3210 7681 2170 673 8821 3068 3084 2405 5464 8065 7996 9098 1543 8812 9602 4389 4923 6660 7925 2340 1037 2652 4390 6330 8293
28 8707 2417 649 5640 5527 3348 6436 1447 3578 3313 2687 1395 3217 2945 9403 4511 7269 1288 1637 1382 6176 741 1721 1410 2922 4768 6686 8592
28 8879 7324 5390 1812 3394 7314 7537 8045 3405 3345 2479 1353 1792 8348 9671 6427 884 5730 3474 1916 9770 9080 9146 1038 2672 4392 6341 8297
28 6210 551 9688 4155 5184 2112 5240 5344 4431 3699 4213 6689 8685 3936 1550 1112 7002 4557 7767 4810 7306 5413 501 1267 2855 3117 6610 8450
28 3790 1822 878 2044 8633 9645 1739 7523 4546 7443 5982 7456 9235 4235 3437 4518 696 1672 9415 7082 7415 976 7743 1132 2769 4467 6440 8421
28 4669 8980 3749 7570 8206 4444 9637 2008 8727 8467 7304 8652 4486 1922 3627 5761 1481 4613 178 6337 5989 86 8683 1411 2822 4769 6703 8594
28 6765 5478 4099 2228 5741 5090 6717 8021 2581 9208 2236 9134 8688 8736 912 5186 1951 4849 3564 8325 8648 561 6094 1271 2858 4671 6620 8530
29 1454 3153 676 6725 2074 1458 4214 6281 2514 1329 6545 7068 8279 9199 1483 3846 9410 11 7990 575 7958 4211 2859 250 1826 3612 5423 7418 9243
28 4602 3060 442 5605 5485 4710 9756 9205 3406 264 8016 199 4472 3086 7091 6222 4188 7008 8374 5173 5590 5767 8580 1275 2860 4673 6622 8540
