26 3663 7634 7400 2549 1143 2487 20 7231 4229 6935 4845 9241 7967 8902 6584 2671 2995 2877 2066 1630 4447 3755 4528 6166 8725 291
25 4780 7368 7870 6986 2987 410 7042 5670 1814 7749 637 5530 949 7704 1159 6017 9554 1869 6863 5954 2476 5188 9322 1170 1587
23 2634 5143 5390 2245 9510 7818 9862 6074 6570 4517 169 1254 6721 4227 5561 9544 7799 3372 1256 5712 2173 4184 9296
27 4032 4375 9109 7752 3870 6776 8683 8251 2628 5920 712 8021 3667 2437 4471 5892 480 4494 5252 6517 6991 4783 4692 944 6813 2282 1635
29 2174 3578 649 6793 170 4433 9675 9040 2520 6952 2627 8304 7800 2934 9777 8072 2286 9047 4381 5138 5265 4370 2154 6462 1709 5664 9350 2986 2699
29 5221 4099 9274 4860 6710 6199 9749 4894 1537 7580 9917 9248 1465 2118 7753 2688 9252 3188 6345 23 8285 5985 2162 4809 3450 1931 2093 7229 7496
24 3171 7788 6968 4710 9167 4041 7972 18 4898 5786 5980 9993 9421 6373 32 2861 6634 2959 8931 5821 105 7848 6599 9515
26 347 6865 878 3 8383 7367 1122 5506 5329 2989 1252 8202 1576 1592 479 2922 7193 7668 8655 996 7535 2804 9238 5374 7849 8183
27 2882 2474 512 8614 7897 4886 292 3299 6084 3791 332 3473 8678 8560 6729 6740 6604 6803 8342 6766 1830 1934 4166 4409 5454 4015 826
27 8729 2844 9688 1749 1485 6109 5363 2246 2779 5610 2797 9806 1947 5888 2436 8857 6540 3974 4960 1089 8922 8891 4473 152 6621 1076 2750
30 5002 8616 7349 1081 8517 8790 9493 5930 7328 1483 2023 7034 9521 7523 4853 1099 5289 4256 8597 9739 5665 3763 3986 6451 6191 1862 5320 3630 7674 2399
22 2484 469 9954 3569 3053 6195 4909 4891 7248 6 4463 4618 4124 3716 7860 6877 6185 9687 1650 5023 7633 5129
27 3417 8996 2464 1508 3078 5594 7731 5860 9692 5402 3447 279 3370 5211 9088 7260 3576 6349 1266 7118 3965 1218 7811 3037 1644 6426 3280
24 8833 7007 3114 814 9989 9170 9811 1227 5066 6235 6953 3343 5391 3616 6129 767 9061 2359 7696 7394 7142 4362 4361 7270
25 2796 5936 7923 3902 908 9724 7257 559 9256 6890 5406 6690 4214 9921 8855 9394 3136 7123 8398 8510 1348 8530 7488 1336 7264
40 6975 4323 2833 570 1192 8776 7968 5245 9705 7762 4112 7595 8015 7071 2913 26 7334 7463 9959 735 5921 8326 9933 3967 144 6335 4002 1405 507 386 1286 6891 1040 3886 7119 8742 660 2267 3486 7571
28 2280 2342 6003 2754 3769 1128 2662 8489 1135 62 6668 4534 1114 3393 8061 1647 7369 6538 2308 9902 1564 7289 345 1617 2761 5552 8961 8141
28 8770 9251 4426 800 5354 6393 4428 7706 9719 333 6459 1796 9172 8713 9618 7742 1527 6329 2976 6317 5355 4420 7447 3305 7435 4378 5502 86
26 8135 6325 7392 5139 5398 337 3415 4432 4741 335 2669 6684 5934 414 564 7543 1891 6348 7197 2722 3365 5268 8944 4160 4986 1070
29 8941 4529 2909 3532 6007 5813 6727 5299 1431 5070 834 1443 1198 5590 8132 389 4498 8010 8279 490 6401 973 972 9220 6508 3133 9210 9445 4935
24 3173 198 7215 1979 8840 7669 3642 5880 2207 4460 6192 9639 8586 3786 7645 2421 828 894 9730 5446 1345 5697 6420 3549
30 1181 2938 7467 7234 1683 9142 3259 6812 5281 5997 3714 4228 3689 8449 7125 2307 7952 373 2405 5490 7808 2310 4848 9591 2451 6507 2727 1498 868 70
37 8887 3245 1381 3141 4174 8193 4709 3155 5365 424 3243 1671 4979 407 9388 1752 8381 550 8741 7209 5344 6021 5429 9122 959 9470 1417 4290 5168 7828 7203 5115 6645 515 7546 7283 8747
32 1875 8933 1504 7842 8430 7494 2788 5208 8522 1878 8259 5875 3633 6572 5862 5315 1957 3222 2482 7070 1783 2424 9727 4039 6779 5569 3332 391 5081 4855 1541 1090
48 7009 8425 9478 4057 2968 3861 839 8353 6406 6437 3303 3728 4302 1653 5336 1337 3955 5926 7601 7567 8293 1904 8101 2008 3294 8447 7806 9027 8582 9275 5963 4972 7973 4856 448 9217 7939 3860 7199 6327 8630 6276 1506 4034 7460 7944 5682 1355
33 1215 4730 2031 1408 6509 495 7143 9131 639 2620 6758 1563 4322 4135 6105 6666 2098 1770 2619 1888 7201 90 4268 4096 3189 7101 501 1016 4464 5767 7426 2954 3757
29 9841 426 5259 2689 687 3471 378 2145 8835 7582 2190 7160 8486 1074 5849 1267 3702 841 6330 4236 8535 7232 3695 2456 6908 6775 1491 8806 4887
34 2216 904 2366 7055 8173 8287 7932 1221 4784 3925 4802 1429 5383 8216 9850 7214 2079 4933 2509 4912 1984 1013 2249 3939 1539 5300 975 6411 1823 1384 3643 8351 4392 3537
19 7804 9280 342 3507 4686 9455 4628 5305 8366 33 7514 3670 2336 9994 9978 4011 8133 6404 7233
22 2925 4577 9654 4616 9660 5294 9008 436 4510 5469 1523 5982 4022 2259 1678 9768 7473 8945 5838 2510 4910 4751
22 7899 6039 7817 8204 3868 714 7316 3932 1372 9559 6876 8927 9889 1792 7525 4244 1480 2611 6079 8023 6482 3764
29 5016 2040 4102 8164 9656 7379 1566 1538 5428 7673 9523 2463 5943 9650 7059 4416 252 3238 8255 7104 6198 5325 8451 3709 3550 3895 1795 4834 6102
27 4757 104 5801 8866 10 6481 4270 9843 8008 4961 5241 9951 1755 8494 8687 3759 4213 672 8240 8619 1374 3533 9234 6386 2512 8540 8561
31 1743 5538 5977 6691 4574 6217 4724 359 9086 2252 7276 5337 72 1737 6101 4427 9782 1045 9984 4633 9624 8753 8718 9621 8184 8454 2580 1642 5889 3733 8592
31 8189 9286 5564 8004 7151 8820 6350 6489 3176 7240 5649 4483 440 9976 7286 6022 1600 6777 2064 6472 3620 253 8882 2156 6896 2587 9799 4148 7616 9883 1685
32 123 9087 1687 8925 7648 8765 5532 205 674 7805 3916 1127 2755 7190 2364 8236 8407 4064 3061 8864 4877 1492 6927 5517 4929 3927 1721 1438 8612 3209 93 8082
28 5536 2795 3711 854 916 5848 6806 6450 2352 8970 5167 3421 1389 2581 4496 6922 6357 2262 2636 4360 9557 5906 3020 1464 8537 6993 7562 6531
26 7563 8577 5602 1296 3184 2613 7091 8740 9206 4352 9171 6428 3442 1925 3205 5539 3091 5448 3179 8097 6607 9271 233 7840 7452 9320
31 5360 5479 8104 8937 9176 1418 7312 3808 764 9935 6851 5688 6659 6170 192 6575 7509 9121 6314 286 8406 8639 9439 3426 7280 1191 3833 7561 2793 2782 7781
30 4490 4327 8370 2526 9062 4343 2814 5573 8755 3441 3289 4684 2020 5736 7301 8856 3297 2085 1131 1746 2785 6083 976 7219 4333 6702 5270 806 9244 9456
23 2729 6916 734 7605 7741 2101 8813 85 1676 2069 652 8303 1720 9360 3214 6703 3627 9345 8192 4111 4733 5020 2485
33 1910 4356 2907 9868 4090 2210 5716 5069 1353 5575 2211 1203 9575 4193 4431 5711 5916 8391 5333 5804 754 7250 2041 7154 4532 1167 9855 7978 9825 3877 6792 8885 3732
36 3853 1053 6627 2179 28 1649 9725 3347 5806 3145 5520 3989 6880 8329 5449 9870 7934 8313 2681 8374 5945 9694 4527 5153 6201 6025 6188 5550 8852 2264 3771 6328 9778 7990 7707 34
35 5418 1387 5815 2296 8821 3276 2006 2904 2492 1833 5855 4927 7184 7315 740 3203 2732 5408 4624 2969 2926 2943 6548 5457 7527 8020 1110 8134 691 7261 4952 7396 7442 9246 8849
30 3430 4785 231 3611 1764 4395 3109 8206 38 8893 4264 9173 4980 3789 6082 1333 919 2691 7102 4306 5322 5472 9003 4295 8396 2622 1751 5593 2539 4171
27 4105 6187 9991 6899 7537 7446 5527 9487 7333 5625 1672 4044 2495 2775 4519 216 6520 4019 7068 8609 2111 5717 6107 78 239 6194 612
38 9823 3890 2414 8267 5727 9355 8310 1874 4846 8322 1719 1427 6142 860 1183 4770 3073 4061 6395 36 8644 4117 937 8911 6268 3266 1693 6258 9407 6448 9055 9459 9425 3460 6002 7689 538 1970
27 1216 4140 3313 9193 3738 2236 6819 7196 7026 1745 397 8766 7714 1412 3498 9240 5899 3635 863 8751 3125 4789 2226 8150 2387 586 2038
26 3508 1613 1909 3836 2557 8984 1558 388 1772 6568 892 4573 3664 6505 1351 6266 4702 8056 1367 9677 1603 9140 4 7062 6732 2266
27 8476 1811 1769 5394 8007 2834 5694 5872 8122 1321 5574 9348 504 2201 4131 6273 127 7244 805 385 1907 7823 9508 3776 5756 7519 3295
31 8027 8691 4570 2067 9509 6366 4067 5085 2831 5440 576 9114 324 8201 8724 2374 5885 9882 8419 3054 7661 3197 5017 5172 8928 8700 6999 5076 21 7515 2318
23 2182 1236 8112 9144 7191 6405 5485 7945 673 7691 8300 9034 1763 2838 2214 6613 1378 5441 4875 6319 7974 8479 4957
30 4410 1865 8789 5010 6708 776 3884 2606 578 49 890 5059 2558 4512 2643 3481 7993 9422 5132 5006 7767 9391 2356 1668 2638 6262 4693 7002 7640 815
28 5216 2361 8709 4113 5679 8394 4670 3213 2562 6312 5544 6934 2499 6828 6033 6941 1265 2610 3340 9752 4403 2095 7323 1208 7076 9457 124 1364
28 6754 3416 3930 4050 1017 7140 4161 9054 7937 8037 377 8557 9197 6960 4885 7637 8585 7378 2567 2889 8646 7348 9728 2083 4698 4869 1423 2056
23 2444 759 2419 739 8803 5014 7578 1742 1453 6186 5283 2835 276 3792 8665 3134 9922 3990 6100 1774 8978 6559 2272
24 6190 174 8799 511 2488 5931 8091 7732 824 408 1309 2326 9943 5260 3584 2032 6151 7098 2230 1789 7300 3780 7594 6417
22 4694 3047 6310 9769 2116 6679 8871 8230 9150 891 5342 2343 9285 3841 6498 8981 6309 8292 3107 2521 5057 8969
35 288 3445 4293 9574 8913 5459 7547 7103 4504 1786 8463 7751 2757 3919 5614 5462 710 682 5996 9125 9216 7 4742 9751 906 4563 6685 5851 4186 5400 9372 751 3725 2979 2441
27 8346 4393 7486 1152 4536 485 8341 641 8889 8417 7346 298 7943 1366 1815 303 6612 5787 2422 9204 1291 9529 2386 1271 9005 2652 40
34 5631 4805 2290 3530 5878 6183 151 9226 3881 5482 790 158 75 6593 7216 5886 678 3388 1707 3479 4688 3081 9665 9065 6544 5598 2950 3096 5913 645 2684 5251 1365 3027
36 7495 381 7014 9541 7380 8738 796 8312 7559 1674 270 5224 7940 1373 8746 7862 99 6615 3451 1158 2517 9722 1962 7630 6269 4712 4514 8716 4198 9270 8311 4906 6961 3781 7030 3183
29 6619 8464 9454 5382 2018 8536 9177 8531 4003 6055 2071 5079 6307 3156 1784 5424 9927 3013 999 3139 9012 899 7871 8290 8801 1969 2710 1224 3904
40 7568 9015 8906 9016 1377 4674 3852 6098 1832 5713 7624 8208 7903 3030 7877 4798 5272 9827 2897 2933 7445 4843 3502 3634 214 2859 7686 4981 6805 3929 7415 9041 5033 9392 1179 3017 6457 9013 3144 2209
31 281 5762 7327 8973 3879 9262 3573 153 5030 9822 215 8921 7740 6093 5938 3580 1903 4448 1213 2851 3079 5743 2957 6878 7066 3629 6720 3880 5370 5213 8854
23 9525 2883 505 6728 7681 7385 3718 406 1657 1225 318 9056 4890 7502 1278 6886 3449 3312 8880 946 961 8873 8847
27 5232 9290 4537 132 8379 5205 5356 6589 1018 6367 5951 8049 2885 4682 3926 8445 6239 4631 1305 4969 6164 875 232 2193 2582 8694 5062
22 3358 720 3906 58 2087 6635 664 9967 6171 2917 615 6889 1628 745 7332 2639 530 9546 494 1939 6554 3872
18 7521 6378 5616 2110 9684 2239 1421 1699 7935 7770 3480 2353 9759 2924 7991 6029 902 1863
37 4819 9342 3395 5698 422 306 4215 8862 2104 1162 6013 313 4883 3945 1238 6529 299 5810 8 2344 876 8343 2621 3271 6425 3042 5809 6206 6731 8899 5161 9272 4093 1688 2794 5068 2220
23 1073 9669 5832 9840 7998 2349 7950 2858 8296 1522 4725 2320 7089 8838 9475 717 4419 8865 2790 3382 1112 9249 1958
22 947 604 5332 9149 7225 9486 7393 9195 2188 6550 5202 5046 9218 2183 1107 7712 4359 1544 3398 803 510 1468
25 7065 382 6815 4762 6800 7401 4126 2469 140 9429 1432 2016 6651 3309 909 1248 7220 3015 9528 4509 3506 602 3009 5475 7109
31 5685 8910 9259 6493 7560 5467 1206 1609 3847 4962 3140 8903 4677 3098 3646 778 1896 1828 6150 2676 4163 8659 6311 9160 1580 9136 4441 8515 8554 5557 3582
22 8626 9118 8569 583 5093 3169 6733 4276 1212 4365 2073 3110 3973 8005 5563 8277 2905 5581 6381 696 131 8258
30 4594 4226 5018 7174 5403 2160 8520 7265 7027 8156 1739 5729 4218 3413 6752 4557 4827 4599 8957 8680 1146 9713 9895 2076 2553 9418 481 3660 1704 1924
27 8218 6907 7430 7019 7344 5179 7885 9616 514 1849 1529 5897 2791 223 654 3783 5918 8523 2832 4216 9524 2884 6879 9145 5847 5523 5580
23 7553 8084 8701 8894 2655 1229 5350 6402 7638 488 2642 7760 5686 7775 8393 3084 8365 3857 5105 9473 4209 9443 2241
32 9214 2426 3551 272 8726 2313 8373 491 2418 344 2169 5212 991 4364 7202 3058 3149 1542 7698 1654 5435 2845 9243 5656 1927 7574 4033 866 9936 7851 5959 5149
21 7533 6903 1231 6267 2197 5392 2692 843 1121 967 537 4204 8467 9060 9787 4999 2675 6035 1663 4321 1531
28 7310 8735 83 5077 7819 5458 7471 147 1027 7050 1063 8368 4288 2749 5857 1953 6116 8648 9732 792 5414 2134 2256 421 9308 4816 2258 2365
31 516 9861 6225 5508 1327 1597 8323 4716 4267 2713 1879 7433 3120 6138 5035 362 166 1675 9505 4429 4661 1572 690 4769 5927 667 1444 4626 8764 9770 6136
25 6338 6778 8558 8063 6709 5 2498 8633 1736 4554 3496 9912 2915 6840 4191 8512 7412 585 1482 2911 119 6501 1113 9293 8814
27 5292 8273 4994 2147 3088 5628 1611 7542 2574 7651 8529 3128 3724 2603 1733 7798 675 8040 128 4948 2283 262 1616 8238 8758 9382 2815
22 3397 1166 827 1852 1247 8130 5159 1767 6930 8052 398 7769 2281 6054 3003 6616 9306 9057 6120 348 8083 2265
19 5513 184 5298 8327 2564 798 651 1086 831 4076 8964 9147 4596 8281 582 5427 6226 2777 493
22 1598 2449 7715 2654 7779 979 1164 4377 5389 5328 6755 3115 8278 4424 4654 7893 8972 6911 1496 2735 3558 3844
22 2382 4437 390 1134 6097 9365 3871 2396 8637 8936 1295 1694 9406 4452 6135 4451 4278 3571 742 2728 4303 5876
27 2260 9083 6847 3686 8466 738 600 3882 162 2866 6823 250 8590 7879 8638 401 7763 4813 3401 5511 6336 3477 5489 5243 9828 3235 3704
20 2930 235 9970 2335 9471 5177 2019 5866 869 9817 6825 8836 7132 2609 5687 5772 2825 6355 6984 2475
25 6932 7801 7006 5577 2842 3758 2807 7338 1197 9932 7914 812 4629 5560 4247 5215 8194 7660 3239 4450 4931 9609 1199 7161 6064
35 3320 8444 852 2494 6837 9409 2590 9227 1847 339 7138 2105 6224 3474 1686 8934 3866 4324 2194 5193 8787 3541 8538 2088 4521 9718 6527 9451 4304 2840 4491 7812 7297 980 7472
25 213 3509 9514 1495 6947 7212 7909 8129 9157 6057 3494 295 4734 7226 1185 7241 3407 9242 5266 4945 9671 5405 2124 2849 2350
29 636 8573 5987 4400 6954 3651 7953 6346 9893 2472 8651 3126 7612 9255 6464 9652 56 8828 3196 4720 6698 9097 9647 6592 3172 7084 7052 9424 2452
37 7956 2034 9965 7702 2593 8792 4308 3500 8730 5218 1369 8498 2312 2243 4008 3589 4265 3389 8197 293 3193 9797 567 819 5599 685 4415 7736 1717 1125 8345 7548 8525 6326 4455 6318 9876
23 1902 9595 2659 8139 5783 920 1187 8089 7314 6943 7635 853 2886 7167 8481 1466 9164 6788 2626 1561 6532 1082 874
30 5280 1747 3059 6942 4407 2773 2561 4862 6011 6062 8284 9578 3456 5519 2030 3823 3356 5036 9444 8435 5012 8397 9223 5166 3428 31 1593 2670 8490 2678
29 7100 6321 4458 2305 9698 6019 3675 9325 970 9753 6736 6992 5229 7017 958 97 2043 9281 5811 2563 3075 3101 8662 6867 5311 2218 1069 6574 1921
36 9043 176 6832 2481 941 5027 2151 3422 400 9354 7373 13 5148 475 680 8283 3269 6248 2672 6836 1839 8272 7176 2733 1543 8572 9738 9053 7205 1662 6820 4330 336 1512 9744 9814
30 8380 622 8810 9063 3597 697 5883 2370 8640 8601 6956 5214 9446 1456 4296 2380 8990 968 4000 7867 4351 1207 5844 3113 402 8508 6283 7313 7335 5941
27 568 584 2893 2599 8160 500 9791 5808 1884 3768 3111 3504 8106 8714 5461 3455 2092 5278 1918 8034 5124 7039 5958 8057 1358 5949 2097
29 9377 7626 8243 780 1111 2813 9702 8959 8117 8823 1084 5950 9859 621 8991 8168 5227 5377 6375 443 1426 5162 8963 6287 1471 2960 8377 8988 6759
28 5956 1356 4608 7164 5345 5587 2058 5901 8180 2375 6560 5823 5636 7765 8551 2377 9481 1314 5005 5917 9199 1840 5279 6118 1893 6257 4136 6397
28 464 4340 5957 7249 7083 716 2232 7709 8702 614 4438 2275 2448 3840 1388 4938 5782 6536 4116 4892 8708 6951 2694 3656 5094 1109 3419 6407
29 9200 1428 8404 1085 3721 5393 4901 4170 7654 7178 6049 2503 4104 7177 264 4025 5165 9277 1872 6442 706 3349 5642 8039 1030 3682 2446 2171 6850
32 7682 3062 4063 193 7032 6046 7421 4667 6380 3453 6782 5225 1906 2155 7302 9380 7407 931 3307 1920 6412 133 8930 9533 6874 9731 2341 9339 3240 6933 6197 5837
33 5275 9187 8482 4623 1898 6699 4903 5239 3342 8553 9776 1126 2946 5190 670 7510 2971 7549 5450 372 2284 6675 1157 1494 4870 9872 5677 981 4192 474 4129 9980 9344
24 5276 7450 1813 3565 4634 1490 9756 1817 5779 1503 8260 5744 3284 55 7904 9622 8732 540 8301 5935 1173 9794 3526 9995
26 1624 244 5603 6292 5966 7492 579 81 6811 5731 7838 3258 4556 6626 2857 9074 8211 533 885 8360 8358 4066 9690 629 2345 3784
25 624 2021 855 2802 3260 4350 4842 2415 7693 6636 8788 7388 3775 9310 6264 1064 5456 1361 8812 3022 5707 8546 3778 1139 1446
31 2975 9028 948 3008 7149 3334 2912 5549 4177 9416 4868 6835 9516 5893 1578 2570 3799 1511 4500 6549 2903 6068 3446 3528 3199 7632 3679 7405 3827 8545 9049
29 4083 4666 3796 1853 5797 5586 5291 4489 4493 3324 2381 6492 218 9434 7434 992 9588 3680 8253 3599 8696 2072 4970 6511 3984 7351 6030 3729 2271
43 6513 3335 6119 3007 8143 626 1474 3995 434 1360 320 9795 7419 3138 9379 8087 3574 9706 5791 1117 3985 9547 5410 5663 217 396 9415 2741 1346 1622 190 8711 7875 4950 3552 9343 2673 8385 5455 2328 4049 8499 1860
22 832 5053 1450 6324 3523 7060 4089 6905 9592 2132 7643 1235 2102 7376 4939 9387 5273 1251 1738 5773 4279 5056
27 1078 4732 618 4380 1066 7437 6640 80 6620 5637 609 8660 4109 729 5719 2878 6921 6996 9502 7516 1851 7079 6121 2550 8850 7841 3465
25 2702 1831 5998 2410 7895 6989 4503 9295 2712 7863 1667 2990 6979 9134 2060 2200 4743 2470 2367 6854 5780 2346 9858 3121 2086
20 4075 5955 5488 4021 8288 3019 8817 5518 7004 1620 4315 6333 171 3835 7476 581 5833 4600 3966 5755
30 5029 793 1500 4984 3948 349 7063 7905 1948 5404 2751 548 9370 1801 3685 3562 9115 8999 2625 1077 9228 9317 3355 8115 1401 5726 4630 857 3161 3961
26 5676 8717 7723 1758 5420 6625 3885 2288 7585 8254 8320 9816 9323 6853 2330 4576 5537 519 7719 199 3806 9866 4475 5500 6124 1861
27 8330 7600 2822 987 8028 9298 8543 3837 6127 8793 9974 6981 8013 6841 3513 8768 6177 7035 8378 531 1501 3308 2740 9209 8914 2649 6475
30 1032 5974 9807 427 2055 1306 7597 9579 7045 3119 5887 8920 7675 1619 9793 7609 7705 7679 772 6073 4004 2046 7339 6753 9734 4107 1732 2497 2612 6009
26 2891 721 7122 9531 8666 361 87 8078 7444 3900 2988 5700 1108 7247 8338 384 7916 1632 3491 11 277 2894 6468 2602 7802 7073
28 3045 8507 4944 8102 3632 6231 7436 5204 9871 5244 9474 2898 580 2674 458 859 130 2721 2285 499 7948 1579 880 8182 3390 2748 6374 6557
29 4533 7278 8050 9818 321 2888 1253 3839 3167 9908 9032 268 2140 3615 3194 5873 9175 2690 6376 7131 3707 8954 8127 9485 5376 2223 8074 8389 2144
24 8339 8624 9635 6839 5795 4071 8086 7988 3131 3024 4583 9500 786 69 1319 5824 1391 8705 8777 1703 543 7110 4525 1932
30 5201 247 9412 2373 5122 711 4636 5145 3485 6857 6678 3296 3065 7583 4644 3710 4812 2709 1449 7873 822 2698 24 7606 3529 4054 7920 9181 5584 30
29 8497 9918 4287 9102 6653 5605 5652 3699 6113 3375 9326 1392 1848 983 2279 3434 8282 4134 962 5442 8487 8328 8595 8239 9312 6218 4230 1864 1805
25 8485 224 1669 4831 9513 6154 7120 4643 219 8120 6545 189 5505 6463 573 9186 1793 8830 8018 9237 6980 5378 7018 8079 5509
24 473 2323 9572 5242 6070 9182 9006 5203 7977 1550 3206 574 1133 2080 4179 3923 3845 1116 1659 222 3805 9367 4561 3374
23 1797 211 9711 5758 3761 4331 6296 563 7746 4650 9953 9803 305 2017 5067 2685 1299 3329 8094 9887 8905 2471 482
20 8222 1407 1621 6964 896 7872 8169 5380 3228 4606 1870 8042 8689 5065 8610 1239 2715 210 5760 352
26 8302 8965 2478 4408 1420 1549 9701 3090 1935 5437 3864 1120 3700 4603 1610 6974 2163 284 6519 6015 1586 255 655 1320 3596 1422
37 2902 1497 5013 957 2618 4683 2716 5163 1433 1705 9504 68 1447 7485 2199 4523 2601 2347 5230 6040 7672 9336 9132 2708 3669 5962 1301 6524 1257 8415 7075 3163 489 7868 9155 6028 5025
20 3891 3127 9664 79 8926 4185 8495 969 8667 5331 4445 316 2486 4690 9542 9045 6523 4832 7057 9987
25 4258 301 1711 7886 2217 7366 1177 200 4696 9009 2108 2379 9838 5654 2534 761 2255 6680 6078 1741 4055 2340 2045 8455 7859
29 4309 4026 7883 9448 700 9812 5861 5492 3046 4202 5295 8171 8677 4277 3999 3908 8262 8860 3715 6749 7776 7911 3605 4586 695 9166 6972 7370 4896
28 8816 1262 7721 6443 5468 9723 1809 1054 9930 8780 5775 300 634 2054 8778 1716 6910 4175 8670 8483 808 4865 3195 6486 1782 8943 2818 7126
24 3029 1724 758 2630 9078 8307 3038 6014 4951 3773 4300 6132 9878 1900 2843 3803 8031 2637 3540 4286 416 4905 9839 9413
30 5715 9452 2743 2278 9245 6669 6902 3166 2963 9489 4122 9610 3980 4767 4864 5607 4824 4162 1395 9230 1459 4421 1434 8468 544 7586 7764 7755 9733 2164
36 1046 9748 3637 2158 3730 2738 1585 9390 6639 9721 5184 1209 771 4851 5521 3406 907 1182 7386 6363 8843 4571 7857 9119 4405 4159 3330 9129 2863 2063 451 3301 1985 5522 7653 6790
32 7425 7750 3544 4399 29 679 7980 9696 2276 9432 5967 6144 4973 8703 9800 9099 7162 3168 5109 3819 7685 9247 3913 3652 2616 2070 1936 922 9224 3221 3360 334
29 3452 8402 2900 9972 2895 7403 763 1067 1591 7128 5174 9712 8617 3468 4884 7382 3606 6786 8315 3940 4735 3158 1211 8842 478 1997 4422 8953 536
33 9877 7185 7095 1379 3154 8442 4546 6245 4292 5571 6056 5647 3626 4771 9570 2152 757 6561 4196 9700 2706 6614 5745 9073 2490 8274 9305 5968 2491 2010 5524 5308 5368
38 8948 9819 7891 7807 8759 1682 9011 6413 6762 7195 7727 9374 8516 7303 6216 5659 3151 7402 8429 5240 4081 6551 181 393 4374 6897 3801 4745 3614 2406 8779 9284 8453 7889 1690 5413 1440 4619
29 188 6460 8699 4659 3316 821 3482 5130 6234 6298 2556 9631 4251 4254 4358 1571 1463 1897 5923 5788 2473 7343 8306 7275 7051 7468 5735 2554 9352
24 9018 9760 5185 3070 8805 3979 3198 4201 1728 4097 7949 6582 7253 9982 1583 5348 7484 7604 3257 4059 5768 709 9191 2061
23 5867 9080 8878 4334 6291 7129 8252 57 2873 5499 8992 7354 5819 2411 3135 8848 7139 4384 8137 8305 107 9604 1476
27 4145 3436 4611 5195 9627 2573 8979 8340 115 2645 6783 5238 5725 2720 2196 3511 9337 527 1658 1844 3285 9120 9436 196 8606 3492 9956
32 6246 5816 1312 3064 5864 1376 7722 4755 73 5870 3741 3631 4240 5559 7353 2744 8347 322 5749 1190 2333 1885 1274 2240 1713 1467 1821 5261 6791 1461 6807 1325
42 4647 1532 5673 8148 2647 9393 5596 3036 8152 177 3180 3261 263 2664 5852 2829 212 1328 5545 2854 1858 6888 6661 8940 4723 1048 392 3292 3201 3971 6137 4028 2219 9033 7008 8656 3524 7833 4052 6693 2640 4260
24 3242 3668 2623 8458 6566 1886 4605 7989 8514 4746 9484 6233 2253 5572 3068 1605 6809 9897 7431 6446 6423 2952 6715 417
21 8500 617 3712 6473 3470 117 3322 2013 9961 9555 2248 7134 2049 9100 5234 9128 7404 4357 6716 4685 7166
29 9225 1359 2269 6730 256 3983 9383 5438 9901 2540 9798 4543 155 5302 9774 7358 5349 1981 5136 9853 8504 8375 2425 8851 2635 1673 5638 3466 8131
39 2953 2765 8643 3692 6398 5705 8350 9810 2315 642 3683 3469 1946 3931 6852 8907 4190 3237 6260 4273 4456 7058 418 9842 7088 1297 646 4249 8712 8528 7864 8376 9264 8223 7766 719 4830 9215 9538
30 8110 2292 168 1204 4585 6038 1226 9110 8912 4245 3570 8059 3813 2222 7186 2993 4127 5953 7592 6797 7318 1022 7013 2178 412 2409 5684 4457 867 5858
32 1019 2972 6223 984 7168 3602 3400 6539 8769 1153 6391 1945 802 3425 6543 1409 2531 3325 5034 9257 7158 3760 990 5600 6928 3218 3227 9829 8997 7078 5147 1573
24 5412 3226 8795 2300 42 7251 4727 9512 7021 9979 3069 1201 4376 4388 1590 6094 2806 2157 6664 6726 7644 6099 3941 1781
34 7359 5868 6925 9103 2052 2656 2929 1217 7182 4497 4065 1599 7540 3907 346 4043 4210 4436 61 9703 5877 1993 71 5723 9945 6629 6300 6541 4739 9710 304 2983 2607 5460
34 3412 6123 2980 7816 1006 6926 3344 903 9697 8762 6342 6695 3785 6884 3547 985 4233 4671 5181 9437 2109 3936 7986 6830 648 3693 966 6672 1331 7684 4141 7824 8367 8832
30 4474 5964 6256 6208 47 7169 7279 4547 3527 6365 1347 2125 3899 9156 5102 9357 9431 1775 7531 8438 1536 7408 3918 5007 2348 6795 4158 7947 1200 4893
38 5171 9729 1451 194 8026 1244 3797 638 1036 9880 666 142 5817 3863 2920 3418 8076 6265 3146 5558 1168 6674 9617 5785 3514 1526 6444 7735 8949 2752 744 1288 383 9052 5792 3779 8502 3256
34 6141 3248 1462 6657 9986 2137 4347 4016 732 5306 8589 7670 9899 1038 3362 4858 3830 7572 9107 3431 5237 2302 5753 9203 9463 4062 7512 2762 6034 3969 1362 1556 5939 5604
28 1397 978 6530 3050 4552 1940 1028 553 8749 91 683 6596 657 7451 2036 5971 3457 541 9611 1123 1403 3244 2204 6959 2914 3385 8971 4390
22 220 6611 5111 3475 5640 3373 8745 1043 1406 8484 2974 432 6396 7544 1161 9577 6724 4387 2736 5235 3093 6643
34 1714 7976 8908 4470 2403 8563 4992 3493 2538 4337 5303 6713 7157 3959 3129 4967 1655 9888 5128 6931 6005 3698 8229 6203 2051 5890 6632 6351 9405 9430 3956 1472 9315 467
21 2546 2991 9219 1689 9937 3014 7172 8146 3575 5859 6822 1263 9667 4492 3577 1057 3174 4551 5661 2334 8620
30 7924 2355 9562 856 889 9668 1326 4181 9070 5100 625 6496 7146 2221 8669 4965 4406 4876 7759 3604 9988 5407 1794 747 6982 8433 449 9093 8985 7501
32 1661 7298 6126 3809 7222 9282 3346 2295 6271 3851 3968 6744 6024 7882 7466 7230 6990 4568 2629 9605 9212 4595 6644 8047 6892 5341 3254 1895 2608 5589 5535 994
27 1402 3246 8077 266 888 8335 3361 1766 9892 492 4555 7778 6103 4502 6306 8250 4920 1607 2057 2714 6978 8118 2167 2864 3731 960 7551
36 4976 2191 7701 2068 9645 1691 886 3210 7418 9640 9947 3044 4142 4673 7942 4863 2384 9802 8600 3734 8627 8085 1557 3043 9634 7357 8736 3817 3220 326 7577 2202 7825 7720 8181 9990
21 6912 5282 4658 2395 3150 7329 3287 5464 1298 1799 8352 2508 4391 6184 9952 4018 4465 3914 2297 8070 8316
22 1887 526 5585 8622 4882 7692 2949 249 6757 5271 4369 4625 6196 2545 3765 2828 2378 8213 2303 5984 8950 9957
42 5651 3253 1634 3650 5087 7995 6573 3855 4613 3743 4172 5118 9536 8496 5747 53 2224 5794 7499 2004 3736 4348 2809 775 8022 9757 4045 4911 3949 9906 6660 707 7461 120 2908 163 9743 4768 5567 8011 4852 9273
28 9642 4520 1730 2766 5257 9082 1754 7649 6153 977 5133 9875 9205 1818 760 9881 2231 5387 7406 8938 4206 274 2595 4353 6162 3834 2053 1339
44 8584 4748 9915 5608 1546 8858 9981 5043 4383 3410 9772 5798 2869 2009 2910 6516 6050 7047 9067 9278 5164 3076 6885 777 3588 6491 4850 8915 1150 8090 3116 2100 3815 8818 5924 5942 8299 6114 1810 6963 444 3264 3448 9079
27 8720 4664 4593 5084 9962 6983 2502 8416 7680 1812 2287 6146 9539 6717 7558 5264 4930 9623 1837 3497 3865 5182 297 7480 9449 143 9292
24 9813 4499 1249 5937 7888 3794 833 8649 3105 8472 2726 5131 7831 5668 6104 3561 5316 1499 3887 8533 7465 8493 6995 5914
34 8426 3662 2467 3444 7153 5696 1106 9549 5176 8196 6476 1220 1072 5011 4793 6096 5371 9488 3937 7538 4668 5419 5397 5992 5793 5646 9036 6130 6385 3100 5752 7584 7590 3628
23 8763 4861 5379 1625 5812 3231 2316 4612 1055 8784 4154 9599 1416 7658 6895 2237 1912 2533 2301 1868 4836 6061 2918
28 6510 5618 2579 8896 6004 6915 9208 317 16 9626 4705 928 2717 3737 917 459 9780 7532 201 7716 9148 3901 2944 3288 2082 3517 9378 7395
23 6211 9335 4956 4508 8276 9064 5691 3386 8228 4687 6059 9396 4731 2724 5796 9184 2827 7966 471 6502 5022 4958 2919
34 5250 5902 4301 9081 48 4394 2923 8571 782 319 3587 9395 6595 5739 9532 6454 3818 7097 3598 2604 988 8598 2856 705 1555 8108 1400 2408 6862 1056 6824 1913 1999 2583
46 477 8877 7620 8423 1303 3080 8868 7928 5031 1219 2819 3751 2261 2936 3617 4183 7596 2811 5613 186 9366 5946 4772 9117 5358 1824 3190 9552 4495 3654 2457 3236 9007 898 5846 658 8898 7320 280 9469 6461 6988 3921 9836 7636 9676
31 1877 3609 9236 110 6633 1144 137 1640 9874 172 881 6259 9201 9332 4897 8248 6950 1560 5947 3357 1843 7211 5542 4941 484 2600 6656 5933 8247 3391 2186
23 8982 9830 2850 3843 5689 5274 4084 965 3032 3883 1394 6810 7522 8635 6801 6143 4077 5451 8448 197 1827 6023 8349
27 2810 8158 7299 6167 1154 6383 1380 6525 7081 6764 7575 1623 6247 8166 7629 9644 3326 3247 4811 2552 3976 486 5293 8668 8356 5706 3033
24 547 7687 6204 454 4968 6577 3429 2967 4430 9614 3331 5434 3094 9911 5570 1880 1761 2050 5008 3661 7044 1104 1455 849
35 8526 4695 9679 4197 7754 8044 5156 9250 1260 3005 2760 6515 1551 1268 1075 6608 4110 3328 765 8892 1881 2862 7381 103 7025 3520 3867 3992 7475 5989 2803 7784 601 4263 1574
31 9849 9231 6488 1101 989 8116 6789 8334 6297 7796 950 8041 9601 5529 5078 2667 7207 1318 6814 6591 4722 6514 2513 7040 4918 2756 9632 4649 749 4234 5474
31 8901 1250 2420 6998 260 3696 5622 4310 9834 2203 9735 65 9334 5028 4822 2872 269 246 5096 1941 4086 728 9556 1015 6658 5993 6095 7922 3251 5444 9349
29 653 2033 4289 1677 7036 66 813 9004 7513 7570 4221 7667 5662 4241 2657 7173 3433 6848 5480 3767 8060 7936 4108 842 108 6609 6117 3915 1722
25 4572 9267 8245 7374 3142 4978 4346 7761 1972 3842 9268 1787 635 8244 7884 7593 2821 3411 6944 2958 5144 7565 6946 2438 1807
33 7069 1639 8142 6689 327 8191 9864 7598 4975 7997 6453 5865 7478 4468 3787 2700 8524 1768 620 2865 611 4157 5421 7757 6742 2892 254 6274 5236 5922 8603 1371 2274
25 6784 9163 8029 4974 9386 465 3378 6112 4597 5443 9450 2955 8605 3607 5655 8246 5915 1938 6846 9767 1748 3920 2462 6882 3638
22 6555 8859 4133 6377 6687 1404 5439 1092 3897 6131 1174 3812 1876 8488 7305 1989 9001 8434 2703 9496 2332 4655
27 1058 9331 8688 1007 7413 748 4601 6962 9920 836 4959 4207 9625 8295 7845 8411 4274 409 8924 9410 2215 7743 3592 7603 6440 9931 7614
30 2025 1519 939 9857 1841 2465 6868 4923 9790 5021 311 7479 6834 9178 7243 1507 8266 6331 4840 7456 9453 2686 8796 8919 1567 6458 375 2792 3659 487
29 8100 737 5323 5742 6725 9046 2781 1375 9050 370 7391 5297 5820 9934 9072 5317 9873 4838 7165 8428 9465 9775 2075 1486 7671 3583 934 8210 6408
26 1442 7117 1533 7489 4137 6379 2238 2537 5121 1011 532 2317 2653 4803 4385 8785 4581 7287 9491 6883 2268 7677 871 7092 6227 5267
29 6948 7271 3164 1615 7918 9135 8136 7235 5774 476 4253 3831 4963 6410 9174 8706 456 9084 870 9835 2277 7810 9146 5528 2150 8989 6347 7147 4808
27 9914 694 8456 6213 9596 862 2947 9903 9586 294 2679 8800 8975 1995 8492 7539 1980 5718 8006 8867 6859 4014 5154 8505 7414 4396 1757
23 9548 799 7869 5835 7878 3960 2784 5839 5107 1692 2860 6067 7458 7782 7960 9737 7619 4925 7124 5830 2113 9771 8268
29 4341 6662 3363 8580 7815 3802 7010 9399 3241 8033 3278 8518 3021 9581 9636 2084 8710 5493 1834 9535 5210 1964 2081 1922 2559 3846 5761 5983 9501
27 5827 6542 2011 6512 8140 6465 9461 1493 5183 4336 2483 1470 5807 8053 6987 2658 5831 4189 7099 9522 5157 3644 7678 6955 5175 4425 8661
33 6872 7342 1088 9680 8269 9289 9035 656 725 7793 8834 7330 4389 4790 302 1515 4548 2321 1534 1762 6241 5004 4539 7588 150 1915 4262 308 2187 2572 7474 4379 5556
23 5911 9411 3505 5082 7656 9297 8986 2817 8073 3958 7866 1137 9076 2701 9401 7617 3281 9648 2042 5103 3944 7573 4354
23 6670 6866 6145 1194 632 668 8562 8824 9169 5385 4371 3286 4237 2103 2235 1559 2027 7744 95 5748 8613 8161 6861
35 8308 4866 8774 3911 4312 6072 4338 1488 5191 191 1588 1383 750 3230 1637 4656 6580 5620 2617 9442 3648 715 9852 2029 1857 6089 4810 2515 88 9151 5990 9400 6939 8783 109
27 351 1582 5247 7273 9467 2014 9568 2711 997 180 5491 6156 4736 2428 4545 118 2181 2172 9042 9021 823 2299 7625 6546 6748 5483 1021
26 4453 6219 3798 9950 7491 5778 6918 8690 5825 9104 1636 5092 6238 9419 129 9904 9414 3826 5541 5049 8144 6985 331 6940 2247 182
17 5629 9992 6249 8275 4515 1994 1010 3681 9948 7927 9511 5003 3917 5321 5841 8513 462
32 6506 3002 4098 1255 3461 7639 3055 3981 9106 4103 8611 6174 5660 6701 9347 1243 8625 3832 5047 9808 5635 8009 9495 2532 1626 2427 1481 3478 5763 1871 6158 8392
26 1756 84 1996 5856 7931 6534 1715 8237 4275 9358 873 5566 9681 7912 3311 2575 2696 2325 6063 9499 7500 3894 6449 3987 5423 8162
32 5359 5799 3089 9038 1342 45 2159 8459 607 7846 9180 1414 4269 1441 1335 6649 817 5991 8771 2402 3403 3825 9742 8946 5907 1294 7641 5617 713 2146 9330 3056
33 7362 2798 2123 9235 8757 7708 8333 5803 1071 9025 6432 7794 3359 3687 2763 825 419 6887 5151 2298 3581 590 3192 7206 5894 4567 5634 3211 1966 3640 6769 554 1842
34 2874 4777 1102 7917 5822 8030 3568 8175 2588 8384 5038 1023 460 6718 3351 3657 4398 1178 2257 3420 2948 8111 5089 8386 2614 731 6243 7409 4879 774 5048 1093 4053 7569
31 4123 954 3004 446 3224 2753 9030 4150 7252 5565 6368 4220 3953 2480 261 5728 631 3708 6419 9709 9356 7958 4367 1012 1315 5546 5327 2138 1149 2250 4987
33 6159 5072 4689 6937 7440 4481 1186 457 6169 2758 8038 5416 5313 8317 2518 2836 4477 6303 4646 2867 3811 4088 7163 296 4651 7423 3590 6339 3972 1819 3893 7277 7029
35 7064 6606 8124 8674 9198 7652 6827 7194 4814 9302 1330 6414 2234 3310 3766 1926 2511 982 9585 6293 2242 7941 7274 7272 8663 9364 6843 9662 3175 3323 7464 7399 2921 9773 9384
27 9381 7835 6244 3608 285 9674 7041 6180 1241 5088 546 5061 6220 7482 727 6838 9747 6228 5373 3484 3202 7627 952 1933 7133 4871 60
38 743 8336 8225 4029 7608 2037 4996 8461 2133 2973 4792 265 463 8098 6372 7557 7200 769 6041 8067 6706 369 6945 8802 2577 1393 810 7148 7725 8697 3849 1800 5098 4382 4023 1273 9189 9612
33 315 3600 4752 7890 820 5510 9232 3753 1354 2479 1965 3023 2826 3364 6826 8470 8153 4953 9765 3082 5733 8863 4349 7483 1304 1419 2964 2094 7254 2695 8093 9678 4114
33 6556 470 2360 2584 6048 3263 2848 5639 2206 9152 1052 8422 5112 2213 5037 2778 560 2767 5895 6308 430 6652 2324 686 6747 2881 3182 2126 6077 4565 9854 6214 6001
24 9796 7137 7957 7189 5759 7820 6917 7777 3701 2431 2331 733 6503 9126 4345 3991 1873 5732 2122 6301 9404 1524 323 1035
26 92 6438 64 6495 8469 5228 4874 5125 1776 7053 6598 9606 4242 4329 4841 7470 9105 6655 7210 7662 3087 3137 1710 6236 5597 8055
24 569 1050 2507 676 7613 4488 3873 7028 3522 8174 6387 6418 5540 122 8176 7156 9091 5555 5357 7933 6743 5730 4641 2165
29 1357 3394 4541 7331 5503 2965 1968 4027 380 4285 7834 4796 179 2589 3341 6734 6424 4617 8270 1155 8875 2180 3025 6042 3454 9433 9885 5525 6597
21 3178 4815 7659 7054 5595 1998 6400 2003 4660 3994 7984 7745 8539 788 9112 278 6483 8271 1712 4915 8012
36 5054 4940 9659 9071 4928 6106 5287 2153 6567 6060 1282 936 1916 1008 2443 9328 6147 8652 2177 741 2338 8654 9301 940 5466 6403 3207 7971 7347 3954 596 374 4469 7245 6242 3665
32 7854 9633 3122 6504 4914 3049 4342 3427 4559 9369 8881 4740 2951 2314 3270 8811 1882 5709 6384 4679 9403 8309 8071 5543 8587 6416 2718 2028 363 7082 5207 5430
28 2135 9095 901 9159 3057 8081 1535 6628 1283 3143 8704 3124 8692 8929 5301 2941 8748 9192 7410 3291 9580 3031 156 2128 5675 343 6741 9010
28 5198 647 8772 5463 1435 4095 5680 1656 3859 6139 3011 6045 5871 9894 4589 6920 8478 3040 4232 593 2707 4005 9279 1928 3440 6585 5384 3250
23 5533 310 6738 6858 4839 4621 5399 1631 7615 2129 164 7317 2127 7666 7422 9815 7902 9168 2007 1115 9641 9090 5836
29 8642 4990 8363 1322 9269 8918 2289 4047 6881 8064 938 8733 1701 7876 5672 7111 7921 558 4818 9717 1193 9066 8324 7843 399 4149 5187 5254 5721
43 9333 4413 7294 227 4895 9561 8068 5515 1899 9968 9506 3219 7397 8599 724 1516 6237 5588 4703 1866 6189 1259 9303 94 9867 7145 3463 242 3748 3262 4368 847 6364 6781 4235 6641 2205 4700 9534 3187 8388 9023 627
29 2337 7237 8574 3252 6229 1708 7285 3170 6058 6618 7112 4060 4072 9537 6735 2571 3387 1041 8145 6521 2648 4068 8232 2435 1062 1973 1386 3233 8361
34 3624 9831 7375 7049 6251 5116 1778 9977 6108 4779 3688 7033 6439 3277 2566 2516 5881 4786 770 1329 5119 8212 3739 2586 9017 4299 314 5091 7038 9963 6390 2578 5944 8615
30 3671 6430 5678 483 9423 5650 3298 7602 6547 1545 6020 9695 7067 6037 6855 8506 1382 7925 3538 3229 1044 8188 6122 6352 3822 7975 5765 4271 8983 8128
39 9551 5233 7556 7676 1308 1424 8932 5512 5015 3118 7564 1005 4835 9942 9786 258 9233 1138 135 354 9253 2770 221 8883 4531 325 4754 2149 445 6289 8658 575 1950 6780 4648 4040 923 4609 5223
26 466 1702 7729 4446 1029 6110 2641 2998 630 7534 1530 1759 5330 3267 2704 357 3621 2002 8564 6914 5318 7292 3476 3964 435 557
24 3909 7105 5099 6522 3610 3012 1510 3938 2504 1214 5534 665 2466 328 6601 6261 9375 7341 3862 6553 8319 8916 3720 6340
32 9309 1771 5498 2442 8602 9758 2358 5554 6581 1180 1750 8069 51 6140 9896 9750 3367 9138 1565 5170 3747 4479 3735 5347 6537 3807 6518 8207 8344 8839 3888 4765
29 9715 6976 5683 3560 2062 9024 204 6044 9913 8544 6631 4904 6240 6842 9754 787 7171 3274 9629 9113 4837 755 4995 1602 7985 6165 2166 2830 1037
25 2309 4564 4764 8794 4867 4092 6909 6663 7498 257 9313 371 1956 4665 9789 8679 3756 2477 9211 4787 4738 4069 6085 2035 1059
29 2776 811 8471 5196 6677 6157 4645 2044 9998 39 74 3404 8235 3381 4672 9564 3376 1520 8846 4955 6712 1548 5137 6737 1835 8452 4255 4195 8884
21 1845 7236 6485 243 8264 7836 4889 8014 6315 7663 4549 2887 7262 9158 8457 6193 3814 3770 9960 5339 9373
43 4182 5426 7688 3579 1042 1779 924 8743 606 7734 3525 6610 8634 7462 5497 2961 5307 930 1963 5231 6026 226 7159 12 9263 7282 8641 5106 1147 1584 22 9630 5253 5695 2500 4048 8155 3618 7074 9141 4082 8399 7384
33 6600 6295 3216 3858 4849 8054 4825 395 5592 829 2401 9492 1753 3052 8395 8491 2633 4713 7183 7847 3483 2839 2823 2445 1119 7387 5220 1695 7622 7747 8154 864 7258
28 5386 7005 701 17 9161 9341 4211 6642 4404 6904 6676 2514 8664 9553 4518 2254 4366 4168 9766 7983 6590 5110 7599 5960 4526 5367 3619 6434
23 6433 9307 8684 4261 8280 2928 9179 1570 7999 8555 5632 5150 9785 5032 5334 801 340 2596 8567 2432 3854 6966 2805
31 9708 4859 5050 1680 1293 329 290 535 3066 405 5249 5206 4199 8045 307 4080 3443 4756 4747 2493 8628 4009 5309 9287 6173 367 9944 9869 2996 8897 4417
29 5436 9058 5507 4442 4176 1290 6279 4942 5714 7631 2665 4937 1171 7155 7969 677 3215 4774 9661 8721 9002 3191 6480 7454 1445 6178 5445 2890 2496
30 207 3723 5674 2687 2651 6923 3327 6272 6000 5199 1562 4873 3684 662 8521 6739 312 9909 4919 1908 5194 6353 6200 9316 394 4085 8163 9949 6704 3392
24 1003 3102 9190 5986 8035 9092 5692 5623 913 3074 897 837 9907 9571 3510 591 8226 5465 1641 3490 3423 6973 8870 9832
31 4908 597 1967 9589 5470 6796 1614 1648 8437 9000 752 7439 6181 4042 905 1554 8727 9590 8673 2962 5978 4194 1014 6477 8233 3162 5891 8186 6901 7024 4598
35 5178 4699 5842 4402 6603 3795 9651 8993 7113 9051 7717 2228 100 3982 2389 4459 503 157 4335 4328 4046 146 5000 3132 2440 7428 102 4466 7411 1105 779 5246 3975 5973 8297
31 9704 1142 1261 6168 5415 5843 8215 1806 850 4412 2660 9576 4035 9202 6588 4807 7554 1001 7198 3006 3649 9291 2529 4949 1165 3531 2978 2764 9258 6949 5562
26 8752 9108 1802 7336 6686 9324 7356 2270 2 506 5452 2560 4880 640 5200 1991 8217 809 6232 5097 4766 1399 5850 1338 3379 7785
28 6756 794 883 6617 2992 529 4569 6016 1448 3962 3318 7115 289 918 2136 6569 2977 3487 8382 9022 9165 3489 7518 379 7826 7152 4156 7259
21 8809 4121 8797 6032 6719 7267 8401 7023 5064 6155 3293 8179 1083 5551 126 9139 2501 8987 8621 2090 7511
30 6066 1575 8410 4587 3572 4917 2141 3018 517 4010 4252 861 3788 106 5840 8195 5669 5722 9048 4530 6875 9464 437 2624 3820 3160 9154 1130 3265 4169
40 1479 3910 167 6919 9566 6722 8968 7964 4544 6487 5648 1079 6436 4926 7550 229 19 4676 8853 2293 9958 935 6894 8550 8841 4024 562 9213 7016 6427 746 9975 762 8570 8242 8579 9879 5169 2541 9764
39 5896 1340 9153 1917 3283 8032 9276 4801 4681 9905 3186 89 8249 149 5158 7188 1002 6470 5769 2855 6422 4314 8994 3804 15 5353 3824 1612 6282 1547 9865 8331 2294 8421 8760 5409 4535 6794 3104
26 4037 4820 9 3041 4155 1302 9162 4259 2994 6053 932 3889 9321 8408 8151 4298 4281 5879 4826 206 4138 4761 910 9863 3653 6605
25 8791 7607 2263 2644 4449 1034 2059 9503 4680 161 8465 4480 5826 7545 8103 1838 1363 7506 929 1334 7224 6452 5898 3112 2001
28 43 5708 7416 441 3459 5326 4759 2351 4675 3645 7795 7773 9939 9745 9672 914 9490 5925 3752 8923 9507 5948 138 8400 8165 8588 7306 2568
29 4806 5001 6552 6415 1645 8786 9646 4579 8289 7856 7664 5770 8909 2841 7015 267 9194 2089 4344 7587 4284 3304 8831 8869 1124 4977 234 2937 6263
36 6290 4833 9420 6018 4881 7003 7908 3875 98 6125 4639 5641 1477 2697 5044 1992 9530 1280 8227 7962 2746 7892 8167 3557 8808 4744 1723 1867 7959 1039 1060 1024 7579 3439 4642 7874
27 4932 9029 6696 453 7910 2668 6252 338 6494 8119 9094 8548 542 6175 8149 275 6682 2208 9973 7420 4316 2852 9283 726 1097 7487 663
24 650 3157 8231 5754 8596 1955 5969 4507 8876 7528 7208 753 9116 3874 3369 3165 3554 6705 1140 7853 6087 6799 1284 3690
29 7072 4907 4795 1176 8178 4128 4017 7647 3676 1696 2434 9805 3924 1475 587 7136 8939 4320 6455 8065 9583 2547 5710 8371 5123 425 3314 5140 2400
21 238 5737 6111 9891 9389 2530 7530 1096 7783 7107 3553 4550 141 3678 7304 1949 4610 4982 14 9221 9985
35 3782 7724 865 4482 818 8440 4020 8298 35 2942 3951 1919 3348 3542 6594 9123 1894 4119 3816 7683 3438 6047 4627 7130 7291 8441 795 8058 8314 4501 9761 3321 9020 5829 1100
29 8532 2984 7621 6750 4638 6230 1606 5671 8185 3516 3754 5724 9763 921 9196 3905 271 2525 1145 623 4584 8822 2940 6031 1951 2935 8568 9517 8960
25 5262 508 173 1292 9540 5487 4444 7116 9846 5425 7080 1172 6207 8359 7441 1000 1233 1553 9969 995 1163 6092 6860 4562 5024
21 5411 8728 1859 5114 9603 9397 46 9417 5582 9966 9851 7589 6160 6965 6172 7748 9860 3793 6148 4294 5269
27 608 4372 3317 9482 8113 8744 2870 9613 1188 7665 7529 893 3536 2430 4125 2357 8967 1049 6714 259 7284 134 1091 3396 3947 1856 7371
27 555 8462 3152 2677 7830 6313 8387 7955 1300 4143 2787 8895 8976 2551 7880 1087 8698 1210 6128 3488 5189 6694 350 4582 9483 2880 6341
22 7322 4782 9318 552 7520 7293 6360 6359 5117 4788 6913 6051 3977 2544 1944 5074 3694 438 4325 8607 2433 5217
22 420 96 5531 1324 3512 8782 6270 2227 8321 3963 5704 7814 2548 7242 8956 4070 7497 368 1 8671 27 2769
27 7046 4440 1729 5045 3319 8125 2189 730 8234 1051 5180 5764 8062 4461 9653 8203 3148 3097 8294 4411 4542 7850 5080 4001 8719 7915 3212
39 1415 5961 3534 6697 1277 784 4031 7268 2489 160 6394 1390 3354 63 5314 8051 8549 7011 9497 9359 6535 5626 2460 1313 6692 3934 8286 3185 7861 136 1047 8025 7852 1410 2615 1889 113 7077 4291
28 5285 6152 5583 77 7896 2161 7443 6745 366 4902 9638 1643 6275 6602 4151 2774 7618 6288 2311 5120 3515 3706 7711 37 5146 7524 5481 7771
23 6409 5720 3464 6305 5928 1930 4272 7106 5621 5486 4637 1132 4936 6997 7792 4101 4708 4817 5994 8372 8362 993 8354
29 6751 423 2096 9971 6760 6497 5284 9682 6356 5039 882 9329 8000 2450 1025 6564 9741 9946 3555 3691 8501 7898 6441 1033 1264 8325 872 7493 3409
26 8900 7223 2329 8618 7192 5352 4144 6873 766 7576 6864 2388 1540 8761 5494 9683 4120 4472 209 9788 4714 9844 5702 7239 6533 671
33 6080 7786 7281 689 8075 1009 9716 7432 2786 4147 4486 521 6281 4888 845 2661 4100 9941 9266 1323 2597 2233 1804 4799 4280 6683 3306 3564 3978 82 1568 4773 6392
27 8682 2682 4079 807 2527 7894 2372 1679 3279 911 7000 9964 2731 8874 6205 8807 1670 5975 7536 9111 8739 7929 3225 6212 7541 1031 6929
21 1978 8418 4678 2719 6280 5335 7108 6043 2000 1437 2605 4718 3935 7555 3828 2458 9746 7832 5055 4246 6579
18 5568 2195 2801 2737 2542 2931 4829 5666 6343 7713 6362 5471 4704 4363 7961 2176 8024 4993
35 2524 6299 1726 912 4219 736 4208 3099 6802 7179 6337 1287 9996 4538 4087 6647 4924 7311 4167 4966 8477 7455 3051 7290 7355 1095 5312 1141 1988 3181 3350 2789 702 6818 7295
32 2742 3063 3352 5304 2982 2896 6371 9837 2047 6278 1316 8527 1594 1846 1398 5771 5073 8890 411 5310 594 2901 2304 8998 6176 884 7448 2932 9543 4737 8675 3717
27 9582 4721 9558 1629 7319 1160 1552 4701 9039 7361 3535 8888 6637 8974 4934 5746 2745 4152 1452 5381 3744 9809 9584 7730 283 3677 5431
26 3034 598 1808 1396 5952 8332 616 1525 5612 5340 6006 3697 6650 6630 7477 605 3591 6667 1684 3970 6010 9077 2119 5553 4580 5504
42 6008 1103 4462 5090 9098 2771 8955 8436 4560 4434 125 5286 1777 330 6163 8917 3594 7813 7031 9845 3998 1184 4591 8695 8357 1914 6763 3593 9923 840 9398 8475 8220 6429 3726 9666 7181 5818 1349 5940 4165 1826
28 6277 2916 7438 148 8552 1230 6576 566 433 848 7623 9304 4804 1698 4146 2783 6389 2666 9319 4513 7694 5051 1094 2816 9821 139 3623 9997
27 7790 5058 6469 9670 1343 5516 816 6065 6900 6624 8265 5874 5929 1385 3204 4758 5853 7738 1942 6681 4753 2519 6970 7791 5126 8519 472
36 121 2114 1413 7424 7566 1307 4540 3746 2273 76 956 6431 9124 5040 2024 509 1798 4030 3896 9594 6320 3290 534 1627 4717 7710 3103 2876 8224 4988 3996 228 7238 3001 4007 3622
25 797 4243 4487 6215 3315 4662 522 955 1242 4223 7610 1744 8942 415 7695 44 3208 3249 1317 9402 8594 1943 4750 7326 8756
31 6646 4991 524 5155 8542 661 5173 6563 3424 1727 7881 9440 114 3641 7981 603 8105 8935 6361 895 5484 5693 7307 3177 8187 5814 8088 6821 8080 5086 7020
33 8962 3674 9466 1651 4297 1765 3371 2412 7865 7372 5422 6938 2985 230 7061 8126 3539 8629 7855 5965 6804 9628 3217 7096 1836 3559 7690 5186 7797 273 6558 5152 8623
25 67 4728 1341 768 4115 8565 5052 1706 3472 4997 8511 8443 643 2650 5226 3774 3402 2966 2192 4588 5083 1521 3223 2536 4719
40 5346 1237 6027 5681 5869 9519 2846 4078 3000 6071 3503 5219 6906 6076 8693 1281 5401 7887 8001 1202 3742 9362 9368 9755 7992 6421 8066 4239 5884 8109 7085 8214 4203 6831 7429 3071 835 8446 1487 927
31 8653 2139 1731 6447 2927 4266 9926 7204 461 8369 5789 619 2800 3942 8503 4524 2461 4900 3083 1791 365 8427 178 8650 4989 101 4657 8754 5473 7642 5258
26 8096 8095 9239 2091 3821 8413 789 1665 2065 9428 6250 9068 879 2039 1234 5576 9779 9044 5751 6285 1368 8715 6091 241 1205 3333
26 9940 1352 3647 9353 2505 1258 6344 8390 6528 7093 7321 5863 1923 595 2970 3085 4878 7469 5658 6707 3123 1660 3595 6134 9207 9655
26 3928 3988 1517 8798 545 6323 3636 2106 4467 3705 7970 7821 9037 358 3892 248 6479 9707 7919 9288 7449 3437 5579 3586 1457 2376
32 2022 8750 9426 1502 3856 8995 2997 1700 3727 25 4058 7086 8403 830 556 3353 5633 8257 773 496 7427 7987 9458 431 5362 9573 7913 7951 4511 8439 2369 1664
36 1223 5578 3521 2824 4697 5988 6817 785 3922 240 2591 8431 208 3829 2812 3612 1228 9925 3997 159 3345 9781 4073 1080 2768 2875 8170 1279 9593 9498 9480 9689 9314 8147 7628 804
32 6490 6435 5777 8219 5657 203 5976 4311 4763 7994 6773 7900 8138 1569 5591 5882 2115 9910 8647 9526 1175 1240 8412 7308 6994 7996 2142 4640 6586 7170 6785 7383
32 1595 5476 2631 4954 8205 4355 3672 9916 1425 4516 2225 4607 2371 1156 1633 1151 6871 1489 2244 1952 3016 1195 9346 2404 4373 1068 9460 5690 116 3912 5757 1646
28 9229 4094 1977 9792 2074 6012 9468 844 1976 2981 1289 5104 9619 3519 1020 9338 9691 7187 2423 1975 6069 858 9447 4791 7787 5630 7646 2734
25 3946 442 6578 3750 2099 1652 2112 6969 7930 4056 9804 9563 5141 8781 3117 8575 8291 1148 7837 9294 2683 8966 8645 5609 353
27 4663 6471 9919 4248 8002 2439 4828 1901 5256 6898 9565 6222 1222 7453 5776 3405 6798 9569 2398 1937 4652 1760 5790 5113 900 1734 3722
28 7650 8337 6456 6673 6761 722 6688 245 6399 7459 9101 4691 8815 9955 3903 5734 3339 9069 5611 7789 9600 7829 6829 2522 523 4715 9441 5645
34 2523 8631 7490 7718 5375 5919 428 9649 2015 175 287 4012 4106 5932 781 1189 4212 3848 1514 4505 6052 4139 3566 2468 599 4231 2306 4707 1065 4313 5343 4857 7946 9685
29 2394 1961 3933 9983 513 4180 1473 8951 2212 588 8003 851 1528 498 8861 5071 3878 7481 2945 6182 8016 5026 6711 2739 8731 3603 3952 6562 3384
26 9597 7364 6302 3800 9890 2148 4620 3130 2576 5042 8593 8092 2705 7756 3850 1276 9085 8904 561 6149 2680 4844 1780 1618 1245 5366
28 7938 282 9361 6768 9801 5135 669 4706 1310 2291 5108 9494 1136 6474 455 5845 4132 3366 3414 3745 4797 4282 185 5900 6700 7772 1785 7340
28 356 9848 7363 7591 7417 8046 6255 7739 5495 439 4622 6294 9363 1608 1971 3585 7217 6977 6849 9720 613 6369 5351 54 5222 2853 5369 945
20 8534 4776 5627 6284 2543 9663 4558 1816 2198 8017 5805 6967 8844 5248 6388 5615 1026 3943 926 9014
35 9898 6526 6221 1196 2354 0 2143 5364 4386 9587 52 1959 7150 6583 3458 7700 9693 5192 4205 7288 5905 3072 3336 9686 7611 1411 8450 9924 2117 5160 2820 2447 2392 2808 2012
29 4632 2362 6808 688 3077 7094 5750 2184 5417 9438 8767 4913 112 4443 3108 3543 3499 698 7726 3898 5800 7389 5979 7703 8686 5209 8172 6115 1929
32 2453 4423 497 8364 4899 9550 3993 111 6870 3749 8318 1344 8420 3869 6833 6816 8480 8460 1735 7135 4592 5338 9608 783 5547 4575 5643 6202 7090 154 6322 2906
33 9327 3462 9222 1589 8474 7309 6856 4971 2780 7504 3067 964 5981 9620 7982 4947 7398 708 8547 5255 376 5197 7365 5606 4224 9714 6370 7337 2107 3035 7758 5447 9607
31 4307 4414 5741 5910 8723 699 3567 7266 7517 8977 943 4823 3408 693 7907 8019 2413 4051 3399 4187 5101 887 4326 145 633 1773 5699 1638 1954 1484 2327
27 5854 3950 9643 1478 2871 6772 5277 2455 3337 8952 6845 9999 7180 4821 681 3762 8424 2390 723 7037 309 7360 9075 9833 2229 1681 2368
29 8845 5496 6770 5972 9847 7581 413 1905 8405 4800 2646 7697 6787 4578 7657 3556 4854 6587 9019 1855 3518 4485 3501 8581 4250 4317 9567 6671 4217
31 4173 7552 6924 7926 3039 9311 195 846 3495 4653 8872 4794 9520 1850 468 9479 9477 5834 4319 3010 8190 8608 6771 1518 572 6036 341 1246 2730 4506 5999
18 692 4943 2868 9762 9884 5909 8541 8432 4476 7965 3467 2026 9376 3106 549 2999 5395 8734
21 791 644 1577 4566 7390 202 1311 6893 1892 4401 5601 2131 8737 4153 2393 7263 1986 6746 9185 571 5263
30 3300 951 2725 9026 4339 6286 3272 2391 3377 4749 4257 7906 5701 2879 6936 3658 7503 7144 2565 1820 3601 5290 5514 2121 8200 3048 1285 9658 9089 1232
21 3234 7056 2120 8355 237 8591 1596 9299 1960 225 5075 4921 4778 4916 6565 9127 971 236 5904 8114 4522
26 610 3673 3086 9545 4305 7963 9900 1974 6958 3625 4964 502 6499 7127 8036 3613 429 3268 9260 9261 2772 165 9143 7844 403 577
30 9673 9726 6467 942 7780 1697 2506 1439 7345 6844 4397 3777 7728 1725 3703 986 7827 2429 8159 592 8157 5433 5432 251 5667 6767 3338 9938 8559 7377
32 6774 7774 3060 5784 5802 1436 9427 1803 2454 2170 2837 7350 6354 5912 9740 3273 7121 4781 2799 8583 8043 2416 3876 1275 518 7269 525 6209 8566 7699 6445 4760
28 974 551 7508 8775 718 3810 1129 8829 2747 4332 3200 9265 8826 7768 963 6466 7227 1983 2555 1601 6654 8958 5063 5060 4726 6382 4922 9371
30 3655 2417 1505 3772 684 628 4775 3740 4188 3255 6623 5644 9929 6086 1118 703 2693 5526 6133 9886 7505 6334 3546 8414 7803 6622 9435 8198 1370 1790
25 5361 7324 5041 5019 2319 3275 4318 1270 3302 1458 4178 9615 8632 4998 7141 539 6571 9824 7114 2363 5703 7457 1890 8819 2939
23 4013 8980 5477 528 6648 59 3545 8263 5388 2185 4553 3380 9598 1666 5324 8773 8473 6088 1987 9340 3435 9527 9783
30 9462 9300 6957 3548 9385 1061 998 8827 5453 4200 3026 9133 2956 2077 8123 9137 7221 1460 7733 3838 2459 1332 1911 4006 360 8604 2168 5095 9351 9657
22 756 2407 450 9736 8672 6478 9188 364 4946 8837 5142 8221 9560 2759 5970 8576 2594 4478 925 4615 6638 520
27 8707 9472 4222 4454 4164 7001 5134 2535 5288 5740 3095 4729 2383 7087 7255 4711 4036 5738 1350 9183 2339 5766 2385 5903 6358 9476 6253
31 8879 5548 8209 1718 4439 9856 7737 8107 8886 9637 7022 953 5828 5624 4604 7954 7839 2723 9928 404 8685 2585 9518 6500 7012 8657 9826 7858 3957 183 187
22 6210 1822 6971 2847 8722 8825 9408 1272 4614 7901 5619 1513 4484 1469 1430 1883 1581 7352 7043 2005 1269 4847
25 3790 2569 8636 6075 8409 8804 447 2592 5127 8509 4283 7822 5995 8578 1854 589 7048 4983 6723 4635 8681 7507 9254 2322 1990
34 4669 1098 1982 4985 565 5908 4118 7213 355 6665 9784 3282 4130 2528 659 7325 6869 9820 6484 8241 3432 8676 5653 6332 8348 7175 2048 3383 9130 6161 9602 452 9059 8121
32 6765 3092 1788 41 5296 933 5781 2251 5009 3147 8256 1740 838 1169 7218 3159 3639 8099 8048 3719 3563 2899 1829 7228 8261 2130 3713 4872 704 7256 4091 9699
24 1454 3153 6304 1604 3028 6254 7526 877 5396 9031 6316 915 2078 4225 8177 3232 9096 4038 1825 4418 8199 7655 5372 387
27 4602 3368 5478 4074 2632 8947 2663 4238 7809 8556 7979 6081 4590 7296 7246 1509 2598 6179 2175 4435 50 5319 6090 5501 1004 3666 2397
