36 466 8098 7924 1269 2301 3723 8710 5988 6070 9182 8693 9179 5118 1668 2638 9035 290 535 2291 5108 1414 8205 4502 7345 988 7246 2806 6729 8892 7844 7161 9787 462 3235 5831 4091
37 3663 9095 7848 4697 5017 383 9945 6432 7794 3359 5553 2376 1850 9468 844 1976 7876 5672 7392 4994 8664 7792 1550 6705 5930 7270 7409 3037 6198 4698 4869 8419 1966 3640 2385 8385 2438
23 4780 7566 2737 7182 6437 9899 1038 729 5566 6965 248 2081 9031 8928 9305 3434 857 2519 6970 5270 3251 7231 3904
28 2634 5143 765 148 8552 8234 1688 3287 5464 5144 596 9101 8629 6974 7381 8112 4484 6781 4654 7423 1029 6242 2809 8713 6232 2451 2853 3731
36 4032 2546 6152 4767 3316 8688 8633 3999 85 5401 2956 2077 8123 3126 5848 9811 1227 5992 8187 6139 5317 4164 9079 9873 9571 1200 471 9883 4875 6319 4768 7012 8657 5473 3161 3033
27 2174 4416 9628 4115 4828 2777 7041 4089 9697 9124 6096 5371 9930 8780 6564 7387 2269 1060 1024 3113 9002 4070 7307 2458 6121 1457 1781
29 5221 3512 6254 6252 877 7330 4389 4790 6044 3545 4443 9259 4197 7754 2971 7549 150 4139 1765 8448 8650 1462 2215 7743 6118 1893 533 2740 2572
30 9307 1661 7298 9891 7559 2225 7055 700 5307 9178 4771 1176 837 3959 3621 7686 9888 1703 1521 2580 9529 402 7090 9151 5990 2097 4939 3941 8867 3733
31 516 1402 736 5797 3983 9383 2858 5162 1169 2506 5172 6570 4517 2660 149 5158 9987 7452 708 9689 6140 3460 1615 3182 7506 1233 1553 3135 3550 6532 3779
23 5956 4976 6552 2599 8872 4794 4718 9428 6250 2814 4199 9631 936 2293 2553 4556 6763 1165 3531 4795 4238 4641 6660
34 3171 1292 3728 4302 1653 5336 1196 2354 0 2143 3315 5341 7257 804 6379 6817 785 7116 9846 181 82 7253 7356 4035 5852 2829 15 5353 3824 4652 8094 7703 5493 6654
19 347 2263 9937 4308 5950 4425 1839 3140 8903 4623 1513 3613 429 3268 5807 3344 6427 5690 531
19 2882 9380 8075 7336 5808 984 9364 5380 6131 6307 8924 573 6876 1045 4447 3478 808 6554 4592
25 8729 3674 9 3041 9156 6279 8252 2912 5549 4177 9625 161 2721 2285 2183 3840 9394 7132 329 3974 7215 6877 24 7758 6939
29 5002 2439 4812 8142 7908 8776 4710 294 9857 6218 5367 2281 3467 4913 3719 3014 2128 9339 6411 809 8274 9296 6470 1574 5979 1712 1785 182 5999
30 2484 3152 2677 9856 8691 8433 6773 7900 8529 3128 8443 3513 8873 7927 5864 4128 8912 9198 8779 775 3426 3015 9528 9678 9496 2715 6241 2144 4896 7205
32 3417 6360 6305 3629 6720 3292 3052 4675 219 498 5753 6676 6514 2903 2404 5819 9061 2570 7683 6052 4970 1904 3282 5517 6088 6888 6766 7979 2935 8568 952 6597
21 2953 6912 4859 5577 380 2613 6057 4223 7610 6987 4242 5975 6200 7088 8043 2027 7744 7787 946 8992 4007
28 3578 1887 526 7910 2981 4067 8180 3031 1162 6013 1606 5802 7316 3932 7541 6499 5945 8048 5792 3677 7525 2079 6614 1537 7539 6999 142 1635
30 987 8028 8050 2810 3600 1134 9353 2562 463 3612 5765 7388 3692 6398 6599 6117 7142 3337 223 5075 8487 8612 858 6931 9453 7677 1110 197 1386 7529
24 8833 2824 6958 3252 9397 5489 6569 1754 5701 2879 8796 4146 4955 8687 7713 1395 2065 5757 1491 3390 5097 4766 4609 1346
29 2796 7932 3810 6504 1302 2938 9195 2188 5670 4394 2923 9241 7532 7118 7465 55 6892 8212 3739 5161 842 108 7014 4149 6062 6527 927 4291 7181
37 6215 7952 8720 4664 4593 5763 6048 5105 5987 7213 1742 1507 7447 3305 2492 1848 5978 6537 3874 7764 7509 9121 2002 7249 6645 9685 2204 6297 520 1644 1183 5501 1004 6029 9359 7233 8162
30 9389 9642 1629 8726 5318 7136 654 3783 4989 2034 1736 4554 8936 1295 7523 4853 4380 8266 6331 4840 7377 2779 9569 8830 6442 4673 9866 6390 4313 8960
32 6975 4214 1061 998 8827 6921 2415 446 5586 5291 1727 4839 976 6043 913 2787 3831 4850 8915 4571 8935 4981 6396 8836 6196 5150 9401 3644 4630 6726 7644 2919
36 6071 9597 5776 6510 901 9159 2180 4686 8782 5713 7624 8208 189 1392 521 7098 871 2873 2597 2049 8519 6694 825 2521 2462 3596 3965 1082 7047 304 2718 2788 7723 1715 7152 6318
29 7780 8584 4815 83 5077 7882 2505 1258 2246 2917 9929 8262 4717 2339 5514 455 3945 9316 9632 4015 5405 2812 9599 3017 6885 2409 8128 6587 7501
32 1126 8426 5559 1166 8580 9342 6325 1532 5673 1657 6708 776 91 4496 4888 2826 3200 4428 4401 4463 8016 4624 9624 7229 2717 3295 4770 3379 4619 3112 2485 6001
30 4243 2167 5957 9849 9231 6946 7626 7752 6998 7878 7081 524 4716 6291 4938 3342 8553 8727 6220 9317 894 5000 4314 8994 3804 9731 8099 1751 9130 8718
20 2280 2329 260 6663 7595 5227 5377 6810 7986 8667 8921 7769 1416 7608 2646 6859 3223 2913 26 1791
31 1724 8763 4861 6796 1172 9154 8528 4348 1903 6934 1293 1767 1485 162 2169 8000 2450 277 1750 8069 4595 6658 5483 3428 1039 4964 744 5706 6507 802 3957
27 8489 1081 547 768 7271 1898 8375 862 9324 76 6281 8154 2092 4690 5191 191 949 3527 2178 1313 6692 4097 9349 6501 3966 719 8914
20 5964 6211 1917 827 1631 9313 3870 6006 3899 6755 2470 1186 3158 9765 8736 1667 7212 8607 5445 1856
24 8770 7363 5812 5306 5880 7070 1131 1746 9008 436 1565 7948 5561 4731 2724 5796 4374 1858 3332 8958 9946 8521 778 2490
32 283 4419 8865 8901 1702 7729 1152 7403 9170 4444 1808 6343 1523 4895 9277 4274 2242 2694 6886 4687 7586 9686 7458 7782 7960 3616 6129 9647 6854 9207 3144 8985
28 224 5250 6523 5922 4735 4743 649 6793 170 8402 3851 3968 5741 7397 7576 6864 9894 5666 2774 9388 3197 4055 5576 1880 1544 3774 1411 2367
29 5629 7562 1693 9914 694 8336 3721 3842 2137 3503 4259 1820 7086 5042 7809 8556 6288 4838 2172 1207 1855 8812 3254 2772 8870 8916 9224 8372 5562
34 8135 3548 7581 3167 9908 6690 2307 3872 3145 5100 625 1204 1963 9505 9867 7145 8453 7889 1690 1692 2860 5248 4952 5358 1967 2567 4203 6674 4912 1984 4707 7080 2804 467
21 8982 1726 1442 7105 9040 3530 8805 2662 7920 1854 3301 892 8895 9391 401 5050 262 8756 696 6178 86
36 167 1877 2227 9587 52 1959 7150 739 1539 2395 3150 5870 3741 1164 6823 250 9072 8599 724 1516 7104 806 4210 7442 7536 9111 1710 896 4357 3559 3793 6918 8020 7627 6963 5682
19 8941 1589 5257 3101 1214 5534 5134 2535 115 2455 5621 9745 2977 1768 6538 2978 755 950 6023
40 6284 2341 2086 4453 1700 5027 7259 2789 9753 4724 9601 8331 1074 8432 9855 788 3715 6749 5251 139 1843 5800 295 4376 6364 3830 591 6709 786 3526 2209 296 6236 7904 6641 2205 1384 3643 9221 8210
21 9177 8526 6487 8772 6837 9024 504 8086 4336 2483 1114 831 4936 4000 413 9042 7133 881 5106 8654 2165
25 3173 2991 5583 77 3142 4047 6881 8064 2590 9227 6745 7434 9140 5121 9009 2108 3036 7059 1684 3599 6107 5962 8092 1931 2986
26 1181 6768 8275 5861 2947 7410 6702 7143 6936 3919 279 1951 4942 6895 2237 859 433 5530 6274 4539 7588 1836 2595 2094 2794 8119
25 8887 3245 1381 4305 917 2716 2711 398 2059 6990 4568 439 5047 368 3734 9907 8390 9535 6309 6352 875 2836 50 9020 3653
26 1875 2984 7649 2801 3701 3470 2033 153 3884 2606 6219 8313 117 4531 9886 3628 8777 4384 1471 5018 8305 107 5243 7320 679 2649
26 7009 8425 1387 4058 9068 669 4706 2967 4430 9375 242 4644 3710 7704 7218 5429 3738 7111 5067 891 6518 9581 6820 4988 1192 2272
35 1366 653 811 6637 8974 1267 7923 3902 908 9724 2987 4372 3317 9652 56 1707 3458 1786 9693 6187 4983 5597 3561 9911 7431 8628 4009 2476 9194 6397 8181 1105 1168 9288 2186
27 6595 4572 883 1377 4674 4012 7625 3627 8889 2009 1063 1373 4835 6714 3104 633 8047 6579 1567 9463 4501 7731 8544 7707 5319 6158 5056
42 1215 4730 2031 2429 684 628 7656 3123 1412 8237 4275 6844 5825 9104 619 4126 2469 6839 318 7255 9461 7102 6102 6171 8663 4049 4773 8802 119 646 794 9775 2578 9613 5642 5126 3143 8849 1205 6584 9158 4349
19 9841 3800 1194 7709 3587 6717 7558 2920 1676 2069 956 7037 1789 5182 8378 5252 9690 8592 9441
22 2216 4118 4575 7372 6744 5865 2199 4523 9900 8280 6359 3574 9706 968 7657 8510 5255 376 2675 8739 6675 2541
23 7804 9280 342 3647 110 6633 3960 3053 314 158 8195 7679 4288 4596 698 8365 2610 8281 9621 116 2961 7020 897
31 1073 9669 6948 6391 3309 6559 6271 4907 4027 2915 1896 5350 7546 1525 5612 5340 7555 7321 5863 9128 1560 6410 5888 9134 2060 8397 1579 5734 6134 7280 6009
27 2135 7069 6471 4215 8862 8868 7928 3532 7542 7227 1960 9479 9477 5834 6734 4923 6533 9490 5925 3896 9199 8818 3064 3009 9089 586 9096
30 7163 6784 310 6738 8421 9452 120 2908 5968 816 7492 8182 961 3395 411 6904 3199 7775 2547 1520 9439 4388 6869 7076 9451 3072 709 2399 8615 2496
29 281 5762 3080 6872 5678 1327 1597 395 1375 6229 1708 8566 8491 7514 8969 5494 2671 2995 9838 5654 2534 7712 5737 6111 3393 8581 7512 9538 8343
29 2925 2161 9983 7647 8794 4867 4924 7575 1623 6247 7157 2775 4519 4420 8358 7975 6801 8018 8694 4295 8604 5658 8847 1860 1464 6125 5213 2338 2056
44 7694 6555 7701 5072 4689 6937 4574 1143 2487 1289 9648 7303 6216 5659 73 5938 4078 1627 1018 6367 1674 5301 2941 1365 499 2070 3010 8190 4427 9782 4590 7296 672 11 7232 3990 6100 489 487 658 6007 2652 8819 868
38 7899 9918 5088 5869 7613 4488 9376 2630 7545 8103 4377 440 9976 7286 9105 8795 7325 5239 1201 5739 5374 3480 8060 2256 421 9308 4843 3502 6786 409 9077 5414 9712 2591 8554 8074 5207 2061
21 813 1058 3750 9633 600 9627 3714 4337 7912 1047 6661 5423 3498 9240 3207 2287 1159 4148 5853 7008 6326
35 5016 8672 8356 9701 8977 6712 5203 5167 9033 3147 2443 9205 5508 9230 1459 6484 8241 3432 8676 5653 6332 5040 2024 541 3118 3271 3100 5154 9253 2770 6341 6090 3717 7210 5873
31 4757 7128 5627 4911 7267 8401 2898 4910 1948 4042 905 546 6894 5303 5543 9680 7909 1405 7353 627 8527 1210 3239 3162 6707 1403 6715 5166 3448 9612 6988
26 1743 4566 8156 4508 2564 1027 5214 9446 7663 3892 7244 7340 215 8347 1810 7148 1958 9994 2799 6711 663 4865 4559 5699 2093 3247
27 6224 2025 1942 2067 9509 1689 664 1331 1147 2577 5329 3553 2946 5462 710 5416 1883 4996 3967 144 4617 3116 9524 4931 4855 5856 1440
28 9025 8100 9519 2147 6473 4482 8256 1740 838 5452 7484 8557 8403 5761 130 2782 9395 2680 1957 4849 6025 3020 4582 707 7461 2302 2152 8268
20 8189 6383 9762 8955 2576 9483 2006 9299 6631 4904 496 3903 977 2866 4651 2480 4799 4195 8309 7947
42 3358 720 3816 6670 4605 7989 8514 5832 9840 3535 8054 4825 8571 4681 6093 6623 8066 5895 6308 35 7735 8472 2726 5663 8636 201 7716 7806 9027 8582 6124 394 9739 5736 1985 8362 2284 6919 6191 3119 8579 490
21 7190 9548 6438 5332 9149 57 9409 2374 4978 1728 1772 8477 7455 1992 9226 7531 5281 1527 4778 2053 8897
22 9488 4341 1050 2507 505 6728 616 5527 9487 5623 3777 2645 7247 652 9564 8017 4495 6005 7799 2497 7315 826
25 123 9087 1977 8587 2632 5495 1535 6628 1283 9206 4352 8045 3330 2286 920 1187 3770 5520 1738 9879 1821 9835 2219 8880 2357
26 5536 4439 1648 8437 9862 6772 6183 9173 4934 9107 3371 8679 4102 6724 7705 5991 6846 9608 8451 8186 479 2922 4209 4473 152 5767
28 6055 4346 1255 3461 7639 6600 3127 199 1691 9920 7502 7328 1483 2023 7034 9783 5960 5117 3576 5929 5897 5982 1834 5065 7203 9825 1641 7228
31 7563 3284 1697 5296 7534 1530 1326 4181 3758 7818 7358 1453 4832 6431 7585 7688 9437 3435 9988 5407 9665 9060 2609 7062 3918 3571 910 4736 3972 1995 7038
29 5360 5479 8104 6221 5415 3633 9045 9406 8227 7962 500 2331 642 7508 5389 760 9116 6664 7762 3813 4163 5147 2121 9181 1759 5236 3058 874 7678
37 4490 8804 8081 4505 9047 4637 6401 6160 3023 9670 3877 527 4552 1940 1398 5771 5315 9859 2509 9357 9431 1775 9793 4965 1239 824 9407 8700 6716 8039 7274 7272 3631 3893 5481 6481 1924
35 2742 3063 3352 5084 9962 6983 2502 8416 1918 4806 5001 6337 6310 661 5110 5521 8078 7795 7773 4493 1522 2589 8511 9252 8494 36 8644 5273 1033 5168 7828 9826 8839 5138 6355
28 105 5911 2623 8943 9028 8113 457 7060 3897 1115 9100 5234 2710 6753 5309 276 5048 5971 1420 1669 4268 5923 1777 6911 3071 835 3289 8570
29 6771 6262 2529 1247 6556 6866 8068 7103 3525 2757 9707 7919 7537 7446 206 3681 5704 715 2185 8785 4581 7454 8185 3516 5030 9922 7066 747 9876
26 2729 4454 3216 5392 583 3429 929 2559 2412 4618 7407 3229 963 6551 4504 532 3835 6299 4977 234 2422 431 2518 8902 137 2171
23 2893 8308 6606 136 6903 3419 9791 3445 3933 3056 2899 6893 225 1502 6546 2314 8303 6067 4947 2976 4906 241 9436
30 6190 351 3230 9467 9102 2362 5180 8601 4954 903 7503 140 9429 1297 3908 4136 9185 392 5617 713 2146 8946 9799 6261 7781 3975 7640 3501 1179 7496
22 1910 4356 1240 1478 6710 9071 4106 5932 1356 5619 192 4440 3013 999 2608 4415 1294 9075 9143 8031 9063 9350
30 39 6506 954 1436 7715 9094 4030 3745 9348 1010 4950 6144 1540 8761 7587 6316 97 2043 325 430 1713 8593 731 1816 1545 7871 8290 71 271 8053
23 3853 1053 6627 9187 6848 5480 7276 8744 911 5335 7106 5823 5434 7662 5826 2466 3046 6177 3646 9959 1157 6086 5055
27 921 9196 2725 4123 218 9595 2659 9534 9989 7374 6106 4232 1209 8254 4510 6871 5421 9110 7988 1100 3402 458 2533 3956 3374 4830 2418
32 5028 4822 2872 9733 9333 4413 184 9485 5732 9000 752 1376 9792 712 5862 7021 1923 4549 7135 6680 7985 9778 7907 1173 8972 9213 6201 2359 4836 995 1531 9931
27 5418 6971 2847 8413 2349 5637 8768 5582 9966 9851 7589 7935 860 4734 3939 7921 558 5036 7217 9844 3132 507 1112 185 5900 1222 8814
23 8680 1146 2076 8642 1779 7194 3688 7033 2257 1224 8146 5422 6938 8890 9774 4157 6105 9142 1088 6403 4159 4986 9065
27 9658 384 9381 6662 2335 8026 5354 6012 6889 3934 9875 6173 9821 7475 1792 1092 4206 274 5140 7079 5546 8159 5768 9292 4935 4303 7636
34 3430 2549 3078 7192 5352 4144 4671 7971 4092 8778 1849 5899 6237 3367 659 5828 982 9585 4479 1891 6348 3314 7347 5667 3885 2041 3187 876 9730 5841 334 7147 6973 8656
39 567 5061 1132 9796 7137 1643 7942 4293 9574 3572 9506 2588 8037 377 3679 7592 5074 1868 7284 8597 1732 3926 728 9378 763 2585 6995 2765 3546 8414 7408 7594 7811 8715 1091 2750 5570 5837 2241
20 4105 5390 5245 3394 7885 9188 7886 548 9939 3819 7685 4726 9036 9785 7131 7861 1634 7044 9234 1861
22 9823 4375 4541 2592 6377 27 9660 5995 4862 5671 9015 4945 4046 3389 9301 2878 7564 2633 1219 7995 9584 3833
29 4064 1756 9992 2489 4221 3727 1448 4755 7471 355 3 8383 6516 5789 6054 3607 9092 9164 8600 9289 2348 5833 3490 6861 8533 8454 3921 3636 2918
35 6492 5359 3002 4098 8394 2099 3066 2387 492 7389 996 9710 6503 1526 6444 1020 4824 9076 4483 7476 2639 2862 4534 2130 3582 7755 4518 2259 667 2797 2906 1790 2282 3258 9985
23 1216 878 1504 7842 8430 7494 800 6296 5565 5747 5764 7981 656 9854 9853 3217 7096 3274 7829 3805 7548 4700 7614
20 3508 7788 389 4498 4318 9161 3007 7602 397 8352 5794 404 723 1278 5745 7951 9469 6461 4107 5024
24 6002 7362 2798 2123 9235 8757 5010 676 7994 200 3376 4966 2080 3074 3463 6862 8153 7158 7311 4848 4132 8559 6382 1476
28 6727 2874 4777 9411 1619 8193 5640 943 7805 1919 8239 5241 4796 179 9559 4747 9961 6349 7304 1986 3898 2983 2089 9345 4321 9136 1573 2452
36 5304 2982 92 7801 9965 9190 9986 5449 9870 9722 7379 9048 3311 8382 5839 358 3523 6505 4057 2968 370 585 648 8132 8956 545 1177 163 2545 3765 5600 7241 448 134 146 1362
26 8476 7349 6217 6126 3809 7222 6827 3221 5860 5437 3520 1515 992 2336 9997 5555 2064 3388 6890 5406 3567 6684 2052 1301 1869 9596
32 6280 8108 315 4866 4762 461 889 9668 9537 5740 2105 9329 6035 3577 8196 6476 1220 1072 5011 5096 1941 9646 3479 6828 6033 3510 2622 2714 4304 3249 9209 4999
28 8027 2474 4252 2436 8395 814 7830 5775 9503 5314 3357 8967 8575 5904 1922 6031 6091 9373 8742 660 3664 1885 1274 2735 2864 8232 1670 8669
28 9545 4573 5054 721 7122 9531 1613 6249 3482 6855 3797 638 3773 7350 9806 1947 456 2202 8546 938 8550 8535 3356 2124 367 8881 9258 8316
33 2182 8072 7845 5274 4099 9274 4324 7234 3837 6127 8322 7695 44 9304 1287 4847 7346 9523 2463 3257 3923 1626 9611 1123 7726 2768 3241 5918 8523 6681 3925 6743 1170
25 1939 7169 569 8456 4016 9498 7329 8651 6922 8120 8013 8211 7892 6914 7580 4024 4864 2708 1095 8498 6978 2598 2317 6340 3722
24 7109 2276 743 1236 6123 2980 6231 5893 1675 4161 2641 6167 1268 5006 564 5718 9943 5260 8732 1167 7590 8320 1556 9764
26 4410 469 58 4300 4137 1696 3500 6665 9784 7714 5934 414 7864 5148 3325 9960 7245 4234 2427 592 2344 6762 4073 9368 6475 4395
30 5216 2361 5062 9688 2974 5554 6581 6841 2153 5692 1563 2261 6104 3838 1136 2791 1677 7456 4421 1434 8207 8377 4191 8063 8315 2517 5859 810 482 7760
25 8101 6159 561 3283 8558 7917 3873 8136 8321 4014 6273 3724 2603 1116 5738 2894 2745 9058 6959 6795 1933 3638 3729 2369 3256
28 6754 8996 2464 1508 2698 1928 3769 3524 4685 651 1953 5398 7235 7950 7736 3890 7863 265 3457 6287 864 9113 582 5850 6985 7435 9340 2555
25 8976 7064 6542 2011 8329 819 1812 2780 7504 3067 8929 3228 1427 2650 5226 8483 133 9293 1584 6930 8366 8919 6775 3492 7166
28 2444 7007 1585 9390 6639 9721 2520 3672 1558 2998 7765 2312 8662 2852 944 3775 4036 5337 5432 1559 5889 8279 254 1748 303 2229 2550 9676
26 8983 584 1104 3671 6430 2300 3911 3279 450 5081 5620 2617 7906 8289 1086 8166 7308 7554 5947 6571 2208 9973 3865 2958 5933 2568
33 9184 4134 962 5442 9708 9729 2942 9614 3551 8328 1122 7028 3522 2551 7026 1745 8449 114 1178 543 845 6981 4025 5165 3518 6028 5879 6283 7313 4478 3583 934 2294
30 2574 9114 5285 5339 8899 7269 3410 2275 2448 2342 6003 2754 8204 1009 2073 6414 2234 5849 682 3935 4429 8714 6752 4557 7282 9148 2030 3846 3564 2688
29 4694 3047 3259 3354 9454 9050 8323 5155 502 438 9578 8087 609 322 6770 5972 5293 2279 9549 8610 792 3901 8398 2733 4672 8981 8561 2365 5836
27 5173 6563 5198 647 4679 8735 2110 6213 4470 9594 9202 1594 7444 2573 2164 3079 7011 3205 7544 2 1659 1059 3121 5502 6311 5152 8517
33 477 3178 6132 9013 941 2689 7766 3407 8793 2692 3951 7151 7251 3008 8014 9032 268 5912 4705 4381 6314 286 1256 7480 4810 2515 3949 626 5954 3889 8767 3218 1965
30 853 7854 1250 2420 8543 9257 3855 2379 8138 1569 5591 522 955 1242 3542 6594 9123 3937 4369 9694 4542 9542 3408 6737 1835 2162 6322 6622 3233 2368
44 4613 3743 2337 7225 2355 7 432 2747 4332 687 3471 378 2145 3075 4821 8722 6230 1776 2136 9896 9750 9332 6528 7093 735 2109 3936 9385 5384 6185 176 8841 6474 2270 8034 4753 5076 3380 2900 4330 6813 481 6463 9430
26 6428 5533 9163 2292 3712 8810 8129 2784 2755 8620 2085 5197 7365 5120 4827 9809 4267 5261 9362 8235 3321 1580 5780 4033 5721 3669
38 3032 3883 3114 2776 9653 8203 3148 4785 2992 529 1611 9687 9052 843 6545 348 1203 6905 9592 5272 1155 8875 841 6330 4236 3695 5937 9090 1616 5985 2268 8898 3602 2475 7914 7343 9413 9141
31 6598 3624 3609 9513 6154 7120 80 1652 5875 9265 8826 1762 2658 8990 4220 9030 2303 4081 9074 702 7220 3381 14 138 2328 2098 1315 3266 3025 1076 6982
24 5760 2235 9309 5426 5195 5135 9489 4122 2566 2516 5347 1633 5881 8522 3689 5391 3083 7939 5044 5372 4725 993 8324 2734
25 288 4174 2236 4317 6812 5689 257 6952 2170 2837 8082 2482 8674 408 8106 9944 2218 4082 3225 6212 3175 5790 5113 6969 3895
38 9696 3615 3922 240 5896 1340 9153 2970 2526 9062 2766 7816 7881 5510 5688 5824 1085 1406 8484 33 8874 6205 16 9626 9115 3726 7035 5664 7929 706 6384 2840 4491 3439 9320 4922 5127 4156
33 6509 9551 1154 2141 321 2888 1253 2433 5730 3691 9493 5967 2751 7778 6103 6 909 6732 8169 1206 601 5033 3707 5357 2880 1481 3477 1568 9858 5630 6292 7084 6557
29 8273 3909 5379 4408 9514 8474 7433 2624 8632 2513 7638 5539 4521 4606 3953 1185 8488 4871 2253 7360 7658 3759 4751 9744 5466 4765 2640 1862 9515
20 8346 3651 7953 5936 6046 2184 8392 771 4851 1171 8815 2119 6468 7146 127 7013 2628 1343 4829 8747
32 5631 4805 3861 1266 95 1066 7437 3839 6112 6275 951 1716 8160 4351 8126 2082 9351 5927 5446 8635 3996 4435 4818 9577 1345 7674 5124 3888 1871 1524 1842 9216
27 9233 1138 1731 4932 2437 9991 7517 4883 979 28 1649 9725 4560 4434 5843 1581 4545 1321 9672 1388 3591 7342 4472 8639 6268 7655 5431
34 5477 2309 3373 793 2078 8471 6909 3931 7285 186 7178 3425 6543 5242 1962 9598 1666 2811 2696 3962 5325 443 4841 101 3107 6092 6860 63 5103 3944 7275 9533 6165 4231
25 7495 6098 1832 4323 2833 8973 8370 7934 8578 419 6059 9396 2226 9232 9287 3163 5467 3841 3881 1823 2793 5725 6511 8319 7071
24 3237 4570 1003 3253 8124 1899 8332 7023 7318 3751 1514 8338 1852 5215 3273 8417 4960 8461 2142 6024 4995 5368 4239 222
26 851 1528 5436 6611 8458 6566 3453 5247 3005 1603 6385 5070 9495 159 3345 2008 9268 3844 9779 5655 8246 3290 9054 2125 6328 9655
21 6619 683 9251 6573 4503 2313 5240 718 6365 8631 1304 1419 3907 5469 4553 1353 4096 2909 4489 3622 3694
24 7568 1408 6157 4645 3992 3868 6677 3645 9532 3818 4339 6730 3543 3499 5342 5345 2028 5175 2571 4212 1773 4563 2332 1370
29 9766 1845 7976 5199 2411 5529 9212 5506 2544 3151 9131 4261 1974 4703 8312 1576 8884 9322 4920 1607 4298 2704 5935 8214 717 9757 6901 2512 31
31 9525 6935 9318 2985 230 1049 1435 8876 2504 2243 253 3852 602 4721 6757 2785 4946 3068 9476 7141 8866 10 3652 2616 757 5710 9552 4872 2818 2267 2274
25 5232 9290 2366 7888 3108 8130 5159 393 7487 6679 156 1225 9938 9951 6880 8564 7383 3262 4368 783 8255 6640 1056 9372 4893
31 7776 4182 8622 8140 2071 5014 7578 5487 391 2629 4622 7204 8284 9337 2884 3403 3825 9742 2343 9478 1351 3519 2926 2380 1089 2612 7786 1299 5846 1199 6417
26 772 8285 2897 3568 8175 566 2524 9818 1396 5952 4670 3610 8369 2803 7784 9953 9803 9916 745 3129 4967 1733 5451 1492 37 7415
31 1809 2654 6756 4383 17 9402 9905 249 3713 3185 5983 6643 5729 269 1512 1806 2605 1339 3828 2196 3511 7933 5146 2914 379 8247 1109 8504 9155 1140 9445
22 7521 2040 4529 9004 5605 3198 7385 958 5343 3697 2311 9310 7761 4306 7355 7219 5373 4276 1794 8505 2179 3558
24 4819 8937 1342 87 1955 5871 6366 5731 4804 7226 8608 2356 7569 9273 870 9583 6955 8730 4692 3183 5914 6933 5645 4870
17 947 104 7931 6947 8089 3375 8091 2254 8940 7572 5907 5311 2674 9344 7697 9727 9023
29 5705 8183 8752 7883 3275 7739 9917 4894 1706 3472 9808 8748 2939 5700 4781 1430 536 6269 6997 9204 6226 3598 5229 3270 3442 7507 212 4396 980
32 7065 6916 734 4968 3281 9237 6980 517 9967 5244 9805 2619 4093 298 357 4543 8506 1382 3136 7123 4948 2493 7652 9073 645 4460 6883 3324 3803 2761 8114 1385
29 5685 5815 4860 9568 4885 3882 7603 8942 6782 2885 577 2530 8019 1912 7243 8202 3641 5650 2240 8167 8998 6176 884 7448 4382 4052 751 2937 2322
31 4776 5386 6657 7185 2997 6923 5798 5020 714 9645 1534 2921 8512 7700 4256 8627 8085 9405 560 2197 4403 6202 7619 8194 4397 3450 131 5588 671 1325 7030
28 8626 7191 8746 8351 3749 4475 7681 2288 2556 9494 1801 3685 3708 9623 8659 9941 4808 8450 9924 2117 593 2707 4748 8141 9902 7824 4598 4135
43 5924 6433 3963 6038 8164 1859 160 9083 6847 2869 3049 1135 7027 3732 7371 4951 1510 1814 7749 6612 9636 7018 9560 2759 9728 239 5940 7622 251 1798 8368 8301 7317 4467 7646 5258 3392 444 6034 1487 60 9382 4655
21 4594 9001 3347 2106 8699 4659 8115 5085 2760 9379 405 6650 6924 4265 8652 6153 8292 6099 2727 6585 5885
37 7003 701 9282 6290 5674 2687 2651 9656 9081 48 3154 8442 4546 3989 3569 6076 1067 6718 3351 3657 5986 6723 6804 7516 9125 1949 4527 2471 685 255 655 2859 9617 5785 3604 6030 3987
23 1357 207 748 4601 7006 914 1614 7149 7926 7872 3186 8695 8357 834 6240 1647 5169 7880 6962 2843 5457 3308 7073
33 98 3060 4520 1730 855 1394 753 5878 4889 7867 9416 4868 5748 459 9780 3222 5461 6651 9266 4636 6454 1113 4378 6374 3363 3632 6588 4807 8502 5136 4322 9443 4957
28 8218 3970 6039 7817 2358 7129 2488 388 8452 4963 301 4140 3313 9414 3082 4280 9119 3585 2283 1950 23 3566 5684 5994 7825 2350 1554 8118
28 8342 4908 597 3686 8466 6719 3556 4269 5417 4548 9086 2611 2594 7301 2763 6721 4227 1815 6419 9709 2233 7853 6429 9591 171 6445 1999 2223
27 2245 9510 3327 6272 41 610 3673 1747 1802 8327 1901 3626 6602 8586 821 907 3297 3260 6610 614 935 9066 8706 562 2554 336 7946
34 7553 7706 1272 4858 3507 6194 1501 7692 3784 6671 4874 4229 1441 4190 8555 9740 84 6466 6095 7922 9275 5490 7808 5857 1857 2552 5003 9737 6736 5160 3912 9343 4750 9794
28 9236 4485 1500 4984 4886 2150 2139 6761 3581 5799 6992 3802 9998 7972 6065 3869 7478 4468 9067 6450 7242 1873 1622 9681 8931 6655 8493 8272
24 1285 2642 7314 6943 4051 356 3662 9790 5439 1052 8341 3180 3261 263 2020 1470 6073 1770 9501 5581 3196 3362 9906 4379
43 4029 5178 4699 5842 4402 6691 5955 1450 2278 9245 2352 8970 4188 7968 3370 5211 9088 135 2221 8920 4578 5046 7967 1620 4315 9056 4062 7505 9839 6638 8137 7832 7763 4813 7497 6180 3976 6087 7262 4158 4290 5129 5656
32 9214 2426 8267 818 8171 5184 6393 8121 9295 4142 8230 5131 7831 1678 6656 9618 7742 8882 6521 6018 3555 4045 3396 3486 8036 2306 7802 13 3950 6214 1795 8854
29 5327 2138 6066 8701 8894 6415 1645 8933 8423 7001 7010 9399 2201 3105 6182 5268 9563 5141 8781 3117 9112 6370 6446 8648 8226 5465 8446 2539 1498
28 6263 9704 1142 3399 4187 2661 7615 7648 8261 4516 6539 3322 675 6915 9208 7733 1591 2054 2416 4927 226 3091 7668 4366 6228 5186 8199 6531
30 5298 8460 8665 3782 2021 4095 5680 7815 6042 2232 8817 5830 8015 3958 7866 6621 126 6264 90 6412 1818 7202 6306 703 333 2230 2999 7429 78 8088
29 6304 9958 1479 8878 5803 47 1422 2101 5218 1719 5491 7827 3670 1870 812 4629 6485 7236 5022 4615 5210 9889 6317 2264 3771 9410 2973 1681 8692
31 7877 147 8791 8422 5112 8464 6168 204 725 3210 7418 337 7834 209 2841 4104 7177 7419 5450 7840 1026 3109 6327 9426 9180 4387 8479 3693 8080 183 8961
22 7966 9684 1961 8877 2217 7634 7400 6636 4065 6344 5305 9979 9421 7167 975 1426 5743 2957 7462 2255 1320 9995
26 7850 1489 5647 9582 5488 8076 3625 7865 8909 9471 7485 8038 2434 5996 6979 1107 4544 6078 5814 2964 6036 8161 8386 2614 6120 7710
28 5034 4037 7095 9423 780 1111 2813 9702 8959 4147 4486 673 2252 9828 4186 9952 3812 4524 195 5049 5063 6502 6593 7057 6404 350 5851 2346
29 7533 8906 9016 428 9649 5382 1007 7413 5297 2657 2731 3667 4350 8637 2676 5541 530 8376 6258 629 7254 4392 2582 1379 472 1358 9836 8220 5552
25 7310 4537 5463 7796 2542 1972 9620 6967 9948 4018 3954 2821 3411 1590 8950 895 2932 8389 4354 2501 9336 5094 3391 1660 8297
27 6338 6778 5811 781 1189 198 465 6625 1180 9756 2835 6685 4702 8056 8001 1202 3742 6816 603 4235 8083 3382 2334 1864 4084 6966 7573
31 3668 7197 608 7891 7807 8759 1682 9011 6413 9654 4569 6016 7439 6181 7127 447 4166 9526 362 166 4039 6779 2861 7617 5821 4854 3814 6336 8286 6339 8764
31 7956 43 8965 2478 194 8690 2819 3191 6480 8496 8525 1368 2207 6238 9419 8750 6920 8478 3040 22 6735 9544 94 4329 8864 4640 9634 4528 4784 2491 9990
26 5292 7718 8007 3272 4283 7822 6589 5675 4143 6142 6495 5722 2238 795 8058 6479 9716 7432 4011 4714 7772 1547 9160 6807 9400 932
22 3397 3505 9539 272 3004 1766 4365 539 5840 882 579 8677 6653 3038 2102 1586 6789 1218 88 2732 540 2720
26 9055 9726 6467 4555 797 4340 7618 5778 2044 4826 4628 2112 5256 4930 1137 4019 4331 3618 7184 8822 2940 5007 4462 5661 2327 3969
21 5827 7727 5411 211 3858 5111 3475 2133 8755 3441 9082 2166 7670 231 2746 5092 6116 1182 8501 2695 3961
36 9715 9913 6409 5720 8084 1865 8789 9169 5385 8065 9619 2773 2561 1443 711 59 6464 5328 129 9904 5782 6536 5351 5427 6667 1310 5008 2425 8851 2635 7337 2107 5381 8165 5614 774
25 5513 4608 7164 4956 5662 2842 1344 8420 9820 9118 953 4040 1686 8934 6395 1332 2472 4738 8801 1969 7323 2636 1618 1284 4422
35 7945 2901 7322 3639 4577 2467 3444 480 1538 9871 6586 4325 6138 5035 4909 4891 6825 6293 3997 2532 3383 8157 822 1316 1872 3857 3488 5189 9752 3517 7771 187 1118 3776 7722
29 9874 650 1804 6378 1886 9963 9860 6256 6208 2122 5153 8287 3138 9133 2989 563 9432 686 5004 470 3176 6248 2672 8634 9751 906 1005 6085 7711
27 1598 740 1231 8696 4515 1290 2228 4240 4962 3979 1830 5145 7770 972 5290 9093 1637 3048 6927 8922 789 6693 7823 3540 7239 5524 1987
23 7309 6856 6751 423 8910 2351 8457 1874 2019 5295 6649 1197 7666 3094 5643 5687 4941 5322 3451 1158 1638 7493 3915
22 2382 244 8640 8032 9276 9893 5031 8733 3312 3238 848 69 1319 6519 8883 4363 2830 7002 106 9145 2600 9767
23 2260 553 6760 4312 6072 6873 7108 6515 1698 8408 3188 7211 5804 3336 4525 1259 5709 1444 4626 3504 3265 6897 3027
37 6951 7072 7450 9403 1601 7894 2372 1679 1752 2828 5130 6234 6298 5615 6408 5769 2855 9466 1651 6020 8766 5079 8134 691 2405 7884 1257 6189 4371 4745 3355 7748 390 3096 8188 926 2979
28 8143 238 2323 2691 5082 311 3879 9262 7737 5176 7209 497 8364 5913 805 3778 9144 1721 4005 2857 2741 9473 4129 9019 3611 4230 5413 3938
33 4600 420 96 8096 2778 852 2494 1533 7489 6865 9556 6394 6843 324 8201 8724 2072 1139 3678 6608 4110 3328 3415 4151 1028 3269 2333 8852 387 5984 1234 9420 2699
26 2930 8624 1680 5783 7675 1328 6199 5668 7260 733 2177 4120 62 887 5086 8033 5005 5917 3521 5558 3165 2615 1496 2952 3665 2815
34 1519 8532 8482 8574 5393 4185 8495 1031 3366 662 1238 8939 1246 6996 5611 8455 6014 1983 4262 9602 6944 4693 6482 1825 742 508 6808 2500 70 3590 5475 3209 5324 5263
25 3690 5262 4944 8102 2579 8896 1425 8379 7897 833 3826 4897 8248 8952 6845 8855 9127 4344 5164 3076 2157 2456 291 8963 5447
34 6469 7237 9408 1223 617 6534 1758 2340 7858 5961 3534 9609 245 6399 9699 5698 2015 175 1243 8625 9695 7903 157 1913 4176 6040 7099 9522 8470 5579 5580 8396 8551 8011
22 6932 53 3416 2846 6699 3296 9354 5073 2428 7667 4772 8253 9166 6972 5408 9319 3849 7402 7977 2825 5123 8242
24 2190 555 3579 2120 8355 4433 9675 7556 8206 38 8893 7623 7017 8317 519 1914 3815 5396 2126 40 8754 1065 1305 7561
21 5280 8980 118 604 7441 6145 732 6548 632 2910 6225 8617 7398 4172 6083 7757 6742 1495 278 4271 4509
33 4845 7046 1711 5742 5206 7083 7893 680 5538 4438 9433 227 8769 1829 1640 5093 8295 8560 7183 3433 1055 1431 4649 1445 7449 6698 9097 7250 4124 4228 4809 867 7306
32 3179 1415 1407 3057 369 8738 8387 7955 2486 7996 3134 3404 6041 5486 2936 9328 6147 371 6887 300 634 7291 8441 9923 4876 1094 1867 4708 1587 5829 1090 8971
28 3081 9228 1551 692 6488 2248 3811 6267 888 5428 7673 7528 5965 1064 4635 6953 4455 2557 3427 4591 3580 145 3236 6500 9264 7101 501 3035
28 3320 8444 2449 2668 258 4207 657 7451 769 5174 2886 9217 6794 5646 1338 1030 6459 1796 5545 2854 1655 9356 5589 2095 2730 5838 9829 6821
28 213 5116 1778 4585 7436 5204 49 890 7498 640 7868 5920 3021 4008 3589 3862 5542 697 5883 8832 2038 4004 2621 3285 9885 9607 1108 9424
27 636 5750 8306 9103 9562 856 2212 588 4576 5537 4500 9816 9974 964 9848 1175 7207 1318 606 9366 6596 3333 6010 233 2432 1070 2220
25 1902 9950 7491 4196 4270 9843 1156 317 5571 6591 6758 1282 6101 1329 6372 7628 8424 6626 7193 4299 5083 6769 6386 7579 449
35 7100 6321 4226 5099 8003 5485 1562 418 9842 3565 3592 4837 7445 869 4901 6910 2406 9352 4204 3398 5200 8536 7339 7263 3654 8957 6425 5212 2701 5884 7843 4565 7810 2752 3549
23 9043 8859 3948 9723 4245 9683 2013 5231 1456 3097 8294 4364 1900 1720 9360 9069 2705 7420 2604 1709 7170 6882 4580
24 8380 4764 9219 3661 9162 4090 2210 5716 1360 2396 1226 7208 6155 2723 5114 2477 9211 3720 1760 7112 4676 5410 8311 6672
27 1988 8900 7597 722 6688 9635 3018 4022 8059 1739 1741 9738 9053 9120 595 2277 4284 9449 8860 2536 1881 7422 1279 4918 7944 8539 6434
27 568 4338 9972 9269 4155 7230 4457 8381 550 8741 3850 574 8964 9147 3620 3735 681 8619 2744 7684 4141 1474 7043 4857 5023 1418 7052
27 3115 6080 4732 4133 1034 6457 3573 1753 5943 1600 6777 6135 4506 544 7936 3227 4691 7518 1275 4255 9641 9743 9022 4246 2012 5348 9517
33 9377 7835 6244 5163 1296 7366 924 1729 5090 9098 2844 6462 5230 5101 7180 8603 9768 328 9284 5091 8233 6368 5593 2308 9139 4060 4072 6148 4522 3220 5604 3323 93
26 464 4881 3597 2949 6313 8002 6056 5454 7352 2904 2712 5505 1372 5498 6333 1920 7849 2048 5894 6051 8618 1780 7154 7896 2601 7464
27 3980 8682 2373 3088 5628 7803 5122 9250 5882 7746 4650 1252 8127 7287 9491 9650 2575 5433 7273 3043 7281 1548 9442 1054 9272 7826 6605
28 9200 6976 3169 6733 4507 2431 3278 8518 1212 8670 7332 4677 3515 4180 7991 5717 3860 1509 605 840 9367 5876 8668 1997 452 3836 4739 6161
34 4219 7957 3034 4287 3339 8310 9847 1409 2370 2697 7513 4342 4043 6097 345 6613 1378 7077 510 3683 3469 4625 4892 5970 437 6089 8516 5057 8259 3483 4023 7460 4754 3240
35 7682 3062 4063 4442 5616 3794 3215 4201 6567 6568 3194 9928 6544 4584 5137 6061 7593 1324 1438 3440 1934 1232 7859 613 764 1271 5246 6547 7457 1890 3630 8661 4464 1037 6748
28 5275 1261 5087 5470 5519 7635 8249 7583 1270 8061 8407 7188 1002 919 3137 8282 4722 3069 1851 803 9957 3087 8585 4266 5060 4949 5444 7078
32 6635 1978 6805 5694 2988 422 306 3705 6405 9880 666 4050 1017 8404 1490 6826 7937 5723 7221 9038 3331 770 9878 9370 6353 2460 513 902 6834 4294 1374 6850
26 1566 6616 7790 235 7676 1308 1424 5455 9935 6851 4662 4656 5551 1571 9516 930 670 4530 9604 1944 1840 1130 5707 8848 3799 5504
19 7368 5568 8148 5754 9682 6356 7172 1021 9070 1694 4218 284 945 7412 344 4648 2863 966 2703
30 9813 4499 5026 8534 9830 2206 2531 7160 8486 4426 8350 9810 4802 1429 5383 8216 319 221 3791 6137 4028 7719 7443 9165 973 9777 1334 196 4469 1012
24 5276 6295 7380 3318 8144 511 6270 9484 6058 6329 2887 5636 5963 6686 678 1610 8850 4205 8630 6130 6550 4289 6553 2271
37 1624 6312 5544 1979 8363 434 9884 3243 1671 6898 9565 6222 3856 6747 1016 4526 9977 8503 4391 4399 1337 3955 5926 6908 2353 9384 2686 3454 5015 7261 8954 4171 8022 6940 9014 3634 8481
30 9543 4307 4663 1359 8908 9603 6687 3299 6084 3866 4926 9971 8021 3341 7382 6423 1161 7768 4786 6917 7470 590 9117 5599 9761 9949 6791 4441 2360 4789
26 624 879 8393 6032 491 2296 8821 1477 7819 8296 1981 4248 1087 4798 1075 3767 9915 7577 3914 7367 8595 4863 5187 5500 8492 4169
34 7774 155 7004 1831 791 644 7168 3263 6245 4292 7466 5425 7042 364 4713 9921 8300 7288 9172 506 6162 2423 1975 4224 9714 478 2764 2684 2193 3764 2849 9371 9872 5308
33 5089 1263 3946 442 6037 9932 4393 7486 25 3487 5652 3699 6113 1228 2014 4535 1602 3277 335 1042 643 9719 2149 445 3781 6788 749 8176 7156 7978 8299 7990 8490
28 2198 796 9229 1249 266 9152 5219 6388 9942 169 4192 474 7338 5560 5181 7085 3022 214 594 8147 2685 767 9832 6592 3172 2010 1276 6498
36 4737 6802 7179 2453 4423 3436 4611 9933 2867 7838 6806 8030 2503 8405 2540 9605 8545 1281 6508 1463 1014 8298 5302 4720 7637 6354 746 8698 4114 2769 815 9814 2896 8758 2440 5976
26 5294 6008 1853 5482 790 5516 5133 4801 7240 3994 7949 5594 3684 8703 9800 9099 7162 9186 1041 6346 4668 9346 4844 3211 5547 30
32 2975 4769 5609 8542 9374 5708 7390 6045 4709 4320 6455 6026 5749 6251 8434 2156 6896 2587 7048 8888 2881 1391 8445 509 340 4273 9203 143 6620 3202 9242 3605
35 8150 6277 1583 8573 6750 426 7196 2510 6439 2035 1735 4660 9260 2508 8360 9698 3061 5194 7326 1015 7351 6257 8842 4131 4797 820 8217 3103 538 7124 4165 8097 9887 7519 5115
36 4083 4666 3796 2644 1102 4480 4345 3991 8840 5104 7530 1096 2111 1458 4178 9615 4101 3787 6853 2330 8260 5744 7216 5886 3085 4878 4823 2584 7793 7082 6063 4406 3886 6282 7199 2738
22 6513 7621 1905 2499 6819 7963 1188 7665 46 9417 6630 7477 305 9758 8384 4740 8428 5277 9746 8079 1245 6358
26 832 2736 441 8178 6493 7999 9150 4407 9993 9297 8986 3704 8548 3329 1460 5037 4175 6193 1578 4153 2393 2249 3506 8025 8987 2001
24 1078 4355 9579 2047 4621 4109 8238 1916 9363 1251 3110 6075 8590 8465 3468 8149 6615 4333 4117 937 2213 2250 6741 486
28 3073 1683 8962 1433 9248 8658 7777 7918 8373 5905 4610 6197 1473 8951 2321 5805 3978 6315 4202 8524 761 1599 8811 1882 9671 6381 403 4562
25 1628 4715 3300 5902 4301 3012 6899 8786 7333 8589 7538 8602 2413 8090 6011 9692 3676 5540 3606 4877 3489 8436 6941 7031 2258
29 2702 1575 7598 4975 6047 177 578 202 9521 6195 3310 3766 1273 2969 4077 7482 727 2457 3098 7738 6540 9435 4353 9306 4059 6740 9863 5681 7527
38 4980 4405 2944 5287 5733 8863 282 9361 9561 9572 1439 8276 5784 5602 8734 468 7522 7604 1133 7510 2026 4973 6243 8475 2468 228 7238 3001 9465 4006 695 32 3854 267 1080 8023 1807 2378
23 6830 121 2114 3405 2290 2679 8800 8975 3055 4607 151 3120 4746 493 8117 9667 817 8787 3635 4811 738 6629 1990
27 4446 6646 4991 6019 3675 8686 3000 4643 4066 6954 9438 1432 4890 415 8040 9798 8221 4969 6164 4198 7119 2877 4184 4958 4373 7511 5366
30 4075 6697 1549 79 8926 639 2620 7651 6835 4254 7176 1001 7198 2398 8410 4587 2875 8170 2075 1486 5312 9459 3964 6799 1650 3455 7395 6891 5679 2042
34 7560 5364 4386 5854 66 5177 2871 4071 2115 9910 8647 4597 5443 9122 1517 4044 2495 1783 2424 3203 9474 4002 5822 5370 971 5683 8400 7696 7394 1771 7189 5845 5528 9425
31 6448 67 4728 8406 9193 4017 4244 2408 5735 8042 6169 2758 6829 9903 9586 2739 2663 3982 2389 4459 1347 8605 7862 3698 5300 9527 3876 3822 8745 925 1617
24 4940 5346 1237 6027 5233 3608 285 6798 8122 9638 9530 2800 3131 2016 4589 1323 1309 2326 2627 1612 375 3485 6857 363
33 5029 5330 8997 9482 1909 1129 8829 1685 5223 9064 2807 8790 6787 3617 6706 1557 4792 1895 1355 5283 4852 6363 9573 7913 9500 7481 1350 360 7075 3859 9174 4915 5584
22 9026 8653 8666 622 4208 3099 2116 5575 6342 330 141 3786 7645 2381 3541 8737 6320 8930 6265 3465 9717 7630
21 5676 346 9108 4021 6143 6000 2538 5059 7005 2377 2004 3736 5801 349 9012 4979 3484 773 8623 9771 374
26 4774 2523 2394 7708 8333 5313 7702 2593 382 9996 7459 6776 8683 8251 4831 7930 4749 4257 3601 4448 7898 1467 4263 8944 7277 7265
25 8330 5531 4311 7570 9644 1811 1769 5394 7200 6659 7067 665 1761 2050 985 9502 8743 8988 4661 1572 2262 6961 5474 1506 396
24 1032 5974 4820 3302 6956 2007 7312 3808 6678 7279 3095 4729 2383 7087 8775 2565 3709 8823 8857 6822 6874 1288 8012 8361
24 5910 8723 5196 9898 1841 2465 948 8591 4359 1335 5608 1546 8858 556 8049 9934 4358 8467 3706 9759 6128 2364 7488 1970
29 2891 3157 8231 2244 7369 2683 2163 2118 7870 6986 9926 7520 7293 1244 3267 6580 580 5585 9458 6601 12 4712 4514 8716 2168 6357 5484 2673 4665
19 3045 8507 7094 5209 5205 5021 2211 1699 5497 3406 8999 931 5208 9589 372 8843 3586 1663 7671
29 4533 4079 807 2527 6842 8041 6968 8035 965 45 5507 4125 3981 9106 4103 9593 2325 3437 4249 3820 8572 2266 5069 9956 9447 7426 9215 5959 5334
36 8339 2783 4604 7954 7839 5045 3319 8125 2189 5043 9109 6371 6701 3214 631 5714 7631 2665 2955 3623 6713 1946 5601 2131 8945 8594 1907 3195 503 8869 1124 4513 9797 7256 2522 5522
36 5201 247 9412 9311 5603 2802 5781 2251 5009 164 1127 4471 2000 690 3806 3307 2063 5217 9770 4424 1401 4916 1956 3977 4733 9630 7121 6477 8427 178 4108 2950 549 8844 5323 6276
31 2401 9940 7600 2822 7734 5271 777 3588 8835 9512 4086 9850 9298 4347 6022 7875 9547 8853 923 5376 8197 293 7940 8435 1937 208 575 8621 7855 4760 3384
24 6053 3928 3988 6815 7319 1160 6800 4285 6483 1280 7879 7609 5622 4310 2690 6049 2709 3206 2693 9271 7110 3748 7411 6790
34 3090 1996 6774 9335 3754 5724 9763 7747 8979 3326 2391 9486 4327 8340 4412 3863 172 4225 8177 9007 7664 4362 1141 8678 6576 3286 8240 1827 8731 8925 9508 7767 1805 1757
25 8497 2096 9051 7717 1803 1317 4914 7973 4856 270 5224 5980 8856 1654 7958 6021 7248 2962 1511 4561 2767 899 7468 1163 3219
20 8485 3464 8749 3051 4902 8335 9616 3575 354 1945 6913 886 847 2231 6375 6682 9497 1461 7543 1863
38 7393 3930 3153 8932 5512 361 6278 6900 6624 1153 7068 7467 1897 9588 9789 2310 1952 3016 1195 2808 4477 6301 8071 1000 7036 6977 6849 9720 4400 6452 5898 2461 435 9457 1921 7414 915 2820
32 8978 9046 2781 9220 3790 2569 4414 1006 6926 1354 2479 2289 9281 4779 7691 4929 9171 3346 6207 8359 5419 4879 7091 9146 2176 1593 7616 8213 5949 4260 5557 5939
26 8995 2022 7750 6179 9664 7974 5998 5025 1793 5981 9480 618 4167 3494 9323 6960 1449 2905 8773 4034 343 484 7334 9137 7551 5755
36 6186 6490 1570 1349 6907 7430 4742 2706 4933 42 5648 9590 9536 6652 2324 4758 1475 587 7732 2514 4903 959 5702 8685 6991 8399 154 3474 5958 8057 3917 5321 3648 7812 9718 6136
36 7364 5259 7938 2068 5053 3493 7440 4481 970 5387 9341 4211 6642 4404 3030 3496 9912 1451 2298 6175 7406 8938 912 9754 7195 7902 2445 1119 4003 9321 3650 6392 2386 9254 9460 4390
32 8825 1595 6460 1380 8834 307 4080 4277 9566 6722 3947 2933 637 9845 3998 1184 9138 9314 572 4160 8265 2113 1701 1025 8828 9278 6945 3232 5626 7348 8278 1935
33 3348 5170 4461 3655 6884 3547 7327 7659 7054 5752 1991 61 7144 3422 400 4237 2103 7526 3696 1636 8562 8824 7753 8411 9732 2951 2057 7341 7833 3042 217 8271 741
24 473 8798 8044 5156 6572 1717 8008 6400 8111 3421 2036 7416 7089 4816 5635 9925 2848 3619 2154 8438 8349 4138 9975 297
31 5468 6583 9327 3462 2883 8225 7427 7987 2371 8541 5492 2667 9247 3913 4431 9034 8704 3124 4688 8158 7299 5887 6253 3340 5012 1936 4586 1472 425 9895 8070
27 3193 6582 8418 9643 1639 5476 2631 5356 2653 9610 3563 359 2200 8004 29 7629 5331 4445 475 7134 1022 5712 9021 1844 990 6949 5235
38 5788 7650 8337 6456 4069 1833 3537 8577 8243 3288 4727 8751 5726 4343 3298 6361 4873 190 9890 2148 4620 3170 7941 3703 986 7728 1725 615 8263 5388 6809 9897 2963 4038 7856 9223 6286 5430
28 1797 1300 173 9386 7019 7344 8459 607 7846 9776 1298 1799 2029 4335 8223 7266 332 3473 6689 2948 132 8719 599 1248 412 9969 3529 6780
23 8222 8728 9711 5758 904 327 9080 103 1079 5931 4497 6170 7720 9980 3294 9126 9091 7292 3476 6077 8583 9575 9005
24 8302 7611 34 9330 9713 6840 9167 4759 9786 9540 8029 5402 3447 7821 9037 2934 407 2669 1482 9700 4296 3054 2224 6836
27 3971 2543 9663 1582 1577 7153 8191 9864 8569 9659 3130 3224 2388 2528 5793 8277 9822 4990 3894 3725 863 7982 9427 4360 8530 6704 9238
33 2902 1497 5013 957 2618 4683 4564 5403 5855 6824 3184 4992 5567 2682 4987 7053 4217 4696 2537 2384 8549 7620 4678 9135 2838 1367 9677 3192 6050 5253 2265 6004 8367
22 3891 7223 4054 1596 1229 1604 5649 2817 8073 7125 1592 7063 3552 9824 7699 5039 7396 8473 5338 4971 4048 6114
23 1044 4632 7820 256 3212 1330 7741 2375 6389 2994 2430 3702 1925 3420 3554 5903 6172 1989 5756 3459 5326 8184 399
23 4258 4487 9448 3746 18 4898 5644 969 112 2132 7643 4319 823 7596 1536 9183 7837 9294 6458 5460 4993 1468 5267
26 4309 4026 1413 7424 316 5420 528 514 8 8052 3174 6764 7852 3845 7378 960 7759 4253 1221 9553 3744 8641 5400 9833 4744 5556
37 8816 1262 7721 8611 6174 5660 7779 3089 7680 8288 3019 3208 5569 7847 180 3920 5806 1314 1723 9369 75 261 232 6015 5746 2834 2084 3204 6634 6260 6017 9554 5032 5638 7483 3250 4588
34 3029 6447 2927 3102 5222 9325 1888 7905 5080 7499 8215 2222 7186 2993 4127 252 846 3495 5102 3940 1369 782 1213 8107 3086 5098 5254 7851 8155 2890 1800 3177 3306 7874
28 6387 2945 4173 7552 1428 3164 68 4579 3924 967 537 3156 1784 3481 7993 9422 3141 2728 635 8576 2392 9499 1847 339 7138 7535 4409 331
18 5715 1098 1982 1813 6324 1084 8250 4010 4583 6496 6149 3291 1286 6068 3446 4925 4168 1973
34 1046 5727 9355 1341 759 2419 7567 8293 7669 3642 4616 3687 3050 3762 5499 4682 4627 7130 8006 798 4657 576 6565 8655 193 525 6188 8927 5142 7092 6227 3361 1191 7335
33 1630 9984 4633 6957 6858 7998 1552 4701 9039 1469 9749 7814 2548 7024 1121 1817 3737 5125 2966 1642 3006 5249 3910 7916 1632 8314 2032 6151 4279 4 8051 1826 9456
27 5816 1312 8879 5548 8209 1734 381 3122 4634 4723 7173 766 4558 1389 2407 4328 9869 2996 1348 4278 8760 7959 1068 9773 9666 7015 3028
37 6303 4646 974 2907 9760 5185 7964 5795 2018 7000 246 1518 1894 4119 8675 8846 6380 8499 4432 2005 2655 4213 6259 5071 3878 416 7386 9881 9279 3514 8753 7500 872 3682 8172 9868 3757
32 5453 8845 4704 2931 4074 1404 8918 7297 5375 5919 5365 424 4183 3084 3637 2158 3730 4550 6150 1465 51 6235 3792 2870 5289 99 3133 8681 3011 1013 7472 2637
28 6060 5574 9462 5618 4639 9302 1609 3847 9999 4741 7550 229 19 3369 5238 6192 9817 9057 4680 5772 2823 2090 5973 1964 7453 9398 1399 4162
38 933 1322 756 7687 6204 454 5989 4367 839 8353 6406 7783 7107 4997 6852 8907 1884 4193 4449 5193 2247 981 3756 5448 9475 1211 704 7961 6868 6424 9041 1876 5523 4100 4418 3491 299 2678
25 7425 9550 3993 111 6870 5139 1494 6696 2454 5625 1672 7354 4326 2643 8638 386 1774 9387 3807 9418 8024 323 7399 7201 3409
33 6875 7473 4282 551 8440 4020 3039 7605 8009 2151 4842 4465 7693 8871 4612 2681 8374 312 2046 4085 6094 6472 6334 6285 3168 1149 1737 3159 5942 7841 7384 5525 4887
29 8809 4121 8797 6765 3092 8010 7983 4437 7869 5835 4452 165 5188 3334 997 8174 4179 3927 1608 518 9263 2299 6421 2924 6335 7294 6574 3929 939
32 3452 2916 7438 216 6520 2403 2827 7690 6725 3875 668 9703 7970 9661 9981 542 8509 9129 5563 8689 6122 3139 5711 581 5369 9546 3449 9334 3423 7565 5119 5693
29 4076 3234 4695 9393 5596 9006 9520 2187 9270 9191 7887 991 3594 7813 4456 7058 8145 4599 4451 7606 6929 3466 1993 6302 5695 6350 570 7911 1097
23 7724 865 4222 737 3059 6942 4775 3740 89 5179 2511 5624 7214 1011 2421 828 1361 9511 1062 341 54 3213 5509
39 3181 3700 5719 1788 5019 2319 287 2795 3711 916 2771 7361 8067 6618 4398 5109 8596 5299 5518 8588 3942 3293 5151 4834 8711 1846 1954 2856 3848 9303 9132 900 1687 3763 3986 3528 6731 3093 1144
22 9877 5058 4653 9865 6184 9455 4150 7252 5279 3916 1 6436 3386 8228 854 1099 1071 6156 5951 7524 8905 453
27 8948 9819 836 4959 1057 689 3400 483 7612 9255 5064 4814 5787 2039 1190 6535 1036 7051 122 1656 8537 21 8236 9882 4791 2607 6422
25 5728 9673 4974 1621 5595 1998 9639 7050 6560 2414 5632 4953 5641 1093 3255 7873 2666 6203 2051 5890 6993 5606 8949 6950 3387
31 188 623 2195 2965 1968 8762 5550 5438 9901 5 5592 829 4756 6376 8538 2088 2037 6647 5944 8911 5665 6668 1543 259 2304 365 1755 1193 2792 3659 6064
34 9964 8684 5361 6644 8717 3560 2062 9365 3871 6163 8917 779 6906 7943 2648 4068 9831 7375 7049 3973 8005 1892 5691 8740 385 9576 6441 4667 3431 1915 2203 9415 8808 2954
31 9018 9222 1051 9347 6577 4286 5909 8062 3372 8307 6925 8200 3864 1120 5791 1117 2700 5844 4154 1174 5948 237 128 8913 787 5128 8244 1291 2790 9244 5320
29 373 693 4638 1822 488 5288 9286 5564 9837 8660 4882 3276 3995 8968 6223 1437 1254 6561 6373 8721 4216 1927 7574 9606 4417 7798 5946 5773 6759
35 5696 1106 1454 754 6443 3438 7997 7601 1048 5363 8326 3364 1764 552 7061 7654 3789 6082 1333 7357 620 2865 611 264 9084 9909 801 880 3834 1446 2397 1235 7029 523 9175
22 5867 1352 4334 9078 7404 7479 9637 5770 8991 8168 4001 5515 9827 4511 8439 4928 236 8391 7295 6079 7791 9507
36 4145 1658 3614 9300 4476 8163 8131 8765 5532 1217 2140 2831 5440 9358 873 7097 4711 7785 8820 9982 4189 5686 8515 1035 7428 102 4466 6491 1260 3360 1336 8388 7642 6407 1410 7633
20 6246 8095 9239 2091 5587 2058 6110 1878 7582 3753 9834 9085 8904 1980 9795 4116 3106 4642 280 9657
27 4647 7490 758 6989 750 2664 4603 2713 1879 5921 7016 6369 5265 8345 6549 7698 9852 7653 9518 8712 326 3244 7289 5915 1938 1542 1371
27 9404 5891 1230 6526 3821 3246 8077 2083 7140 5928 313 9801 5078 4233 2320 9312 5435 515 5809 6206 2192 9044 5751 5409 3603 2722 8105
39 9434 4013 8269 2895 8133 5192 6497 5284 2647 4112 338 6494 8813 922 8771 2402 1929 8508 8598 3660 1704 5820 308 3443 8304 1971 6512 1455 7547 309 6590 7730 3984 3952 6440 3867 9189 5266 5941
32 3242 9919 2743 9218 8984 2525 7401 3003 1673 3304 8831 4998 3658 7740 5633 8257 7139 5220 1695 2748 6703 7789 9600 2943 6562 210 7515 7984 7969 9968 352 6416
24 8500 6928 5877 5038 1023 460 353 3562 243 716 6465 4264 5866 5572 6323 5639 5237 9815 4370 6878 8348 4817 4567 2173
34 4899 8707 6603 3795 9651 8993 7113 5813 8468 6453 1930 3536 476 7373 5264 983 2596 8567 4783 1838 1363 850 5316 1499 5598 3584 1069 612 273 6558 9010 8705 6449 3125
34 5651 6210 9267 8245 8803 2318 6478 2159 4961 2003 3264 8224 6783 9812 9555 3418 1911 6266 7206 6300 2586 9017 4458 2305 4761 8774 2104 6984 2563 6785 7264 8325 8540 5349
29 9225 7800 3593 3201 7391 7607 1705 9504 3424 928 8788 3798 7661 6632 6351 3343 1828 3456 9444 9629 4281 4547 6115 9492 1819 7421 7474 8447 2295
26 8110 6435 5777 8219 5657 203 9954 5966 3231 2316 3065 7224 292 8480 9741 9955 3413 2753 7469 6489 4436 8531 8371 2626 3801 2345
24 1019 2972 699 3544 7045 3377 3785 9326 410 5858 5424 9927 2390 8179 1083 320 1837 7641 495 7114 4450 6609 9970 4494
24 7258 4669 799 5397 5066 8807 1749 8702 1488 9176 5573 9679 7463 5107 5916 7660 9788 4087 2175 5697 8344 8513 9662 2805
27 1303 4602 3368 72 5282 4658 1665 9769 8469 5228 9201 4272 5953 1926 1264 2181 7171 3401 5511 3190 4982 9541 6994 2602 7797 7584 4719
23 5412 3226 4782 589 8799 7895 6522 3718 406 3768 3111 6833 8861 4793 6797 1423 8291 1148 3557 3414 5535 5068 5095
23 7359 5868 6673 9735 65 5872 8565 621 6074 1311 168 2194 5810 2845 9243 7165 3146 3365 5441 534 7283 9059 1664
25 3412 9781 1529 598 6108 7980 2017 8649 7155 4056 8837 8886 5310 5355 3760 677 7860 2045 885 6879 5459 3666 7126 5051 8953
29 4474 3353 3906 4752 7890 3570 6648 5333 5786 5874 9338 7540 2990 4152 1452 5906 705 1555 6767 3338 1782 7040 6739 8673 1125 1208 417 7175 3533
33 2363 5703 7056 2442 8139 8318 4250 4538 1994 830 1866 5969 5759 2558 3349 726 7376 1421 8198 7725 8697 2100 688 3077 3160 6529 7039 9481 6524 9049 8354 8783 3827
24 6233 5478 861 9748 1625 7915 7305 8645 4200 3026 5817 1390 3024 4536 485 8151 3680 6867 9285 6420 5378 9622 8093 6426
34 1787 2417 1505 3772 2410 2719 6669 6902 3166 641 2670 1241 5779 1503 1646 1417 9192 4884 7672 5456 302 1889 113 4905 7025 8966 7689 7599 1484 6541 2134 1400 9249 7571
35 5171 4803 4385 2749 8462 3070 6289 8792 3497 3887 1493 5183 3539 7290 2762 4532 9261 8609 9472 6666 5607 7278 6345 2876 366 8923 1561 8192 4111 7300 3780 9210 8613 6451 4361
27 3155 7324 5041 2074 4061 8709 4113 2928 8563 2786 8431 4130 2459 4512 2127 1605 2960 6069 9978 3880 4985 3755 2583 451 9936 6863 557
36 6517 1466 8838 9674 4041 942 2347 9392 7417 8046 6255 3378 3832 100 7115 289 918 9450 8784 4763 4492 9197 5993 3752 7632 5634 3943 9283 4972 1564 6166 8725 2756 9168 9804 5149
29 6525 8409 7331 5503 9807 427 2055 1306 512 8614 7925 3538 5610 559 9256 3303 893 9570 4247 7745 5278 7370 8616 6486 5472 8708 5766 2435 124
29 8229 9802 565 5908 8643 3509 7174 64 3761 9640 9947 3044 81 6811 6133 7022 6081 6109 125 5286 9580 2214 2889 8646 3716 2447 1265 571 3280
21 6141 3248 6578 1307 4540 2498 6964 4684 2129 4921 3905 6418 6814 8283 1932 3189 3817 940 4900 1722 3985
34 2581 4833 9736 8173 9861 2850 3843 1588 1383 2656 2929 5132 1824 5892 5669 2273 2239 9440 5458 5269 6604 6803 1145 1763 7159 4846 8547 8989 6347 494 1480 109 8334 5818
26 1397 978 6530 7591 866 5399 8415 5157 7751 4170 4316 5190 2560 4880 275 8463 6239 4631 6362 5471 9557 2911 5677 5202 8806 7857
38 9029 4943 2868 9003 6818 7032 8264 9157 5977 5997 7557 8429 1277 784 4031 5225 1906 2155 7302 1043 3900 4800 1447 994 2473 5404 4411 3649 9291 9691 7187 6294 1008 1150 6683 8606 5613 8055
22 4194 5496 9331 9772 7836 6695 6838 9747 205 674 4088 630 5344 4917 6617 6700 2832 2959 4787 1393 1943 849
27 4297 1718 7117 9464 6832 2481 5847 9470 20 2087 6146 4241 9558 3149 4919 1908 9892 6575 2400 5901 554 1541 5395 8671 2297 7074 9246
24 220 7405 3829 1103 730 8152 6402 5774 4937 6831 2851 7756 2441 1198 5590 9705 8412 5362 8109 9315 2816 1662 9567 6209
25 4788 2066 3335 6119 4094 174 1744 8258 7268 9755 7992 1128 5052 74 1364 3788 5526 3747 1040 4251 8270 6607 3595 9734 762
30 1714 5578 1101 989 8116 2160 8520 8947 2839 4614 7901 2315 2446 1151 7965 3350 2625 1077 898 8891 6746 4551 2191 4053 3823 3656 2892 6792 8885 3385
